host: codespaces-dfd9c6
Building DAG of jobs...
Using shell: /usr/bin/bash
Provided cores: 2
Rules claiming more threads will be scaled down.
Job stats:
job                 count
----------------  -------
all                     1
run_fedX_query          1
run_sparql_query        1
total                   3

Select jobs to execute...
Execute 2 jobs...

[Wed Feb 12 16:57:15 2025]
localrule run_fedX_query:
    input: /workspaces/P-TER/virtuoso-opensource-7.2.7, /workspaces/P-TER/virtuoso-opensource-7.2.7/var/lib/virtuoso/db/fedup.ini, /workspaces/P-TER/apache-jena-fuseki-4.9.0, queries/q01d.sparql, config/rdfs/endpoints.txt
    output: output/rdfs/FedX/q01d.1.csv, output/rdfs/FedX/q01d.1.json
    jobid: 14
    reason: Updated input files: queries/q01d.sparql
    wildcards: workload=rdfs, query=q01d, run=1
    priority: 50
    resources: tmpdir=/tmp


[Wed Feb 12 16:57:15 2025]
localrule run_sparql_query:
    input: /workspaces/P-TER/virtuoso-opensource-7.2.7, /workspaces/P-TER/virtuoso-opensource-7.2.7/var/lib/virtuoso/db/fedup.ini, /workspaces/P-TER/apache-jena-fuseki-4.9.0, queries/q01d.sparql, config/rdfs/endpoints.txt
    output: output/rdfs/Fuseki/q01d.1.csv, output/rdfs/Fuseki/q01d.1.json
    jobid: 4
    reason: Updated input files: queries/q01d.sparql
    wildcards: workload=rdfs, query=q01d, run=1
    priority: 50
    resources: tmpdir=/tmp

[Wed Feb 12 16:57:42 2025]
Error in rule run_fedX_query:
    jobid: 14
    input: /workspaces/P-TER/virtuoso-opensource-7.2.7, /workspaces/P-TER/virtuoso-opensource-7.2.7/var/lib/virtuoso/db/fedup.ini, /workspaces/P-TER/apache-jena-fuseki-4.9.0, queries/q01d.sparql, config/rdfs/endpoints.txt
    output: output/rdfs/FedX/q01d.1.csv, output/rdfs/FedX/q01d.1.json

[Wed Feb 12 16:58:02 2025]
Error in rule run_sparql_query:
    jobid: 4
    input: /workspaces/P-TER/virtuoso-opensource-7.2.7, /workspaces/P-TER/virtuoso-opensource-7.2.7/var/lib/virtuoso/db/fedup.ini, /workspaces/P-TER/apache-jena-fuseki-4.9.0, queries/q01d.sparql, config/rdfs/endpoints.txt
    output: output/rdfs/Fuseki/q01d.1.csv, output/rdfs/Fuseki/q01d.1.json

Shutting down, this might take some time.
Exiting because a job execution failed. Look above for error message
Complete log: .snakemake/log/2025-02-12T165714.937953.snakemake.log
WorkflowError:
At least one job did not complete successfully.
