host: codespaces-dfd9c6
Building DAG of jobs...
Using shell: /usr/bin/bash
Provided cores: 1 (use --cores to define parallelism)
Rules claiming more threads will be scaled down.
Job stats:
job                        count
-----------------------  -------
all                            1
run_Fedup_HefQuin_query        3
total                          4

Select jobs to execute...
Execute 1 jobs...

[Sat Mar  8 09:16:10 2025]
localrule run_Fedup_HefQuin_query:
    input: /workspaces/P-TER/virtuoso-opensource-7.2.7, /workspaces/P-TER/virtuoso-opensource-7.2.7/var/lib/virtuoso/db/fedup.ini, /workspaces/P-TER/fedup-queries/q07j.sparql
    output: output/rdfs/FedUp-HefQuin/q07j.1.csv, output/rdfs/FedUp-HefQuin/q07j.1.json
    jobid: 1
    reason: Missing output files: output/rdfs/FedUp-HefQuin/q07j.1.csv
    wildcards: workload=rdfs, query=q07j, run=1
    priority: 50
    resources: tmpdir=/tmp

[Sat Mar  8 09:16:28 2025]
Finished job 1.
1 of 4 steps (25%) done
Select jobs to execute...
Execute 1 jobs...

[Sat Mar  8 09:16:28 2025]
localrule run_Fedup_HefQuin_query:
    input: /workspaces/P-TER/virtuoso-opensource-7.2.7, /workspaces/P-TER/virtuoso-opensource-7.2.7/var/lib/virtuoso/db/fedup.ini, /workspaces/P-TER/fedup-queries/q07j.sparql
    output: output/rdfs/FedUp-HefQuin/q07j.2.csv, output/rdfs/FedUp-HefQuin/q07j.2.json
    jobid: 2
    reason: Missing output files: output/rdfs/FedUp-HefQuin/q07j.2.csv
    wildcards: workload=rdfs, query=q07j, run=2
    priority: 50
    resources: tmpdir=/tmp

Terminating processes on user request, this might take some time.
[Sat Mar  8 09:16:38 2025]
Error in rule run_Fedup_HefQuin_query:
    jobid: 2
    input: /workspaces/P-TER/virtuoso-opensource-7.2.7, /workspaces/P-TER/virtuoso-opensource-7.2.7/var/lib/virtuoso/db/fedup.ini, /workspaces/P-TER/fedup-queries/q07j.sparql
    output: output/rdfs/FedUp-HefQuin/q07j.2.csv, output/rdfs/FedUp-HefQuin/q07j.2.json

Complete log: .snakemake/log/2025-03-08T091610.802407.snakemake.log
WorkflowError:
At least one job did not complete successfully.
