host: codespaces-c89ec1
Building DAG of jobs...
Using shell: /usr/bin/bash
Provided cores: 1 (use --cores to define parallelism)
Rules claiming more threads will be scaled down.
Job stats:
job                        count
-----------------------  -------
all                            1
run_Fedup_HefQuin_query        3
total                          4

Select jobs to execute...
Execute 1 jobs...

[Wed Mar 26 14:18:16 2025]
localrule run_Fedup_HefQuin_query:
    input: /workspaces/P-TER/virtuoso-opensource-7.2.7, /workspaces/P-TER/virtuoso-opensource-7.2.7/var/lib/virtuoso/db/fedup.ini, /workspaces/P-TER/fedup-queries/q06c.sparql
    output: output/rdfs/FedUp-HefQuin/q06c.1.csv, output/rdfs/FedUp-HefQuin/q06c.1.json, output/rdfs/FedUp-HefQuin/q06c.1.txt
    jobid: 3
    reason: Missing output files: output/rdfs/FedUp-HefQuin/q06c.1.csv
    wildcards: workload=rdfs, query=q06c, run=1
    priority: 50
    resources: tmpdir=/tmp

[Wed Mar 26 14:18:25 2025]
Finished job 3.
1 of 4 steps (25%) done
Select jobs to execute...
Execute 1 jobs...

[Wed Mar 26 14:18:25 2025]
localrule run_Fedup_HefQuin_query:
    input: /workspaces/P-TER/virtuoso-opensource-7.2.7, /workspaces/P-TER/virtuoso-opensource-7.2.7/var/lib/virtuoso/db/fedup.ini, /workspaces/P-TER/fedup-queries/q06a.sparql
    output: output/rdfs/FedUp-HefQuin/q06a.1.csv, output/rdfs/FedUp-HefQuin/q06a.1.json, output/rdfs/FedUp-HefQuin/q06a.1.txt
    jobid: 1
    reason: Missing output files: output/rdfs/FedUp-HefQuin/q06a.1.csv
    wildcards: workload=rdfs, query=q06a, run=1
    priority: 50
    resources: tmpdir=/tmp

[Wed Mar 26 14:18:33 2025]
Finished job 1.
2 of 4 steps (50%) done
Select jobs to execute...
Execute 1 jobs...

[Wed Mar 26 14:18:33 2025]
localrule run_Fedup_HefQuin_query:
    input: /workspaces/P-TER/virtuoso-opensource-7.2.7, /workspaces/P-TER/virtuoso-opensource-7.2.7/var/lib/virtuoso/db/fedup.ini, /workspaces/P-TER/fedup-queries/q06b.sparql
    output: output/rdfs/FedUp-HefQuin/q06b.1.csv, output/rdfs/FedUp-HefQuin/q06b.1.json, output/rdfs/FedUp-HefQuin/q06b.1.txt
    jobid: 2
    reason: Missing output files: output/rdfs/FedUp-HefQuin/q06b.1.csv
    wildcards: workload=rdfs, query=q06b, run=1
    priority: 50
    resources: tmpdir=/tmp

[Wed Mar 26 14:18:42 2025]
Finished job 2.
3 of 4 steps (75%) done
Select jobs to execute...
Execute 1 jobs...

[Wed Mar 26 14:18:42 2025]
localrule all:
    input: config/largerdfbench/graphs.txt, config/rdfs/endpoints.txt, output/rdfs/FedUp-HefQuin/q06a.1.csv, output/rdfs/FedUp-HefQuin/q06b.1.csv, output/rdfs/FedUp-HefQuin/q06c.1.csv
    output: output/data.csv
    jobid: 0
    reason: Input files updated by another job: output/rdfs/FedUp-HefQuin/q06c.1.csv, output/rdfs/FedUp-HefQuin/q06a.1.csv, output/rdfs/FedUp-HefQuin/q06b.1.csv; Set of input files has changed since last execution
    resources: tmpdir=/tmp

[Wed Mar 26 14:18:43 2025]
Finished job 0.
4 of 4 steps (100%) done
Complete log: .snakemake/log/2025-03-26T141816.151278.snakemake.log
