host: codespaces-dfd9c6
Building DAG of jobs...
Using shell: /usr/bin/bash
Provided cores: 1 (use --cores to define parallelism)
Rules claiming more threads will be scaled down.
Job stats:
job                     count
--------------------  -------
all                         1
run_Fedup_Jena_query        3
total                       4

Select jobs to execute...
Execute 1 jobs...

[Wed Mar  5 08:25:40 2025]
localrule run_Fedup_Jena_query:
    input: /workspaces/P-TER/virtuoso-opensource-7.2.7, /workspaces/P-TER/virtuoso-opensource-7.2.7/var/lib/virtuoso/db/fedup.ini, fedup-queries/q10a.sparql
    output: output/rdfs/FedUp-Jena/q10a.2.csv, output/rdfs/FedUp-Jena/q10a.2.json
    jobid: 572
    reason: Missing output files: output/rdfs/FedUp-Jena/q10a.2.csv
    wildcards: workload=rdfs, query=q10a, run=2
    priority: 50
    resources: tmpdir=/tmp

[Wed Mar  5 08:25:46 2025]
Error in rule run_Fedup_Jena_query:
    jobid: 572
    input: /workspaces/P-TER/virtuoso-opensource-7.2.7, /workspaces/P-TER/virtuoso-opensource-7.2.7/var/lib/virtuoso/db/fedup.ini, fedup-queries/q10a.sparql
    output: output/rdfs/FedUp-Jena/q10a.2.csv, output/rdfs/FedUp-Jena/q10a.2.json

Shutting down, this might take some time.
Exiting because a job execution failed. Look above for error message
Complete log: .snakemake/log/2025-03-05T082540.032290.snakemake.log
WorkflowError:
At least one job did not complete successfully.
