host: codespaces-c89ec1
Building DAG of jobs...
Using shell: /usr/bin/bash
Provided cores: 1 (use --cores to define parallelism)
Rules claiming more threads will be scaled down.
Job stats:
job                        count
-----------------------  -------
all                            1
run_Fedup_FedX_query          46
run_Fedup_HefQuin_query       45
total                         92

Select jobs to execute...
Execute 1 jobs...

[Tue Mar 18 14:44:40 2025]
localrule run_Fedup_FedX_query:
    input: /workspaces/P-TER/virtuoso-opensource-7.2.7, /workspaces/P-TER/virtuoso-opensource-7.2.7/var/lib/virtuoso/db/fedup.ini, fedup-queries/q08a.sparql
    output: output/rdfs/FedUp-FedX/q08a.1.csv, output/rdfs/FedUp-FedX/q08a.1.json
    jobid: 391
    reason: Missing output files: output/rdfs/FedUp-FedX/q08a.1.csv
    wildcards: workload=rdfs, query=q08a, run=1
    priority: 50
    resources: tmpdir=/tmp

[Tue Mar 18 14:45:11 2025]
Finished job 391.
1 of 92 steps (1%) done
Select jobs to execute...
Execute 1 jobs...

[Tue Mar 18 14:45:11 2025]
localrule run_Fedup_FedX_query:
    input: /workspaces/P-TER/virtuoso-opensource-7.2.7, /workspaces/P-TER/virtuoso-opensource-7.2.7/var/lib/virtuoso/db/fedup.ini, fedup-queries/q08c.sparql
    output: output/rdfs/FedUp-FedX/q08c.1.csv, output/rdfs/FedUp-FedX/q08c.1.json
    jobid: 393
    reason: Missing output files: output/rdfs/FedUp-FedX/q08c.1.csv
    wildcards: workload=rdfs, query=q08c, run=1
    priority: 50
    resources: tmpdir=/tmp

[Tue Mar 18 14:45:18 2025]
Finished job 393.
2 of 92 steps (2%) done
Select jobs to execute...
Execute 1 jobs...

[Tue Mar 18 14:45:18 2025]
localrule run_Fedup_FedX_query:
    input: /workspaces/P-TER/virtuoso-opensource-7.2.7, /workspaces/P-TER/virtuoso-opensource-7.2.7/var/lib/virtuoso/db/fedup.ini, fedup-queries/q08g.sparql
    output: output/rdfs/FedUp-FedX/q08g.1.csv, output/rdfs/FedUp-FedX/q08g.1.json
    jobid: 397
    reason: Missing output files: output/rdfs/FedUp-FedX/q08g.1.csv
    wildcards: workload=rdfs, query=q08g, run=1
    priority: 50
    resources: tmpdir=/tmp

[Tue Mar 18 14:45:25 2025]
Finished job 397.
3 of 92 steps (3%) done
Select jobs to execute...
Execute 1 jobs...

[Tue Mar 18 14:45:25 2025]
localrule run_Fedup_HefQuin_query:
    input: /workspaces/P-TER/virtuoso-opensource-7.2.7, /workspaces/P-TER/virtuoso-opensource-7.2.7/var/lib/virtuoso/db/fedup.ini, /workspaces/P-TER/fedup-queries/q08b.sparql
    output: output/rdfs/FedUp-HefQuin/q08b.1.csv, output/rdfs/FedUp-HefQuin/q08b.1.json, output/rdfs/FedUp-HefQuin/q08b.1.txt
    jobid: 502
    reason: Missing output files: output/rdfs/FedUp-HefQuin/q08b.1.csv
    wildcards: workload=rdfs, query=q08b, run=1
    priority: 50
    resources: tmpdir=/tmp

[Tue Mar 18 14:45:31 2025]
Finished job 502.
4 of 92 steps (4%) done
Select jobs to execute...
Execute 1 jobs...

[Tue Mar 18 14:45:31 2025]
localrule run_Fedup_HefQuin_query:
    input: /workspaces/P-TER/virtuoso-opensource-7.2.7, /workspaces/P-TER/virtuoso-opensource-7.2.7/var/lib/virtuoso/db/fedup.ini, /workspaces/P-TER/fedup-queries/q08e.sparql
    output: output/rdfs/FedUp-HefQuin/q08e.1.csv, output/rdfs/FedUp-HefQuin/q08e.1.json, output/rdfs/FedUp-HefQuin/q08e.1.txt
    jobid: 505
    reason: Missing output files: output/rdfs/FedUp-HefQuin/q08e.1.csv
    wildcards: workload=rdfs, query=q08e, run=1
    priority: 50
    resources: tmpdir=/tmp

[Tue Mar 18 14:45:38 2025]
Finished job 505.
5 of 92 steps (5%) done
Select jobs to execute...
Execute 1 jobs...

[Tue Mar 18 14:45:38 2025]
localrule run_Fedup_HefQuin_query:
    input: /workspaces/P-TER/virtuoso-opensource-7.2.7, /workspaces/P-TER/virtuoso-opensource-7.2.7/var/lib/virtuoso/db/fedup.ini, /workspaces/P-TER/fedup-queries/q08h.sparql
    output: output/rdfs/FedUp-HefQuin/q08h.1.csv, output/rdfs/FedUp-HefQuin/q08h.1.json, output/rdfs/FedUp-HefQuin/q08h.1.txt
    jobid: 508
    reason: Missing output files: output/rdfs/FedUp-HefQuin/q08h.1.csv
    wildcards: workload=rdfs, query=q08h, run=1
    priority: 50
    resources: tmpdir=/tmp

[Tue Mar 18 14:45:45 2025]
Finished job 508.
6 of 92 steps (7%) done
Select jobs to execute...
Execute 1 jobs...

[Tue Mar 18 14:45:45 2025]
localrule run_Fedup_FedX_query:
    input: /workspaces/P-TER/virtuoso-opensource-7.2.7, /workspaces/P-TER/virtuoso-opensource-7.2.7/var/lib/virtuoso/db/fedup.ini, fedup-queries/q08b.sparql
    output: output/rdfs/FedUp-FedX/q08b.1.csv, output/rdfs/FedUp-FedX/q08b.1.json
    jobid: 392
    reason: Missing output files: output/rdfs/FedUp-FedX/q08b.1.csv
    wildcards: workload=rdfs, query=q08b, run=1
    priority: 50
    resources: tmpdir=/tmp

[Tue Mar 18 14:45:51 2025]
Finished job 392.
7 of 92 steps (8%) done
Select jobs to execute...
Execute 1 jobs...

[Tue Mar 18 14:45:51 2025]
localrule run_Fedup_FedX_query:
    input: /workspaces/P-TER/virtuoso-opensource-7.2.7, /workspaces/P-TER/virtuoso-opensource-7.2.7/var/lib/virtuoso/db/fedup.ini, fedup-queries/q08h.sparql
    output: output/rdfs/FedUp-FedX/q08h.1.csv, output/rdfs/FedUp-FedX/q08h.1.json
    jobid: 398
    reason: Missing output files: output/rdfs/FedUp-FedX/q08h.1.csv
    wildcards: workload=rdfs, query=q08h, run=1
    priority: 50
    resources: tmpdir=/tmp

[Tue Mar 18 14:45:57 2025]
Finished job 398.
8 of 92 steps (9%) done
Select jobs to execute...
Execute 1 jobs...

[Tue Mar 18 14:45:57 2025]
localrule run_Fedup_HefQuin_query:
    input: /workspaces/P-TER/virtuoso-opensource-7.2.7, /workspaces/P-TER/virtuoso-opensource-7.2.7/var/lib/virtuoso/db/fedup.ini, /workspaces/P-TER/fedup-queries/q08c.sparql
    output: output/rdfs/FedUp-HefQuin/q08c.1.csv, output/rdfs/FedUp-HefQuin/q08c.1.json, output/rdfs/FedUp-HefQuin/q08c.1.txt
    jobid: 503
    reason: Missing output files: output/rdfs/FedUp-HefQuin/q08c.1.csv
    wildcards: workload=rdfs, query=q08c, run=1
    priority: 50
    resources: tmpdir=/tmp

[Tue Mar 18 14:46:04 2025]
Finished job 503.
9 of 92 steps (10%) done
Select jobs to execute...
Execute 1 jobs...

[Tue Mar 18 14:46:04 2025]
localrule run_Fedup_FedX_query:
    input: /workspaces/P-TER/virtuoso-opensource-7.2.7, /workspaces/P-TER/virtuoso-opensource-7.2.7/var/lib/virtuoso/db/fedup.ini, fedup-queries/q10d.sparql
    output: output/rdfs/FedUp-FedX/q10d.1.csv, output/rdfs/FedUp-FedX/q10d.1.json
    jobid: 414
    reason: Missing output files: output/rdfs/FedUp-FedX/q10d.1.csv
    wildcards: workload=rdfs, query=q10d, run=1
    priority: 50
    resources: tmpdir=/tmp

[Tue Mar 18 14:46:11 2025]
Finished job 414.
10 of 92 steps (11%) done
Select jobs to execute...
Execute 1 jobs...

[Tue Mar 18 14:46:11 2025]
localrule run_Fedup_FedX_query:
    input: /workspaces/P-TER/virtuoso-opensource-7.2.7, /workspaces/P-TER/virtuoso-opensource-7.2.7/var/lib/virtuoso/db/fedup.ini, fedup-queries/q10j.sparql
    output: output/rdfs/FedUp-FedX/q10j.1.csv, output/rdfs/FedUp-FedX/q10j.1.json
    jobid: 420
    reason: Missing output files: output/rdfs/FedUp-FedX/q10j.1.csv
    wildcards: workload=rdfs, query=q10j, run=1
    priority: 50
    resources: tmpdir=/tmp

[Tue Mar 18 14:46:18 2025]
Finished job 420.
11 of 92 steps (12%) done
Select jobs to execute...
Execute 1 jobs...

[Tue Mar 18 14:46:18 2025]
localrule run_Fedup_HefQuin_query:
    input: /workspaces/P-TER/virtuoso-opensource-7.2.7, /workspaces/P-TER/virtuoso-opensource-7.2.7/var/lib/virtuoso/db/fedup.ini, /workspaces/P-TER/fedup-queries/q10c.sparql
    output: output/rdfs/FedUp-HefQuin/q10c.1.csv, output/rdfs/FedUp-HefQuin/q10c.1.json, output/rdfs/FedUp-HefQuin/q10c.1.txt
    jobid: 523
    reason: Missing output files: output/rdfs/FedUp-HefQuin/q10c.1.csv
    wildcards: workload=rdfs, query=q10c, run=1
    priority: 50
    resources: tmpdir=/tmp

[Tue Mar 18 14:46:24 2025]
Finished job 523.
12 of 92 steps (13%) done
Select jobs to execute...
Execute 1 jobs...

[Tue Mar 18 14:46:24 2025]
localrule run_Fedup_HefQuin_query:
    input: /workspaces/P-TER/virtuoso-opensource-7.2.7, /workspaces/P-TER/virtuoso-opensource-7.2.7/var/lib/virtuoso/db/fedup.ini, /workspaces/P-TER/fedup-queries/q10f.sparql
    output: output/rdfs/FedUp-HefQuin/q10f.1.csv, output/rdfs/FedUp-HefQuin/q10f.1.json, output/rdfs/FedUp-HefQuin/q10f.1.txt
    jobid: 526
    reason: Missing output files: output/rdfs/FedUp-HefQuin/q10f.1.csv
    wildcards: workload=rdfs, query=q10f, run=1
    priority: 50
    resources: tmpdir=/tmp

[Tue Mar 18 14:46:31 2025]
Finished job 526.
13 of 92 steps (14%) done
Select jobs to execute...
Execute 1 jobs...

[Tue Mar 18 14:46:31 2025]
localrule run_Fedup_HefQuin_query:
    input: /workspaces/P-TER/virtuoso-opensource-7.2.7, /workspaces/P-TER/virtuoso-opensource-7.2.7/var/lib/virtuoso/db/fedup.ini, /workspaces/P-TER/fedup-queries/q10i.sparql
    output: output/rdfs/FedUp-HefQuin/q10i.1.csv, output/rdfs/FedUp-HefQuin/q10i.1.json, output/rdfs/FedUp-HefQuin/q10i.1.txt
    jobid: 529
    reason: Missing output files: output/rdfs/FedUp-HefQuin/q10i.1.csv
    wildcards: workload=rdfs, query=q10i, run=1
    priority: 50
    resources: tmpdir=/tmp

[Tue Mar 18 14:46:37 2025]
Finished job 529.
14 of 92 steps (15%) done
Select jobs to execute...
Execute 1 jobs...

[Tue Mar 18 14:46:37 2025]
localrule run_Fedup_HefQuin_query:
    input: /workspaces/P-TER/virtuoso-opensource-7.2.7, /workspaces/P-TER/virtuoso-opensource-7.2.7/var/lib/virtuoso/db/fedup.ini, /workspaces/P-TER/fedup-queries/q10d.sparql
    output: output/rdfs/FedUp-HefQuin/q10d.1.csv, output/rdfs/FedUp-HefQuin/q10d.1.json, output/rdfs/FedUp-HefQuin/q10d.1.txt
    jobid: 524
    reason: Missing output files: output/rdfs/FedUp-HefQuin/q10d.1.csv
    wildcards: workload=rdfs, query=q10d, run=1
    priority: 50
    resources: tmpdir=/tmp

[Tue Mar 18 14:46:43 2025]
Finished job 524.
15 of 92 steps (16%) done
Select jobs to execute...
Execute 1 jobs...

[Tue Mar 18 14:46:43 2025]
localrule run_Fedup_HefQuin_query:
    input: /workspaces/P-TER/virtuoso-opensource-7.2.7, /workspaces/P-TER/virtuoso-opensource-7.2.7/var/lib/virtuoso/db/fedup.ini, /workspaces/P-TER/fedup-queries/q10j.sparql
    output: output/rdfs/FedUp-HefQuin/q10j.1.csv, output/rdfs/FedUp-HefQuin/q10j.1.json, output/rdfs/FedUp-HefQuin/q10j.1.txt
    jobid: 530
    reason: Missing output files: output/rdfs/FedUp-HefQuin/q10j.1.csv
    wildcards: workload=rdfs, query=q10j, run=1
    priority: 50
    resources: tmpdir=/tmp

[Tue Mar 18 14:46:49 2025]
Finished job 530.
16 of 92 steps (17%) done
Select jobs to execute...
Execute 1 jobs...

[Tue Mar 18 14:46:49 2025]
localrule run_Fedup_FedX_query:
    input: /workspaces/P-TER/virtuoso-opensource-7.2.7, /workspaces/P-TER/virtuoso-opensource-7.2.7/var/lib/virtuoso/db/fedup.ini, fedup-queries/q10f.sparql
    output: output/rdfs/FedUp-FedX/q10f.1.csv, output/rdfs/FedUp-FedX/q10f.1.json
    jobid: 416
    reason: Missing output files: output/rdfs/FedUp-FedX/q10f.1.csv
    wildcards: workload=rdfs, query=q10f, run=1
    priority: 50
    resources: tmpdir=/tmp

[Tue Mar 18 14:46:55 2025]
Finished job 416.
17 of 92 steps (18%) done
Select jobs to execute...
Execute 1 jobs...

[Tue Mar 18 14:46:55 2025]
localrule run_Fedup_FedX_query:
    input: /workspaces/P-TER/virtuoso-opensource-7.2.7, /workspaces/P-TER/virtuoso-opensource-7.2.7/var/lib/virtuoso/db/fedup.ini, fedup-queries/q10c.sparql
    output: output/rdfs/FedUp-FedX/q10c.1.csv, output/rdfs/FedUp-FedX/q10c.1.json
    jobid: 413
    reason: Missing output files: output/rdfs/FedUp-FedX/q10c.1.csv
    wildcards: workload=rdfs, query=q10c, run=1
    priority: 50
    resources: tmpdir=/tmp

[Tue Mar 18 14:47:01 2025]
Finished job 413.
18 of 92 steps (20%) done
Select jobs to execute...
Execute 1 jobs...

[Tue Mar 18 14:47:01 2025]
localrule run_Fedup_FedX_query:
    input: /workspaces/P-TER/virtuoso-opensource-7.2.7, /workspaces/P-TER/virtuoso-opensource-7.2.7/var/lib/virtuoso/db/fedup.ini, fedup-queries/q10i.sparql
    output: output/rdfs/FedUp-FedX/q10i.1.csv, output/rdfs/FedUp-FedX/q10i.1.json
    jobid: 419
    reason: Missing output files: output/rdfs/FedUp-FedX/q10i.1.csv
    wildcards: workload=rdfs, query=q10i, run=1
    priority: 50
    resources: tmpdir=/tmp

[Tue Mar 18 14:47:07 2025]
Finished job 419.
19 of 92 steps (21%) done
Select jobs to execute...
Execute 1 jobs...

[Tue Mar 18 14:47:07 2025]
localrule run_Fedup_HefQuin_query:
    input: /workspaces/P-TER/virtuoso-opensource-7.2.7, /workspaces/P-TER/virtuoso-opensource-7.2.7/var/lib/virtuoso/db/fedup.ini, /workspaces/P-TER/fedup-queries/q10e.sparql
    output: output/rdfs/FedUp-HefQuin/q10e.1.csv, output/rdfs/FedUp-HefQuin/q10e.1.json, output/rdfs/FedUp-HefQuin/q10e.1.txt
    jobid: 525
    reason: Missing output files: output/rdfs/FedUp-HefQuin/q10e.1.csv
    wildcards: workload=rdfs, query=q10e, run=1
    priority: 50
    resources: tmpdir=/tmp

[Tue Mar 18 14:47:14 2025]
Finished job 525.
20 of 92 steps (22%) done
Select jobs to execute...
Execute 1 jobs...

[Tue Mar 18 14:47:14 2025]
localrule run_Fedup_FedX_query:
    input: /workspaces/P-TER/virtuoso-opensource-7.2.7, /workspaces/P-TER/virtuoso-opensource-7.2.7/var/lib/virtuoso/db/fedup.ini, fedup-queries/q10h.sparql
    output: output/rdfs/FedUp-FedX/q10h.1.csv, output/rdfs/FedUp-FedX/q10h.1.json
    jobid: 418
    reason: Missing output files: output/rdfs/FedUp-FedX/q10h.1.csv
    wildcards: workload=rdfs, query=q10h, run=1
    priority: 50
    resources: tmpdir=/tmp

[Tue Mar 18 14:47:20 2025]
Finished job 418.
21 of 92 steps (23%) done
Select jobs to execute...
Execute 1 jobs...

[Tue Mar 18 14:47:20 2025]
localrule run_Fedup_FedX_query:
    input: /workspaces/P-TER/virtuoso-opensource-7.2.7, /workspaces/P-TER/virtuoso-opensource-7.2.7/var/lib/virtuoso/db/fedup.ini, fedup-queries/q10e.sparql
    output: output/rdfs/FedUp-FedX/q10e.1.csv, output/rdfs/FedUp-FedX/q10e.1.json
    jobid: 415
    reason: Missing output files: output/rdfs/FedUp-FedX/q10e.1.csv
    wildcards: workload=rdfs, query=q10e, run=1
    priority: 50
    resources: tmpdir=/tmp

[Tue Mar 18 14:47:26 2025]
Finished job 415.
22 of 92 steps (24%) done
Select jobs to execute...
Execute 1 jobs...

[Tue Mar 18 14:47:26 2025]
localrule run_Fedup_HefQuin_query:
    input: /workspaces/P-TER/virtuoso-opensource-7.2.7, /workspaces/P-TER/virtuoso-opensource-7.2.7/var/lib/virtuoso/db/fedup.ini, /workspaces/P-TER/fedup-queries/q10a.sparql
    output: output/rdfs/FedUp-HefQuin/q10a.1.csv, output/rdfs/FedUp-HefQuin/q10a.1.json, output/rdfs/FedUp-HefQuin/q10a.1.txt
    jobid: 521
    reason: Missing output files: output/rdfs/FedUp-HefQuin/q10a.1.csv
    wildcards: workload=rdfs, query=q10a, run=1
    priority: 50
    resources: tmpdir=/tmp

[Tue Mar 18 14:47:32 2025]
Finished job 521.
23 of 92 steps (25%) done
Select jobs to execute...
Execute 1 jobs...

[Tue Mar 18 14:47:32 2025]
localrule run_Fedup_FedX_query:
    input: /workspaces/P-TER/virtuoso-opensource-7.2.7, /workspaces/P-TER/virtuoso-opensource-7.2.7/var/lib/virtuoso/db/fedup.ini, fedup-queries/q10b.sparql
    output: output/rdfs/FedUp-FedX/q10b.1.csv, output/rdfs/FedUp-FedX/q10b.1.json
    jobid: 412
    reason: Missing output files: output/rdfs/FedUp-FedX/q10b.1.csv
    wildcards: workload=rdfs, query=q10b, run=1
    priority: 50
    resources: tmpdir=/tmp

[Tue Mar 18 14:47:38 2025]
Finished job 412.
24 of 92 steps (26%) done
Select jobs to execute...
Execute 1 jobs...

[Tue Mar 18 14:47:38 2025]
localrule run_Fedup_HefQuin_query:
    input: /workspaces/P-TER/virtuoso-opensource-7.2.7, /workspaces/P-TER/virtuoso-opensource-7.2.7/var/lib/virtuoso/db/fedup.ini, /workspaces/P-TER/fedup-queries/q10h.sparql
    output: output/rdfs/FedUp-HefQuin/q10h.1.csv, output/rdfs/FedUp-HefQuin/q10h.1.json, output/rdfs/FedUp-HefQuin/q10h.1.txt
    jobid: 528
    reason: Missing output files: output/rdfs/FedUp-HefQuin/q10h.1.csv
    wildcards: workload=rdfs, query=q10h, run=1
    priority: 50
    resources: tmpdir=/tmp

[Tue Mar 18 14:47:44 2025]
Finished job 528.
25 of 92 steps (27%) done
Select jobs to execute...
Execute 1 jobs...

[Tue Mar 18 14:47:44 2025]
localrule run_Fedup_HefQuin_query:
    input: /workspaces/P-TER/virtuoso-opensource-7.2.7, /workspaces/P-TER/virtuoso-opensource-7.2.7/var/lib/virtuoso/db/fedup.ini, /workspaces/P-TER/fedup-queries/q10b.sparql
    output: output/rdfs/FedUp-HefQuin/q10b.1.csv, output/rdfs/FedUp-HefQuin/q10b.1.json, output/rdfs/FedUp-HefQuin/q10b.1.txt
    jobid: 522
    reason: Missing output files: output/rdfs/FedUp-HefQuin/q10b.1.csv
    wildcards: workload=rdfs, query=q10b, run=1
    priority: 50
    resources: tmpdir=/tmp

[Tue Mar 18 14:47:50 2025]
Finished job 522.
26 of 92 steps (28%) done
Select jobs to execute...
Execute 1 jobs...

[Tue Mar 18 14:47:50 2025]
localrule run_Fedup_FedX_query:
    input: /workspaces/P-TER/virtuoso-opensource-7.2.7, /workspaces/P-TER/virtuoso-opensource-7.2.7/var/lib/virtuoso/db/fedup.ini, fedup-queries/q10a.sparql
    output: output/rdfs/FedUp-FedX/q10a.1.csv, output/rdfs/FedUp-FedX/q10a.1.json
    jobid: 411
    reason: Missing output files: output/rdfs/FedUp-FedX/q10a.1.csv
    wildcards: workload=rdfs, query=q10a, run=1
    priority: 50
    resources: tmpdir=/tmp

[Tue Mar 18 14:47:56 2025]
Finished job 411.
27 of 92 steps (29%) done
Select jobs to execute...
Execute 1 jobs...

[Tue Mar 18 14:47:56 2025]
localrule run_Fedup_FedX_query:
    input: /workspaces/P-TER/virtuoso-opensource-7.2.7, /workspaces/P-TER/virtuoso-opensource-7.2.7/var/lib/virtuoso/db/fedup.ini, fedup-queries/q10g.sparql
    output: output/rdfs/FedUp-FedX/q10g.1.csv, output/rdfs/FedUp-FedX/q10g.1.json
    jobid: 417
    reason: Missing output files: output/rdfs/FedUp-FedX/q10g.1.csv
    wildcards: workload=rdfs, query=q10g, run=1
    priority: 50
    resources: tmpdir=/tmp

[Tue Mar 18 14:48:02 2025]
Finished job 417.
28 of 92 steps (30%) done
Select jobs to execute...
Execute 1 jobs...

[Tue Mar 18 14:48:02 2025]
localrule run_Fedup_HefQuin_query:
    input: /workspaces/P-TER/virtuoso-opensource-7.2.7, /workspaces/P-TER/virtuoso-opensource-7.2.7/var/lib/virtuoso/db/fedup.ini, /workspaces/P-TER/fedup-queries/q10g.sparql
    output: output/rdfs/FedUp-HefQuin/q10g.1.csv, output/rdfs/FedUp-HefQuin/q10g.1.json, output/rdfs/FedUp-HefQuin/q10g.1.txt
    jobid: 527
    reason: Missing output files: output/rdfs/FedUp-HefQuin/q10g.1.csv
    wildcards: workload=rdfs, query=q10g, run=1
    priority: 50
    resources: tmpdir=/tmp

[Tue Mar 18 14:48:07 2025]
Finished job 527.
29 of 92 steps (32%) done
Select jobs to execute...
Execute 1 jobs...

[Tue Mar 18 14:48:07 2025]
localrule run_Fedup_FedX_query:
    input: /workspaces/P-TER/virtuoso-opensource-7.2.7, /workspaces/P-TER/virtuoso-opensource-7.2.7/var/lib/virtuoso/db/fedup.ini, fedup-queries/q01a.sparql
    output: output/rdfs/FedUp-FedX/q01a.1.csv, output/rdfs/FedUp-FedX/q01a.1.json
    jobid: 331
    reason: Missing output files: output/rdfs/FedUp-FedX/q01a.1.csv
    wildcards: workload=rdfs, query=q01a, run=1
    priority: 50
    resources: tmpdir=/tmp

[Tue Mar 18 14:48:14 2025]
Finished job 331.
30 of 92 steps (33%) done
Select jobs to execute...
Execute 1 jobs...

[Tue Mar 18 14:48:14 2025]
localrule run_Fedup_HefQuin_query:
    input: /workspaces/P-TER/virtuoso-opensource-7.2.7, /workspaces/P-TER/virtuoso-opensource-7.2.7/var/lib/virtuoso/db/fedup.ini, /workspaces/P-TER/fedup-queries/q01a.sparql
    output: output/rdfs/FedUp-HefQuin/q01a.1.csv, output/rdfs/FedUp-HefQuin/q01a.1.json, output/rdfs/FedUp-HefQuin/q01a.1.txt
    jobid: 441
    reason: Missing output files: output/rdfs/FedUp-HefQuin/q01a.1.csv
    wildcards: workload=rdfs, query=q01a, run=1
    priority: 50
    resources: tmpdir=/tmp

[Tue Mar 18 14:48:21 2025]
Finished job 441.
31 of 92 steps (34%) done
Select jobs to execute...
Execute 1 jobs...

[Tue Mar 18 14:48:21 2025]
localrule run_Fedup_FedX_query:
    input: /workspaces/P-TER/virtuoso-opensource-7.2.7, /workspaces/P-TER/virtuoso-opensource-7.2.7/var/lib/virtuoso/db/fedup.ini, fedup-queries/q06c.sparql
    output: output/rdfs/FedUp-FedX/q06c.1.csv, output/rdfs/FedUp-FedX/q06c.1.json
    jobid: 373
    reason: Missing output files: output/rdfs/FedUp-FedX/q06c.1.csv
    wildcards: workload=rdfs, query=q06c, run=1
    priority: 50
    resources: tmpdir=/tmp

[Tue Mar 18 14:48:44 2025]
Finished job 373.
32 of 92 steps (35%) done
Select jobs to execute...
Execute 1 jobs...

[Tue Mar 18 14:48:44 2025]
localrule run_Fedup_HefQuin_query:
    input: /workspaces/P-TER/virtuoso-opensource-7.2.7, /workspaces/P-TER/virtuoso-opensource-7.2.7/var/lib/virtuoso/db/fedup.ini, /workspaces/P-TER/fedup-queries/q06c.sparql
    output: output/rdfs/FedUp-HefQuin/q06c.1.csv, output/rdfs/FedUp-HefQuin/q06c.1.json, output/rdfs/FedUp-HefQuin/q06c.1.txt
    jobid: 483
    reason: Missing output files: output/rdfs/FedUp-HefQuin/q06c.1.csv
    wildcards: workload=rdfs, query=q06c, run=1
    priority: 50
    resources: tmpdir=/tmp

[Tue Mar 18 15:02:16 2025]
Finished job 483.
33 of 92 steps (36%) done
Select jobs to execute...
Execute 1 jobs...

[Tue Mar 18 15:02:16 2025]
localrule run_Fedup_FedX_query:
    input: /workspaces/P-TER/virtuoso-opensource-7.2.7, /workspaces/P-TER/virtuoso-opensource-7.2.7/var/lib/virtuoso/db/fedup.ini, fedup-queries/q06j.sparql
    output: output/rdfs/FedUp-FedX/q06j.1.csv, output/rdfs/FedUp-FedX/q06j.1.json
    jobid: 380
    reason: Missing output files: output/rdfs/FedUp-FedX/q06j.1.csv
    wildcards: workload=rdfs, query=q06j, run=1
    priority: 50
    resources: tmpdir=/tmp

[Tue Mar 18 15:02:34 2025]
Finished job 380.
34 of 92 steps (37%) done
Select jobs to execute...
Execute 1 jobs...

[Tue Mar 18 15:02:34 2025]
localrule run_Fedup_HefQuin_query:
    input: /workspaces/P-TER/virtuoso-opensource-7.2.7, /workspaces/P-TER/virtuoso-opensource-7.2.7/var/lib/virtuoso/db/fedup.ini, /workspaces/P-TER/fedup-queries/q06j.sparql
    output: output/rdfs/FedUp-HefQuin/q06j.1.csv, output/rdfs/FedUp-HefQuin/q06j.1.json, output/rdfs/FedUp-HefQuin/q06j.1.txt
    jobid: 490
    reason: Missing output files: output/rdfs/FedUp-HefQuin/q06j.1.csv
    wildcards: workload=rdfs, query=q06j, run=1
    priority: 50
    resources: tmpdir=/tmp

[Tue Mar 18 15:17:34 2025]
Finished job 490.
35 of 92 steps (38%) done
Select jobs to execute...
Execute 1 jobs...

[Tue Mar 18 15:17:34 2025]
localrule run_Fedup_FedX_query:
    input: /workspaces/P-TER/virtuoso-opensource-7.2.7, /workspaces/P-TER/virtuoso-opensource-7.2.7/var/lib/virtuoso/db/fedup.ini, fedup-queries/q06f.sparql
    output: output/rdfs/FedUp-FedX/q06f.1.csv, output/rdfs/FedUp-FedX/q06f.1.json
    jobid: 376
    reason: Missing output files: output/rdfs/FedUp-FedX/q06f.1.csv
    wildcards: workload=rdfs, query=q06f, run=1
    priority: 50
    resources: tmpdir=/tmp

[Tue Mar 18 15:17:53 2025]
Finished job 376.
36 of 92 steps (39%) done
Select jobs to execute...
Execute 1 jobs...

[Tue Mar 18 15:17:53 2025]
localrule run_Fedup_HefQuin_query:
    input: /workspaces/P-TER/virtuoso-opensource-7.2.7, /workspaces/P-TER/virtuoso-opensource-7.2.7/var/lib/virtuoso/db/fedup.ini, /workspaces/P-TER/fedup-queries/q06f.sparql
    output: output/rdfs/FedUp-HefQuin/q06f.1.csv, output/rdfs/FedUp-HefQuin/q06f.1.json, output/rdfs/FedUp-HefQuin/q06f.1.txt
    jobid: 486
    reason: Missing output files: output/rdfs/FedUp-HefQuin/q06f.1.csv
    wildcards: workload=rdfs, query=q06f, run=1
    priority: 50
    resources: tmpdir=/tmp

[Tue Mar 18 15:33:03 2025]
Finished job 486.
37 of 92 steps (40%) done
Select jobs to execute...
Execute 1 jobs...

[Tue Mar 18 15:33:03 2025]
localrule run_Fedup_HefQuin_query:
    input: /workspaces/P-TER/virtuoso-opensource-7.2.7, /workspaces/P-TER/virtuoso-opensource-7.2.7/var/lib/virtuoso/db/fedup.ini, /workspaces/P-TER/fedup-queries/q06g.sparql
    output: output/rdfs/FedUp-HefQuin/q06g.1.csv, output/rdfs/FedUp-HefQuin/q06g.1.json, output/rdfs/FedUp-HefQuin/q06g.1.txt
    jobid: 487
    reason: Missing output files: output/rdfs/FedUp-HefQuin/q06g.1.csv
    wildcards: workload=rdfs, query=q06g, run=1
    priority: 50
    resources: tmpdir=/tmp

[Tue Mar 18 15:48:08 2025]
Finished job 487.
38 of 92 steps (41%) done
Select jobs to execute...
Execute 1 jobs...

[Tue Mar 18 15:48:08 2025]
localrule run_Fedup_HefQuin_query:
    input: /workspaces/P-TER/virtuoso-opensource-7.2.7, /workspaces/P-TER/virtuoso-opensource-7.2.7/var/lib/virtuoso/db/fedup.ini, /workspaces/P-TER/fedup-queries/q06e.sparql
    output: output/rdfs/FedUp-HefQuin/q06e.1.csv, output/rdfs/FedUp-HefQuin/q06e.1.json, output/rdfs/FedUp-HefQuin/q06e.1.txt
    jobid: 485
    reason: Missing output files: output/rdfs/FedUp-HefQuin/q06e.1.csv
    wildcards: workload=rdfs, query=q06e, run=1
    priority: 50
    resources: tmpdir=/tmp

[Tue Mar 18 16:03:11 2025]
Finished job 485.
39 of 92 steps (42%) done
Select jobs to execute...
Execute 1 jobs...

[Tue Mar 18 16:03:11 2025]
localrule run_Fedup_HefQuin_query:
    input: /workspaces/P-TER/virtuoso-opensource-7.2.7, /workspaces/P-TER/virtuoso-opensource-7.2.7/var/lib/virtuoso/db/fedup.ini, /workspaces/P-TER/fedup-queries/q06a.sparql
    output: output/rdfs/FedUp-HefQuin/q06a.1.csv, output/rdfs/FedUp-HefQuin/q06a.1.json, output/rdfs/FedUp-HefQuin/q06a.1.txt
    jobid: 481
    reason: Missing output files: output/rdfs/FedUp-HefQuin/q06a.1.csv
    wildcards: workload=rdfs, query=q06a, run=1
    priority: 50
    resources: tmpdir=/tmp

[Tue Mar 18 16:18:12 2025]
Finished job 481.
40 of 92 steps (43%) done
Select jobs to execute...
Execute 1 jobs...

[Tue Mar 18 16:18:12 2025]
localrule run_Fedup_FedX_query:
    input: /workspaces/P-TER/virtuoso-opensource-7.2.7, /workspaces/P-TER/virtuoso-opensource-7.2.7/var/lib/virtuoso/db/fedup.ini, fedup-queries/q06g.sparql
    output: output/rdfs/FedUp-FedX/q06g.1.csv, output/rdfs/FedUp-FedX/q06g.1.json
    jobid: 377
    reason: Missing output files: output/rdfs/FedUp-FedX/q06g.1.csv
    wildcards: workload=rdfs, query=q06g, run=1
    priority: 50
    resources: tmpdir=/tmp

[Tue Mar 18 16:18:29 2025]
Finished job 377.
41 of 92 steps (45%) done
Select jobs to execute...
Execute 1 jobs...

[Tue Mar 18 16:18:29 2025]
localrule run_Fedup_FedX_query:
    input: /workspaces/P-TER/virtuoso-opensource-7.2.7, /workspaces/P-TER/virtuoso-opensource-7.2.7/var/lib/virtuoso/db/fedup.ini, fedup-queries/q06d.sparql
    output: output/rdfs/FedUp-FedX/q06d.1.csv, output/rdfs/FedUp-FedX/q06d.1.json
    jobid: 374
    reason: Missing output files: output/rdfs/FedUp-FedX/q06d.1.csv
    wildcards: workload=rdfs, query=q06d, run=1
    priority: 50
    resources: tmpdir=/tmp

[Tue Mar 18 16:18:46 2025]
Finished job 374.
42 of 92 steps (46%) done
Select jobs to execute...
Execute 1 jobs...

[Tue Mar 18 16:18:46 2025]
localrule run_Fedup_FedX_query:
    input: /workspaces/P-TER/virtuoso-opensource-7.2.7, /workspaces/P-TER/virtuoso-opensource-7.2.7/var/lib/virtuoso/db/fedup.ini, fedup-queries/q06a.sparql
    output: output/rdfs/FedUp-FedX/q06a.1.csv, output/rdfs/FedUp-FedX/q06a.1.json
    jobid: 371
    reason: Missing output files: output/rdfs/FedUp-FedX/q06a.1.csv
    wildcards: workload=rdfs, query=q06a, run=1
    priority: 50
    resources: tmpdir=/tmp

[Tue Mar 18 16:19:04 2025]
Finished job 371.
43 of 92 steps (47%) done
Select jobs to execute...
Execute 1 jobs...

[Tue Mar 18 16:19:04 2025]
localrule run_Fedup_FedX_query:
    input: /workspaces/P-TER/virtuoso-opensource-7.2.7, /workspaces/P-TER/virtuoso-opensource-7.2.7/var/lib/virtuoso/db/fedup.ini, fedup-queries/q06e.sparql
    output: output/rdfs/FedUp-FedX/q06e.1.csv, output/rdfs/FedUp-FedX/q06e.1.json
    jobid: 375
    reason: Missing output files: output/rdfs/FedUp-FedX/q06e.1.csv
    wildcards: workload=rdfs, query=q06e, run=1
    priority: 50
    resources: tmpdir=/tmp

[Tue Mar 18 16:19:22 2025]
Finished job 375.
44 of 92 steps (48%) done
Select jobs to execute...
Execute 1 jobs...

[Tue Mar 18 16:19:22 2025]
localrule run_Fedup_HefQuin_query:
    input: /workspaces/P-TER/virtuoso-opensource-7.2.7, /workspaces/P-TER/virtuoso-opensource-7.2.7/var/lib/virtuoso/db/fedup.ini, /workspaces/P-TER/fedup-queries/q06d.sparql
    output: output/rdfs/FedUp-HefQuin/q06d.1.csv, output/rdfs/FedUp-HefQuin/q06d.1.json, output/rdfs/FedUp-HefQuin/q06d.1.txt
    jobid: 484
    reason: Missing output files: output/rdfs/FedUp-HefQuin/q06d.1.csv
    wildcards: workload=rdfs, query=q06d, run=1
    priority: 50
    resources: tmpdir=/tmp

[Tue Mar 18 16:34:29 2025]
Finished job 484.
45 of 92 steps (49%) done
Select jobs to execute...
Execute 1 jobs...

[Tue Mar 18 16:34:29 2025]
localrule run_Fedup_FedX_query:
    input: /workspaces/P-TER/virtuoso-opensource-7.2.7, /workspaces/P-TER/virtuoso-opensource-7.2.7/var/lib/virtuoso/db/fedup.ini, fedup-queries/q06i.sparql
    output: output/rdfs/FedUp-FedX/q06i.1.csv, output/rdfs/FedUp-FedX/q06i.1.json
    jobid: 379
    reason: Missing output files: output/rdfs/FedUp-FedX/q06i.1.csv
    wildcards: workload=rdfs, query=q06i, run=1
    priority: 50
    resources: tmpdir=/tmp

[Tue Mar 18 16:34:47 2025]
Finished job 379.
46 of 92 steps (50%) done
Select jobs to execute...
Execute 1 jobs...

[Tue Mar 18 16:34:47 2025]
localrule run_Fedup_HefQuin_query:
    input: /workspaces/P-TER/virtuoso-opensource-7.2.7, /workspaces/P-TER/virtuoso-opensource-7.2.7/var/lib/virtuoso/db/fedup.ini, /workspaces/P-TER/fedup-queries/q06i.sparql
    output: output/rdfs/FedUp-HefQuin/q06i.1.csv, output/rdfs/FedUp-HefQuin/q06i.1.json, output/rdfs/FedUp-HefQuin/q06i.1.txt
    jobid: 489
    reason: Missing output files: output/rdfs/FedUp-HefQuin/q06i.1.csv
    wildcards: workload=rdfs, query=q06i, run=1
    priority: 50
    resources: tmpdir=/tmp

[Tue Mar 18 16:49:57 2025]
Finished job 489.
47 of 92 steps (51%) done
Select jobs to execute...
Execute 1 jobs...

[Tue Mar 18 16:49:57 2025]
localrule run_Fedup_HefQuin_query:
    input: /workspaces/P-TER/virtuoso-opensource-7.2.7, /workspaces/P-TER/virtuoso-opensource-7.2.7/var/lib/virtuoso/db/fedup.ini, /workspaces/P-TER/fedup-queries/q06h.sparql
    output: output/rdfs/FedUp-HefQuin/q06h.1.csv, output/rdfs/FedUp-HefQuin/q06h.1.json, output/rdfs/FedUp-HefQuin/q06h.1.txt
    jobid: 488
    reason: Missing output files: output/rdfs/FedUp-HefQuin/q06h.1.csv
    wildcards: workload=rdfs, query=q06h, run=1
    priority: 50
    resources: tmpdir=/tmp

[Tue Mar 18 17:05:06 2025]
Finished job 488.
48 of 92 steps (52%) done
Select jobs to execute...
Execute 1 jobs...

[Tue Mar 18 17:05:06 2025]
localrule run_Fedup_FedX_query:
    input: /workspaces/P-TER/virtuoso-opensource-7.2.7, /workspaces/P-TER/virtuoso-opensource-7.2.7/var/lib/virtuoso/db/fedup.ini, fedup-queries/q06b.sparql
    output: output/rdfs/FedUp-FedX/q06b.1.csv, output/rdfs/FedUp-FedX/q06b.1.json
    jobid: 372
    reason: Missing output files: output/rdfs/FedUp-FedX/q06b.1.csv
    wildcards: workload=rdfs, query=q06b, run=1
    priority: 50
    resources: tmpdir=/tmp

[Tue Mar 18 17:05:23 2025]
Finished job 372.
49 of 92 steps (53%) done
Select jobs to execute...
Execute 1 jobs...

[Tue Mar 18 17:05:23 2025]
localrule run_Fedup_FedX_query:
    input: /workspaces/P-TER/virtuoso-opensource-7.2.7, /workspaces/P-TER/virtuoso-opensource-7.2.7/var/lib/virtuoso/db/fedup.ini, fedup-queries/q06h.sparql
    output: output/rdfs/FedUp-FedX/q06h.1.csv, output/rdfs/FedUp-FedX/q06h.1.json
    jobid: 378
    reason: Missing output files: output/rdfs/FedUp-FedX/q06h.1.csv
    wildcards: workload=rdfs, query=q06h, run=1
    priority: 50
    resources: tmpdir=/tmp

[Tue Mar 18 17:05:40 2025]
Finished job 378.
50 of 92 steps (54%) done
Select jobs to execute...
Execute 1 jobs...

[Tue Mar 18 17:05:40 2025]
localrule run_Fedup_HefQuin_query:
    input: /workspaces/P-TER/virtuoso-opensource-7.2.7, /workspaces/P-TER/virtuoso-opensource-7.2.7/var/lib/virtuoso/db/fedup.ini, /workspaces/P-TER/fedup-queries/q06b.sparql
    output: output/rdfs/FedUp-HefQuin/q06b.1.csv, output/rdfs/FedUp-HefQuin/q06b.1.json, output/rdfs/FedUp-HefQuin/q06b.1.txt
    jobid: 482
    reason: Missing output files: output/rdfs/FedUp-HefQuin/q06b.1.csv
    wildcards: workload=rdfs, query=q06b, run=1
    priority: 50
    resources: tmpdir=/tmp

[Tue Mar 18 17:20:42 2025]
Finished job 482.
51 of 92 steps (55%) done
Select jobs to execute...
Execute 1 jobs...

[Tue Mar 18 17:20:42 2025]
localrule run_Fedup_HefQuin_query:
    input: /workspaces/P-TER/virtuoso-opensource-7.2.7, /workspaces/P-TER/virtuoso-opensource-7.2.7/var/lib/virtuoso/db/fedup.ini, /workspaces/P-TER/fedup-queries/q11b.sparql
    output: output/rdfs/FedUp-HefQuin/q11b.1.csv, output/rdfs/FedUp-HefQuin/q11b.1.json, output/rdfs/FedUp-HefQuin/q11b.1.txt
    jobid: 532
    reason: Missing output files: output/rdfs/FedUp-HefQuin/q11b.1.csv
    wildcards: workload=rdfs, query=q11b, run=1
    priority: 50
    resources: tmpdir=/tmp

[Tue Mar 18 17:20:47 2025]
Finished job 532.
52 of 92 steps (57%) done
Select jobs to execute...
Execute 1 jobs...

[Tue Mar 18 17:20:47 2025]
localrule run_Fedup_FedX_query:
    input: /workspaces/P-TER/virtuoso-opensource-7.2.7, /workspaces/P-TER/virtuoso-opensource-7.2.7/var/lib/virtuoso/db/fedup.ini, fedup-queries/q11b.sparql
    output: output/rdfs/FedUp-FedX/q11b.1.csv, output/rdfs/FedUp-FedX/q11b.1.json
    jobid: 422
    reason: Missing output files: output/rdfs/FedUp-FedX/q11b.1.csv
    wildcards: workload=rdfs, query=q11b, run=1
    priority: 50
    resources: tmpdir=/tmp

[Tue Mar 18 17:20:52 2025]
Finished job 422.
53 of 92 steps (58%) done
Select jobs to execute...
Execute 1 jobs...

[Tue Mar 18 17:20:52 2025]
localrule run_Fedup_FedX_query:
    input: /workspaces/P-TER/virtuoso-opensource-7.2.7, /workspaces/P-TER/virtuoso-opensource-7.2.7/var/lib/virtuoso/db/fedup.ini, fedup-queries/q11e.sparql
    output: output/rdfs/FedUp-FedX/q11e.1.csv, output/rdfs/FedUp-FedX/q11e.1.json
    jobid: 425
    reason: Missing output files: output/rdfs/FedUp-FedX/q11e.1.csv
    wildcards: workload=rdfs, query=q11e, run=1
    priority: 50
    resources: tmpdir=/tmp

[Tue Mar 18 17:20:57 2025]
Finished job 425.
54 of 92 steps (59%) done
Select jobs to execute...
Execute 1 jobs...

[Tue Mar 18 17:20:57 2025]
localrule run_Fedup_HefQuin_query:
    input: /workspaces/P-TER/virtuoso-opensource-7.2.7, /workspaces/P-TER/virtuoso-opensource-7.2.7/var/lib/virtuoso/db/fedup.ini, /workspaces/P-TER/fedup-queries/q11e.sparql
    output: output/rdfs/FedUp-HefQuin/q11e.1.csv, output/rdfs/FedUp-HefQuin/q11e.1.json, output/rdfs/FedUp-HefQuin/q11e.1.txt
    jobid: 535
    reason: Missing output files: output/rdfs/FedUp-HefQuin/q11e.1.csv
    wildcards: workload=rdfs, query=q11e, run=1
    priority: 50
    resources: tmpdir=/tmp

[Tue Mar 18 17:21:02 2025]
Finished job 535.
55 of 92 steps (60%) done
Select jobs to execute...
Execute 1 jobs...

[Tue Mar 18 17:21:02 2025]
localrule run_Fedup_HefQuin_query:
    input: /workspaces/P-TER/virtuoso-opensource-7.2.7, /workspaces/P-TER/virtuoso-opensource-7.2.7/var/lib/virtuoso/db/fedup.ini, /workspaces/P-TER/fedup-queries/q11c.sparql
    output: output/rdfs/FedUp-HefQuin/q11c.1.csv, output/rdfs/FedUp-HefQuin/q11c.1.json, output/rdfs/FedUp-HefQuin/q11c.1.txt
    jobid: 533
    reason: Missing output files: output/rdfs/FedUp-HefQuin/q11c.1.csv
    wildcards: workload=rdfs, query=q11c, run=1
    priority: 50
    resources: tmpdir=/tmp

[Tue Mar 18 17:21:07 2025]
Finished job 533.
56 of 92 steps (61%) done
Select jobs to execute...
Execute 1 jobs...

[Tue Mar 18 17:21:07 2025]
localrule run_Fedup_FedX_query:
    input: /workspaces/P-TER/virtuoso-opensource-7.2.7, /workspaces/P-TER/virtuoso-opensource-7.2.7/var/lib/virtuoso/db/fedup.ini, fedup-queries/q11c.sparql
    output: output/rdfs/FedUp-FedX/q11c.1.csv, output/rdfs/FedUp-FedX/q11c.1.json
    jobid: 423
    reason: Missing output files: output/rdfs/FedUp-FedX/q11c.1.csv
    wildcards: workload=rdfs, query=q11c, run=1
    priority: 50
    resources: tmpdir=/tmp

[Tue Mar 18 17:21:12 2025]
Finished job 423.
57 of 92 steps (62%) done
Select jobs to execute...
Execute 1 jobs...

[Tue Mar 18 17:21:12 2025]
localrule run_Fedup_HefQuin_query:
    input: /workspaces/P-TER/virtuoso-opensource-7.2.7, /workspaces/P-TER/virtuoso-opensource-7.2.7/var/lib/virtuoso/db/fedup.ini, /workspaces/P-TER/fedup-queries/q11j.sparql
    output: output/rdfs/FedUp-HefQuin/q11j.1.csv, output/rdfs/FedUp-HefQuin/q11j.1.json, output/rdfs/FedUp-HefQuin/q11j.1.txt
    jobid: 540
    reason: Missing output files: output/rdfs/FedUp-HefQuin/q11j.1.csv
    wildcards: workload=rdfs, query=q11j, run=1
    priority: 50
    resources: tmpdir=/tmp

[Tue Mar 18 17:21:18 2025]
Finished job 540.
58 of 92 steps (63%) done
Select jobs to execute...
Execute 1 jobs...

[Tue Mar 18 17:21:18 2025]
localrule run_Fedup_HefQuin_query:
    input: /workspaces/P-TER/virtuoso-opensource-7.2.7, /workspaces/P-TER/virtuoso-opensource-7.2.7/var/lib/virtuoso/db/fedup.ini, /workspaces/P-TER/fedup-queries/q11h.sparql
    output: output/rdfs/FedUp-HefQuin/q11h.1.csv, output/rdfs/FedUp-HefQuin/q11h.1.json, output/rdfs/FedUp-HefQuin/q11h.1.txt
    jobid: 538
    reason: Missing output files: output/rdfs/FedUp-HefQuin/q11h.1.csv
    wildcards: workload=rdfs, query=q11h, run=1
    priority: 50
    resources: tmpdir=/tmp

[Tue Mar 18 17:21:23 2025]
Finished job 538.
59 of 92 steps (64%) done
Select jobs to execute...
Execute 1 jobs...

[Tue Mar 18 17:21:23 2025]
localrule run_Fedup_FedX_query:
    input: /workspaces/P-TER/virtuoso-opensource-7.2.7, /workspaces/P-TER/virtuoso-opensource-7.2.7/var/lib/virtuoso/db/fedup.ini, fedup-queries/q11d.sparql
    output: output/rdfs/FedUp-FedX/q11d.1.csv, output/rdfs/FedUp-FedX/q11d.1.json
    jobid: 424
    reason: Missing output files: output/rdfs/FedUp-FedX/q11d.1.csv
    wildcards: workload=rdfs, query=q11d, run=1
    priority: 50
    resources: tmpdir=/tmp

[Tue Mar 18 17:21:28 2025]
Finished job 424.
60 of 92 steps (65%) done
Select jobs to execute...
Execute 1 jobs...

[Tue Mar 18 17:21:28 2025]
localrule run_Fedup_FedX_query:
    input: /workspaces/P-TER/virtuoso-opensource-7.2.7, /workspaces/P-TER/virtuoso-opensource-7.2.7/var/lib/virtuoso/db/fedup.ini, fedup-queries/q11j.sparql
    output: output/rdfs/FedUp-FedX/q11j.1.csv, output/rdfs/FedUp-FedX/q11j.1.json
    jobid: 430
    reason: Missing output files: output/rdfs/FedUp-FedX/q11j.1.csv
    wildcards: workload=rdfs, query=q11j, run=1
    priority: 50
    resources: tmpdir=/tmp

[Tue Mar 18 17:21:34 2025]
Finished job 430.
61 of 92 steps (66%) done
Select jobs to execute...
Execute 1 jobs...

[Tue Mar 18 17:21:34 2025]
localrule run_Fedup_HefQuin_query:
    input: /workspaces/P-TER/virtuoso-opensource-7.2.7, /workspaces/P-TER/virtuoso-opensource-7.2.7/var/lib/virtuoso/db/fedup.ini, /workspaces/P-TER/fedup-queries/q11f.sparql
    output: output/rdfs/FedUp-HefQuin/q11f.1.csv, output/rdfs/FedUp-HefQuin/q11f.1.json, output/rdfs/FedUp-HefQuin/q11f.1.txt
    jobid: 536
    reason: Missing output files: output/rdfs/FedUp-HefQuin/q11f.1.csv
    wildcards: workload=rdfs, query=q11f, run=1
    priority: 50
    resources: tmpdir=/tmp

[Tue Mar 18 17:21:39 2025]
Finished job 536.
62 of 92 steps (67%) done
Select jobs to execute...
Execute 1 jobs...

[Tue Mar 18 17:21:39 2025]
localrule run_Fedup_FedX_query:
    input: /workspaces/P-TER/virtuoso-opensource-7.2.7, /workspaces/P-TER/virtuoso-opensource-7.2.7/var/lib/virtuoso/db/fedup.ini, fedup-queries/q11a.sparql
    output: output/rdfs/FedUp-FedX/q11a.1.csv, output/rdfs/FedUp-FedX/q11a.1.json
    jobid: 421
    reason: Missing output files: output/rdfs/FedUp-FedX/q11a.1.csv
    wildcards: workload=rdfs, query=q11a, run=1
    priority: 50
    resources: tmpdir=/tmp

[Tue Mar 18 17:21:44 2025]
Finished job 421.
63 of 92 steps (68%) done
Select jobs to execute...
Execute 1 jobs...

[Tue Mar 18 17:21:44 2025]
localrule run_Fedup_FedX_query:
    input: /workspaces/P-TER/virtuoso-opensource-7.2.7, /workspaces/P-TER/virtuoso-opensource-7.2.7/var/lib/virtuoso/db/fedup.ini, fedup-queries/q11g.sparql
    output: output/rdfs/FedUp-FedX/q11g.1.csv, output/rdfs/FedUp-FedX/q11g.1.json
    jobid: 427
    reason: Missing output files: output/rdfs/FedUp-FedX/q11g.1.csv
    wildcards: workload=rdfs, query=q11g, run=1
    priority: 50
    resources: tmpdir=/tmp

[Tue Mar 18 17:21:49 2025]
Finished job 427.
64 of 92 steps (70%) done
Select jobs to execute...
Execute 1 jobs...

[Tue Mar 18 17:21:49 2025]
localrule run_Fedup_HefQuin_query:
    input: /workspaces/P-TER/virtuoso-opensource-7.2.7, /workspaces/P-TER/virtuoso-opensource-7.2.7/var/lib/virtuoso/db/fedup.ini, /workspaces/P-TER/fedup-queries/q11d.sparql
    output: output/rdfs/FedUp-HefQuin/q11d.1.csv, output/rdfs/FedUp-HefQuin/q11d.1.json, output/rdfs/FedUp-HefQuin/q11d.1.txt
    jobid: 534
    reason: Missing output files: output/rdfs/FedUp-HefQuin/q11d.1.csv
    wildcards: workload=rdfs, query=q11d, run=1
    priority: 50
    resources: tmpdir=/tmp

[Tue Mar 18 17:21:54 2025]
Finished job 534.
65 of 92 steps (71%) done
Select jobs to execute...
Execute 1 jobs...

[Tue Mar 18 17:21:54 2025]
localrule run_Fedup_FedX_query:
    input: /workspaces/P-TER/virtuoso-opensource-7.2.7, /workspaces/P-TER/virtuoso-opensource-7.2.7/var/lib/virtuoso/db/fedup.ini, fedup-queries/q11h.sparql
    output: output/rdfs/FedUp-FedX/q11h.1.csv, output/rdfs/FedUp-FedX/q11h.1.json
    jobid: 428
    reason: Missing output files: output/rdfs/FedUp-FedX/q11h.1.csv
    wildcards: workload=rdfs, query=q11h, run=1
    priority: 50
    resources: tmpdir=/tmp

[Tue Mar 18 17:22:00 2025]
Finished job 428.
66 of 92 steps (72%) done
Select jobs to execute...
Execute 1 jobs...

[Tue Mar 18 17:22:00 2025]
localrule run_Fedup_HefQuin_query:
    input: /workspaces/P-TER/virtuoso-opensource-7.2.7, /workspaces/P-TER/virtuoso-opensource-7.2.7/var/lib/virtuoso/db/fedup.ini, /workspaces/P-TER/fedup-queries/q11i.sparql
    output: output/rdfs/FedUp-HefQuin/q11i.1.csv, output/rdfs/FedUp-HefQuin/q11i.1.json, output/rdfs/FedUp-HefQuin/q11i.1.txt
    jobid: 539
    reason: Missing output files: output/rdfs/FedUp-HefQuin/q11i.1.csv
    wildcards: workload=rdfs, query=q11i, run=1
    priority: 50
    resources: tmpdir=/tmp

[Tue Mar 18 17:22:05 2025]
Finished job 539.
67 of 92 steps (73%) done
Select jobs to execute...
Execute 1 jobs...

[Tue Mar 18 17:22:05 2025]
localrule run_Fedup_HefQuin_query:
    input: /workspaces/P-TER/virtuoso-opensource-7.2.7, /workspaces/P-TER/virtuoso-opensource-7.2.7/var/lib/virtuoso/db/fedup.ini, /workspaces/P-TER/fedup-queries/q11g.sparql
    output: output/rdfs/FedUp-HefQuin/q11g.1.csv, output/rdfs/FedUp-HefQuin/q11g.1.json, output/rdfs/FedUp-HefQuin/q11g.1.txt
    jobid: 537
    reason: Missing output files: output/rdfs/FedUp-HefQuin/q11g.1.csv
    wildcards: workload=rdfs, query=q11g, run=1
    priority: 50
    resources: tmpdir=/tmp

[Tue Mar 18 17:22:10 2025]
Finished job 537.
68 of 92 steps (74%) done
Select jobs to execute...
Execute 1 jobs...

[Tue Mar 18 17:22:10 2025]
localrule run_Fedup_FedX_query:
    input: /workspaces/P-TER/virtuoso-opensource-7.2.7, /workspaces/P-TER/virtuoso-opensource-7.2.7/var/lib/virtuoso/db/fedup.ini, fedup-queries/q11i.sparql
    output: output/rdfs/FedUp-FedX/q11i.1.csv, output/rdfs/FedUp-FedX/q11i.1.json
    jobid: 429
    reason: Missing output files: output/rdfs/FedUp-FedX/q11i.1.csv
    wildcards: workload=rdfs, query=q11i, run=1
    priority: 50
    resources: tmpdir=/tmp

[Tue Mar 18 17:22:16 2025]
Finished job 429.
69 of 92 steps (75%) done
Select jobs to execute...
Execute 1 jobs...

[Tue Mar 18 17:22:16 2025]
localrule run_Fedup_FedX_query:
    input: /workspaces/P-TER/virtuoso-opensource-7.2.7, /workspaces/P-TER/virtuoso-opensource-7.2.7/var/lib/virtuoso/db/fedup.ini, fedup-queries/q11f.sparql
    output: output/rdfs/FedUp-FedX/q11f.1.csv, output/rdfs/FedUp-FedX/q11f.1.json
    jobid: 426
    reason: Missing output files: output/rdfs/FedUp-FedX/q11f.1.csv
    wildcards: workload=rdfs, query=q11f, run=1
    priority: 50
    resources: tmpdir=/tmp

[Tue Mar 18 17:22:21 2025]
Finished job 426.
70 of 92 steps (76%) done
Select jobs to execute...
Execute 1 jobs...

[Tue Mar 18 17:22:21 2025]
localrule run_Fedup_HefQuin_query:
    input: /workspaces/P-TER/virtuoso-opensource-7.2.7, /workspaces/P-TER/virtuoso-opensource-7.2.7/var/lib/virtuoso/db/fedup.ini, /workspaces/P-TER/fedup-queries/q11a.sparql
    output: output/rdfs/FedUp-HefQuin/q11a.1.csv, output/rdfs/FedUp-HefQuin/q11a.1.json, output/rdfs/FedUp-HefQuin/q11a.1.txt
    jobid: 531
    reason: Missing output files: output/rdfs/FedUp-HefQuin/q11a.1.csv
    wildcards: workload=rdfs, query=q11a, run=1
    priority: 50
    resources: tmpdir=/tmp

[Tue Mar 18 17:22:26 2025]
Finished job 531.
71 of 92 steps (77%) done
Select jobs to execute...
Execute 1 jobs...

[Tue Mar 18 17:22:26 2025]
localrule run_Fedup_FedX_query:
    input: /workspaces/P-TER/virtuoso-opensource-7.2.7, /workspaces/P-TER/virtuoso-opensource-7.2.7/var/lib/virtuoso/db/fedup.ini, fedup-queries/q09a.sparql
    output: output/rdfs/FedUp-FedX/q09a.1.csv, output/rdfs/FedUp-FedX/q09a.1.json
    jobid: 401
    reason: Missing output files: output/rdfs/FedUp-FedX/q09a.1.csv
    wildcards: workload=rdfs, query=q09a, run=1
    priority: 50
    resources: tmpdir=/tmp

[Tue Mar 18 17:22:30 2025]
Finished job 401.
72 of 92 steps (78%) done
Select jobs to execute...
Execute 1 jobs...

[Tue Mar 18 17:22:30 2025]
localrule run_Fedup_HefQuin_query:
    input: /workspaces/P-TER/virtuoso-opensource-7.2.7, /workspaces/P-TER/virtuoso-opensource-7.2.7/var/lib/virtuoso/db/fedup.ini, /workspaces/P-TER/fedup-queries/q09a.sparql
    output: output/rdfs/FedUp-HefQuin/q09a.1.csv, output/rdfs/FedUp-HefQuin/q09a.1.json, output/rdfs/FedUp-HefQuin/q09a.1.txt
    jobid: 511
    reason: Missing output files: output/rdfs/FedUp-HefQuin/q09a.1.csv
    wildcards: workload=rdfs, query=q09a, run=1
    priority: 50
    resources: tmpdir=/tmp

[Tue Mar 18 17:22:35 2025]
Finished job 511.
73 of 92 steps (79%) done
Select jobs to execute...
Execute 1 jobs...

[Tue Mar 18 17:22:35 2025]
localrule run_Fedup_HefQuin_query:
    input: /workspaces/P-TER/virtuoso-opensource-7.2.7, /workspaces/P-TER/virtuoso-opensource-7.2.7/var/lib/virtuoso/db/fedup.ini, /workspaces/P-TER/fedup-queries/q09h.sparql
    output: output/rdfs/FedUp-HefQuin/q09h.1.csv, output/rdfs/FedUp-HefQuin/q09h.1.json, output/rdfs/FedUp-HefQuin/q09h.1.txt
    jobid: 518
    reason: Missing output files: output/rdfs/FedUp-HefQuin/q09h.1.csv
    wildcards: workload=rdfs, query=q09h, run=1
    priority: 50
    resources: tmpdir=/tmp

[Tue Mar 18 17:22:40 2025]
Finished job 518.
74 of 92 steps (80%) done
Select jobs to execute...
Execute 1 jobs...

[Tue Mar 18 17:22:40 2025]
localrule run_Fedup_HefQuin_query:
    input: /workspaces/P-TER/virtuoso-opensource-7.2.7, /workspaces/P-TER/virtuoso-opensource-7.2.7/var/lib/virtuoso/db/fedup.ini, /workspaces/P-TER/fedup-queries/q09g.sparql
    output: output/rdfs/FedUp-HefQuin/q09g.1.csv, output/rdfs/FedUp-HefQuin/q09g.1.json, output/rdfs/FedUp-HefQuin/q09g.1.txt
    jobid: 517
    reason: Missing output files: output/rdfs/FedUp-HefQuin/q09g.1.csv
    wildcards: workload=rdfs, query=q09g, run=1
    priority: 50
    resources: tmpdir=/tmp

[Tue Mar 18 17:22:44 2025]
Finished job 517.
75 of 92 steps (82%) done
Select jobs to execute...
Execute 1 jobs...

[Tue Mar 18 17:22:44 2025]
localrule run_Fedup_FedX_query:
    input: /workspaces/P-TER/virtuoso-opensource-7.2.7, /workspaces/P-TER/virtuoso-opensource-7.2.7/var/lib/virtuoso/db/fedup.ini, fedup-queries/q09j.sparql
    output: output/rdfs/FedUp-FedX/q09j.1.csv, output/rdfs/FedUp-FedX/q09j.1.json
    jobid: 410
    reason: Missing output files: output/rdfs/FedUp-FedX/q09j.1.csv
    wildcards: workload=rdfs, query=q09j, run=1
    priority: 50
    resources: tmpdir=/tmp

[Tue Mar 18 17:22:49 2025]
Finished job 410.
76 of 92 steps (83%) done
Select jobs to execute...
Execute 1 jobs...

[Tue Mar 18 17:22:49 2025]
localrule run_Fedup_FedX_query:
    input: /workspaces/P-TER/virtuoso-opensource-7.2.7, /workspaces/P-TER/virtuoso-opensource-7.2.7/var/lib/virtuoso/db/fedup.ini, fedup-queries/q09e.sparql
    output: output/rdfs/FedUp-FedX/q09e.1.csv, output/rdfs/FedUp-FedX/q09e.1.json
    jobid: 405
    reason: Missing output files: output/rdfs/FedUp-FedX/q09e.1.csv
    wildcards: workload=rdfs, query=q09e, run=1
    priority: 50
    resources: tmpdir=/tmp

[Tue Mar 18 17:22:54 2025]
Finished job 405.
77 of 92 steps (84%) done
Select jobs to execute...
Execute 1 jobs...

[Tue Mar 18 17:22:54 2025]
localrule run_Fedup_HefQuin_query:
    input: /workspaces/P-TER/virtuoso-opensource-7.2.7, /workspaces/P-TER/virtuoso-opensource-7.2.7/var/lib/virtuoso/db/fedup.ini, /workspaces/P-TER/fedup-queries/q09f.sparql
    output: output/rdfs/FedUp-HefQuin/q09f.1.csv, output/rdfs/FedUp-HefQuin/q09f.1.json, output/rdfs/FedUp-HefQuin/q09f.1.txt
    jobid: 516
    reason: Missing output files: output/rdfs/FedUp-HefQuin/q09f.1.csv
    wildcards: workload=rdfs, query=q09f, run=1
    priority: 50
    resources: tmpdir=/tmp

[Tue Mar 18 17:22:58 2025]
Finished job 516.
78 of 92 steps (85%) done
Select jobs to execute...
Execute 1 jobs...

[Tue Mar 18 17:22:58 2025]
localrule run_Fedup_FedX_query:
    input: /workspaces/P-TER/virtuoso-opensource-7.2.7, /workspaces/P-TER/virtuoso-opensource-7.2.7/var/lib/virtuoso/db/fedup.ini, fedup-queries/q09h.sparql
    output: output/rdfs/FedUp-FedX/q09h.1.csv, output/rdfs/FedUp-FedX/q09h.1.json
    jobid: 408
    reason: Missing output files: output/rdfs/FedUp-FedX/q09h.1.csv
    wildcards: workload=rdfs, query=q09h, run=1
    priority: 50
    resources: tmpdir=/tmp

[Tue Mar 18 17:23:03 2025]
Finished job 408.
79 of 92 steps (86%) done
Select jobs to execute...
Execute 1 jobs...

[Tue Mar 18 17:23:03 2025]
localrule run_Fedup_FedX_query:
    input: /workspaces/P-TER/virtuoso-opensource-7.2.7, /workspaces/P-TER/virtuoso-opensource-7.2.7/var/lib/virtuoso/db/fedup.ini, fedup-queries/q09b.sparql
    output: output/rdfs/FedUp-FedX/q09b.1.csv, output/rdfs/FedUp-FedX/q09b.1.json
    jobid: 402
    reason: Missing output files: output/rdfs/FedUp-FedX/q09b.1.csv
    wildcards: workload=rdfs, query=q09b, run=1
    priority: 50
    resources: tmpdir=/tmp

[Tue Mar 18 17:23:08 2025]
Finished job 402.
80 of 92 steps (87%) done
Select jobs to execute...
Execute 1 jobs...

[Tue Mar 18 17:23:08 2025]
localrule run_Fedup_HefQuin_query:
    input: /workspaces/P-TER/virtuoso-opensource-7.2.7, /workspaces/P-TER/virtuoso-opensource-7.2.7/var/lib/virtuoso/db/fedup.ini, /workspaces/P-TER/fedup-queries/q09e.sparql
    output: output/rdfs/FedUp-HefQuin/q09e.1.csv, output/rdfs/FedUp-HefQuin/q09e.1.json, output/rdfs/FedUp-HefQuin/q09e.1.txt
    jobid: 515
    reason: Missing output files: output/rdfs/FedUp-HefQuin/q09e.1.csv
    wildcards: workload=rdfs, query=q09e, run=1
    priority: 50
    resources: tmpdir=/tmp

[Tue Mar 18 17:23:13 2025]
Finished job 515.
81 of 92 steps (88%) done
Select jobs to execute...
Execute 1 jobs...

[Tue Mar 18 17:23:13 2025]
localrule run_Fedup_HefQuin_query:
    input: /workspaces/P-TER/virtuoso-opensource-7.2.7, /workspaces/P-TER/virtuoso-opensource-7.2.7/var/lib/virtuoso/db/fedup.ini, /workspaces/P-TER/fedup-queries/q09d.sparql
    output: output/rdfs/FedUp-HefQuin/q09d.1.csv, output/rdfs/FedUp-HefQuin/q09d.1.json, output/rdfs/FedUp-HefQuin/q09d.1.txt
    jobid: 514
    reason: Missing output files: output/rdfs/FedUp-HefQuin/q09d.1.csv
    wildcards: workload=rdfs, query=q09d, run=1
    priority: 50
    resources: tmpdir=/tmp

[Tue Mar 18 17:23:17 2025]
Finished job 514.
82 of 92 steps (89%) done
Select jobs to execute...
Execute 1 jobs...

[Tue Mar 18 17:23:17 2025]
localrule run_Fedup_FedX_query:
    input: /workspaces/P-TER/virtuoso-opensource-7.2.7, /workspaces/P-TER/virtuoso-opensource-7.2.7/var/lib/virtuoso/db/fedup.ini, fedup-queries/q09f.sparql
    output: output/rdfs/FedUp-FedX/q09f.1.csv, output/rdfs/FedUp-FedX/q09f.1.json
    jobid: 406
    reason: Missing output files: output/rdfs/FedUp-FedX/q09f.1.csv
    wildcards: workload=rdfs, query=q09f, run=1
    priority: 50
    resources: tmpdir=/tmp

[Tue Mar 18 17:23:22 2025]
Finished job 406.
83 of 92 steps (90%) done
Select jobs to execute...
Execute 1 jobs...

[Tue Mar 18 17:23:22 2025]
localrule run_Fedup_FedX_query:
    input: /workspaces/P-TER/virtuoso-opensource-7.2.7, /workspaces/P-TER/virtuoso-opensource-7.2.7/var/lib/virtuoso/db/fedup.ini, fedup-queries/q09c.sparql
    output: output/rdfs/FedUp-FedX/q09c.1.csv, output/rdfs/FedUp-FedX/q09c.1.json
    jobid: 403
    reason: Missing output files: output/rdfs/FedUp-FedX/q09c.1.csv
    wildcards: workload=rdfs, query=q09c, run=1
    priority: 50
    resources: tmpdir=/tmp

[Tue Mar 18 17:23:27 2025]
Finished job 403.
84 of 92 steps (91%) done
Select jobs to execute...
Execute 1 jobs...

[Tue Mar 18 17:23:27 2025]
localrule run_Fedup_HefQuin_query:
    input: /workspaces/P-TER/virtuoso-opensource-7.2.7, /workspaces/P-TER/virtuoso-opensource-7.2.7/var/lib/virtuoso/db/fedup.ini, /workspaces/P-TER/fedup-queries/q09c.sparql
    output: output/rdfs/FedUp-HefQuin/q09c.1.csv, output/rdfs/FedUp-HefQuin/q09c.1.json, output/rdfs/FedUp-HefQuin/q09c.1.txt
    jobid: 513
    reason: Missing output files: output/rdfs/FedUp-HefQuin/q09c.1.csv
    wildcards: workload=rdfs, query=q09c, run=1
    priority: 50
    resources: tmpdir=/tmp

[Tue Mar 18 17:23:31 2025]
Finished job 513.
85 of 92 steps (92%) done
Select jobs to execute...
Execute 1 jobs...

[Tue Mar 18 17:23:31 2025]
localrule run_Fedup_FedX_query:
    input: /workspaces/P-TER/virtuoso-opensource-7.2.7, /workspaces/P-TER/virtuoso-opensource-7.2.7/var/lib/virtuoso/db/fedup.ini, fedup-queries/q09i.sparql
    output: output/rdfs/FedUp-FedX/q09i.1.csv, output/rdfs/FedUp-FedX/q09i.1.json
    jobid: 409
    reason: Missing output files: output/rdfs/FedUp-FedX/q09i.1.csv
    wildcards: workload=rdfs, query=q09i, run=1
    priority: 50
    resources: tmpdir=/tmp

[Tue Mar 18 17:23:36 2025]
Finished job 409.
86 of 92 steps (93%) done
Select jobs to execute...
Execute 1 jobs...

[Tue Mar 18 17:23:36 2025]
localrule run_Fedup_HefQuin_query:
    input: /workspaces/P-TER/virtuoso-opensource-7.2.7, /workspaces/P-TER/virtuoso-opensource-7.2.7/var/lib/virtuoso/db/fedup.ini, /workspaces/P-TER/fedup-queries/q09b.sparql
    output: output/rdfs/FedUp-HefQuin/q09b.1.csv, output/rdfs/FedUp-HefQuin/q09b.1.json, output/rdfs/FedUp-HefQuin/q09b.1.txt
    jobid: 512
    reason: Missing output files: output/rdfs/FedUp-HefQuin/q09b.1.csv
    wildcards: workload=rdfs, query=q09b, run=1
    priority: 50
    resources: tmpdir=/tmp

[Tue Mar 18 17:23:41 2025]
Finished job 512.
87 of 92 steps (95%) done
Select jobs to execute...
Execute 1 jobs...

[Tue Mar 18 17:23:41 2025]
localrule run_Fedup_HefQuin_query:
    input: /workspaces/P-TER/virtuoso-opensource-7.2.7, /workspaces/P-TER/virtuoso-opensource-7.2.7/var/lib/virtuoso/db/fedup.ini, /workspaces/P-TER/fedup-queries/q09j.sparql
    output: output/rdfs/FedUp-HefQuin/q09j.1.csv, output/rdfs/FedUp-HefQuin/q09j.1.json, output/rdfs/FedUp-HefQuin/q09j.1.txt
    jobid: 520
    reason: Missing output files: output/rdfs/FedUp-HefQuin/q09j.1.csv
    wildcards: workload=rdfs, query=q09j, run=1
    priority: 50
    resources: tmpdir=/tmp

[Tue Mar 18 17:23:45 2025]
Finished job 520.
88 of 92 steps (96%) done
Select jobs to execute...
Execute 1 jobs...

[Tue Mar 18 17:23:45 2025]
localrule run_Fedup_HefQuin_query:
    input: /workspaces/P-TER/virtuoso-opensource-7.2.7, /workspaces/P-TER/virtuoso-opensource-7.2.7/var/lib/virtuoso/db/fedup.ini, /workspaces/P-TER/fedup-queries/q09i.sparql
    output: output/rdfs/FedUp-HefQuin/q09i.1.csv, output/rdfs/FedUp-HefQuin/q09i.1.json, output/rdfs/FedUp-HefQuin/q09i.1.txt
    jobid: 519
    reason: Missing output files: output/rdfs/FedUp-HefQuin/q09i.1.csv
    wildcards: workload=rdfs, query=q09i, run=1
    priority: 50
    resources: tmpdir=/tmp

[Tue Mar 18 17:23:50 2025]
Finished job 519.
89 of 92 steps (97%) done
Select jobs to execute...
Execute 1 jobs...

[Tue Mar 18 17:23:50 2025]
localrule run_Fedup_FedX_query:
    input: /workspaces/P-TER/virtuoso-opensource-7.2.7, /workspaces/P-TER/virtuoso-opensource-7.2.7/var/lib/virtuoso/db/fedup.ini, fedup-queries/q09g.sparql
    output: output/rdfs/FedUp-FedX/q09g.1.csv, output/rdfs/FedUp-FedX/q09g.1.json
    jobid: 407
    reason: Missing output files: output/rdfs/FedUp-FedX/q09g.1.csv
    wildcards: workload=rdfs, query=q09g, run=1
    priority: 50
    resources: tmpdir=/tmp

[Tue Mar 18 17:23:55 2025]
Finished job 407.
90 of 92 steps (98%) done
Select jobs to execute...
Execute 1 jobs...

[Tue Mar 18 17:23:55 2025]
localrule run_Fedup_FedX_query:
    input: /workspaces/P-TER/virtuoso-opensource-7.2.7, /workspaces/P-TER/virtuoso-opensource-7.2.7/var/lib/virtuoso/db/fedup.ini, fedup-queries/q09d.sparql
    output: output/rdfs/FedUp-FedX/q09d.1.csv, output/rdfs/FedUp-FedX/q09d.1.json
    jobid: 404
    reason: Missing output files: output/rdfs/FedUp-FedX/q09d.1.csv
    wildcards: workload=rdfs, query=q09d, run=1
    priority: 50
    resources: tmpdir=/tmp

[Tue Mar 18 17:23:59 2025]
Finished job 404.
91 of 92 steps (99%) done
Select jobs to execute...
Execute 1 jobs...

[Tue Mar 18 17:23:59 2025]
localrule all:
    input: config/largerdfbench/graphs.txt, config/rdfs/endpoints.txt, output/rdfs/Jena/q01a.1.csv, output/rdfs/Jena/q01b.1.csv, output/rdfs/Jena/q01c.1.csv, output/rdfs/Jena/q01d.1.csv, output/rdfs/Jena/q01e.1.csv, output/rdfs/Jena/q01f.1.csv, output/rdfs/Jena/q01g.1.csv, output/rdfs/Jena/q01h.1.csv, output/rdfs/Jena/q01i.1.csv, output/rdfs/Jena/q01j.1.csv, output/rdfs/Jena/q02a.1.csv, output/rdfs/Jena/q02b.1.csv, output/rdfs/Jena/q02c.1.csv, output/rdfs/Jena/q02d.1.csv, output/rdfs/Jena/q02e.1.csv, output/rdfs/Jena/q02f.1.csv, output/rdfs/Jena/q02g.1.csv, output/rdfs/Jena/q02h.1.csv, output/rdfs/Jena/q02i.1.csv, output/rdfs/Jena/q02j.1.csv, output/rdfs/Jena/q03a.1.csv, output/rdfs/Jena/q03b.1.csv, output/rdfs/Jena/q03c.1.csv, output/rdfs/Jena/q03d.1.csv, output/rdfs/Jena/q03e.1.csv, output/rdfs/Jena/q03f.1.csv, output/rdfs/Jena/q03g.1.csv, output/rdfs/Jena/q03h.1.csv, output/rdfs/Jena/q03i.1.csv, output/rdfs/Jena/q03j.1.csv, output/rdfs/Jena/q04a.1.csv, output/rdfs/Jena/q04b.1.csv, output/rdfs/Jena/q04c.1.csv, output/rdfs/Jena/q04d.1.csv, output/rdfs/Jena/q04e.1.csv, output/rdfs/Jena/q04f.1.csv, output/rdfs/Jena/q04g.1.csv, output/rdfs/Jena/q04h.1.csv, output/rdfs/Jena/q04i.1.csv, output/rdfs/Jena/q04j.1.csv, output/rdfs/Jena/q06a.1.csv, output/rdfs/Jena/q06b.1.csv, output/rdfs/Jena/q06c.1.csv, output/rdfs/Jena/q06d.1.csv, output/rdfs/Jena/q06e.1.csv, output/rdfs/Jena/q06f.1.csv, output/rdfs/Jena/q06g.1.csv, output/rdfs/Jena/q06h.1.csv, output/rdfs/Jena/q06i.1.csv, output/rdfs/Jena/q06j.1.csv, output/rdfs/Jena/q07a.1.csv, output/rdfs/Jena/q07b.1.csv, output/rdfs/Jena/q07c.1.csv, output/rdfs/Jena/q07d.1.csv, output/rdfs/Jena/q07e.1.csv, output/rdfs/Jena/q07f.1.csv, output/rdfs/Jena/q07g.1.csv, output/rdfs/Jena/q07h.1.csv, output/rdfs/Jena/q07i.1.csv, output/rdfs/Jena/q07j.1.csv, output/rdfs/Jena/q08a.1.csv, output/rdfs/Jena/q08b.1.csv, output/rdfs/Jena/q08c.1.csv, output/rdfs/Jena/q08d.1.csv, output/rdfs/Jena/q08e.1.csv, output/rdfs/Jena/q08f.1.csv, output/rdfs/Jena/q08g.1.csv, output/rdfs/Jena/q08h.1.csv, output/rdfs/Jena/q08i.1.csv, output/rdfs/Jena/q08j.1.csv, output/rdfs/Jena/q09a.1.csv, output/rdfs/Jena/q09b.1.csv, output/rdfs/Jena/q09c.1.csv, output/rdfs/Jena/q09d.1.csv, output/rdfs/Jena/q09e.1.csv, output/rdfs/Jena/q09f.1.csv, output/rdfs/Jena/q09g.1.csv, output/rdfs/Jena/q09h.1.csv, output/rdfs/Jena/q09i.1.csv, output/rdfs/Jena/q09j.1.csv, output/rdfs/Jena/q10a.1.csv, output/rdfs/Jena/q10b.1.csv, output/rdfs/Jena/q10c.1.csv, output/rdfs/Jena/q10d.1.csv, output/rdfs/Jena/q10e.1.csv, output/rdfs/Jena/q10f.1.csv, output/rdfs/Jena/q10g.1.csv, output/rdfs/Jena/q10h.1.csv, output/rdfs/Jena/q10i.1.csv, output/rdfs/Jena/q10j.1.csv, output/rdfs/Jena/q11a.1.csv, output/rdfs/Jena/q11b.1.csv, output/rdfs/Jena/q11c.1.csv, output/rdfs/Jena/q11d.1.csv, output/rdfs/Jena/q11e.1.csv, output/rdfs/Jena/q11f.1.csv, output/rdfs/Jena/q11g.1.csv, output/rdfs/Jena/q11h.1.csv, output/rdfs/Jena/q11i.1.csv, output/rdfs/Jena/q11j.1.csv, output/rdfs/Jena/q12a.1.csv, output/rdfs/Jena/q12b.1.csv, output/rdfs/Jena/q12c.1.csv, output/rdfs/Jena/q12d.1.csv, output/rdfs/Jena/q12e.1.csv, output/rdfs/Jena/q12f.1.csv, output/rdfs/Jena/q12g.1.csv, output/rdfs/Jena/q12h.1.csv, output/rdfs/Jena/q12i.1.csv, output/rdfs/Jena/q12j.1.csv, output/rdfs/FedX/q01a.1.csv, output/rdfs/FedX/q01b.1.csv, output/rdfs/FedX/q01c.1.csv, output/rdfs/FedX/q01d.1.csv, output/rdfs/FedX/q01e.1.csv, output/rdfs/FedX/q01f.1.csv, output/rdfs/FedX/q01g.1.csv, output/rdfs/FedX/q01h.1.csv, output/rdfs/FedX/q01i.1.csv, output/rdfs/FedX/q01j.1.csv, output/rdfs/FedX/q02a.1.csv, output/rdfs/FedX/q02b.1.csv, output/rdfs/FedX/q02c.1.csv, output/rdfs/FedX/q02d.1.csv, output/rdfs/FedX/q02e.1.csv, output/rdfs/FedX/q02f.1.csv, output/rdfs/FedX/q02g.1.csv, output/rdfs/FedX/q02h.1.csv, output/rdfs/FedX/q02i.1.csv, output/rdfs/FedX/q02j.1.csv, output/rdfs/FedX/q03a.1.csv, output/rdfs/FedX/q03b.1.csv, output/rdfs/FedX/q03c.1.csv, output/rdfs/FedX/q03d.1.csv, output/rdfs/FedX/q03e.1.csv, output/rdfs/FedX/q03f.1.csv, output/rdfs/FedX/q03g.1.csv, output/rdfs/FedX/q03h.1.csv, output/rdfs/FedX/q03i.1.csv, output/rdfs/FedX/q03j.1.csv, output/rdfs/FedX/q04a.1.csv, output/rdfs/FedX/q04b.1.csv, output/rdfs/FedX/q04c.1.csv, output/rdfs/FedX/q04d.1.csv, output/rdfs/FedX/q04e.1.csv, output/rdfs/FedX/q04f.1.csv, output/rdfs/FedX/q04g.1.csv, output/rdfs/FedX/q04h.1.csv, output/rdfs/FedX/q04i.1.csv, output/rdfs/FedX/q04j.1.csv, output/rdfs/FedX/q06a.1.csv, output/rdfs/FedX/q06b.1.csv, output/rdfs/FedX/q06c.1.csv, output/rdfs/FedX/q06d.1.csv, output/rdfs/FedX/q06e.1.csv, output/rdfs/FedX/q06f.1.csv, output/rdfs/FedX/q06g.1.csv, output/rdfs/FedX/q06h.1.csv, output/rdfs/FedX/q06i.1.csv, output/rdfs/FedX/q06j.1.csv, output/rdfs/FedX/q07a.1.csv, output/rdfs/FedX/q07b.1.csv, output/rdfs/FedX/q07c.1.csv, output/rdfs/FedX/q07d.1.csv, output/rdfs/FedX/q07e.1.csv, output/rdfs/FedX/q07f.1.csv, output/rdfs/FedX/q07g.1.csv, output/rdfs/FedX/q07h.1.csv, output/rdfs/FedX/q07i.1.csv, output/rdfs/FedX/q07j.1.csv, output/rdfs/FedX/q08a.1.csv, output/rdfs/FedX/q08b.1.csv, output/rdfs/FedX/q08c.1.csv, output/rdfs/FedX/q08d.1.csv, output/rdfs/FedX/q08e.1.csv, output/rdfs/FedX/q08f.1.csv, output/rdfs/FedX/q08g.1.csv, output/rdfs/FedX/q08h.1.csv, output/rdfs/FedX/q08i.1.csv, output/rdfs/FedX/q08j.1.csv, output/rdfs/FedX/q09a.1.csv, output/rdfs/FedX/q09b.1.csv, output/rdfs/FedX/q09c.1.csv, output/rdfs/FedX/q09d.1.csv, output/rdfs/FedX/q09e.1.csv, output/rdfs/FedX/q09f.1.csv, output/rdfs/FedX/q09g.1.csv, output/rdfs/FedX/q09h.1.csv, output/rdfs/FedX/q09i.1.csv, output/rdfs/FedX/q09j.1.csv, output/rdfs/FedX/q10a.1.csv, output/rdfs/FedX/q10b.1.csv, output/rdfs/FedX/q10c.1.csv, output/rdfs/FedX/q10d.1.csv, output/rdfs/FedX/q10e.1.csv, output/rdfs/FedX/q10f.1.csv, output/rdfs/FedX/q10g.1.csv, output/rdfs/FedX/q10h.1.csv, output/rdfs/FedX/q10i.1.csv, output/rdfs/FedX/q10j.1.csv, output/rdfs/FedX/q11a.1.csv, output/rdfs/FedX/q11b.1.csv, output/rdfs/FedX/q11c.1.csv, output/rdfs/FedX/q11d.1.csv, output/rdfs/FedX/q11e.1.csv, output/rdfs/FedX/q11f.1.csv, output/rdfs/FedX/q11g.1.csv, output/rdfs/FedX/q11h.1.csv, output/rdfs/FedX/q11i.1.csv, output/rdfs/FedX/q11j.1.csv, output/rdfs/FedX/q12a.1.csv, output/rdfs/FedX/q12b.1.csv, output/rdfs/FedX/q12c.1.csv, output/rdfs/FedX/q12d.1.csv, output/rdfs/FedX/q12e.1.csv, output/rdfs/FedX/q12f.1.csv, output/rdfs/FedX/q12g.1.csv, output/rdfs/FedX/q12h.1.csv, output/rdfs/FedX/q12i.1.csv, output/rdfs/FedX/q12j.1.csv, output/rdfs/HefQuin/q01a.1.csv, output/rdfs/HefQuin/q01b.1.csv, output/rdfs/HefQuin/q01c.1.csv, output/rdfs/HefQuin/q01d.1.csv, output/rdfs/HefQuin/q01e.1.csv, output/rdfs/HefQuin/q01f.1.csv, output/rdfs/HefQuin/q01g.1.csv, output/rdfs/HefQuin/q01h.1.csv, output/rdfs/HefQuin/q01i.1.csv, output/rdfs/HefQuin/q01j.1.csv, output/rdfs/HefQuin/q02a.1.csv, output/rdfs/HefQuin/q02b.1.csv, output/rdfs/HefQuin/q02c.1.csv, output/rdfs/HefQuin/q02d.1.csv, output/rdfs/HefQuin/q02e.1.csv, output/rdfs/HefQuin/q02f.1.csv, output/rdfs/HefQuin/q02g.1.csv, output/rdfs/HefQuin/q02h.1.csv, output/rdfs/HefQuin/q02i.1.csv, output/rdfs/HefQuin/q02j.1.csv, output/rdfs/HefQuin/q03a.1.csv, output/rdfs/HefQuin/q03b.1.csv, output/rdfs/HefQuin/q03c.1.csv, output/rdfs/HefQuin/q03d.1.csv, output/rdfs/HefQuin/q03e.1.csv, output/rdfs/HefQuin/q03f.1.csv, output/rdfs/HefQuin/q03g.1.csv, output/rdfs/HefQuin/q03h.1.csv, output/rdfs/HefQuin/q03i.1.csv, output/rdfs/HefQuin/q03j.1.csv, output/rdfs/HefQuin/q04a.1.csv, output/rdfs/HefQuin/q04b.1.csv, output/rdfs/HefQuin/q04c.1.csv, output/rdfs/HefQuin/q04d.1.csv, output/rdfs/HefQuin/q04e.1.csv, output/rdfs/HefQuin/q04f.1.csv, output/rdfs/HefQuin/q04g.1.csv, output/rdfs/HefQuin/q04h.1.csv, output/rdfs/HefQuin/q04i.1.csv, output/rdfs/HefQuin/q04j.1.csv, output/rdfs/HefQuin/q06a.1.csv, output/rdfs/HefQuin/q06b.1.csv, output/rdfs/HefQuin/q06c.1.csv, output/rdfs/HefQuin/q06d.1.csv, output/rdfs/HefQuin/q06e.1.csv, output/rdfs/HefQuin/q06f.1.csv, output/rdfs/HefQuin/q06g.1.csv, output/rdfs/HefQuin/q06h.1.csv, output/rdfs/HefQuin/q06i.1.csv, output/rdfs/HefQuin/q06j.1.csv, output/rdfs/HefQuin/q07a.1.csv, output/rdfs/HefQuin/q07b.1.csv, output/rdfs/HefQuin/q07c.1.csv, output/rdfs/HefQuin/q07d.1.csv, output/rdfs/HefQuin/q07e.1.csv, output/rdfs/HefQuin/q07f.1.csv, output/rdfs/HefQuin/q07g.1.csv, output/rdfs/HefQuin/q07h.1.csv, output/rdfs/HefQuin/q07i.1.csv, output/rdfs/HefQuin/q07j.1.csv, output/rdfs/HefQuin/q08a.1.csv, output/rdfs/HefQuin/q08b.1.csv, output/rdfs/HefQuin/q08c.1.csv, output/rdfs/HefQuin/q08d.1.csv, output/rdfs/HefQuin/q08e.1.csv, output/rdfs/HefQuin/q08f.1.csv, output/rdfs/HefQuin/q08g.1.csv, output/rdfs/HefQuin/q08h.1.csv, output/rdfs/HefQuin/q08i.1.csv, output/rdfs/HefQuin/q08j.1.csv, output/rdfs/HefQuin/q09a.1.csv, output/rdfs/HefQuin/q09b.1.csv, output/rdfs/HefQuin/q09c.1.csv, output/rdfs/HefQuin/q09d.1.csv, output/rdfs/HefQuin/q09e.1.csv, output/rdfs/HefQuin/q09f.1.csv, output/rdfs/HefQuin/q09g.1.csv, output/rdfs/HefQuin/q09h.1.csv, output/rdfs/HefQuin/q09i.1.csv, output/rdfs/HefQuin/q09j.1.csv, output/rdfs/HefQuin/q10a.1.csv, output/rdfs/HefQuin/q10b.1.csv, output/rdfs/HefQuin/q10c.1.csv, output/rdfs/HefQuin/q10d.1.csv, output/rdfs/HefQuin/q10e.1.csv, output/rdfs/HefQuin/q10f.1.csv, output/rdfs/HefQuin/q10g.1.csv, output/rdfs/HefQuin/q10h.1.csv, output/rdfs/HefQuin/q10i.1.csv, output/rdfs/HefQuin/q10j.1.csv, output/rdfs/HefQuin/q11a.1.csv, output/rdfs/HefQuin/q11b.1.csv, output/rdfs/HefQuin/q11c.1.csv, output/rdfs/HefQuin/q11d.1.csv, output/rdfs/HefQuin/q11e.1.csv, output/rdfs/HefQuin/q11f.1.csv, output/rdfs/HefQuin/q11g.1.csv, output/rdfs/HefQuin/q11h.1.csv, output/rdfs/HefQuin/q11i.1.csv, output/rdfs/HefQuin/q11j.1.csv, output/rdfs/HefQuin/q12a.1.csv, output/rdfs/HefQuin/q12b.1.csv, output/rdfs/HefQuin/q12c.1.csv, output/rdfs/HefQuin/q12d.1.csv, output/rdfs/HefQuin/q12e.1.csv, output/rdfs/HefQuin/q12f.1.csv, output/rdfs/HefQuin/q12g.1.csv, output/rdfs/HefQuin/q12h.1.csv, output/rdfs/HefQuin/q12i.1.csv, output/rdfs/HefQuin/q12j.1.csv, output/rdfs/FedUp-FedX/q01a.1.csv, output/rdfs/FedUp-FedX/q01b.1.csv, output/rdfs/FedUp-FedX/q01c.1.csv, output/rdfs/FedUp-FedX/q01d.1.csv, output/rdfs/FedUp-FedX/q01e.1.csv, output/rdfs/FedUp-FedX/q01f.1.csv, output/rdfs/FedUp-FedX/q01g.1.csv, output/rdfs/FedUp-FedX/q01h.1.csv, output/rdfs/FedUp-FedX/q01i.1.csv, output/rdfs/FedUp-FedX/q01j.1.csv, output/rdfs/FedUp-FedX/q02a.1.csv, output/rdfs/FedUp-FedX/q02b.1.csv, output/rdfs/FedUp-FedX/q02c.1.csv, output/rdfs/FedUp-FedX/q02d.1.csv, output/rdfs/FedUp-FedX/q02e.1.csv, output/rdfs/FedUp-FedX/q02f.1.csv, output/rdfs/FedUp-FedX/q02g.1.csv, output/rdfs/FedUp-FedX/q02h.1.csv, output/rdfs/FedUp-FedX/q02i.1.csv, output/rdfs/FedUp-FedX/q02j.1.csv, output/rdfs/FedUp-FedX/q03a.1.csv, output/rdfs/FedUp-FedX/q03b.1.csv, output/rdfs/FedUp-FedX/q03c.1.csv, output/rdfs/FedUp-FedX/q03d.1.csv, output/rdfs/FedUp-FedX/q03e.1.csv, output/rdfs/FedUp-FedX/q03f.1.csv, output/rdfs/FedUp-FedX/q03g.1.csv, output/rdfs/FedUp-FedX/q03h.1.csv, output/rdfs/FedUp-FedX/q03i.1.csv, output/rdfs/FedUp-FedX/q03j.1.csv, output/rdfs/FedUp-FedX/q04a.1.csv, output/rdfs/FedUp-FedX/q04b.1.csv, output/rdfs/FedUp-FedX/q04c.1.csv, output/rdfs/FedUp-FedX/q04d.1.csv, output/rdfs/FedUp-FedX/q04e.1.csv, output/rdfs/FedUp-FedX/q04f.1.csv, output/rdfs/FedUp-FedX/q04g.1.csv, output/rdfs/FedUp-FedX/q04h.1.csv, output/rdfs/FedUp-FedX/q04i.1.csv, output/rdfs/FedUp-FedX/q04j.1.csv, output/rdfs/FedUp-FedX/q06a.1.csv, output/rdfs/FedUp-FedX/q06b.1.csv, output/rdfs/FedUp-FedX/q06c.1.csv, output/rdfs/FedUp-FedX/q06d.1.csv, output/rdfs/FedUp-FedX/q06e.1.csv, output/rdfs/FedUp-FedX/q06f.1.csv, output/rdfs/FedUp-FedX/q06g.1.csv, output/rdfs/FedUp-FedX/q06h.1.csv, output/rdfs/FedUp-FedX/q06i.1.csv, output/rdfs/FedUp-FedX/q06j.1.csv, output/rdfs/FedUp-FedX/q07a.1.csv, output/rdfs/FedUp-FedX/q07b.1.csv, output/rdfs/FedUp-FedX/q07c.1.csv, output/rdfs/FedUp-FedX/q07d.1.csv, output/rdfs/FedUp-FedX/q07e.1.csv, output/rdfs/FedUp-FedX/q07f.1.csv, output/rdfs/FedUp-FedX/q07g.1.csv, output/rdfs/FedUp-FedX/q07h.1.csv, output/rdfs/FedUp-FedX/q07i.1.csv, output/rdfs/FedUp-FedX/q07j.1.csv, output/rdfs/FedUp-FedX/q08a.1.csv, output/rdfs/FedUp-FedX/q08b.1.csv, output/rdfs/FedUp-FedX/q08c.1.csv, output/rdfs/FedUp-FedX/q08d.1.csv, output/rdfs/FedUp-FedX/q08e.1.csv, output/rdfs/FedUp-FedX/q08f.1.csv, output/rdfs/FedUp-FedX/q08g.1.csv, output/rdfs/FedUp-FedX/q08h.1.csv, output/rdfs/FedUp-FedX/q08i.1.csv, output/rdfs/FedUp-FedX/q08j.1.csv, output/rdfs/FedUp-FedX/q09a.1.csv, output/rdfs/FedUp-FedX/q09b.1.csv, output/rdfs/FedUp-FedX/q09c.1.csv, output/rdfs/FedUp-FedX/q09d.1.csv, output/rdfs/FedUp-FedX/q09e.1.csv, output/rdfs/FedUp-FedX/q09f.1.csv, output/rdfs/FedUp-FedX/q09g.1.csv, output/rdfs/FedUp-FedX/q09h.1.csv, output/rdfs/FedUp-FedX/q09i.1.csv, output/rdfs/FedUp-FedX/q09j.1.csv, output/rdfs/FedUp-FedX/q10a.1.csv, output/rdfs/FedUp-FedX/q10b.1.csv, output/rdfs/FedUp-FedX/q10c.1.csv, output/rdfs/FedUp-FedX/q10d.1.csv, output/rdfs/FedUp-FedX/q10e.1.csv, output/rdfs/FedUp-FedX/q10f.1.csv, output/rdfs/FedUp-FedX/q10g.1.csv, output/rdfs/FedUp-FedX/q10h.1.csv, output/rdfs/FedUp-FedX/q10i.1.csv, output/rdfs/FedUp-FedX/q10j.1.csv, output/rdfs/FedUp-FedX/q11a.1.csv, output/rdfs/FedUp-FedX/q11b.1.csv, output/rdfs/FedUp-FedX/q11c.1.csv, output/rdfs/FedUp-FedX/q11d.1.csv, output/rdfs/FedUp-FedX/q11e.1.csv, output/rdfs/FedUp-FedX/q11f.1.csv, output/rdfs/FedUp-FedX/q11g.1.csv, output/rdfs/FedUp-FedX/q11h.1.csv, output/rdfs/FedUp-FedX/q11i.1.csv, output/rdfs/FedUp-FedX/q11j.1.csv, output/rdfs/FedUp-FedX/q12a.1.csv, output/rdfs/FedUp-FedX/q12b.1.csv, output/rdfs/FedUp-FedX/q12c.1.csv, output/rdfs/FedUp-FedX/q12d.1.csv, output/rdfs/FedUp-FedX/q12e.1.csv, output/rdfs/FedUp-FedX/q12f.1.csv, output/rdfs/FedUp-FedX/q12g.1.csv, output/rdfs/FedUp-FedX/q12h.1.csv, output/rdfs/FedUp-FedX/q12i.1.csv, output/rdfs/FedUp-FedX/q12j.1.csv, output/rdfs/FedUp-HefQuin/q01a.1.csv, output/rdfs/FedUp-HefQuin/q01b.1.csv, output/rdfs/FedUp-HefQuin/q01c.1.csv, output/rdfs/FedUp-HefQuin/q01d.1.csv, output/rdfs/FedUp-HefQuin/q01e.1.csv, output/rdfs/FedUp-HefQuin/q01f.1.csv, output/rdfs/FedUp-HefQuin/q01g.1.csv, output/rdfs/FedUp-HefQuin/q01h.1.csv, output/rdfs/FedUp-HefQuin/q01i.1.csv, output/rdfs/FedUp-HefQuin/q01j.1.csv, output/rdfs/FedUp-HefQuin/q02a.1.csv, output/rdfs/FedUp-HefQuin/q02b.1.csv, output/rdfs/FedUp-HefQuin/q02c.1.csv, output/rdfs/FedUp-HefQuin/q02d.1.csv, output/rdfs/FedUp-HefQuin/q02e.1.csv, output/rdfs/FedUp-HefQuin/q02f.1.csv, output/rdfs/FedUp-HefQuin/q02g.1.csv, output/rdfs/FedUp-HefQuin/q02h.1.csv, output/rdfs/FedUp-HefQuin/q02i.1.csv, output/rdfs/FedUp-HefQuin/q02j.1.csv, output/rdfs/FedUp-HefQuin/q03a.1.csv, output/rdfs/FedUp-HefQuin/q03b.1.csv, output/rdfs/FedUp-HefQuin/q03c.1.csv, output/rdfs/FedUp-HefQuin/q03d.1.csv, output/rdfs/FedUp-HefQuin/q03e.1.csv, output/rdfs/FedUp-HefQuin/q03f.1.csv, output/rdfs/FedUp-HefQuin/q03g.1.csv, output/rdfs/FedUp-HefQuin/q03h.1.csv, output/rdfs/FedUp-HefQuin/q03i.1.csv, output/rdfs/FedUp-HefQuin/q03j.1.csv, output/rdfs/FedUp-HefQuin/q04a.1.csv, output/rdfs/FedUp-HefQuin/q04b.1.csv, output/rdfs/FedUp-HefQuin/q04c.1.csv, output/rdfs/FedUp-HefQuin/q04d.1.csv, output/rdfs/FedUp-HefQuin/q04e.1.csv, output/rdfs/FedUp-HefQuin/q04f.1.csv, output/rdfs/FedUp-HefQuin/q04g.1.csv, output/rdfs/FedUp-HefQuin/q04h.1.csv, output/rdfs/FedUp-HefQuin/q04i.1.csv, output/rdfs/FedUp-HefQuin/q04j.1.csv, output/rdfs/FedUp-HefQuin/q06a.1.csv, output/rdfs/FedUp-HefQuin/q06b.1.csv, output/rdfs/FedUp-HefQuin/q06c.1.csv, output/rdfs/FedUp-HefQuin/q06d.1.csv, output/rdfs/FedUp-HefQuin/q06e.1.csv, output/rdfs/FedUp-HefQuin/q06f.1.csv, output/rdfs/FedUp-HefQuin/q06g.1.csv, output/rdfs/FedUp-HefQuin/q06h.1.csv, output/rdfs/FedUp-HefQuin/q06i.1.csv, output/rdfs/FedUp-HefQuin/q06j.1.csv, output/rdfs/FedUp-HefQuin/q07a.1.csv, output/rdfs/FedUp-HefQuin/q07b.1.csv, output/rdfs/FedUp-HefQuin/q07c.1.csv, output/rdfs/FedUp-HefQuin/q07d.1.csv, output/rdfs/FedUp-HefQuin/q07e.1.csv, output/rdfs/FedUp-HefQuin/q07f.1.csv, output/rdfs/FedUp-HefQuin/q07g.1.csv, output/rdfs/FedUp-HefQuin/q07h.1.csv, output/rdfs/FedUp-HefQuin/q07i.1.csv, output/rdfs/FedUp-HefQuin/q07j.1.csv, output/rdfs/FedUp-HefQuin/q08a.1.csv, output/rdfs/FedUp-HefQuin/q08b.1.csv, output/rdfs/FedUp-HefQuin/q08c.1.csv, output/rdfs/FedUp-HefQuin/q08d.1.csv, output/rdfs/FedUp-HefQuin/q08e.1.csv, output/rdfs/FedUp-HefQuin/q08f.1.csv, output/rdfs/FedUp-HefQuin/q08g.1.csv, output/rdfs/FedUp-HefQuin/q08h.1.csv, output/rdfs/FedUp-HefQuin/q08i.1.csv, output/rdfs/FedUp-HefQuin/q08j.1.csv, output/rdfs/FedUp-HefQuin/q09a.1.csv, output/rdfs/FedUp-HefQuin/q09b.1.csv, output/rdfs/FedUp-HefQuin/q09c.1.csv, output/rdfs/FedUp-HefQuin/q09d.1.csv, output/rdfs/FedUp-HefQuin/q09e.1.csv, output/rdfs/FedUp-HefQuin/q09f.1.csv, output/rdfs/FedUp-HefQuin/q09g.1.csv, output/rdfs/FedUp-HefQuin/q09h.1.csv, output/rdfs/FedUp-HefQuin/q09i.1.csv, output/rdfs/FedUp-HefQuin/q09j.1.csv, output/rdfs/FedUp-HefQuin/q10a.1.csv, output/rdfs/FedUp-HefQuin/q10b.1.csv, output/rdfs/FedUp-HefQuin/q10c.1.csv, output/rdfs/FedUp-HefQuin/q10d.1.csv, output/rdfs/FedUp-HefQuin/q10e.1.csv, output/rdfs/FedUp-HefQuin/q10f.1.csv, output/rdfs/FedUp-HefQuin/q10g.1.csv, output/rdfs/FedUp-HefQuin/q10h.1.csv, output/rdfs/FedUp-HefQuin/q10i.1.csv, output/rdfs/FedUp-HefQuin/q10j.1.csv, output/rdfs/FedUp-HefQuin/q11a.1.csv, output/rdfs/FedUp-HefQuin/q11b.1.csv, output/rdfs/FedUp-HefQuin/q11c.1.csv, output/rdfs/FedUp-HefQuin/q11d.1.csv, output/rdfs/FedUp-HefQuin/q11e.1.csv, output/rdfs/FedUp-HefQuin/q11f.1.csv, output/rdfs/FedUp-HefQuin/q11g.1.csv, output/rdfs/FedUp-HefQuin/q11h.1.csv, output/rdfs/FedUp-HefQuin/q11i.1.csv, output/rdfs/FedUp-HefQuin/q11j.1.csv, output/rdfs/FedUp-HefQuin/q12a.1.csv, output/rdfs/FedUp-HefQuin/q12b.1.csv, output/rdfs/FedUp-HefQuin/q12c.1.csv, output/rdfs/FedUp-HefQuin/q12d.1.csv, output/rdfs/FedUp-HefQuin/q12e.1.csv, output/rdfs/FedUp-HefQuin/q12f.1.csv, output/rdfs/FedUp-HefQuin/q12g.1.csv, output/rdfs/FedUp-HefQuin/q12h.1.csv, output/rdfs/FedUp-HefQuin/q12i.1.csv, output/rdfs/FedUp-HefQuin/q12j.1.csv
    output: output/data.csv
    jobid: 0
    reason: Missing output files: output/data.csv; Input files updated by another job: output/rdfs/FedUp-HefQuin/q06f.1.csv, output/rdfs/FedUp-HefQuin/q10f.1.csv, output/rdfs/FedUp-HefQuin/q09g.1.csv, output/rdfs/FedUp-FedX/q11d.1.csv, output/rdfs/FedUp-FedX/q09h.1.csv, output/rdfs/FedUp-FedX/q10b.1.csv, output/rdfs/FedUp-FedX/q11h.1.csv, output/rdfs/FedUp-HefQuin/q06j.1.csv, output/rdfs/FedUp-HefQuin/q09f.1.csv, output/rdfs/FedUp-HefQuin/q10a.1.csv, output/rdfs/FedUp-HefQuin/q08c.1.csv, output/rdfs/FedUp-FedX/q09b.1.csv, output/rdfs/FedUp-HefQuin/q10g.1.csv, output/rdfs/FedUp-HefQuin/q11b.1.csv, output/rdfs/FedUp-HefQuin/q11j.1.csv, output/rdfs/FedUp-FedX/q09f.1.csv, output/rdfs/FedUp-FedX/q11g.1.csv, output/rdfs/FedUp-FedX/q10a.1.csv, output/rdfs/FedUp-FedX/q08b.1.csv, output/rdfs/FedUp-HefQuin/q11g.1.csv, output/rdfs/FedUp-FedX/q09c.1.csv, output/rdfs/FedUp-FedX/q08a.1.csv, output/rdfs/FedUp-FedX/q10f.1.csv, output/rdfs/FedUp-FedX/q08g.1.csv, output/rdfs/FedUp-FedX/q10g.1.csv, output/rdfs/FedUp-HefQuin/q06a.1.csv, output/rdfs/FedUp-HefQuin/q10i.1.csv, output/rdfs/FedUp-HefQuin/q10b.1.csv, output/rdfs/FedUp-FedX/q10h.1.csv, output/rdfs/FedUp-HefQuin/q06i.1.csv, output/rdfs/FedUp-HefQuin/q11e.1.csv, output/rdfs/FedUp-HefQuin/q09j.1.csv, output/rdfs/FedUp-FedX/q11a.1.csv, output/rdfs/FedUp-FedX/q11j.1.csv, output/rdfs/FedUp-HefQuin/q09e.1.csv, output/rdfs/FedUp-HefQuin/q10j.1.csv, output/rdfs/FedUp-FedX/q06f.1.csv, output/rdfs/FedUp-FedX/q01a.1.csv, output/rdfs/FedUp-HefQuin/q06g.1.csv, output/rdfs/FedUp-FedX/q06h.1.csv, output/rdfs/FedUp-HefQuin/q01a.1.csv, output/rdfs/FedUp-FedX/q10j.1.csv, output/rdfs/FedUp-FedX/q11c.1.csv, output/rdfs/FedUp-FedX/q11e.1.csv, output/rdfs/FedUp-FedX/q09e.1.csv, output/rdfs/FedUp-FedX/q08c.1.csv, output/rdfs/FedUp-FedX/q06j.1.csv, output/rdfs/FedUp-HefQuin/q11i.1.csv, output/rdfs/FedUp-HefQuin/q06d.1.csv, output/rdfs/FedUp-FedX/q06c.1.csv, output/rdfs/FedUp-HefQuin/q06h.1.csv, output/rdfs/FedUp-HefQuin/q11a.1.csv, output/rdfs/FedUp-FedX/q06d.1.csv, output/rdfs/FedUp-FedX/q08h.1.csv, output/rdfs/FedUp-HefQuin/q10e.1.csv, output/rdfs/FedUp-FedX/q10d.1.csv, output/rdfs/FedUp-FedX/q09d.1.csv, output/rdfs/FedUp-HefQuin/q06b.1.csv, output/rdfs/FedUp-HefQuin/q09i.1.csv, output/rdfs/FedUp-HefQuin/q10d.1.csv, output/rdfs/FedUp-HefQuin/q08e.1.csv, output/rdfs/FedUp-FedX/q11b.1.csv, output/rdfs/FedUp-FedX/q11f.1.csv, output/rdfs/FedUp-HefQuin/q09d.1.csv, output/rdfs/FedUp-FedX/q10i.1.csv, output/rdfs/FedUp-HefQuin/q09a.1.csv, output/rdfs/FedUp-FedX/q09a.1.csv, output/rdfs/FedUp-FedX/q10c.1.csv, output/rdfs/FedUp-HefQuin/q09h.1.csv, output/rdfs/FedUp-HefQuin/q11c.1.csv, output/rdfs/FedUp-HefQuin/q11d.1.csv, output/rdfs/FedUp-FedX/q09g.1.csv, output/rdfs/FedUp-HefQuin/q08b.1.csv, output/rdfs/FedUp-FedX/q11i.1.csv, output/rdfs/FedUp-HefQuin/q06e.1.csv, output/rdfs/FedUp-FedX/q06b.1.csv, output/rdfs/FedUp-FedX/q09j.1.csv, output/rdfs/FedUp-FedX/q06i.1.csv, output/rdfs/FedUp-HefQuin/q10h.1.csv, output/rdfs/FedUp-HefQuin/q09c.1.csv, output/rdfs/FedUp-HefQuin/q06c.1.csv, output/rdfs/FedUp-HefQuin/q11h.1.csv, output/rdfs/FedUp-FedX/q10e.1.csv, output/rdfs/FedUp-FedX/q06g.1.csv, output/rdfs/FedUp-FedX/q06e.1.csv, output/rdfs/FedUp-FedX/q09i.1.csv, output/rdfs/FedUp-HefQuin/q09b.1.csv, output/rdfs/FedUp-HefQuin/q11f.1.csv, output/rdfs/FedUp-HefQuin/q10c.1.csv, output/rdfs/FedUp-HefQuin/q08h.1.csv, output/rdfs/FedUp-FedX/q06a.1.csv
    resources: tmpdir=/tmp

[Tue Mar 18 17:24:01 2025]
Finished job 0.
92 of 92 steps (100%) done
Complete log: .snakemake/log/2025-03-18T144440.269944.snakemake.log
