host: codespaces-c89ec1
Building DAG of jobs...
Using shell: /usr/bin/bash
Provided cores: 1 (use --cores to define parallelism)
Rules claiming more threads will be scaled down.
Job stats:
job                        count
-----------------------  -------
all                            1
run_Fedup_FedX_query           1
run_Fedup_HefQuin_query        1
run_Fedup_Jena_query           1
run_fedX_query                 1
run_hefquin_query              1
run_sparql_query               1
total                          7

Select jobs to execute...
Execute 1 jobs...

[Wed Mar 19 13:29:29 2025]
localrule run_fedX_query:
    input: /workspaces/P-TER/virtuoso-opensource-7.2.7, /workspaces/P-TER/virtuoso-opensource-7.2.7/var/lib/virtuoso/db/fedup.ini, /workspaces/P-TER/apache-jena-fuseki-4.9.0, queries/q12b.sparql, config/rdfs/endpoints.txt
    output: output/rdfs/FedX/q12b.1.csv, output/rdfs/FedX/q12b.1.json
    jobid: 2
    reason: Missing output files: output/rdfs/FedX/q12b.1.csv
    wildcards: workload=rdfs, query=q12b, run=1
    priority: 50
    resources: tmpdir=/tmp

[Wed Mar 19 13:29:33 2025]
Finished job 2.
1 of 7 steps (14%) done
Select jobs to execute...
Execute 1 jobs...

[Wed Mar 19 13:29:33 2025]
localrule run_hefquin_query:
    input: /workspaces/P-TER/virtuoso-opensource-7.2.7, /workspaces/P-TER/virtuoso-opensource-7.2.7/var/lib/virtuoso/db/fedup.ini, /workspaces/P-TER/queries/q12b.sparql
    output: output/rdfs/HefQuin/q12b.1.csv, output/rdfs/HefQuin/q12b.1.json, output/rdfs/HefQuin/q12b.1.txt
    jobid: 3
    reason: Missing output files: output/rdfs/HefQuin/q12b.1.csv
    wildcards: workload=rdfs, query=q12b, run=1
    priority: 50
    resources: tmpdir=/tmp

[Wed Mar 19 13:29:37 2025]
Finished job 3.
2 of 7 steps (29%) done
Select jobs to execute...
Execute 1 jobs...

[Wed Mar 19 13:29:37 2025]
localrule run_sparql_query:
    input: /workspaces/P-TER/virtuoso-opensource-7.2.7, /workspaces/P-TER/virtuoso-opensource-7.2.7/var/lib/virtuoso/db/fedup.ini, queries/q12b.sparql
    output: output/rdfs/Jena/q12b.1.csv, output/rdfs/Jena/q12b.1.json
    jobid: 1
    reason: Missing output files: output/rdfs/Jena/q12b.1.csv
    wildcards: workload=rdfs, query=q12b, run=1
    priority: 50
    resources: tmpdir=/tmp

[Wed Mar 19 13:29:41 2025]
Finished job 1.
3 of 7 steps (43%) done
Select jobs to execute...
Execute 1 jobs...

[Wed Mar 19 13:29:41 2025]
localrule run_Fedup_FedX_query:
    input: /workspaces/P-TER/virtuoso-opensource-7.2.7, /workspaces/P-TER/virtuoso-opensource-7.2.7/var/lib/virtuoso/db/fedup.ini, fedup-queries/q12b.sparql
    output: output/rdfs/FedUp-FedX/q12b.1.csv, output/rdfs/FedUp-FedX/q12b.1.json, output/rdfs/FedUp-FedX/q12b.1.txt
    jobid: 4
    reason: Missing output files: output/rdfs/FedUp-FedX/q12b.1.csv
    wildcards: workload=rdfs, query=q12b, run=1
    priority: 50
    resources: tmpdir=/tmp

[Wed Mar 19 13:29:48 2025]
Finished job 4.
4 of 7 steps (57%) done
Select jobs to execute...
Execute 1 jobs...

[Wed Mar 19 13:29:48 2025]
localrule run_Fedup_HefQuin_query:
    input: /workspaces/P-TER/virtuoso-opensource-7.2.7, /workspaces/P-TER/virtuoso-opensource-7.2.7/var/lib/virtuoso/db/fedup.ini, /workspaces/P-TER/fedup-queries/q12b.sparql
    output: output/rdfs/FedUp-HefQuin/q12b.1.csv, output/rdfs/FedUp-HefQuin/q12b.1.json, output/rdfs/FedUp-HefQuin/q12b.1.txt
    jobid: 5
    reason: Missing output files: output/rdfs/FedUp-HefQuin/q12b.1.csv
    wildcards: workload=rdfs, query=q12b, run=1
    priority: 50
    resources: tmpdir=/tmp

[Wed Mar 19 13:29:55 2025]
Finished job 5.
5 of 7 steps (71%) done
Select jobs to execute...
Execute 1 jobs...

[Wed Mar 19 13:29:55 2025]
localrule run_Fedup_Jena_query:
    input: /workspaces/P-TER/virtuoso-opensource-7.2.7, /workspaces/P-TER/virtuoso-opensource-7.2.7/var/lib/virtuoso/db/fedup.ini, fedup-queries/q12b.sparql
    output: output/rdfs/FedUp-Jena/q12b.1.csv, output/rdfs/FedUp-Jena/q12b.1.json, output/rdfs/FedUp-Jena/q12b.1.txt
    jobid: 6
    reason: Missing output files: output/rdfs/FedUp-Jena/q12b.1.csv
    wildcards: workload=rdfs, query=q12b, run=1
    priority: 20
    resources: tmpdir=/tmp

[Wed Mar 19 13:30:01 2025]
Finished job 6.
6 of 7 steps (86%) done
Select jobs to execute...
Execute 1 jobs...

[Wed Mar 19 13:30:01 2025]
localrule all:
    input: config/largerdfbench/graphs.txt, config/rdfs/endpoints.txt, output/rdfs/Jena/q12b.1.csv, output/rdfs/FedX/q12b.1.csv, output/rdfs/HefQuin/q12b.1.csv, output/rdfs/FedUp-FedX/q12b.1.csv, output/rdfs/FedUp-HefQuin/q12b.1.csv, output/rdfs/FedUp-Jena/q12b.1.csv
    output: output/data.csv
    jobid: 0
    reason: Input files updated by another job: output/rdfs/FedUp-FedX/q12b.1.csv, output/rdfs/FedUp-Jena/q12b.1.csv, output/rdfs/Jena/q12b.1.csv, output/rdfs/FedX/q12b.1.csv, output/rdfs/HefQuin/q12b.1.csv, output/rdfs/FedUp-HefQuin/q12b.1.csv; Set of input files has changed since last execution
    resources: tmpdir=/tmp

[Wed Mar 19 13:30:02 2025]
Finished job 0.
7 of 7 steps (100%) done
Complete log: .snakemake/log/2025-03-19T132929.621324.snakemake.log
