host: codespaces-c89ec1
Building DAG of jobs...
Using shell: /usr/bin/bash
Provided cores: 1 (use --cores to define parallelism)
Rules claiming more threads will be scaled down.
Job stats:
job                  count
-----------------  -------
all                      1
run_hefquin_query        3
total                    4

Select jobs to execute...
Execute 1 jobs...

[Thu Mar 13 21:48:48 2025]
localrule run_hefquin_query:
    input: /workspaces/P-TER/virtuoso-opensource-7.2.7, /workspaces/P-TER/virtuoso-opensource-7.2.7/var/lib/virtuoso/db/fedup.ini, queries/q01b.sparql
    output: output/rdfs/HefQuin/q01b.1.csv, output/rdfs/HefQuin/q01b.1.json, output/rdfs/HefQuin/q01b.1.txt
    jobid: 1
    reason: Missing output files: output/rdfs/HefQuin/q01b.1.csv
    wildcards: workload=rdfs, query=q01b, run=1
    priority: 50
    resources: tmpdir=/tmp

[Thu Mar 13 21:48:52 2025]
Finished job 1.
1 of 4 steps (25%) done
Select jobs to execute...
Execute 1 jobs...

[Thu Mar 13 21:48:52 2025]
localrule run_hefquin_query:
    input: /workspaces/P-TER/virtuoso-opensource-7.2.7, /workspaces/P-TER/virtuoso-opensource-7.2.7/var/lib/virtuoso/db/fedup.ini, queries/q01b.sparql
    output: output/rdfs/HefQuin/q01b.3.csv, output/rdfs/HefQuin/q01b.3.json, output/rdfs/HefQuin/q01b.3.txt
    jobid: 3
    reason: Missing output files: output/rdfs/HefQuin/q01b.3.csv
    wildcards: workload=rdfs, query=q01b, run=3
    priority: 50
    resources: tmpdir=/tmp

[Thu Mar 13 21:48:55 2025]
Finished job 3.
2 of 4 steps (50%) done
Select jobs to execute...
Execute 1 jobs...

[Thu Mar 13 21:48:55 2025]
localrule run_hefquin_query:
    input: /workspaces/P-TER/virtuoso-opensource-7.2.7, /workspaces/P-TER/virtuoso-opensource-7.2.7/var/lib/virtuoso/db/fedup.ini, queries/q01b.sparql
    output: output/rdfs/HefQuin/q01b.2.csv, output/rdfs/HefQuin/q01b.2.json, output/rdfs/HefQuin/q01b.2.txt
    jobid: 2
    reason: Missing output files: output/rdfs/HefQuin/q01b.2.csv
    wildcards: workload=rdfs, query=q01b, run=2
    priority: 50
    resources: tmpdir=/tmp

[Thu Mar 13 21:48:59 2025]
Finished job 2.
3 of 4 steps (75%) done
Select jobs to execute...
Execute 1 jobs...

[Thu Mar 13 21:48:59 2025]
localrule all:
    input: config/largerdfbench/graphs.txt, config/rdfs/endpoints.txt, output/rdfs/HefQuin/q01b.1.csv, output/rdfs/HefQuin/q01b.2.csv, output/rdfs/HefQuin/q01b.3.csv
    output: output/data.csv
    jobid: 0
    reason: Input files updated by another job: output/rdfs/HefQuin/q01b.1.csv, output/rdfs/HefQuin/q01b.3.csv, output/rdfs/HefQuin/q01b.2.csv; Set of input files has changed since last execution
    resources: tmpdir=/tmp

[Thu Mar 13 21:49:00 2025]
Finished job 0.
4 of 4 steps (100%) done
Complete log: .snakemake/log/2025-03-13T214848.640081.snakemake.log
