host: codespaces-dfd9c6
Building DAG of jobs...
Using shell: /usr/bin/bash
Provided cores: 1 (use --cores to define parallelism)
Rules claiming more threads will be scaled down.
Job stats:
job                     count
--------------------  -------
all                         1
run_Fedup_FedX_query        6
total                       7

Select jobs to execute...
Execute 1 jobs...

[Mon Mar  3 13:37:26 2025]
localrule run_Fedup_FedX_query:
    input: /workspaces/P-TER/virtuoso-opensource-7.2.7, /workspaces/P-TER/virtuoso-opensource-7.2.7/var/lib/virtuoso/db/fedup.ini, fedup-queries/q01b.sparql
    output: output/rdfs/FedUp-FedX/q01b.2.csv, output/rdfs/FedUp-FedX/q01b.2.json
    jobid: 5
    reason: Missing output files: output/rdfs/FedUp-FedX/q01b.2.csv
    wildcards: workload=rdfs, query=q01b, run=2
    priority: 50
    resources: tmpdir=/tmp

[Mon Mar  3 13:37:39 2025]
Finished job 5.
1 of 7 steps (14%) done
Select jobs to execute...
Execute 1 jobs...

[Mon Mar  3 13:37:39 2025]
localrule run_Fedup_FedX_query:
    input: /workspaces/P-TER/virtuoso-opensource-7.2.7, /workspaces/P-TER/virtuoso-opensource-7.2.7/var/lib/virtuoso/db/fedup.ini, fedup-queries/q01b.sparql
    output: output/rdfs/FedUp-FedX/q01b.3.csv, output/rdfs/FedUp-FedX/q01b.3.json
    jobid: 6
    reason: Missing output files: output/rdfs/FedUp-FedX/q01b.3.csv
    wildcards: workload=rdfs, query=q01b, run=3
    priority: 50
    resources: tmpdir=/tmp

[Mon Mar  3 13:37:51 2025]
Finished job 6.
2 of 7 steps (29%) done
Select jobs to execute...
Execute 1 jobs...

[Mon Mar  3 13:37:51 2025]
localrule run_Fedup_FedX_query:
    input: /workspaces/P-TER/virtuoso-opensource-7.2.7, /workspaces/P-TER/virtuoso-opensource-7.2.7/var/lib/virtuoso/db/fedup.ini, fedup-queries/q01b.sparql
    output: output/rdfs/FedUp-FedX/q01b.1.csv, output/rdfs/FedUp-FedX/q01b.1.json
    jobid: 4
    reason: Missing output files: output/rdfs/FedUp-FedX/q01b.1.csv
    wildcards: workload=rdfs, query=q01b, run=1
    priority: 50
    resources: tmpdir=/tmp

[Mon Mar  3 13:38:03 2025]
Finished job 4.
3 of 7 steps (43%) done
Select jobs to execute...
Execute 1 jobs...

[Mon Mar  3 13:38:03 2025]
localrule run_Fedup_FedX_query:
    input: /workspaces/P-TER/virtuoso-opensource-7.2.7, /workspaces/P-TER/virtuoso-opensource-7.2.7/var/lib/virtuoso/db/fedup.ini, fedup-queries/q01a.sparql
    output: output/rdfs/FedUp-FedX/q01a.1.csv, output/rdfs/FedUp-FedX/q01a.1.json
    jobid: 1
    reason: Missing output files: output/rdfs/FedUp-FedX/q01a.1.csv
    wildcards: workload=rdfs, query=q01a, run=1
    priority: 50
    resources: tmpdir=/tmp

[Mon Mar  3 13:38:10 2025]
Finished job 1.
4 of 7 steps (57%) done
Select jobs to execute...
Execute 1 jobs...

[Mon Mar  3 13:38:10 2025]
localrule run_Fedup_FedX_query:
    input: /workspaces/P-TER/virtuoso-opensource-7.2.7, /workspaces/P-TER/virtuoso-opensource-7.2.7/var/lib/virtuoso/db/fedup.ini, fedup-queries/q01a.sparql
    output: output/rdfs/FedUp-FedX/q01a.2.csv, output/rdfs/FedUp-FedX/q01a.2.json
    jobid: 2
    reason: Missing output files: output/rdfs/FedUp-FedX/q01a.2.csv
    wildcards: workload=rdfs, query=q01a, run=2
    priority: 50
    resources: tmpdir=/tmp

[Mon Mar  3 13:38:17 2025]
Finished job 2.
5 of 7 steps (71%) done
Select jobs to execute...
Execute 1 jobs...

[Mon Mar  3 13:38:17 2025]
localrule run_Fedup_FedX_query:
    input: /workspaces/P-TER/virtuoso-opensource-7.2.7, /workspaces/P-TER/virtuoso-opensource-7.2.7/var/lib/virtuoso/db/fedup.ini, fedup-queries/q01a.sparql
    output: output/rdfs/FedUp-FedX/q01a.3.csv, output/rdfs/FedUp-FedX/q01a.3.json
    jobid: 3
    reason: Missing output files: output/rdfs/FedUp-FedX/q01a.3.csv
    wildcards: workload=rdfs, query=q01a, run=3
    priority: 50
    resources: tmpdir=/tmp

[Mon Mar  3 13:38:23 2025]
Finished job 3.
6 of 7 steps (86%) done
Select jobs to execute...
Execute 1 jobs...

[Mon Mar  3 13:38:23 2025]
localrule all:
    input: /workspaces/P-TER/apache-jena-fuseki-4.9.0, /workspaces/P-TER/apache-jena-4.9.0, config/largerdfbench/graphs.txt, config/rdfs/endpoints.txt, output/rdfs/FedUp-FedX/q01a.1.csv, output/rdfs/FedUp-FedX/q01a.2.csv, output/rdfs/FedUp-FedX/q01a.3.csv, output/rdfs/FedUp-FedX/q01b.1.csv, output/rdfs/FedUp-FedX/q01b.2.csv, output/rdfs/FedUp-FedX/q01b.3.csv
    output: output/data.csv
    jobid: 0
    reason: Missing output files: output/data.csv; Input files updated by another job: output/rdfs/FedUp-FedX/q01a.1.csv, output/rdfs/FedUp-FedX/q01b.3.csv, output/rdfs/FedUp-FedX/q01a.3.csv, output/rdfs/FedUp-FedX/q01b.2.csv, output/rdfs/FedUp-FedX/q01b.1.csv, output/rdfs/FedUp-FedX/q01a.2.csv
    resources: tmpdir=/tmp

[Mon Mar  3 13:38:24 2025]
Finished job 0.
7 of 7 steps (100%) done
Complete log: .snakemake/log/2025-03-03T133726.241514.snakemake.log
