host: codespaces-dfd9c6
Building DAG of jobs...
Using shell: /usr/bin/bash
Provided cores: 1 (use --cores to define parallelism)
Rules claiming more threads will be scaled down.
Job stats:
job                        count
-----------------------  -------
all                            1
run_Fedup_HefQuin_query       20
total                         21

Select jobs to execute...
Execute 1 jobs...

[Thu Mar 13 19:00:19 2025]
localrule run_Fedup_HefQuin_query:
    input: /workspaces/P-TER/virtuoso-opensource-7.2.7, /workspaces/P-TER/virtuoso-opensource-7.2.7/var/lib/virtuoso/db/fedup.ini, /workspaces/P-TER/fedup-queries/q04h.sparql
    output: output/rdfs/FedUp-HefQuin/q04h.1.csv, output/rdfs/FedUp-HefQuin/q04h.1.json
    jobid: 8
    reason: Missing output files: output/rdfs/FedUp-HefQuin/q04h.1.csv
    wildcards: workload=rdfs, query=q04h, run=1
    priority: 50
    resources: tmpdir=/tmp

[Thu Mar 13 19:00:47 2025]
Finished job 8.
1 of 21 steps (5%) done
Select jobs to execute...
Execute 1 jobs...

[Thu Mar 13 19:00:47 2025]
localrule run_Fedup_HefQuin_query:
    input: /workspaces/P-TER/virtuoso-opensource-7.2.7, /workspaces/P-TER/virtuoso-opensource-7.2.7/var/lib/virtuoso/db/fedup.ini, /workspaces/P-TER/fedup-queries/q04i.sparql
    output: output/rdfs/FedUp-HefQuin/q04i.1.csv, output/rdfs/FedUp-HefQuin/q04i.1.json
    jobid: 9
    reason: Missing output files: output/rdfs/FedUp-HefQuin/q04i.1.csv
    wildcards: workload=rdfs, query=q04i, run=1
    priority: 50
    resources: tmpdir=/tmp

[Thu Mar 13 19:01:34 2025]
Finished job 9.
2 of 21 steps (10%) done
Select jobs to execute...
Execute 1 jobs...

[Thu Mar 13 19:01:34 2025]
localrule run_Fedup_HefQuin_query:
    input: /workspaces/P-TER/virtuoso-opensource-7.2.7, /workspaces/P-TER/virtuoso-opensource-7.2.7/var/lib/virtuoso/db/fedup.ini, /workspaces/P-TER/fedup-queries/q04g.sparql
    output: output/rdfs/FedUp-HefQuin/q04g.1.csv, output/rdfs/FedUp-HefQuin/q04g.1.json
    jobid: 7
    reason: Missing output files: output/rdfs/FedUp-HefQuin/q04g.1.csv
    wildcards: workload=rdfs, query=q04g, run=1
    priority: 50
    resources: tmpdir=/tmp

[Thu Mar 13 19:01:47 2025]
Finished job 7.
3 of 21 steps (14%) done
Select jobs to execute...
Execute 1 jobs...

[Thu Mar 13 19:01:47 2025]
localrule run_Fedup_HefQuin_query:
    input: /workspaces/P-TER/virtuoso-opensource-7.2.7, /workspaces/P-TER/virtuoso-opensource-7.2.7/var/lib/virtuoso/db/fedup.ini, /workspaces/P-TER/fedup-queries/q04d.sparql
    output: output/rdfs/FedUp-HefQuin/q04d.1.csv, output/rdfs/FedUp-HefQuin/q04d.1.json
    jobid: 4
    reason: Missing output files: output/rdfs/FedUp-HefQuin/q04d.1.csv
    wildcards: workload=rdfs, query=q04d, run=1
    priority: 50
    resources: tmpdir=/tmp

[Thu Mar 13 19:02:04 2025]
Finished job 4.
4 of 21 steps (19%) done
Select jobs to execute...
Execute 1 jobs...

[Thu Mar 13 19:02:04 2025]
localrule run_Fedup_HefQuin_query:
    input: /workspaces/P-TER/virtuoso-opensource-7.2.7, /workspaces/P-TER/virtuoso-opensource-7.2.7/var/lib/virtuoso/db/fedup.ini, /workspaces/P-TER/fedup-queries/q04e.sparql
    output: output/rdfs/FedUp-HefQuin/q04e.1.csv, output/rdfs/FedUp-HefQuin/q04e.1.json
    jobid: 5
    reason: Missing output files: output/rdfs/FedUp-HefQuin/q04e.1.csv
    wildcards: workload=rdfs, query=q04e, run=1
    priority: 50
    resources: tmpdir=/tmp

[Thu Mar 13 19:02:22 2025]
Finished job 5.
5 of 21 steps (24%) done
Select jobs to execute...
Execute 1 jobs...

[Thu Mar 13 19:02:22 2025]
localrule run_Fedup_HefQuin_query:
    input: /workspaces/P-TER/virtuoso-opensource-7.2.7, /workspaces/P-TER/virtuoso-opensource-7.2.7/var/lib/virtuoso/db/fedup.ini, /workspaces/P-TER/fedup-queries/q04b.sparql
    output: output/rdfs/FedUp-HefQuin/q04b.1.csv, output/rdfs/FedUp-HefQuin/q04b.1.json
    jobid: 2
    reason: Missing output files: output/rdfs/FedUp-HefQuin/q04b.1.csv
    wildcards: workload=rdfs, query=q04b, run=1
    priority: 50
    resources: tmpdir=/tmp

[Thu Mar 13 19:02:37 2025]
Finished job 2.
6 of 21 steps (29%) done
Select jobs to execute...
Execute 1 jobs...

[Thu Mar 13 19:02:37 2025]
localrule run_Fedup_HefQuin_query:
    input: /workspaces/P-TER/virtuoso-opensource-7.2.7, /workspaces/P-TER/virtuoso-opensource-7.2.7/var/lib/virtuoso/db/fedup.ini, /workspaces/P-TER/fedup-queries/q04f.sparql
    output: output/rdfs/FedUp-HefQuin/q04f.1.csv, output/rdfs/FedUp-HefQuin/q04f.1.json
    jobid: 6
    reason: Missing output files: output/rdfs/FedUp-HefQuin/q04f.1.csv
    wildcards: workload=rdfs, query=q04f, run=1
    priority: 50
    resources: tmpdir=/tmp

[Thu Mar 13 19:02:54 2025]
Finished job 6.
7 of 21 steps (33%) done
Select jobs to execute...
Execute 1 jobs...

[Thu Mar 13 19:02:54 2025]
localrule run_Fedup_HefQuin_query:
    input: /workspaces/P-TER/virtuoso-opensource-7.2.7, /workspaces/P-TER/virtuoso-opensource-7.2.7/var/lib/virtuoso/db/fedup.ini, /workspaces/P-TER/fedup-queries/q04c.sparql
    output: output/rdfs/FedUp-HefQuin/q04c.1.csv, output/rdfs/FedUp-HefQuin/q04c.1.json
    jobid: 3
    reason: Missing output files: output/rdfs/FedUp-HefQuin/q04c.1.csv
    wildcards: workload=rdfs, query=q04c, run=1
    priority: 50
    resources: tmpdir=/tmp

[Thu Mar 13 19:03:08 2025]
Finished job 3.
8 of 21 steps (38%) done
Select jobs to execute...
Execute 1 jobs...

[Thu Mar 13 19:03:08 2025]
localrule run_Fedup_HefQuin_query:
    input: /workspaces/P-TER/virtuoso-opensource-7.2.7, /workspaces/P-TER/virtuoso-opensource-7.2.7/var/lib/virtuoso/db/fedup.ini, /workspaces/P-TER/fedup-queries/q04a.sparql
    output: output/rdfs/FedUp-HefQuin/q04a.1.csv, output/rdfs/FedUp-HefQuin/q04a.1.json
    jobid: 1
    reason: Missing output files: output/rdfs/FedUp-HefQuin/q04a.1.csv
    wildcards: workload=rdfs, query=q04a, run=1
    priority: 50
    resources: tmpdir=/tmp

[Thu Mar 13 19:03:21 2025]
Finished job 1.
9 of 21 steps (43%) done
Select jobs to execute...
Execute 1 jobs...

[Thu Mar 13 19:03:21 2025]
localrule run_Fedup_HefQuin_query:
    input: /workspaces/P-TER/virtuoso-opensource-7.2.7, /workspaces/P-TER/virtuoso-opensource-7.2.7/var/lib/virtuoso/db/fedup.ini, /workspaces/P-TER/fedup-queries/q04j.sparql
    output: output/rdfs/FedUp-HefQuin/q04j.1.csv, output/rdfs/FedUp-HefQuin/q04j.1.json
    jobid: 10
    reason: Missing output files: output/rdfs/FedUp-HefQuin/q04j.1.csv
    wildcards: workload=rdfs, query=q04j, run=1
    priority: 50
    resources: tmpdir=/tmp

[Thu Mar 13 19:03:35 2025]
Finished job 10.
10 of 21 steps (48%) done
Select jobs to execute...
Execute 1 jobs...

[Thu Mar 13 19:03:35 2025]
localrule run_Fedup_HefQuin_query:
    input: /workspaces/P-TER/virtuoso-opensource-7.2.7, /workspaces/P-TER/virtuoso-opensource-7.2.7/var/lib/virtuoso/db/fedup.ini, /workspaces/P-TER/fedup-queries/q11b.sparql
    output: output/rdfs/FedUp-HefQuin/q11b.1.csv, output/rdfs/FedUp-HefQuin/q11b.1.json
    jobid: 12
    reason: Missing output files: output/rdfs/FedUp-HefQuin/q11b.1.csv
    wildcards: workload=rdfs, query=q11b, run=1
    priority: 50
    resources: tmpdir=/tmp

[Thu Mar 13 19:03:41 2025]
Finished job 12.
11 of 21 steps (52%) done
Select jobs to execute...
Execute 1 jobs...

[Thu Mar 13 19:03:41 2025]
localrule run_Fedup_HefQuin_query:
    input: /workspaces/P-TER/virtuoso-opensource-7.2.7, /workspaces/P-TER/virtuoso-opensource-7.2.7/var/lib/virtuoso/db/fedup.ini, /workspaces/P-TER/fedup-queries/q11e.sparql
    output: output/rdfs/FedUp-HefQuin/q11e.1.csv, output/rdfs/FedUp-HefQuin/q11e.1.json
    jobid: 15
    reason: Missing output files: output/rdfs/FedUp-HefQuin/q11e.1.csv
    wildcards: workload=rdfs, query=q11e, run=1
    priority: 50
    resources: tmpdir=/tmp

[Thu Mar 13 19:03:46 2025]
Finished job 15.
12 of 21 steps (57%) done
Select jobs to execute...
Execute 1 jobs...

[Thu Mar 13 19:03:46 2025]
localrule run_Fedup_HefQuin_query:
    input: /workspaces/P-TER/virtuoso-opensource-7.2.7, /workspaces/P-TER/virtuoso-opensource-7.2.7/var/lib/virtuoso/db/fedup.ini, /workspaces/P-TER/fedup-queries/q11c.sparql
    output: output/rdfs/FedUp-HefQuin/q11c.1.csv, output/rdfs/FedUp-HefQuin/q11c.1.json
    jobid: 13
    reason: Missing output files: output/rdfs/FedUp-HefQuin/q11c.1.csv
    wildcards: workload=rdfs, query=q11c, run=1
    priority: 50
    resources: tmpdir=/tmp

[Thu Mar 13 19:03:51 2025]
Finished job 13.
13 of 21 steps (62%) done
Select jobs to execute...
Execute 1 jobs...

[Thu Mar 13 19:03:51 2025]
localrule run_Fedup_HefQuin_query:
    input: /workspaces/P-TER/virtuoso-opensource-7.2.7, /workspaces/P-TER/virtuoso-opensource-7.2.7/var/lib/virtuoso/db/fedup.ini, /workspaces/P-TER/fedup-queries/q11g.sparql
    output: output/rdfs/FedUp-HefQuin/q11g.1.csv, output/rdfs/FedUp-HefQuin/q11g.1.json
    jobid: 17
    reason: Missing output files: output/rdfs/FedUp-HefQuin/q11g.1.csv
    wildcards: workload=rdfs, query=q11g, run=1
    priority: 50
    resources: tmpdir=/tmp

[Thu Mar 13 19:03:57 2025]
Finished job 17.
14 of 21 steps (67%) done
Select jobs to execute...
Execute 1 jobs...

[Thu Mar 13 19:03:57 2025]
localrule run_Fedup_HefQuin_query:
    input: /workspaces/P-TER/virtuoso-opensource-7.2.7, /workspaces/P-TER/virtuoso-opensource-7.2.7/var/lib/virtuoso/db/fedup.ini, /workspaces/P-TER/fedup-queries/q11a.sparql
    output: output/rdfs/FedUp-HefQuin/q11a.1.csv, output/rdfs/FedUp-HefQuin/q11a.1.json
    jobid: 11
    reason: Missing output files: output/rdfs/FedUp-HefQuin/q11a.1.csv
    wildcards: workload=rdfs, query=q11a, run=1
    priority: 50
    resources: tmpdir=/tmp

[Thu Mar 13 19:04:02 2025]
Finished job 11.
15 of 21 steps (71%) done
Select jobs to execute...
Execute 1 jobs...

[Thu Mar 13 19:04:02 2025]
localrule run_Fedup_HefQuin_query:
    input: /workspaces/P-TER/virtuoso-opensource-7.2.7, /workspaces/P-TER/virtuoso-opensource-7.2.7/var/lib/virtuoso/db/fedup.ini, /workspaces/P-TER/fedup-queries/q11j.sparql
    output: output/rdfs/FedUp-HefQuin/q11j.1.csv, output/rdfs/FedUp-HefQuin/q11j.1.json
    jobid: 20
    reason: Missing output files: output/rdfs/FedUp-HefQuin/q11j.1.csv
    wildcards: workload=rdfs, query=q11j, run=1
    priority: 50
    resources: tmpdir=/tmp

[Thu Mar 13 19:04:07 2025]
Finished job 20.
16 of 21 steps (76%) done
Select jobs to execute...
Execute 1 jobs...

[Thu Mar 13 19:04:07 2025]
localrule run_Fedup_HefQuin_query:
    input: /workspaces/P-TER/virtuoso-opensource-7.2.7, /workspaces/P-TER/virtuoso-opensource-7.2.7/var/lib/virtuoso/db/fedup.ini, /workspaces/P-TER/fedup-queries/q11d.sparql
    output: output/rdfs/FedUp-HefQuin/q11d.1.csv, output/rdfs/FedUp-HefQuin/q11d.1.json
    jobid: 14
    reason: Missing output files: output/rdfs/FedUp-HefQuin/q11d.1.csv
    wildcards: workload=rdfs, query=q11d, run=1
    priority: 50
    resources: tmpdir=/tmp

[Thu Mar 13 19:04:12 2025]
Finished job 14.
17 of 21 steps (81%) done
Select jobs to execute...
Execute 1 jobs...

[Thu Mar 13 19:04:12 2025]
localrule run_Fedup_HefQuin_query:
    input: /workspaces/P-TER/virtuoso-opensource-7.2.7, /workspaces/P-TER/virtuoso-opensource-7.2.7/var/lib/virtuoso/db/fedup.ini, /workspaces/P-TER/fedup-queries/q11h.sparql
    output: output/rdfs/FedUp-HefQuin/q11h.1.csv, output/rdfs/FedUp-HefQuin/q11h.1.json
    jobid: 18
    reason: Missing output files: output/rdfs/FedUp-HefQuin/q11h.1.csv
    wildcards: workload=rdfs, query=q11h, run=1
    priority: 50
    resources: tmpdir=/tmp

[Thu Mar 13 19:04:17 2025]
Finished job 18.
18 of 21 steps (86%) done
Select jobs to execute...
Execute 1 jobs...

[Thu Mar 13 19:04:17 2025]
localrule run_Fedup_HefQuin_query:
    input: /workspaces/P-TER/virtuoso-opensource-7.2.7, /workspaces/P-TER/virtuoso-opensource-7.2.7/var/lib/virtuoso/db/fedup.ini, /workspaces/P-TER/fedup-queries/q11i.sparql
    output: output/rdfs/FedUp-HefQuin/q11i.1.csv, output/rdfs/FedUp-HefQuin/q11i.1.json
    jobid: 19
    reason: Missing output files: output/rdfs/FedUp-HefQuin/q11i.1.csv
    wildcards: workload=rdfs, query=q11i, run=1
    priority: 50
    resources: tmpdir=/tmp

[Thu Mar 13 19:04:23 2025]
Finished job 19.
19 of 21 steps (90%) done
Select jobs to execute...
Execute 1 jobs...

[Thu Mar 13 19:04:23 2025]
localrule run_Fedup_HefQuin_query:
    input: /workspaces/P-TER/virtuoso-opensource-7.2.7, /workspaces/P-TER/virtuoso-opensource-7.2.7/var/lib/virtuoso/db/fedup.ini, /workspaces/P-TER/fedup-queries/q11f.sparql
    output: output/rdfs/FedUp-HefQuin/q11f.1.csv, output/rdfs/FedUp-HefQuin/q11f.1.json
    jobid: 16
    reason: Missing output files: output/rdfs/FedUp-HefQuin/q11f.1.csv
    wildcards: workload=rdfs, query=q11f, run=1
    priority: 50
    resources: tmpdir=/tmp

[Thu Mar 13 19:04:28 2025]
Finished job 16.
20 of 21 steps (95%) done
Select jobs to execute...
Execute 1 jobs...

[Thu Mar 13 19:04:28 2025]
localrule all:
    input: /workspaces/P-TER/apache-jena-fuseki-4.9.0, /workspaces/P-TER/apache-jena-4.9.0, config/largerdfbench/graphs.txt, config/rdfs/endpoints.txt, output/rdfs/FedUp-HefQuin/q04a.1.csv, output/rdfs/FedUp-HefQuin/q04b.1.csv, output/rdfs/FedUp-HefQuin/q04c.1.csv, output/rdfs/FedUp-HefQuin/q04d.1.csv, output/rdfs/FedUp-HefQuin/q04e.1.csv, output/rdfs/FedUp-HefQuin/q04f.1.csv, output/rdfs/FedUp-HefQuin/q04g.1.csv, output/rdfs/FedUp-HefQuin/q04h.1.csv, output/rdfs/FedUp-HefQuin/q04i.1.csv, output/rdfs/FedUp-HefQuin/q04j.1.csv, output/rdfs/FedUp-HefQuin/q11a.1.csv, output/rdfs/FedUp-HefQuin/q11b.1.csv, output/rdfs/FedUp-HefQuin/q11c.1.csv, output/rdfs/FedUp-HefQuin/q11d.1.csv, output/rdfs/FedUp-HefQuin/q11e.1.csv, output/rdfs/FedUp-HefQuin/q11f.1.csv, output/rdfs/FedUp-HefQuin/q11g.1.csv, output/rdfs/FedUp-HefQuin/q11h.1.csv, output/rdfs/FedUp-HefQuin/q11i.1.csv, output/rdfs/FedUp-HefQuin/q11j.1.csv
    output: output/data.csv
    jobid: 0
    reason: Missing output files: output/data.csv; Input files updated by another job: output/rdfs/FedUp-HefQuin/q04b.1.csv, output/rdfs/FedUp-HefQuin/q11b.1.csv, output/rdfs/FedUp-HefQuin/q04g.1.csv, output/rdfs/FedUp-HefQuin/q11f.1.csv, output/rdfs/FedUp-HefQuin/q11h.1.csv, output/rdfs/FedUp-HefQuin/q04f.1.csv, output/rdfs/FedUp-HefQuin/q04e.1.csv, output/rdfs/FedUp-HefQuin/q11i.1.csv, output/rdfs/FedUp-HefQuin/q04h.1.csv, output/rdfs/FedUp-HefQuin/q04d.1.csv, output/rdfs/FedUp-HefQuin/q04j.1.csv, output/rdfs/FedUp-HefQuin/q11a.1.csv, output/rdfs/FedUp-HefQuin/q04c.1.csv, output/rdfs/FedUp-HefQuin/q04i.1.csv, output/rdfs/FedUp-HefQuin/q11c.1.csv, output/rdfs/FedUp-HefQuin/q11d.1.csv, output/rdfs/FedUp-HefQuin/q11e.1.csv, output/rdfs/FedUp-HefQuin/q11j.1.csv, output/rdfs/FedUp-HefQuin/q11g.1.csv, output/rdfs/FedUp-HefQuin/q04a.1.csv
    resources: tmpdir=/tmp

[Thu Mar 13 19:04:29 2025]
Finished job 0.
21 of 21 steps (100%) done
Complete log: .snakemake/log/2025-03-13T190019.128375.snakemake.log
