host: codespaces-dfd9c6
Building DAG of jobs...
Using shell: /usr/bin/bash
Provided cores: 1 (use --cores to define parallelism)
Rules claiming more threads will be scaled down.
Job stats:
job                     count
--------------------  -------
all                         1
run_Fedup_FedX_query        3
run_Fedup_Jena_query        3
run_fedX_query              3
run_hefquin_query           3
run_sparql_query            3
total                      16

Select jobs to execute...
Execute 1 jobs...

[Wed Mar  5 13:34:28 2025]
localrule run_fedX_query:
    input: /workspaces/P-TER/virtuoso-opensource-7.2.7, /workspaces/P-TER/virtuoso-opensource-7.2.7/var/lib/virtuoso/db/fedup.ini, /workspaces/P-TER/apache-jena-fuseki-4.9.0, queries/q10a.sparql, config/rdfs/endpoints.txt
    output: output/rdfs/FedX/q10a.1.csv, output/rdfs/FedX/q10a.1.json
    jobid: 4
    reason: Missing output files: output/rdfs/FedX/q10a.1.csv
    wildcards: workload=rdfs, query=q10a, run=1
    priority: 50
    resources: tmpdir=/tmp

[Wed Mar  5 13:34:52 2025]
Finished job 4.
1 of 16 steps (6%) done
Select jobs to execute...
Execute 1 jobs...

[Wed Mar  5 13:34:52 2025]
localrule run_fedX_query:
    input: /workspaces/P-TER/virtuoso-opensource-7.2.7, /workspaces/P-TER/virtuoso-opensource-7.2.7/var/lib/virtuoso/db/fedup.ini, /workspaces/P-TER/apache-jena-fuseki-4.9.0, queries/q10a.sparql, config/rdfs/endpoints.txt
    output: output/rdfs/FedX/q10a.2.csv, output/rdfs/FedX/q10a.2.json
    jobid: 5
    reason: Missing output files: output/rdfs/FedX/q10a.2.csv
    wildcards: workload=rdfs, query=q10a, run=2
    priority: 50
    resources: tmpdir=/tmp

[Wed Mar  5 13:34:56 2025]
Finished job 5.
2 of 16 steps (12%) done
Select jobs to execute...
Execute 1 jobs...

[Wed Mar  5 13:34:56 2025]
localrule run_fedX_query:
    input: /workspaces/P-TER/virtuoso-opensource-7.2.7, /workspaces/P-TER/virtuoso-opensource-7.2.7/var/lib/virtuoso/db/fedup.ini, /workspaces/P-TER/apache-jena-fuseki-4.9.0, queries/q10a.sparql, config/rdfs/endpoints.txt
    output: output/rdfs/FedX/q10a.3.csv, output/rdfs/FedX/q10a.3.json
    jobid: 6
    reason: Missing output files: output/rdfs/FedX/q10a.3.csv
    wildcards: workload=rdfs, query=q10a, run=3
    priority: 50
    resources: tmpdir=/tmp

[Wed Mar  5 13:35:00 2025]
Finished job 6.
3 of 16 steps (19%) done
Select jobs to execute...
Execute 1 jobs...

[Wed Mar  5 13:35:00 2025]
localrule run_hefquin_query:
    input: /workspaces/P-TER/virtuoso-opensource-7.2.7, /workspaces/P-TER/virtuoso-opensource-7.2.7/var/lib/virtuoso/db/fedup.ini, queries/q10a.sparql
    output: output/rdfs/HefQuin/q10a.3.csv, output/rdfs/HefQuin/q10a.3.json
    jobid: 9
    reason: Missing output files: output/rdfs/HefQuin/q10a.3.csv
    wildcards: workload=rdfs, query=q10a, run=3
    priority: 50
    resources: tmpdir=/tmp

[Wed Mar  5 13:35:05 2025]
Finished job 9.
4 of 16 steps (25%) done
Select jobs to execute...
Execute 1 jobs...

[Wed Mar  5 13:35:05 2025]
localrule run_sparql_query:
    input: /workspaces/P-TER/virtuoso-opensource-7.2.7, /workspaces/P-TER/virtuoso-opensource-7.2.7/var/lib/virtuoso/db/fedup.ini, queries/q10a.sparql
    output: output/rdfs/Jena/q10a.1.csv, output/rdfs/Jena/q10a.1.json
    jobid: 1
    reason: Missing output files: output/rdfs/Jena/q10a.1.csv
    wildcards: workload=rdfs, query=q10a, run=1
    priority: 50
    resources: tmpdir=/tmp

[Wed Mar  5 13:35:11 2025]
Finished job 1.
5 of 16 steps (31%) done
Select jobs to execute...
Execute 1 jobs...

[Wed Mar  5 13:35:11 2025]
localrule run_hefquin_query:
    input: /workspaces/P-TER/virtuoso-opensource-7.2.7, /workspaces/P-TER/virtuoso-opensource-7.2.7/var/lib/virtuoso/db/fedup.ini, queries/q10a.sparql
    output: output/rdfs/HefQuin/q10a.1.csv, output/rdfs/HefQuin/q10a.1.json
    jobid: 7
    reason: Missing output files: output/rdfs/HefQuin/q10a.1.csv
    wildcards: workload=rdfs, query=q10a, run=1
    priority: 50
    resources: tmpdir=/tmp

[Wed Mar  5 13:35:14 2025]
Finished job 7.
6 of 16 steps (38%) done
Select jobs to execute...
Execute 1 jobs...

[Wed Mar  5 13:35:14 2025]
localrule run_sparql_query:
    input: /workspaces/P-TER/virtuoso-opensource-7.2.7, /workspaces/P-TER/virtuoso-opensource-7.2.7/var/lib/virtuoso/db/fedup.ini, queries/q10a.sparql
    output: output/rdfs/Jena/q10a.2.csv, output/rdfs/Jena/q10a.2.json
    jobid: 2
    reason: Missing output files: output/rdfs/Jena/q10a.2.csv
    wildcards: workload=rdfs, query=q10a, run=2
    priority: 50
    resources: tmpdir=/tmp

[Wed Mar  5 13:35:20 2025]
Finished job 2.
7 of 16 steps (44%) done
Select jobs to execute...
Execute 1 jobs...

[Wed Mar  5 13:35:20 2025]
localrule run_hefquin_query:
    input: /workspaces/P-TER/virtuoso-opensource-7.2.7, /workspaces/P-TER/virtuoso-opensource-7.2.7/var/lib/virtuoso/db/fedup.ini, queries/q10a.sparql
    output: output/rdfs/HefQuin/q10a.2.csv, output/rdfs/HefQuin/q10a.2.json
    jobid: 8
    reason: Missing output files: output/rdfs/HefQuin/q10a.2.csv
    wildcards: workload=rdfs, query=q10a, run=2
    priority: 50
    resources: tmpdir=/tmp

[Wed Mar  5 13:35:24 2025]
Finished job 8.
8 of 16 steps (50%) done
Select jobs to execute...
Execute 1 jobs...

[Wed Mar  5 13:35:24 2025]
localrule run_sparql_query:
    input: /workspaces/P-TER/virtuoso-opensource-7.2.7, /workspaces/P-TER/virtuoso-opensource-7.2.7/var/lib/virtuoso/db/fedup.ini, queries/q10a.sparql
    output: output/rdfs/Jena/q10a.3.csv, output/rdfs/Jena/q10a.3.json
    jobid: 3
    reason: Missing output files: output/rdfs/Jena/q10a.3.csv
    wildcards: workload=rdfs, query=q10a, run=3
    priority: 50
    resources: tmpdir=/tmp

[Wed Mar  5 13:35:29 2025]
Finished job 3.
9 of 16 steps (56%) done
Select jobs to execute...
Execute 1 jobs...

[Wed Mar  5 13:35:29 2025]
localrule run_Fedup_Jena_query:
    input: /workspaces/P-TER/virtuoso-opensource-7.2.7, /workspaces/P-TER/virtuoso-opensource-7.2.7/var/lib/virtuoso/db/fedup.ini, fedup-queries/q10a.sparql
    output: output/rdfs/FedUp-Jena/q10a.3.csv, output/rdfs/FedUp-Jena/q10a.3.json
    jobid: 15
    reason: Missing output files: output/rdfs/FedUp-Jena/q10a.3.csv
    wildcards: workload=rdfs, query=q10a, run=3
    priority: 50
    resources: tmpdir=/tmp

[Wed Mar  5 13:35:38 2025]
Finished job 15.
10 of 16 steps (62%) done
Select jobs to execute...
Execute 1 jobs...

[Wed Mar  5 13:35:38 2025]
localrule run_Fedup_Jena_query:
    input: /workspaces/P-TER/virtuoso-opensource-7.2.7, /workspaces/P-TER/virtuoso-opensource-7.2.7/var/lib/virtuoso/db/fedup.ini, fedup-queries/q10a.sparql
    output: output/rdfs/FedUp-Jena/q10a.1.csv, output/rdfs/FedUp-Jena/q10a.1.json
    jobid: 13
    reason: Missing output files: output/rdfs/FedUp-Jena/q10a.1.csv
    wildcards: workload=rdfs, query=q10a, run=1
    priority: 50
    resources: tmpdir=/tmp

[Wed Mar  5 13:35:46 2025]
Finished job 13.
11 of 16 steps (69%) done
Select jobs to execute...
Execute 1 jobs...

[Wed Mar  5 13:35:46 2025]
localrule run_Fedup_FedX_query:
    input: /workspaces/P-TER/virtuoso-opensource-7.2.7, /workspaces/P-TER/virtuoso-opensource-7.2.7/var/lib/virtuoso/db/fedup.ini, fedup-queries/q10a.sparql
    output: output/rdfs/FedUp-FedX/q10a.1.csv, output/rdfs/FedUp-FedX/q10a.1.json
    jobid: 10
    reason: Missing output files: output/rdfs/FedUp-FedX/q10a.1.csv
    wildcards: workload=rdfs, query=q10a, run=1
    priority: 50
    resources: tmpdir=/tmp

[Wed Mar  5 13:35:53 2025]
Finished job 10.
12 of 16 steps (75%) done
Select jobs to execute...
Execute 1 jobs...

[Wed Mar  5 13:35:53 2025]
localrule run_Fedup_FedX_query:
    input: /workspaces/P-TER/virtuoso-opensource-7.2.7, /workspaces/P-TER/virtuoso-opensource-7.2.7/var/lib/virtuoso/db/fedup.ini, fedup-queries/q10a.sparql
    output: output/rdfs/FedUp-FedX/q10a.3.csv, output/rdfs/FedUp-FedX/q10a.3.json
    jobid: 12
    reason: Missing output files: output/rdfs/FedUp-FedX/q10a.3.csv
    wildcards: workload=rdfs, query=q10a, run=3
    priority: 50
    resources: tmpdir=/tmp

[Wed Mar  5 13:36:02 2025]
Finished job 12.
13 of 16 steps (81%) done
Select jobs to execute...
Execute 1 jobs...

[Wed Mar  5 13:36:02 2025]
localrule run_Fedup_FedX_query:
    input: /workspaces/P-TER/virtuoso-opensource-7.2.7, /workspaces/P-TER/virtuoso-opensource-7.2.7/var/lib/virtuoso/db/fedup.ini, fedup-queries/q10a.sparql
    output: output/rdfs/FedUp-FedX/q10a.2.csv, output/rdfs/FedUp-FedX/q10a.2.json
    jobid: 11
    reason: Missing output files: output/rdfs/FedUp-FedX/q10a.2.csv
    wildcards: workload=rdfs, query=q10a, run=2
    priority: 50
    resources: tmpdir=/tmp

[Wed Mar  5 13:36:10 2025]
Finished job 11.
14 of 16 steps (88%) done
Select jobs to execute...
Execute 1 jobs...

[Wed Mar  5 13:36:10 2025]
localrule run_Fedup_Jena_query:
    input: /workspaces/P-TER/virtuoso-opensource-7.2.7, /workspaces/P-TER/virtuoso-opensource-7.2.7/var/lib/virtuoso/db/fedup.ini, fedup-queries/q10a.sparql
    output: output/rdfs/FedUp-Jena/q10a.2.csv, output/rdfs/FedUp-Jena/q10a.2.json
    jobid: 14
    reason: Missing output files: output/rdfs/FedUp-Jena/q10a.2.csv
    wildcards: workload=rdfs, query=q10a, run=2
    priority: 50
    resources: tmpdir=/tmp

[Wed Mar  5 13:36:16 2025]
Finished job 14.
15 of 16 steps (94%) done
Select jobs to execute...
Execute 1 jobs...

[Wed Mar  5 13:36:16 2025]
localrule all:
    input: /workspaces/P-TER/apache-jena-fuseki-4.9.0, /workspaces/P-TER/apache-jena-4.9.0, config/largerdfbench/graphs.txt, config/rdfs/endpoints.txt, output/rdfs/Jena/q10a.1.csv, output/rdfs/Jena/q10a.2.csv, output/rdfs/Jena/q10a.3.csv, output/rdfs/FedX/q10a.1.csv, output/rdfs/FedX/q10a.2.csv, output/rdfs/FedX/q10a.3.csv, output/rdfs/HefQuin/q10a.1.csv, output/rdfs/HefQuin/q10a.2.csv, output/rdfs/HefQuin/q10a.3.csv, output/rdfs/FedUp-FedX/q10a.1.csv, output/rdfs/FedUp-FedX/q10a.2.csv, output/rdfs/FedUp-FedX/q10a.3.csv, output/rdfs/FedUp-Jena/q10a.1.csv, output/rdfs/FedUp-Jena/q10a.2.csv, output/rdfs/FedUp-Jena/q10a.3.csv
    output: output/data.csv
    jobid: 0
    reason: Missing output files: output/data.csv; Input files updated by another job: output/rdfs/FedX/q10a.3.csv, output/rdfs/HefQuin/q10a.1.csv, output/rdfs/Jena/q10a.1.csv, output/rdfs/FedX/q10a.2.csv, output/rdfs/FedUp-Jena/q10a.2.csv, output/rdfs/HefQuin/q10a.3.csv, output/rdfs/FedUp-FedX/q10a.1.csv, output/rdfs/FedUp-Jena/q10a.1.csv, output/rdfs/FedUp-Jena/q10a.3.csv, output/rdfs/FedX/q10a.1.csv, output/rdfs/HefQuin/q10a.2.csv, output/rdfs/FedUp-FedX/q10a.3.csv, output/rdfs/FedUp-FedX/q10a.2.csv, output/rdfs/Jena/q10a.2.csv, output/rdfs/Jena/q10a.3.csv
    resources: tmpdir=/tmp

[Wed Mar  5 13:36:18 2025]
Finished job 0.
16 of 16 steps (100%) done
Complete log: .snakemake/log/2025-03-05T133428.694373.snakemake.log
