host: codespaces-c89ec1
Building DAG of jobs...
Using shell: /usr/bin/bash
Provided cores: 1 (use --cores to define parallelism)
Rules claiming more threads will be scaled down.
Job stats:
job               count
--------------  -------
all                   1
run_fedX_query        3
total                 4

Select jobs to execute...
Execute 1 jobs...

[Tue Mar 18 08:40:32 2025]
localrule run_fedX_query:
    input: /workspaces/P-TER/virtuoso-opensource-7.2.7, /workspaces/P-TER/virtuoso-opensource-7.2.7/var/lib/virtuoso/db/fedup.ini, /workspaces/P-TER/apache-jena-fuseki-4.9.0, queries/q01a.sparql, config/rdfs/endpoints.txt
    output: output/rdfs/FedX/q01a.2.csv, output/rdfs/FedX/q01a.2.json
    jobid: 2
    reason: Missing output files: output/rdfs/FedX/q01a.2.csv
    wildcards: workload=rdfs, query=q01a, run=2
    priority: 50
    resources: tmpdir=/tmp

[Tue Mar 18 08:41:02 2025]
Finished job 2.
1 of 4 steps (25%) done
Select jobs to execute...
Execute 1 jobs...

[Tue Mar 18 08:41:02 2025]
localrule run_fedX_query:
    input: /workspaces/P-TER/virtuoso-opensource-7.2.7, /workspaces/P-TER/virtuoso-opensource-7.2.7/var/lib/virtuoso/db/fedup.ini, /workspaces/P-TER/apache-jena-fuseki-4.9.0, queries/q01a.sparql, config/rdfs/endpoints.txt
    output: output/rdfs/FedX/q01a.3.csv, output/rdfs/FedX/q01a.3.json
    jobid: 3
    reason: Missing output files: output/rdfs/FedX/q01a.3.csv
    wildcards: workload=rdfs, query=q01a, run=3
    priority: 50
    resources: tmpdir=/tmp

[Tue Mar 18 08:41:05 2025]
Finished job 3.
2 of 4 steps (50%) done
Select jobs to execute...
Execute 1 jobs...

[Tue Mar 18 08:41:05 2025]
localrule run_fedX_query:
    input: /workspaces/P-TER/virtuoso-opensource-7.2.7, /workspaces/P-TER/virtuoso-opensource-7.2.7/var/lib/virtuoso/db/fedup.ini, /workspaces/P-TER/apache-jena-fuseki-4.9.0, queries/q01a.sparql, config/rdfs/endpoints.txt
    output: output/rdfs/FedX/q01a.1.csv, output/rdfs/FedX/q01a.1.json
    jobid: 1
    reason: Missing output files: output/rdfs/FedX/q01a.1.csv
    wildcards: workload=rdfs, query=q01a, run=1
    priority: 50
    resources: tmpdir=/tmp

[Tue Mar 18 08:41:09 2025]
Finished job 1.
3 of 4 steps (75%) done
Select jobs to execute...
Execute 1 jobs...

[Tue Mar 18 08:41:09 2025]
localrule all:
    input: config/largerdfbench/graphs.txt, config/rdfs/endpoints.txt, output/rdfs/FedX/q01a.1.csv, output/rdfs/FedX/q01a.2.csv, output/rdfs/FedX/q01a.3.csv
    output: output/data.csv
    jobid: 0
    reason: Missing output files: output/data.csv; Input files updated by another job: output/rdfs/FedX/q01a.1.csv, output/rdfs/FedX/q01a.3.csv, output/rdfs/FedX/q01a.2.csv
    resources: tmpdir=/tmp

[Tue Mar 18 08:41:10 2025]
Finished job 0.
4 of 4 steps (100%) done
Complete log: .snakemake/log/2025-03-18T084032.759560.snakemake.log
