host: codespaces-dfd9c6
Building DAG of jobs...
Using shell: /usr/bin/bash
Provided cores: 1 (use --cores to define parallelism)
Rules claiming more threads will be scaled down.
Job stats:
job                     count
--------------------  -------
all                         1
run_Fedup_FedX_query      251
run_Fedup_Jena_query      249
run_hefquin_query         153
run_sparql_query          153
total                     807

Select jobs to execute...
Execute 1 jobs...

[Tue Mar  4 08:06:49 2025]
localrule run_Fedup_Jena_query:
    input: /workspaces/P-TER/virtuoso-opensource-7.2.7, /workspaces/P-TER/virtuoso-opensource-7.2.7/var/lib/virtuoso/db/fedup.ini, fedup-queries/q05h.sparql
    output: output/rdfs/FedUp-Jena/q05h.1.csv, output/rdfs/FedUp-Jena/q05h.1.json
    jobid: 1582
    reason: Missing output files: output/rdfs/FedUp-Jena/q05h.1.csv
    wildcards: workload=rdfs, query=q05h, run=1
    priority: 50
    resources: tmpdir=/tmp

Terminating processes on user request, this might take some time.
[Tue Mar  4 08:07:43 2025]
Error in rule run_Fedup_Jena_query:
    jobid: 1582
    input: /workspaces/P-TER/virtuoso-opensource-7.2.7, /workspaces/P-TER/virtuoso-opensource-7.2.7/var/lib/virtuoso/db/fedup.ini, fedup-queries/q05h.sparql
    output: output/rdfs/FedUp-Jena/q05h.1.csv, output/rdfs/FedUp-Jena/q05h.1.json

Complete log: .snakemake/log/2025-03-04T080646.753837.snakemake.log
WorkflowError:
At least one job did not complete successfully.
