host: codespaces-b3f22d
Building DAG of jobs...
Using shell: /usr/bin/bash
Provided cores: 2
Rules claiming more threads will be scaled down.
Job stats:
job                           count
--------------------------  -------
install_apache_jena_fuseki        1
total                             1

Select jobs to execute...
Execute 1 jobs...

[Tue Feb  4 21:46:01 2025]
localrule install_apache_jena_fuseki:
    output: /workspaces/P-TER/apache-jena-fuseki-4.9.0
    jobid: 0
    reason: Missing output files: /workspaces/P-TER/apache-jena-fuseki-4.9.0
    priority: 100
    resources: tmpdir=/tmp

[Tue Feb  4 21:46:01 2025]
Error in rule install_apache_jena_fuseki:
    jobid: 0
    output: /workspaces/P-TER/apache-jena-fuseki-4.9.0
    shell:
        
            tar -zxf apache-jena-fuseki-4.9.0.tar.gz -C /workspaces/P-TER
            
        (one of the commands exited with non-zero exit code; note that snakemake uses bash strict mode!)

Shutting down, this might take some time.
Exiting because a job execution failed. Look above for error message
CalledProcessError in file /workspaces/P-TER/Snakefile, line 188:
Command 'set -euo pipefail;  python commons.py stop-virtuoso --config /workspaces/P-TER/virtuoso-opensource-7.2.7/var/lib/virtuoso/db/fedup.ini' returned non-zero exit status 2.
