host: codespaces-dfd9c6
Building DAG of jobs...
Using shell: /usr/bin/bash
Provided cores: 1 (use --cores to define parallelism)
Rules claiming more threads will be scaled down.
Job stats:
job                        count
-----------------------  -------
all                            1
run_Fedup_FedX_query           3
run_Fedup_HefQuin_query        3
run_fedX_query                 3
run_hefquin_query              3
run_sparql_query               3
total                         16

Select jobs to execute...
Execute 1 jobs...

[Wed Mar  5 15:53:55 2025]
localrule run_fedX_query:
    input: /workspaces/P-TER/virtuoso-opensource-7.2.7, /workspaces/P-TER/virtuoso-opensource-7.2.7/var/lib/virtuoso/db/fedup.ini, /workspaces/P-TER/apache-jena-fuseki-4.9.0, queries/q10a.sparql, config/rdfs/endpoints.txt
    output: output/rdfs/FedX/q10a.3.csv, output/rdfs/FedX/q10a.3.json
    jobid: 6
    reason: Updated input files: /workspaces/P-TER/virtuoso-opensource-7.2.7/var/lib/virtuoso/db/fedup.ini
    wildcards: workload=rdfs, query=q10a, run=3
    priority: 50
    resources: tmpdir=/tmp

[Wed Mar  5 15:54:00 2025]
Finished job 6.
1 of 16 steps (6%) done
Select jobs to execute...
Execute 1 jobs...

[Wed Mar  5 15:54:00 2025]
localrule run_fedX_query:
    input: /workspaces/P-TER/virtuoso-opensource-7.2.7, /workspaces/P-TER/virtuoso-opensource-7.2.7/var/lib/virtuoso/db/fedup.ini, /workspaces/P-TER/apache-jena-fuseki-4.9.0, queries/q10a.sparql, config/rdfs/endpoints.txt
    output: output/rdfs/FedX/q10a.1.csv, output/rdfs/FedX/q10a.1.json
    jobid: 4
    reason: Updated input files: /workspaces/P-TER/virtuoso-opensource-7.2.7/var/lib/virtuoso/db/fedup.ini
    wildcards: workload=rdfs, query=q10a, run=1
    priority: 50
    resources: tmpdir=/tmp

[Wed Mar  5 15:54:04 2025]
Finished job 4.
2 of 16 steps (12%) done
Select jobs to execute...
Execute 1 jobs...

[Wed Mar  5 15:54:04 2025]
localrule run_fedX_query:
    input: /workspaces/P-TER/virtuoso-opensource-7.2.7, /workspaces/P-TER/virtuoso-opensource-7.2.7/var/lib/virtuoso/db/fedup.ini, /workspaces/P-TER/apache-jena-fuseki-4.9.0, queries/q10a.sparql, config/rdfs/endpoints.txt
    output: output/rdfs/FedX/q10a.2.csv, output/rdfs/FedX/q10a.2.json
    jobid: 5
    reason: Updated input files: /workspaces/P-TER/virtuoso-opensource-7.2.7/var/lib/virtuoso/db/fedup.ini
    wildcards: workload=rdfs, query=q10a, run=2
    priority: 50
    resources: tmpdir=/tmp

[Wed Mar  5 15:54:07 2025]
Finished job 5.
3 of 16 steps (19%) done
Select jobs to execute...
Execute 1 jobs...

[Wed Mar  5 15:54:07 2025]
localrule run_hefquin_query:
    input: /workspaces/P-TER/virtuoso-opensource-7.2.7, /workspaces/P-TER/virtuoso-opensource-7.2.7/var/lib/virtuoso/db/fedup.ini, queries/q10a.sparql
    output: output/rdfs/HefQuin/q10a.3.csv, output/rdfs/HefQuin/q10a.3.json
    jobid: 9
    reason: Updated input files: /workspaces/P-TER/virtuoso-opensource-7.2.7/var/lib/virtuoso/db/fedup.ini
    wildcards: workload=rdfs, query=q10a, run=3
    priority: 50
    resources: tmpdir=/tmp

[Wed Mar  5 15:54:12 2025]
Finished job 9.
4 of 16 steps (25%) done
Select jobs to execute...
Execute 1 jobs...

[Wed Mar  5 15:54:12 2025]
localrule run_sparql_query:
    input: /workspaces/P-TER/virtuoso-opensource-7.2.7, /workspaces/P-TER/virtuoso-opensource-7.2.7/var/lib/virtuoso/db/fedup.ini, queries/q10a.sparql
    output: output/rdfs/Jena/q10a.1.csv, output/rdfs/Jena/q10a.1.json
    jobid: 1
    reason: Updated input files: /workspaces/P-TER/virtuoso-opensource-7.2.7/var/lib/virtuoso/db/fedup.ini
    wildcards: workload=rdfs, query=q10a, run=1
    priority: 50
    resources: tmpdir=/tmp

[Wed Mar  5 15:54:17 2025]
Finished job 1.
5 of 16 steps (31%) done
Select jobs to execute...
Execute 1 jobs...

[Wed Mar  5 15:54:17 2025]
localrule run_hefquin_query:
    input: /workspaces/P-TER/virtuoso-opensource-7.2.7, /workspaces/P-TER/virtuoso-opensource-7.2.7/var/lib/virtuoso/db/fedup.ini, queries/q10a.sparql
    output: output/rdfs/HefQuin/q10a.1.csv, output/rdfs/HefQuin/q10a.1.json
    jobid: 7
    reason: Updated input files: /workspaces/P-TER/virtuoso-opensource-7.2.7/var/lib/virtuoso/db/fedup.ini
    wildcards: workload=rdfs, query=q10a, run=1
    priority: 50
    resources: tmpdir=/tmp

[Wed Mar  5 15:54:22 2025]
Finished job 7.
6 of 16 steps (38%) done
Select jobs to execute...
Execute 1 jobs...

[Wed Mar  5 15:54:22 2025]
localrule run_sparql_query:
    input: /workspaces/P-TER/virtuoso-opensource-7.2.7, /workspaces/P-TER/virtuoso-opensource-7.2.7/var/lib/virtuoso/db/fedup.ini, queries/q10a.sparql
    output: output/rdfs/Jena/q10a.2.csv, output/rdfs/Jena/q10a.2.json
    jobid: 2
    reason: Updated input files: /workspaces/P-TER/virtuoso-opensource-7.2.7/var/lib/virtuoso/db/fedup.ini
    wildcards: workload=rdfs, query=q10a, run=2
    priority: 50
    resources: tmpdir=/tmp

[Wed Mar  5 15:54:26 2025]
Finished job 2.
7 of 16 steps (44%) done
Select jobs to execute...
Execute 1 jobs...

[Wed Mar  5 15:54:26 2025]
localrule run_hefquin_query:
    input: /workspaces/P-TER/virtuoso-opensource-7.2.7, /workspaces/P-TER/virtuoso-opensource-7.2.7/var/lib/virtuoso/db/fedup.ini, queries/q10a.sparql
    output: output/rdfs/HefQuin/q10a.2.csv, output/rdfs/HefQuin/q10a.2.json
    jobid: 8
    reason: Updated input files: /workspaces/P-TER/virtuoso-opensource-7.2.7/var/lib/virtuoso/db/fedup.ini
    wildcards: workload=rdfs, query=q10a, run=2
    priority: 50
    resources: tmpdir=/tmp

[Wed Mar  5 15:54:30 2025]
Finished job 8.
8 of 16 steps (50%) done
Select jobs to execute...
Execute 1 jobs...

[Wed Mar  5 15:54:30 2025]
localrule run_sparql_query:
    input: /workspaces/P-TER/virtuoso-opensource-7.2.7, /workspaces/P-TER/virtuoso-opensource-7.2.7/var/lib/virtuoso/db/fedup.ini, queries/q10a.sparql
    output: output/rdfs/Jena/q10a.3.csv, output/rdfs/Jena/q10a.3.json
    jobid: 3
    reason: Updated input files: /workspaces/P-TER/virtuoso-opensource-7.2.7/var/lib/virtuoso/db/fedup.ini
    wildcards: workload=rdfs, query=q10a, run=3
    priority: 50
    resources: tmpdir=/tmp

[Wed Mar  5 15:54:35 2025]
Finished job 3.
9 of 16 steps (56%) done
Select jobs to execute...
Execute 1 jobs...

[Wed Mar  5 15:54:35 2025]
localrule run_Fedup_FedX_query:
    input: /workspaces/P-TER/virtuoso-opensource-7.2.7, /workspaces/P-TER/virtuoso-opensource-7.2.7/var/lib/virtuoso/db/fedup.ini, fedup-queries/q10a.sparql
    output: output/rdfs/FedUp-FedX/q10a.3.csv, output/rdfs/FedUp-FedX/q10a.3.json
    jobid: 12
    reason: Updated input files: /workspaces/P-TER/virtuoso-opensource-7.2.7/var/lib/virtuoso/db/fedup.ini
    wildcards: workload=rdfs, query=q10a, run=3
    priority: 50
    resources: tmpdir=/tmp

[Wed Mar  5 15:54:43 2025]
Finished job 12.
10 of 16 steps (62%) done
Select jobs to execute...
Execute 1 jobs...

[Wed Mar  5 15:54:43 2025]
localrule run_Fedup_HefQuin_query:
    input: /workspaces/P-TER/virtuoso-opensource-7.2.7, /workspaces/P-TER/virtuoso-opensource-7.2.7/var/lib/virtuoso/db/fedup.ini, /workspaces/P-TER/fedup-queries/q10a.sparql
    output: output/rdfs/FedUp-HefQuin/q10a.3.csv, output/rdfs/FedUp-HefQuin/q10a.3.json
    jobid: 15
    reason: Missing output files: output/rdfs/FedUp-HefQuin/q10a.3.csv
    wildcards: workload=rdfs, query=q10a, run=3
    priority: 50
    resources: tmpdir=/tmp

[Wed Mar  5 15:54:50 2025]
Error in rule run_Fedup_HefQuin_query:
    jobid: 15
    input: /workspaces/P-TER/virtuoso-opensource-7.2.7, /workspaces/P-TER/virtuoso-opensource-7.2.7/var/lib/virtuoso/db/fedup.ini, /workspaces/P-TER/fedup-queries/q10a.sparql
    output: output/rdfs/FedUp-HefQuin/q10a.3.csv, output/rdfs/FedUp-HefQuin/q10a.3.json

Shutting down, this might take some time.
Exiting because a job execution failed. Look above for error message
Complete log: .snakemake/log/2025-03-05T155355.665873.snakemake.log
WorkflowError:
At least one job did not complete successfully.
