host: codespaces-dfd9c6
Building DAG of jobs...
Using shell: /usr/bin/bash
Provided cores: 1 (use --cores to define parallelism)
Rules claiming more threads will be scaled down.
Job stats:
job                        count
-----------------------  -------
all                            1
run_Fedup_FedX_query          30
run_Fedup_HefQuin_query       30
run_Fedup_Jena_query          30
run_fedX_query                30
run_hefquin_query             30
run_sparql_query              30
total                        181

Select jobs to execute...
Execute 1 jobs...

[Tue Mar 11 20:38:27 2025]
localrule run_fedX_query:
    input: /workspaces/P-TER/virtuoso-opensource-7.2.7, /workspaces/P-TER/virtuoso-opensource-7.2.7/var/lib/virtuoso/db/fedup.ini, /workspaces/P-TER/apache-jena-fuseki-4.9.0, queries/q01b.sparql, config/rdfs/endpoints.txt
    output: output/rdfs/FedX/q01b.1.csv, output/rdfs/FedX/q01b.1.json
    jobid: 34
    reason: Missing output files: output/rdfs/FedX/q01b.1.csv
    wildcards: workload=rdfs, query=q01b, run=1
    priority: 50
    resources: tmpdir=/tmp

[Tue Mar 11 20:38:30 2025]
Finished job 34.
1 of 181 steps (1%) done
Select jobs to execute...
Execute 1 jobs...

[Tue Mar 11 20:38:30 2025]
localrule run_fedX_query:
    input: /workspaces/P-TER/virtuoso-opensource-7.2.7, /workspaces/P-TER/virtuoso-opensource-7.2.7/var/lib/virtuoso/db/fedup.ini, /workspaces/P-TER/apache-jena-fuseki-4.9.0, queries/q01b.sparql, config/rdfs/endpoints.txt
    output: output/rdfs/FedX/q01b.3.csv, output/rdfs/FedX/q01b.3.json
    jobid: 36
    reason: Missing output files: output/rdfs/FedX/q01b.3.csv
    wildcards: workload=rdfs, query=q01b, run=3
    priority: 50
    resources: tmpdir=/tmp

[Tue Mar 11 20:38:33 2025]
Finished job 36.
2 of 181 steps (1%) done
Select jobs to execute...
Execute 1 jobs...

[Tue Mar 11 20:38:33 2025]
localrule run_fedX_query:
    input: /workspaces/P-TER/virtuoso-opensource-7.2.7, /workspaces/P-TER/virtuoso-opensource-7.2.7/var/lib/virtuoso/db/fedup.ini, /workspaces/P-TER/apache-jena-fuseki-4.9.0, queries/q01b.sparql, config/rdfs/endpoints.txt
    output: output/rdfs/FedX/q01b.2.csv, output/rdfs/FedX/q01b.2.json
    jobid: 35
    reason: Missing output files: output/rdfs/FedX/q01b.2.csv
    wildcards: workload=rdfs, query=q01b, run=2
    priority: 50
    resources: tmpdir=/tmp

[Tue Mar 11 20:38:36 2025]
Finished job 35.
3 of 181 steps (2%) done
Select jobs to execute...
Execute 1 jobs...

[Tue Mar 11 20:38:36 2025]
localrule run_fedX_query:
    input: /workspaces/P-TER/virtuoso-opensource-7.2.7, /workspaces/P-TER/virtuoso-opensource-7.2.7/var/lib/virtuoso/db/fedup.ini, /workspaces/P-TER/apache-jena-fuseki-4.9.0, queries/q01d.sparql, config/rdfs/endpoints.txt
    output: output/rdfs/FedX/q01d.3.csv, output/rdfs/FedX/q01d.3.json
    jobid: 42
    reason: Missing output files: output/rdfs/FedX/q01d.3.csv
    wildcards: workload=rdfs, query=q01d, run=3
    priority: 50
    resources: tmpdir=/tmp

[Tue Mar 11 20:38:38 2025]
Finished job 42.
4 of 181 steps (2%) done
Select jobs to execute...
Execute 1 jobs...

[Tue Mar 11 20:38:38 2025]
localrule run_fedX_query:
    input: /workspaces/P-TER/virtuoso-opensource-7.2.7, /workspaces/P-TER/virtuoso-opensource-7.2.7/var/lib/virtuoso/db/fedup.ini, /workspaces/P-TER/apache-jena-fuseki-4.9.0, queries/q01d.sparql, config/rdfs/endpoints.txt
    output: output/rdfs/FedX/q01d.2.csv, output/rdfs/FedX/q01d.2.json
    jobid: 41
    reason: Missing output files: output/rdfs/FedX/q01d.2.csv
    wildcards: workload=rdfs, query=q01d, run=2
    priority: 50
    resources: tmpdir=/tmp

[Tue Mar 11 20:38:41 2025]
Finished job 41.
5 of 181 steps (3%) done
Select jobs to execute...
Execute 1 jobs...

[Tue Mar 11 20:38:41 2025]
localrule run_fedX_query:
    input: /workspaces/P-TER/virtuoso-opensource-7.2.7, /workspaces/P-TER/virtuoso-opensource-7.2.7/var/lib/virtuoso/db/fedup.ini, /workspaces/P-TER/apache-jena-fuseki-4.9.0, queries/q01d.sparql, config/rdfs/endpoints.txt
    output: output/rdfs/FedX/q01d.1.csv, output/rdfs/FedX/q01d.1.json
    jobid: 40
    reason: Missing output files: output/rdfs/FedX/q01d.1.csv
    wildcards: workload=rdfs, query=q01d, run=1
    priority: 50
    resources: tmpdir=/tmp

[Tue Mar 11 20:38:44 2025]
Finished job 40.
6 of 181 steps (3%) done
Select jobs to execute...
Execute 1 jobs...

[Tue Mar 11 20:38:44 2025]
localrule run_fedX_query:
    input: /workspaces/P-TER/virtuoso-opensource-7.2.7, /workspaces/P-TER/virtuoso-opensource-7.2.7/var/lib/virtuoso/db/fedup.ini, /workspaces/P-TER/apache-jena-fuseki-4.9.0, queries/q01j.sparql, config/rdfs/endpoints.txt
    output: output/rdfs/FedX/q01j.2.csv, output/rdfs/FedX/q01j.2.json
    jobid: 59
    reason: Missing output files: output/rdfs/FedX/q01j.2.csv
    wildcards: workload=rdfs, query=q01j, run=2
    priority: 50
    resources: tmpdir=/tmp

[Tue Mar 11 20:38:47 2025]
Finished job 59.
7 of 181 steps (4%) done
Select jobs to execute...
Execute 1 jobs...

[Tue Mar 11 20:38:47 2025]
localrule run_fedX_query:
    input: /workspaces/P-TER/virtuoso-opensource-7.2.7, /workspaces/P-TER/virtuoso-opensource-7.2.7/var/lib/virtuoso/db/fedup.ini, /workspaces/P-TER/apache-jena-fuseki-4.9.0, queries/q01j.sparql, config/rdfs/endpoints.txt
    output: output/rdfs/FedX/q01j.3.csv, output/rdfs/FedX/q01j.3.json
    jobid: 60
    reason: Missing output files: output/rdfs/FedX/q01j.3.csv
    wildcards: workload=rdfs, query=q01j, run=3
    priority: 50
    resources: tmpdir=/tmp

[Tue Mar 11 20:38:49 2025]
Finished job 60.
8 of 181 steps (4%) done
Select jobs to execute...
Execute 1 jobs...

[Tue Mar 11 20:38:49 2025]
localrule run_fedX_query:
    input: /workspaces/P-TER/virtuoso-opensource-7.2.7, /workspaces/P-TER/virtuoso-opensource-7.2.7/var/lib/virtuoso/db/fedup.ini, /workspaces/P-TER/apache-jena-fuseki-4.9.0, queries/q01j.sparql, config/rdfs/endpoints.txt
    output: output/rdfs/FedX/q01j.1.csv, output/rdfs/FedX/q01j.1.json
    jobid: 58
    reason: Missing output files: output/rdfs/FedX/q01j.1.csv
    wildcards: workload=rdfs, query=q01j, run=1
    priority: 50
    resources: tmpdir=/tmp

[Tue Mar 11 20:38:52 2025]
Finished job 58.
9 of 181 steps (5%) done
Select jobs to execute...
Execute 1 jobs...

[Tue Mar 11 20:38:52 2025]
localrule run_fedX_query:
    input: /workspaces/P-TER/virtuoso-opensource-7.2.7, /workspaces/P-TER/virtuoso-opensource-7.2.7/var/lib/virtuoso/db/fedup.ini, /workspaces/P-TER/apache-jena-fuseki-4.9.0, queries/q01a.sparql, config/rdfs/endpoints.txt
    output: output/rdfs/FedX/q01a.1.csv, output/rdfs/FedX/q01a.1.json
    jobid: 31
    reason: Missing output files: output/rdfs/FedX/q01a.1.csv
    wildcards: workload=rdfs, query=q01a, run=1
    priority: 50
    resources: tmpdir=/tmp

[Tue Mar 11 20:38:55 2025]
Finished job 31.
10 of 181 steps (6%) done
Select jobs to execute...
Execute 1 jobs...

[Tue Mar 11 20:38:55 2025]
localrule run_fedX_query:
    input: /workspaces/P-TER/virtuoso-opensource-7.2.7, /workspaces/P-TER/virtuoso-opensource-7.2.7/var/lib/virtuoso/db/fedup.ini, /workspaces/P-TER/apache-jena-fuseki-4.9.0, queries/q01a.sparql, config/rdfs/endpoints.txt
    output: output/rdfs/FedX/q01a.2.csv, output/rdfs/FedX/q01a.2.json
    jobid: 32
    reason: Missing output files: output/rdfs/FedX/q01a.2.csv
    wildcards: workload=rdfs, query=q01a, run=2
    priority: 50
    resources: tmpdir=/tmp

[Tue Mar 11 20:38:58 2025]
Finished job 32.
11 of 181 steps (6%) done
Select jobs to execute...
Execute 1 jobs...

[Tue Mar 11 20:38:58 2025]
localrule run_fedX_query:
    input: /workspaces/P-TER/virtuoso-opensource-7.2.7, /workspaces/P-TER/virtuoso-opensource-7.2.7/var/lib/virtuoso/db/fedup.ini, /workspaces/P-TER/apache-jena-fuseki-4.9.0, queries/q01a.sparql, config/rdfs/endpoints.txt
    output: output/rdfs/FedX/q01a.3.csv, output/rdfs/FedX/q01a.3.json
    jobid: 33
    reason: Missing output files: output/rdfs/FedX/q01a.3.csv
    wildcards: workload=rdfs, query=q01a, run=3
    priority: 50
    resources: tmpdir=/tmp

[Tue Mar 11 20:39:00 2025]
Finished job 33.
12 of 181 steps (7%) done
Select jobs to execute...
Execute 1 jobs...

[Tue Mar 11 20:39:00 2025]
localrule run_fedX_query:
    input: /workspaces/P-TER/virtuoso-opensource-7.2.7, /workspaces/P-TER/virtuoso-opensource-7.2.7/var/lib/virtuoso/db/fedup.ini, /workspaces/P-TER/apache-jena-fuseki-4.9.0, queries/q01g.sparql, config/rdfs/endpoints.txt
    output: output/rdfs/FedX/q01g.3.csv, output/rdfs/FedX/q01g.3.json
    jobid: 51
    reason: Missing output files: output/rdfs/FedX/q01g.3.csv
    wildcards: workload=rdfs, query=q01g, run=3
    priority: 50
    resources: tmpdir=/tmp

[Tue Mar 11 20:39:03 2025]
Finished job 51.
13 of 181 steps (7%) done
Select jobs to execute...
Execute 1 jobs...

[Tue Mar 11 20:39:03 2025]
localrule run_fedX_query:
    input: /workspaces/P-TER/virtuoso-opensource-7.2.7, /workspaces/P-TER/virtuoso-opensource-7.2.7/var/lib/virtuoso/db/fedup.ini, /workspaces/P-TER/apache-jena-fuseki-4.9.0, queries/q01g.sparql, config/rdfs/endpoints.txt
    output: output/rdfs/FedX/q01g.1.csv, output/rdfs/FedX/q01g.1.json
    jobid: 49
    reason: Missing output files: output/rdfs/FedX/q01g.1.csv
    wildcards: workload=rdfs, query=q01g, run=1
    priority: 50
    resources: tmpdir=/tmp

[Tue Mar 11 20:39:06 2025]
Finished job 49.
14 of 181 steps (8%) done
Select jobs to execute...
Execute 1 jobs...

[Tue Mar 11 20:39:06 2025]
localrule run_fedX_query:
    input: /workspaces/P-TER/virtuoso-opensource-7.2.7, /workspaces/P-TER/virtuoso-opensource-7.2.7/var/lib/virtuoso/db/fedup.ini, /workspaces/P-TER/apache-jena-fuseki-4.9.0, queries/q01g.sparql, config/rdfs/endpoints.txt
    output: output/rdfs/FedX/q01g.2.csv, output/rdfs/FedX/q01g.2.json
    jobid: 50
    reason: Missing output files: output/rdfs/FedX/q01g.2.csv
    wildcards: workload=rdfs, query=q01g, run=2
    priority: 50
    resources: tmpdir=/tmp

[Tue Mar 11 20:39:08 2025]
Finished job 50.
15 of 181 steps (8%) done
Select jobs to execute...
Execute 1 jobs...

[Tue Mar 11 20:39:08 2025]
localrule run_fedX_query:
    input: /workspaces/P-TER/virtuoso-opensource-7.2.7, /workspaces/P-TER/virtuoso-opensource-7.2.7/var/lib/virtuoso/db/fedup.ini, /workspaces/P-TER/apache-jena-fuseki-4.9.0, queries/q01h.sparql, config/rdfs/endpoints.txt
    output: output/rdfs/FedX/q01h.3.csv, output/rdfs/FedX/q01h.3.json
    jobid: 54
    reason: Missing output files: output/rdfs/FedX/q01h.3.csv
    wildcards: workload=rdfs, query=q01h, run=3
    priority: 50
    resources: tmpdir=/tmp

[Tue Mar 11 20:39:11 2025]
Finished job 54.
16 of 181 steps (9%) done
Select jobs to execute...
Execute 1 jobs...

[Tue Mar 11 20:39:11 2025]
localrule run_fedX_query:
    input: /workspaces/P-TER/virtuoso-opensource-7.2.7, /workspaces/P-TER/virtuoso-opensource-7.2.7/var/lib/virtuoso/db/fedup.ini, /workspaces/P-TER/apache-jena-fuseki-4.9.0, queries/q01h.sparql, config/rdfs/endpoints.txt
    output: output/rdfs/FedX/q01h.1.csv, output/rdfs/FedX/q01h.1.json
    jobid: 52
    reason: Missing output files: output/rdfs/FedX/q01h.1.csv
    wildcards: workload=rdfs, query=q01h, run=1
    priority: 50
    resources: tmpdir=/tmp

[Tue Mar 11 20:39:14 2025]
Finished job 52.
17 of 181 steps (9%) done
Select jobs to execute...
Execute 1 jobs...

[Tue Mar 11 20:39:14 2025]
localrule run_fedX_query:
    input: /workspaces/P-TER/virtuoso-opensource-7.2.7, /workspaces/P-TER/virtuoso-opensource-7.2.7/var/lib/virtuoso/db/fedup.ini, /workspaces/P-TER/apache-jena-fuseki-4.9.0, queries/q01h.sparql, config/rdfs/endpoints.txt
    output: output/rdfs/FedX/q01h.2.csv, output/rdfs/FedX/q01h.2.json
    jobid: 53
    reason: Missing output files: output/rdfs/FedX/q01h.2.csv
    wildcards: workload=rdfs, query=q01h, run=2
    priority: 50
    resources: tmpdir=/tmp

[Tue Mar 11 20:39:16 2025]
Finished job 53.
18 of 181 steps (10%) done
Select jobs to execute...
Execute 1 jobs...

[Tue Mar 11 20:39:16 2025]
localrule run_fedX_query:
    input: /workspaces/P-TER/virtuoso-opensource-7.2.7, /workspaces/P-TER/virtuoso-opensource-7.2.7/var/lib/virtuoso/db/fedup.ini, /workspaces/P-TER/apache-jena-fuseki-4.9.0, queries/q01e.sparql, config/rdfs/endpoints.txt
    output: output/rdfs/FedX/q01e.2.csv, output/rdfs/FedX/q01e.2.json
    jobid: 44
    reason: Missing output files: output/rdfs/FedX/q01e.2.csv
    wildcards: workload=rdfs, query=q01e, run=2
    priority: 50
    resources: tmpdir=/tmp

[Tue Mar 11 20:39:19 2025]
Finished job 44.
19 of 181 steps (10%) done
Select jobs to execute...
Execute 1 jobs...

[Tue Mar 11 20:39:19 2025]
localrule run_fedX_query:
    input: /workspaces/P-TER/virtuoso-opensource-7.2.7, /workspaces/P-TER/virtuoso-opensource-7.2.7/var/lib/virtuoso/db/fedup.ini, /workspaces/P-TER/apache-jena-fuseki-4.9.0, queries/q01e.sparql, config/rdfs/endpoints.txt
    output: output/rdfs/FedX/q01e.3.csv, output/rdfs/FedX/q01e.3.json
    jobid: 45
    reason: Missing output files: output/rdfs/FedX/q01e.3.csv
    wildcards: workload=rdfs, query=q01e, run=3
    priority: 50
    resources: tmpdir=/tmp

[Tue Mar 11 20:39:22 2025]
Finished job 45.
20 of 181 steps (11%) done
Select jobs to execute...
Execute 1 jobs...

[Tue Mar 11 20:39:22 2025]
localrule run_fedX_query:
    input: /workspaces/P-TER/virtuoso-opensource-7.2.7, /workspaces/P-TER/virtuoso-opensource-7.2.7/var/lib/virtuoso/db/fedup.ini, /workspaces/P-TER/apache-jena-fuseki-4.9.0, queries/q01e.sparql, config/rdfs/endpoints.txt
    output: output/rdfs/FedX/q01e.1.csv, output/rdfs/FedX/q01e.1.json
    jobid: 43
    reason: Missing output files: output/rdfs/FedX/q01e.1.csv
    wildcards: workload=rdfs, query=q01e, run=1
    priority: 50
    resources: tmpdir=/tmp

[Tue Mar 11 20:39:24 2025]
Finished job 43.
21 of 181 steps (12%) done
Select jobs to execute...
Execute 1 jobs...

[Tue Mar 11 20:39:24 2025]
localrule run_fedX_query:
    input: /workspaces/P-TER/virtuoso-opensource-7.2.7, /workspaces/P-TER/virtuoso-opensource-7.2.7/var/lib/virtuoso/db/fedup.ini, /workspaces/P-TER/apache-jena-fuseki-4.9.0, queries/q01f.sparql, config/rdfs/endpoints.txt
    output: output/rdfs/FedX/q01f.1.csv, output/rdfs/FedX/q01f.1.json
    jobid: 46
    reason: Missing output files: output/rdfs/FedX/q01f.1.csv
    wildcards: workload=rdfs, query=q01f, run=1
    priority: 50
    resources: tmpdir=/tmp

[Tue Mar 11 20:39:27 2025]
Finished job 46.
22 of 181 steps (12%) done
Select jobs to execute...
Execute 1 jobs...

[Tue Mar 11 20:39:27 2025]
localrule run_fedX_query:
    input: /workspaces/P-TER/virtuoso-opensource-7.2.7, /workspaces/P-TER/virtuoso-opensource-7.2.7/var/lib/virtuoso/db/fedup.ini, /workspaces/P-TER/apache-jena-fuseki-4.9.0, queries/q01f.sparql, config/rdfs/endpoints.txt
    output: output/rdfs/FedX/q01f.2.csv, output/rdfs/FedX/q01f.2.json
    jobid: 47
    reason: Missing output files: output/rdfs/FedX/q01f.2.csv
    wildcards: workload=rdfs, query=q01f, run=2
    priority: 50
    resources: tmpdir=/tmp

[Tue Mar 11 20:39:30 2025]
Finished job 47.
23 of 181 steps (13%) done
Select jobs to execute...
Execute 1 jobs...

[Tue Mar 11 20:39:30 2025]
localrule run_fedX_query:
    input: /workspaces/P-TER/virtuoso-opensource-7.2.7, /workspaces/P-TER/virtuoso-opensource-7.2.7/var/lib/virtuoso/db/fedup.ini, /workspaces/P-TER/apache-jena-fuseki-4.9.0, queries/q01f.sparql, config/rdfs/endpoints.txt
    output: output/rdfs/FedX/q01f.3.csv, output/rdfs/FedX/q01f.3.json
    jobid: 48
    reason: Missing output files: output/rdfs/FedX/q01f.3.csv
    wildcards: workload=rdfs, query=q01f, run=3
    priority: 50
    resources: tmpdir=/tmp

[Tue Mar 11 20:39:33 2025]
Finished job 48.
24 of 181 steps (13%) done
Select jobs to execute...
Execute 1 jobs...

[Tue Mar 11 20:39:33 2025]
localrule run_fedX_query:
    input: /workspaces/P-TER/virtuoso-opensource-7.2.7, /workspaces/P-TER/virtuoso-opensource-7.2.7/var/lib/virtuoso/db/fedup.ini, /workspaces/P-TER/apache-jena-fuseki-4.9.0, queries/q01c.sparql, config/rdfs/endpoints.txt
    output: output/rdfs/FedX/q01c.3.csv, output/rdfs/FedX/q01c.3.json
    jobid: 39
    reason: Missing output files: output/rdfs/FedX/q01c.3.csv
    wildcards: workload=rdfs, query=q01c, run=3
    priority: 50
    resources: tmpdir=/tmp

[Tue Mar 11 20:39:35 2025]
Finished job 39.
25 of 181 steps (14%) done
Select jobs to execute...
Execute 1 jobs...

[Tue Mar 11 20:39:35 2025]
localrule run_fedX_query:
    input: /workspaces/P-TER/virtuoso-opensource-7.2.7, /workspaces/P-TER/virtuoso-opensource-7.2.7/var/lib/virtuoso/db/fedup.ini, /workspaces/P-TER/apache-jena-fuseki-4.9.0, queries/q01c.sparql, config/rdfs/endpoints.txt
    output: output/rdfs/FedX/q01c.1.csv, output/rdfs/FedX/q01c.1.json
    jobid: 37
    reason: Missing output files: output/rdfs/FedX/q01c.1.csv
    wildcards: workload=rdfs, query=q01c, run=1
    priority: 50
    resources: tmpdir=/tmp

[Tue Mar 11 20:39:38 2025]
Finished job 37.
26 of 181 steps (14%) done
Select jobs to execute...
Execute 1 jobs...

[Tue Mar 11 20:39:38 2025]
localrule run_fedX_query:
    input: /workspaces/P-TER/virtuoso-opensource-7.2.7, /workspaces/P-TER/virtuoso-opensource-7.2.7/var/lib/virtuoso/db/fedup.ini, /workspaces/P-TER/apache-jena-fuseki-4.9.0, queries/q01c.sparql, config/rdfs/endpoints.txt
    output: output/rdfs/FedX/q01c.2.csv, output/rdfs/FedX/q01c.2.json
    jobid: 38
    reason: Missing output files: output/rdfs/FedX/q01c.2.csv
    wildcards: workload=rdfs, query=q01c, run=2
    priority: 50
    resources: tmpdir=/tmp

[Tue Mar 11 20:39:40 2025]
Finished job 38.
27 of 181 steps (15%) done
Select jobs to execute...
Execute 1 jobs...

[Tue Mar 11 20:39:40 2025]
localrule run_fedX_query:
    input: /workspaces/P-TER/virtuoso-opensource-7.2.7, /workspaces/P-TER/virtuoso-opensource-7.2.7/var/lib/virtuoso/db/fedup.ini, /workspaces/P-TER/apache-jena-fuseki-4.9.0, queries/q01i.sparql, config/rdfs/endpoints.txt
    output: output/rdfs/FedX/q01i.2.csv, output/rdfs/FedX/q01i.2.json
    jobid: 56
    reason: Missing output files: output/rdfs/FedX/q01i.2.csv
    wildcards: workload=rdfs, query=q01i, run=2
    priority: 50
    resources: tmpdir=/tmp

[Tue Mar 11 20:39:43 2025]
Finished job 56.
28 of 181 steps (15%) done
Select jobs to execute...
Execute 1 jobs...

[Tue Mar 11 20:39:43 2025]
localrule run_fedX_query:
    input: /workspaces/P-TER/virtuoso-opensource-7.2.7, /workspaces/P-TER/virtuoso-opensource-7.2.7/var/lib/virtuoso/db/fedup.ini, /workspaces/P-TER/apache-jena-fuseki-4.9.0, queries/q01i.sparql, config/rdfs/endpoints.txt
    output: output/rdfs/FedX/q01i.3.csv, output/rdfs/FedX/q01i.3.json
    jobid: 57
    reason: Missing output files: output/rdfs/FedX/q01i.3.csv
    wildcards: workload=rdfs, query=q01i, run=3
    priority: 50
    resources: tmpdir=/tmp

[Tue Mar 11 20:39:46 2025]
Finished job 57.
29 of 181 steps (16%) done
Select jobs to execute...
Execute 1 jobs...

[Tue Mar 11 20:39:46 2025]
localrule run_fedX_query:
    input: /workspaces/P-TER/virtuoso-opensource-7.2.7, /workspaces/P-TER/virtuoso-opensource-7.2.7/var/lib/virtuoso/db/fedup.ini, /workspaces/P-TER/apache-jena-fuseki-4.9.0, queries/q01i.sparql, config/rdfs/endpoints.txt
    output: output/rdfs/FedX/q01i.1.csv, output/rdfs/FedX/q01i.1.json
    jobid: 55
    reason: Missing output files: output/rdfs/FedX/q01i.1.csv
    wildcards: workload=rdfs, query=q01i, run=1
    priority: 50
    resources: tmpdir=/tmp

[Tue Mar 11 20:39:48 2025]
Finished job 55.
30 of 181 steps (17%) done
Select jobs to execute...
Execute 1 jobs...

[Tue Mar 11 20:39:48 2025]
localrule run_hefquin_query:
    input: /workspaces/P-TER/virtuoso-opensource-7.2.7, /workspaces/P-TER/virtuoso-opensource-7.2.7/var/lib/virtuoso/db/fedup.ini, queries/q01b.sparql
    output: output/rdfs/HefQuin/q01b.1.csv, output/rdfs/HefQuin/q01b.1.json
    jobid: 64
    reason: Missing output files: output/rdfs/HefQuin/q01b.1.csv
    wildcards: workload=rdfs, query=q01b, run=1
    priority: 50
    resources: tmpdir=/tmp

[Tue Mar 11 20:39:52 2025]
Finished job 64.
31 of 181 steps (17%) done
Select jobs to execute...
Execute 1 jobs...

[Tue Mar 11 20:39:52 2025]
localrule run_sparql_query:
    input: /workspaces/P-TER/virtuoso-opensource-7.2.7, /workspaces/P-TER/virtuoso-opensource-7.2.7/var/lib/virtuoso/db/fedup.ini, queries/q01b.sparql
    output: output/rdfs/Jena/q01b.2.csv, output/rdfs/Jena/q01b.2.json
    jobid: 5
    reason: Missing output files: output/rdfs/Jena/q01b.2.csv
    wildcards: workload=rdfs, query=q01b, run=2
    priority: 50
    resources: tmpdir=/tmp

[Tue Mar 11 20:39:55 2025]
Finished job 5.
32 of 181 steps (18%) done
Select jobs to execute...
Execute 1 jobs...

[Tue Mar 11 20:39:55 2025]
localrule run_hefquin_query:
    input: /workspaces/P-TER/virtuoso-opensource-7.2.7, /workspaces/P-TER/virtuoso-opensource-7.2.7/var/lib/virtuoso/db/fedup.ini, queries/q01b.sparql
    output: output/rdfs/HefQuin/q01b.3.csv, output/rdfs/HefQuin/q01b.3.json
    jobid: 66
    reason: Missing output files: output/rdfs/HefQuin/q01b.3.csv
    wildcards: workload=rdfs, query=q01b, run=3
    priority: 50
    resources: tmpdir=/tmp

[Tue Mar 11 20:39:59 2025]
Finished job 66.
33 of 181 steps (18%) done
Select jobs to execute...
Execute 1 jobs...

[Tue Mar 11 20:39:59 2025]
localrule run_sparql_query:
    input: /workspaces/P-TER/virtuoso-opensource-7.2.7, /workspaces/P-TER/virtuoso-opensource-7.2.7/var/lib/virtuoso/db/fedup.ini, queries/q01b.sparql
    output: output/rdfs/Jena/q01b.1.csv, output/rdfs/Jena/q01b.1.json
    jobid: 4
    reason: Missing output files: output/rdfs/Jena/q01b.1.csv
    wildcards: workload=rdfs, query=q01b, run=1
    priority: 50
    resources: tmpdir=/tmp

[Tue Mar 11 20:40:02 2025]
Finished job 4.
34 of 181 steps (19%) done
Select jobs to execute...
Execute 1 jobs...

[Tue Mar 11 20:40:02 2025]
localrule run_hefquin_query:
    input: /workspaces/P-TER/virtuoso-opensource-7.2.7, /workspaces/P-TER/virtuoso-opensource-7.2.7/var/lib/virtuoso/db/fedup.ini, queries/q01b.sparql
    output: output/rdfs/HefQuin/q01b.2.csv, output/rdfs/HefQuin/q01b.2.json
    jobid: 65
    reason: Missing output files: output/rdfs/HefQuin/q01b.2.csv
    wildcards: workload=rdfs, query=q01b, run=2
    priority: 50
    resources: tmpdir=/tmp

[Tue Mar 11 20:40:05 2025]
Finished job 65.
35 of 181 steps (19%) done
Select jobs to execute...
Execute 1 jobs...

[Tue Mar 11 20:40:05 2025]
localrule run_sparql_query:
    input: /workspaces/P-TER/virtuoso-opensource-7.2.7, /workspaces/P-TER/virtuoso-opensource-7.2.7/var/lib/virtuoso/db/fedup.ini, queries/q01b.sparql
    output: output/rdfs/Jena/q01b.3.csv, output/rdfs/Jena/q01b.3.json
    jobid: 6
    reason: Missing output files: output/rdfs/Jena/q01b.3.csv
    wildcards: workload=rdfs, query=q01b, run=3
    priority: 50
    resources: tmpdir=/tmp

[Tue Mar 11 20:40:09 2025]
Finished job 6.
36 of 181 steps (20%) done
Select jobs to execute...
Execute 1 jobs...

[Tue Mar 11 20:40:09 2025]
localrule run_hefquin_query:
    input: /workspaces/P-TER/virtuoso-opensource-7.2.7, /workspaces/P-TER/virtuoso-opensource-7.2.7/var/lib/virtuoso/db/fedup.ini, queries/q01d.sparql
    output: output/rdfs/HefQuin/q01d.2.csv, output/rdfs/HefQuin/q01d.2.json
    jobid: 71
    reason: Missing output files: output/rdfs/HefQuin/q01d.2.csv
    wildcards: workload=rdfs, query=q01d, run=2
    priority: 50
    resources: tmpdir=/tmp

[Tue Mar 11 20:40:12 2025]
Finished job 71.
37 of 181 steps (20%) done
Select jobs to execute...
Execute 1 jobs...

[Tue Mar 11 20:40:12 2025]
localrule run_hefquin_query:
    input: /workspaces/P-TER/virtuoso-opensource-7.2.7, /workspaces/P-TER/virtuoso-opensource-7.2.7/var/lib/virtuoso/db/fedup.ini, queries/q01d.sparql
    output: output/rdfs/HefQuin/q01d.1.csv, output/rdfs/HefQuin/q01d.1.json
    jobid: 70
    reason: Missing output files: output/rdfs/HefQuin/q01d.1.csv
    wildcards: workload=rdfs, query=q01d, run=1
    priority: 50
    resources: tmpdir=/tmp

[Tue Mar 11 20:40:16 2025]
Finished job 70.
38 of 181 steps (21%) done
Select jobs to execute...
Execute 1 jobs...

[Tue Mar 11 20:40:16 2025]
localrule run_sparql_query:
    input: /workspaces/P-TER/virtuoso-opensource-7.2.7, /workspaces/P-TER/virtuoso-opensource-7.2.7/var/lib/virtuoso/db/fedup.ini, queries/q01d.sparql
    output: output/rdfs/Jena/q01d.2.csv, output/rdfs/Jena/q01d.2.json
    jobid: 11
    reason: Missing output files: output/rdfs/Jena/q01d.2.csv
    wildcards: workload=rdfs, query=q01d, run=2
    priority: 50
    resources: tmpdir=/tmp

[Tue Mar 11 20:40:19 2025]
Finished job 11.
39 of 181 steps (22%) done
Select jobs to execute...
Execute 1 jobs...

[Tue Mar 11 20:40:19 2025]
localrule run_sparql_query:
    input: /workspaces/P-TER/virtuoso-opensource-7.2.7, /workspaces/P-TER/virtuoso-opensource-7.2.7/var/lib/virtuoso/db/fedup.ini, queries/q01d.sparql
    output: output/rdfs/Jena/q01d.1.csv, output/rdfs/Jena/q01d.1.json
    jobid: 10
    reason: Missing output files: output/rdfs/Jena/q01d.1.csv
    wildcards: workload=rdfs, query=q01d, run=1
    priority: 50
    resources: tmpdir=/tmp

[Tue Mar 11 20:40:23 2025]
Finished job 10.
40 of 181 steps (22%) done
Select jobs to execute...
Execute 1 jobs...

[Tue Mar 11 20:40:23 2025]
localrule run_hefquin_query:
    input: /workspaces/P-TER/virtuoso-opensource-7.2.7, /workspaces/P-TER/virtuoso-opensource-7.2.7/var/lib/virtuoso/db/fedup.ini, queries/q01d.sparql
    output: output/rdfs/HefQuin/q01d.3.csv, output/rdfs/HefQuin/q01d.3.json
    jobid: 72
    reason: Missing output files: output/rdfs/HefQuin/q01d.3.csv
    wildcards: workload=rdfs, query=q01d, run=3
    priority: 50
    resources: tmpdir=/tmp

[Tue Mar 11 20:40:26 2025]
Finished job 72.
41 of 181 steps (23%) done
Select jobs to execute...
Execute 1 jobs...

[Tue Mar 11 20:40:26 2025]
localrule run_sparql_query:
    input: /workspaces/P-TER/virtuoso-opensource-7.2.7, /workspaces/P-TER/virtuoso-opensource-7.2.7/var/lib/virtuoso/db/fedup.ini, queries/q01d.sparql
    output: output/rdfs/Jena/q01d.3.csv, output/rdfs/Jena/q01d.3.json
    jobid: 12
    reason: Missing output files: output/rdfs/Jena/q01d.3.csv
    wildcards: workload=rdfs, query=q01d, run=3
    priority: 50
    resources: tmpdir=/tmp

[Tue Mar 11 20:40:30 2025]
Finished job 12.
42 of 181 steps (23%) done
Select jobs to execute...
Execute 1 jobs...

[Tue Mar 11 20:40:30 2025]
localrule run_hefquin_query:
    input: /workspaces/P-TER/virtuoso-opensource-7.2.7, /workspaces/P-TER/virtuoso-opensource-7.2.7/var/lib/virtuoso/db/fedup.ini, queries/q01j.sparql
    output: output/rdfs/HefQuin/q01j.1.csv, output/rdfs/HefQuin/q01j.1.json
    jobid: 88
    reason: Missing output files: output/rdfs/HefQuin/q01j.1.csv
    wildcards: workload=rdfs, query=q01j, run=1
    priority: 50
    resources: tmpdir=/tmp

[Tue Mar 11 20:40:33 2025]
Finished job 88.
43 of 181 steps (24%) done
Select jobs to execute...
Execute 1 jobs...

[Tue Mar 11 20:40:33 2025]
localrule run_sparql_query:
    input: /workspaces/P-TER/virtuoso-opensource-7.2.7, /workspaces/P-TER/virtuoso-opensource-7.2.7/var/lib/virtuoso/db/fedup.ini, queries/q01j.sparql
    output: output/rdfs/Jena/q01j.1.csv, output/rdfs/Jena/q01j.1.json
    jobid: 28
    reason: Missing output files: output/rdfs/Jena/q01j.1.csv
    wildcards: workload=rdfs, query=q01j, run=1
    priority: 50
    resources: tmpdir=/tmp

[Tue Mar 11 20:40:37 2025]
Finished job 28.
44 of 181 steps (24%) done
Select jobs to execute...
Execute 1 jobs...

[Tue Mar 11 20:40:37 2025]
localrule run_hefquin_query:
    input: /workspaces/P-TER/virtuoso-opensource-7.2.7, /workspaces/P-TER/virtuoso-opensource-7.2.7/var/lib/virtuoso/db/fedup.ini, queries/q01j.sparql
    output: output/rdfs/HefQuin/q01j.3.csv, output/rdfs/HefQuin/q01j.3.json
    jobid: 90
    reason: Missing output files: output/rdfs/HefQuin/q01j.3.csv
    wildcards: workload=rdfs, query=q01j, run=3
    priority: 50
    resources: tmpdir=/tmp

[Tue Mar 11 20:40:40 2025]
Finished job 90.
45 of 181 steps (25%) done
Select jobs to execute...
Execute 1 jobs...

[Tue Mar 11 20:40:40 2025]
localrule run_sparql_query:
    input: /workspaces/P-TER/virtuoso-opensource-7.2.7, /workspaces/P-TER/virtuoso-opensource-7.2.7/var/lib/virtuoso/db/fedup.ini, queries/q01j.sparql
    output: output/rdfs/Jena/q01j.2.csv, output/rdfs/Jena/q01j.2.json
    jobid: 29
    reason: Missing output files: output/rdfs/Jena/q01j.2.csv
    wildcards: workload=rdfs, query=q01j, run=2
    priority: 50
    resources: tmpdir=/tmp

[Tue Mar 11 20:40:44 2025]
Finished job 29.
46 of 181 steps (25%) done
Select jobs to execute...
Execute 1 jobs...

[Tue Mar 11 20:40:44 2025]
localrule run_sparql_query:
    input: /workspaces/P-TER/virtuoso-opensource-7.2.7, /workspaces/P-TER/virtuoso-opensource-7.2.7/var/lib/virtuoso/db/fedup.ini, queries/q01j.sparql
    output: output/rdfs/Jena/q01j.3.csv, output/rdfs/Jena/q01j.3.json
    jobid: 30
    reason: Missing output files: output/rdfs/Jena/q01j.3.csv
    wildcards: workload=rdfs, query=q01j, run=3
    priority: 50
    resources: tmpdir=/tmp

[Tue Mar 11 20:40:47 2025]
Finished job 30.
47 of 181 steps (26%) done
Select jobs to execute...
Execute 1 jobs...

[Tue Mar 11 20:40:47 2025]
localrule run_hefquin_query:
    input: /workspaces/P-TER/virtuoso-opensource-7.2.7, /workspaces/P-TER/virtuoso-opensource-7.2.7/var/lib/virtuoso/db/fedup.ini, queries/q01j.sparql
    output: output/rdfs/HefQuin/q01j.2.csv, output/rdfs/HefQuin/q01j.2.json
    jobid: 89
    reason: Missing output files: output/rdfs/HefQuin/q01j.2.csv
    wildcards: workload=rdfs, query=q01j, run=2
    priority: 50
    resources: tmpdir=/tmp

[Tue Mar 11 20:40:50 2025]
Finished job 89.
48 of 181 steps (27%) done
Select jobs to execute...
Execute 1 jobs...

[Tue Mar 11 20:40:50 2025]
localrule run_hefquin_query:
    input: /workspaces/P-TER/virtuoso-opensource-7.2.7, /workspaces/P-TER/virtuoso-opensource-7.2.7/var/lib/virtuoso/db/fedup.ini, queries/q01a.sparql
    output: output/rdfs/HefQuin/q01a.1.csv, output/rdfs/HefQuin/q01a.1.json
    jobid: 61
    reason: Missing output files: output/rdfs/HefQuin/q01a.1.csv
    wildcards: workload=rdfs, query=q01a, run=1
    priority: 50
    resources: tmpdir=/tmp

[Tue Mar 11 20:40:54 2025]
Finished job 61.
49 of 181 steps (27%) done
Select jobs to execute...
Execute 1 jobs...

[Tue Mar 11 20:40:54 2025]
localrule run_hefquin_query:
    input: /workspaces/P-TER/virtuoso-opensource-7.2.7, /workspaces/P-TER/virtuoso-opensource-7.2.7/var/lib/virtuoso/db/fedup.ini, queries/q01a.sparql
    output: output/rdfs/HefQuin/q01a.2.csv, output/rdfs/HefQuin/q01a.2.json
    jobid: 62
    reason: Missing output files: output/rdfs/HefQuin/q01a.2.csv
    wildcards: workload=rdfs, query=q01a, run=2
    priority: 50
    resources: tmpdir=/tmp

[Tue Mar 11 20:40:57 2025]
Finished job 62.
50 of 181 steps (28%) done
Select jobs to execute...
Execute 1 jobs...

[Tue Mar 11 20:40:57 2025]
localrule run_sparql_query:
    input: /workspaces/P-TER/virtuoso-opensource-7.2.7, /workspaces/P-TER/virtuoso-opensource-7.2.7/var/lib/virtuoso/db/fedup.ini, queries/q01a.sparql
    output: output/rdfs/Jena/q01a.1.csv, output/rdfs/Jena/q01a.1.json
    jobid: 1
    reason: Missing output files: output/rdfs/Jena/q01a.1.csv
    wildcards: workload=rdfs, query=q01a, run=1
    priority: 50
    resources: tmpdir=/tmp

[Tue Mar 11 20:41:01 2025]
Finished job 1.
51 of 181 steps (28%) done
Select jobs to execute...
Execute 1 jobs...

[Tue Mar 11 20:41:01 2025]
localrule run_sparql_query:
    input: /workspaces/P-TER/virtuoso-opensource-7.2.7, /workspaces/P-TER/virtuoso-opensource-7.2.7/var/lib/virtuoso/db/fedup.ini, queries/q01a.sparql
    output: output/rdfs/Jena/q01a.2.csv, output/rdfs/Jena/q01a.2.json
    jobid: 2
    reason: Missing output files: output/rdfs/Jena/q01a.2.csv
    wildcards: workload=rdfs, query=q01a, run=2
    priority: 50
    resources: tmpdir=/tmp

[Tue Mar 11 20:41:04 2025]
Finished job 2.
52 of 181 steps (29%) done
Select jobs to execute...
Execute 1 jobs...

[Tue Mar 11 20:41:04 2025]
localrule run_sparql_query:
    input: /workspaces/P-TER/virtuoso-opensource-7.2.7, /workspaces/P-TER/virtuoso-opensource-7.2.7/var/lib/virtuoso/db/fedup.ini, queries/q01a.sparql
    output: output/rdfs/Jena/q01a.3.csv, output/rdfs/Jena/q01a.3.json
    jobid: 3
    reason: Missing output files: output/rdfs/Jena/q01a.3.csv
    wildcards: workload=rdfs, query=q01a, run=3
    priority: 50
    resources: tmpdir=/tmp

[Tue Mar 11 20:41:08 2025]
Finished job 3.
53 of 181 steps (29%) done
Select jobs to execute...
Execute 1 jobs...

[Tue Mar 11 20:41:08 2025]
localrule run_hefquin_query:
    input: /workspaces/P-TER/virtuoso-opensource-7.2.7, /workspaces/P-TER/virtuoso-opensource-7.2.7/var/lib/virtuoso/db/fedup.ini, queries/q01a.sparql
    output: output/rdfs/HefQuin/q01a.3.csv, output/rdfs/HefQuin/q01a.3.json
    jobid: 63
    reason: Missing output files: output/rdfs/HefQuin/q01a.3.csv
    wildcards: workload=rdfs, query=q01a, run=3
    priority: 50
    resources: tmpdir=/tmp

[Tue Mar 11 20:41:11 2025]
Finished job 63.
54 of 181 steps (30%) done
Select jobs to execute...
Execute 1 jobs...

[Tue Mar 11 20:41:11 2025]
localrule run_hefquin_query:
    input: /workspaces/P-TER/virtuoso-opensource-7.2.7, /workspaces/P-TER/virtuoso-opensource-7.2.7/var/lib/virtuoso/db/fedup.ini, queries/q01g.sparql
    output: output/rdfs/HefQuin/q01g.3.csv, output/rdfs/HefQuin/q01g.3.json
    jobid: 81
    reason: Missing output files: output/rdfs/HefQuin/q01g.3.csv
    wildcards: workload=rdfs, query=q01g, run=3
    priority: 50
    resources: tmpdir=/tmp

[Tue Mar 11 20:41:15 2025]
Finished job 81.
55 of 181 steps (30%) done
Select jobs to execute...
Execute 1 jobs...

[Tue Mar 11 20:41:15 2025]
localrule run_sparql_query:
    input: /workspaces/P-TER/virtuoso-opensource-7.2.7, /workspaces/P-TER/virtuoso-opensource-7.2.7/var/lib/virtuoso/db/fedup.ini, queries/q01g.sparql
    output: output/rdfs/Jena/q01g.1.csv, output/rdfs/Jena/q01g.1.json
    jobid: 19
    reason: Missing output files: output/rdfs/Jena/q01g.1.csv
    wildcards: workload=rdfs, query=q01g, run=1
    priority: 50
    resources: tmpdir=/tmp

[Tue Mar 11 20:41:18 2025]
Finished job 19.
56 of 181 steps (31%) done
Select jobs to execute...
Execute 1 jobs...

[Tue Mar 11 20:41:18 2025]
localrule run_sparql_query:
    input: /workspaces/P-TER/virtuoso-opensource-7.2.7, /workspaces/P-TER/virtuoso-opensource-7.2.7/var/lib/virtuoso/db/fedup.ini, queries/q01g.sparql
    output: output/rdfs/Jena/q01g.3.csv, output/rdfs/Jena/q01g.3.json
    jobid: 21
    reason: Missing output files: output/rdfs/Jena/q01g.3.csv
    wildcards: workload=rdfs, query=q01g, run=3
    priority: 50
    resources: tmpdir=/tmp

[Tue Mar 11 20:41:22 2025]
Finished job 21.
57 of 181 steps (31%) done
Select jobs to execute...
Execute 1 jobs...

[Tue Mar 11 20:41:22 2025]
localrule run_hefquin_query:
    input: /workspaces/P-TER/virtuoso-opensource-7.2.7, /workspaces/P-TER/virtuoso-opensource-7.2.7/var/lib/virtuoso/db/fedup.ini, queries/q01g.sparql
    output: output/rdfs/HefQuin/q01g.2.csv, output/rdfs/HefQuin/q01g.2.json
    jobid: 80
    reason: Missing output files: output/rdfs/HefQuin/q01g.2.csv
    wildcards: workload=rdfs, query=q01g, run=2
    priority: 50
    resources: tmpdir=/tmp

[Tue Mar 11 20:41:25 2025]
Finished job 80.
58 of 181 steps (32%) done
Select jobs to execute...
Execute 1 jobs...

[Tue Mar 11 20:41:25 2025]
localrule run_hefquin_query:
    input: /workspaces/P-TER/virtuoso-opensource-7.2.7, /workspaces/P-TER/virtuoso-opensource-7.2.7/var/lib/virtuoso/db/fedup.ini, queries/q01g.sparql
    output: output/rdfs/HefQuin/q01g.1.csv, output/rdfs/HefQuin/q01g.1.json
    jobid: 79
    reason: Missing output files: output/rdfs/HefQuin/q01g.1.csv
    wildcards: workload=rdfs, query=q01g, run=1
    priority: 50
    resources: tmpdir=/tmp

[Tue Mar 11 20:41:28 2025]
Finished job 79.
59 of 181 steps (33%) done
Select jobs to execute...
Execute 1 jobs...

[Tue Mar 11 20:41:28 2025]
localrule run_sparql_query:
    input: /workspaces/P-TER/virtuoso-opensource-7.2.7, /workspaces/P-TER/virtuoso-opensource-7.2.7/var/lib/virtuoso/db/fedup.ini, queries/q01g.sparql
    output: output/rdfs/Jena/q01g.2.csv, output/rdfs/Jena/q01g.2.json
    jobid: 20
    reason: Missing output files: output/rdfs/Jena/q01g.2.csv
    wildcards: workload=rdfs, query=q01g, run=2
    priority: 50
    resources: tmpdir=/tmp

[Tue Mar 11 20:41:32 2025]
Finished job 20.
60 of 181 steps (33%) done
Select jobs to execute...
Execute 1 jobs...

[Tue Mar 11 20:41:32 2025]
localrule run_sparql_query:
    input: /workspaces/P-TER/virtuoso-opensource-7.2.7, /workspaces/P-TER/virtuoso-opensource-7.2.7/var/lib/virtuoso/db/fedup.ini, queries/q01h.sparql
    output: output/rdfs/Jena/q01h.1.csv, output/rdfs/Jena/q01h.1.json
    jobid: 22
    reason: Missing output files: output/rdfs/Jena/q01h.1.csv
    wildcards: workload=rdfs, query=q01h, run=1
    priority: 50
    resources: tmpdir=/tmp

[Tue Mar 11 20:41:35 2025]
Finished job 22.
61 of 181 steps (34%) done
Select jobs to execute...
Execute 1 jobs...

[Tue Mar 11 20:41:35 2025]
localrule run_hefquin_query:
    input: /workspaces/P-TER/virtuoso-opensource-7.2.7, /workspaces/P-TER/virtuoso-opensource-7.2.7/var/lib/virtuoso/db/fedup.ini, queries/q01h.sparql
    output: output/rdfs/HefQuin/q01h.3.csv, output/rdfs/HefQuin/q01h.3.json
    jobid: 84
    reason: Missing output files: output/rdfs/HefQuin/q01h.3.csv
    wildcards: workload=rdfs, query=q01h, run=3
    priority: 50
    resources: tmpdir=/tmp

[Tue Mar 11 20:41:39 2025]
Finished job 84.
62 of 181 steps (34%) done
Select jobs to execute...
Execute 1 jobs...

[Tue Mar 11 20:41:39 2025]
localrule run_hefquin_query:
    input: /workspaces/P-TER/virtuoso-opensource-7.2.7, /workspaces/P-TER/virtuoso-opensource-7.2.7/var/lib/virtuoso/db/fedup.ini, queries/q01h.sparql
    output: output/rdfs/HefQuin/q01h.2.csv, output/rdfs/HefQuin/q01h.2.json
    jobid: 83
    reason: Missing output files: output/rdfs/HefQuin/q01h.2.csv
    wildcards: workload=rdfs, query=q01h, run=2
    priority: 50
    resources: tmpdir=/tmp

[Tue Mar 11 20:41:42 2025]
Finished job 83.
63 of 181 steps (35%) done
Select jobs to execute...
Execute 1 jobs...

[Tue Mar 11 20:41:42 2025]
localrule run_sparql_query:
    input: /workspaces/P-TER/virtuoso-opensource-7.2.7, /workspaces/P-TER/virtuoso-opensource-7.2.7/var/lib/virtuoso/db/fedup.ini, queries/q01h.sparql
    output: output/rdfs/Jena/q01h.3.csv, output/rdfs/Jena/q01h.3.json
    jobid: 24
    reason: Missing output files: output/rdfs/Jena/q01h.3.csv
    wildcards: workload=rdfs, query=q01h, run=3
    priority: 50
    resources: tmpdir=/tmp

[Tue Mar 11 20:41:46 2025]
Finished job 24.
64 of 181 steps (35%) done
Select jobs to execute...
Execute 1 jobs...

[Tue Mar 11 20:41:46 2025]
localrule run_sparql_query:
    input: /workspaces/P-TER/virtuoso-opensource-7.2.7, /workspaces/P-TER/virtuoso-opensource-7.2.7/var/lib/virtuoso/db/fedup.ini, queries/q01h.sparql
    output: output/rdfs/Jena/q01h.2.csv, output/rdfs/Jena/q01h.2.json
    jobid: 23
    reason: Missing output files: output/rdfs/Jena/q01h.2.csv
    wildcards: workload=rdfs, query=q01h, run=2
    priority: 50
    resources: tmpdir=/tmp

[Tue Mar 11 20:41:49 2025]
Finished job 23.
65 of 181 steps (36%) done
Select jobs to execute...
Execute 1 jobs...

[Tue Mar 11 20:41:49 2025]
localrule run_hefquin_query:
    input: /workspaces/P-TER/virtuoso-opensource-7.2.7, /workspaces/P-TER/virtuoso-opensource-7.2.7/var/lib/virtuoso/db/fedup.ini, queries/q01h.sparql
    output: output/rdfs/HefQuin/q01h.1.csv, output/rdfs/HefQuin/q01h.1.json
    jobid: 82
    reason: Missing output files: output/rdfs/HefQuin/q01h.1.csv
    wildcards: workload=rdfs, query=q01h, run=1
    priority: 50
    resources: tmpdir=/tmp

[Tue Mar 11 20:41:52 2025]
Finished job 82.
66 of 181 steps (36%) done
Select jobs to execute...
Execute 1 jobs...

[Tue Mar 11 20:41:52 2025]
localrule run_hefquin_query:
    input: /workspaces/P-TER/virtuoso-opensource-7.2.7, /workspaces/P-TER/virtuoso-opensource-7.2.7/var/lib/virtuoso/db/fedup.ini, queries/q01e.sparql
    output: output/rdfs/HefQuin/q01e.2.csv, output/rdfs/HefQuin/q01e.2.json
    jobid: 74
    reason: Missing output files: output/rdfs/HefQuin/q01e.2.csv
    wildcards: workload=rdfs, query=q01e, run=2
    priority: 50
    resources: tmpdir=/tmp

[Tue Mar 11 20:41:56 2025]
Finished job 74.
67 of 181 steps (37%) done
Select jobs to execute...
Execute 1 jobs...

[Tue Mar 11 20:41:56 2025]
localrule run_sparql_query:
    input: /workspaces/P-TER/virtuoso-opensource-7.2.7, /workspaces/P-TER/virtuoso-opensource-7.2.7/var/lib/virtuoso/db/fedup.ini, queries/q01e.sparql
    output: output/rdfs/Jena/q01e.2.csv, output/rdfs/Jena/q01e.2.json
    jobid: 14
    reason: Missing output files: output/rdfs/Jena/q01e.2.csv
    wildcards: workload=rdfs, query=q01e, run=2
    priority: 50
    resources: tmpdir=/tmp

[Tue Mar 11 20:41:59 2025]
Finished job 14.
68 of 181 steps (38%) done
Select jobs to execute...
Execute 1 jobs...

[Tue Mar 11 20:41:59 2025]
localrule run_hefquin_query:
    input: /workspaces/P-TER/virtuoso-opensource-7.2.7, /workspaces/P-TER/virtuoso-opensource-7.2.7/var/lib/virtuoso/db/fedup.ini, queries/q01e.sparql
    output: output/rdfs/HefQuin/q01e.1.csv, output/rdfs/HefQuin/q01e.1.json
    jobid: 73
    reason: Missing output files: output/rdfs/HefQuin/q01e.1.csv
    wildcards: workload=rdfs, query=q01e, run=1
    priority: 50
    resources: tmpdir=/tmp

[Tue Mar 11 20:42:03 2025]
Finished job 73.
69 of 181 steps (38%) done
Select jobs to execute...
Execute 1 jobs...

[Tue Mar 11 20:42:03 2025]
localrule run_sparql_query:
    input: /workspaces/P-TER/virtuoso-opensource-7.2.7, /workspaces/P-TER/virtuoso-opensource-7.2.7/var/lib/virtuoso/db/fedup.ini, queries/q01e.sparql
    output: output/rdfs/Jena/q01e.1.csv, output/rdfs/Jena/q01e.1.json
    jobid: 13
    reason: Missing output files: output/rdfs/Jena/q01e.1.csv
    wildcards: workload=rdfs, query=q01e, run=1
    priority: 50
    resources: tmpdir=/tmp

[Tue Mar 11 20:42:06 2025]
Finished job 13.
70 of 181 steps (39%) done
Select jobs to execute...
Execute 1 jobs...

[Tue Mar 11 20:42:06 2025]
localrule run_hefquin_query:
    input: /workspaces/P-TER/virtuoso-opensource-7.2.7, /workspaces/P-TER/virtuoso-opensource-7.2.7/var/lib/virtuoso/db/fedup.ini, queries/q01e.sparql
    output: output/rdfs/HefQuin/q01e.3.csv, output/rdfs/HefQuin/q01e.3.json
    jobid: 75
    reason: Missing output files: output/rdfs/HefQuin/q01e.3.csv
    wildcards: workload=rdfs, query=q01e, run=3
    priority: 50
    resources: tmpdir=/tmp

[Tue Mar 11 20:42:10 2025]
Finished job 75.
71 of 181 steps (39%) done
Select jobs to execute...
Execute 1 jobs...

[Tue Mar 11 20:42:10 2025]
localrule run_sparql_query:
    input: /workspaces/P-TER/virtuoso-opensource-7.2.7, /workspaces/P-TER/virtuoso-opensource-7.2.7/var/lib/virtuoso/db/fedup.ini, queries/q01e.sparql
    output: output/rdfs/Jena/q01e.3.csv, output/rdfs/Jena/q01e.3.json
    jobid: 15
    reason: Missing output files: output/rdfs/Jena/q01e.3.csv
    wildcards: workload=rdfs, query=q01e, run=3
    priority: 50
    resources: tmpdir=/tmp

[Tue Mar 11 20:42:13 2025]
Finished job 15.
72 of 181 steps (40%) done
Select jobs to execute...
Execute 1 jobs...

[Tue Mar 11 20:42:13 2025]
localrule run_hefquin_query:
    input: /workspaces/P-TER/virtuoso-opensource-7.2.7, /workspaces/P-TER/virtuoso-opensource-7.2.7/var/lib/virtuoso/db/fedup.ini, queries/q01f.sparql
    output: output/rdfs/HefQuin/q01f.3.csv, output/rdfs/HefQuin/q01f.3.json
    jobid: 78
    reason: Missing output files: output/rdfs/HefQuin/q01f.3.csv
    wildcards: workload=rdfs, query=q01f, run=3
    priority: 50
    resources: tmpdir=/tmp

[Tue Mar 11 20:42:16 2025]
Finished job 78.
73 of 181 steps (40%) done
Select jobs to execute...
Execute 1 jobs...

[Tue Mar 11 20:42:16 2025]
localrule run_sparql_query:
    input: /workspaces/P-TER/virtuoso-opensource-7.2.7, /workspaces/P-TER/virtuoso-opensource-7.2.7/var/lib/virtuoso/db/fedup.ini, queries/q01f.sparql
    output: output/rdfs/Jena/q01f.1.csv, output/rdfs/Jena/q01f.1.json
    jobid: 16
    reason: Missing output files: output/rdfs/Jena/q01f.1.csv
    wildcards: workload=rdfs, query=q01f, run=1
    priority: 50
    resources: tmpdir=/tmp

[Tue Mar 11 20:42:20 2025]
Finished job 16.
74 of 181 steps (41%) done
Select jobs to execute...
Execute 1 jobs...

[Tue Mar 11 20:42:20 2025]
localrule run_hefquin_query:
    input: /workspaces/P-TER/virtuoso-opensource-7.2.7, /workspaces/P-TER/virtuoso-opensource-7.2.7/var/lib/virtuoso/db/fedup.ini, queries/q01f.sparql
    output: output/rdfs/HefQuin/q01f.1.csv, output/rdfs/HefQuin/q01f.1.json
    jobid: 76
    reason: Missing output files: output/rdfs/HefQuin/q01f.1.csv
    wildcards: workload=rdfs, query=q01f, run=1
    priority: 50
    resources: tmpdir=/tmp

[Tue Mar 11 20:42:23 2025]
Finished job 76.
75 of 181 steps (41%) done
Select jobs to execute...
Execute 1 jobs...

[Tue Mar 11 20:42:23 2025]
localrule run_hefquin_query:
    input: /workspaces/P-TER/virtuoso-opensource-7.2.7, /workspaces/P-TER/virtuoso-opensource-7.2.7/var/lib/virtuoso/db/fedup.ini, queries/q01f.sparql
    output: output/rdfs/HefQuin/q01f.2.csv, output/rdfs/HefQuin/q01f.2.json
    jobid: 77
    reason: Missing output files: output/rdfs/HefQuin/q01f.2.csv
    wildcards: workload=rdfs, query=q01f, run=2
    priority: 50
    resources: tmpdir=/tmp

[Tue Mar 11 20:42:27 2025]
Finished job 77.
76 of 181 steps (42%) done
Select jobs to execute...
Execute 1 jobs...

[Tue Mar 11 20:42:27 2025]
localrule run_sparql_query:
    input: /workspaces/P-TER/virtuoso-opensource-7.2.7, /workspaces/P-TER/virtuoso-opensource-7.2.7/var/lib/virtuoso/db/fedup.ini, queries/q01f.sparql
    output: output/rdfs/Jena/q01f.2.csv, output/rdfs/Jena/q01f.2.json
    jobid: 17
    reason: Missing output files: output/rdfs/Jena/q01f.2.csv
    wildcards: workload=rdfs, query=q01f, run=2
    priority: 50
    resources: tmpdir=/tmp

[Tue Mar 11 20:42:30 2025]
Finished job 17.
77 of 181 steps (43%) done
Select jobs to execute...
Execute 1 jobs...

[Tue Mar 11 20:42:30 2025]
localrule run_sparql_query:
    input: /workspaces/P-TER/virtuoso-opensource-7.2.7, /workspaces/P-TER/virtuoso-opensource-7.2.7/var/lib/virtuoso/db/fedup.ini, queries/q01f.sparql
    output: output/rdfs/Jena/q01f.3.csv, output/rdfs/Jena/q01f.3.json
    jobid: 18
    reason: Missing output files: output/rdfs/Jena/q01f.3.csv
    wildcards: workload=rdfs, query=q01f, run=3
    priority: 50
    resources: tmpdir=/tmp

[Tue Mar 11 20:42:34 2025]
Finished job 18.
78 of 181 steps (43%) done
Select jobs to execute...
Execute 1 jobs...

[Tue Mar 11 20:42:34 2025]
localrule run_hefquin_query:
    input: /workspaces/P-TER/virtuoso-opensource-7.2.7, /workspaces/P-TER/virtuoso-opensource-7.2.7/var/lib/virtuoso/db/fedup.ini, queries/q01c.sparql
    output: output/rdfs/HefQuin/q01c.1.csv, output/rdfs/HefQuin/q01c.1.json
    jobid: 67
    reason: Missing output files: output/rdfs/HefQuin/q01c.1.csv
    wildcards: workload=rdfs, query=q01c, run=1
    priority: 50
    resources: tmpdir=/tmp

[Tue Mar 11 20:42:37 2025]
Finished job 67.
79 of 181 steps (44%) done
Select jobs to execute...
Execute 1 jobs...

[Tue Mar 11 20:42:37 2025]
localrule run_sparql_query:
    input: /workspaces/P-TER/virtuoso-opensource-7.2.7, /workspaces/P-TER/virtuoso-opensource-7.2.7/var/lib/virtuoso/db/fedup.ini, queries/q01c.sparql
    output: output/rdfs/Jena/q01c.2.csv, output/rdfs/Jena/q01c.2.json
    jobid: 8
    reason: Missing output files: output/rdfs/Jena/q01c.2.csv
    wildcards: workload=rdfs, query=q01c, run=2
    priority: 50
    resources: tmpdir=/tmp

[Tue Mar 11 20:42:41 2025]
Finished job 8.
80 of 181 steps (44%) done
Select jobs to execute...
Execute 1 jobs...

[Tue Mar 11 20:42:41 2025]
localrule run_hefquin_query:
    input: /workspaces/P-TER/virtuoso-opensource-7.2.7, /workspaces/P-TER/virtuoso-opensource-7.2.7/var/lib/virtuoso/db/fedup.ini, queries/q01c.sparql
    output: output/rdfs/HefQuin/q01c.3.csv, output/rdfs/HefQuin/q01c.3.json
    jobid: 69
    reason: Missing output files: output/rdfs/HefQuin/q01c.3.csv
    wildcards: workload=rdfs, query=q01c, run=3
    priority: 50
    resources: tmpdir=/tmp

[Tue Mar 11 20:42:44 2025]
Finished job 69.
81 of 181 steps (45%) done
Select jobs to execute...
Execute 1 jobs...

[Tue Mar 11 20:42:44 2025]
localrule run_sparql_query:
    input: /workspaces/P-TER/virtuoso-opensource-7.2.7, /workspaces/P-TER/virtuoso-opensource-7.2.7/var/lib/virtuoso/db/fedup.ini, queries/q01c.sparql
    output: output/rdfs/Jena/q01c.1.csv, output/rdfs/Jena/q01c.1.json
    jobid: 7
    reason: Missing output files: output/rdfs/Jena/q01c.1.csv
    wildcards: workload=rdfs, query=q01c, run=1
    priority: 50
    resources: tmpdir=/tmp

[Tue Mar 11 20:42:48 2025]
Finished job 7.
82 of 181 steps (45%) done
Select jobs to execute...
Execute 1 jobs...

[Tue Mar 11 20:42:48 2025]
localrule run_sparql_query:
    input: /workspaces/P-TER/virtuoso-opensource-7.2.7, /workspaces/P-TER/virtuoso-opensource-7.2.7/var/lib/virtuoso/db/fedup.ini, queries/q01c.sparql
    output: output/rdfs/Jena/q01c.3.csv, output/rdfs/Jena/q01c.3.json
    jobid: 9
    reason: Missing output files: output/rdfs/Jena/q01c.3.csv
    wildcards: workload=rdfs, query=q01c, run=3
    priority: 50
    resources: tmpdir=/tmp

[Tue Mar 11 20:42:51 2025]
Finished job 9.
83 of 181 steps (46%) done
Select jobs to execute...
Execute 1 jobs...

[Tue Mar 11 20:42:51 2025]
localrule run_hefquin_query:
    input: /workspaces/P-TER/virtuoso-opensource-7.2.7, /workspaces/P-TER/virtuoso-opensource-7.2.7/var/lib/virtuoso/db/fedup.ini, queries/q01c.sparql
    output: output/rdfs/HefQuin/q01c.2.csv, output/rdfs/HefQuin/q01c.2.json
    jobid: 68
    reason: Missing output files: output/rdfs/HefQuin/q01c.2.csv
    wildcards: workload=rdfs, query=q01c, run=2
    priority: 50
    resources: tmpdir=/tmp

[Tue Mar 11 20:42:54 2025]
Finished job 68.
84 of 181 steps (46%) done
Select jobs to execute...
Execute 1 jobs...

[Tue Mar 11 20:42:54 2025]
localrule run_sparql_query:
    input: /workspaces/P-TER/virtuoso-opensource-7.2.7, /workspaces/P-TER/virtuoso-opensource-7.2.7/var/lib/virtuoso/db/fedup.ini, queries/q01i.sparql
    output: output/rdfs/Jena/q01i.1.csv, output/rdfs/Jena/q01i.1.json
    jobid: 25
    reason: Missing output files: output/rdfs/Jena/q01i.1.csv
    wildcards: workload=rdfs, query=q01i, run=1
    priority: 50
    resources: tmpdir=/tmp

[Tue Mar 11 20:42:58 2025]
Finished job 25.
85 of 181 steps (47%) done
Select jobs to execute...
Execute 1 jobs...

[Tue Mar 11 20:42:58 2025]
localrule run_hefquin_query:
    input: /workspaces/P-TER/virtuoso-opensource-7.2.7, /workspaces/P-TER/virtuoso-opensource-7.2.7/var/lib/virtuoso/db/fedup.ini, queries/q01i.sparql
    output: output/rdfs/HefQuin/q01i.2.csv, output/rdfs/HefQuin/q01i.2.json
    jobid: 86
    reason: Missing output files: output/rdfs/HefQuin/q01i.2.csv
    wildcards: workload=rdfs, query=q01i, run=2
    priority: 50
    resources: tmpdir=/tmp

[Tue Mar 11 20:43:01 2025]
Finished job 86.
86 of 181 steps (48%) done
Select jobs to execute...
Execute 1 jobs...

[Tue Mar 11 20:43:01 2025]
localrule run_hefquin_query:
    input: /workspaces/P-TER/virtuoso-opensource-7.2.7, /workspaces/P-TER/virtuoso-opensource-7.2.7/var/lib/virtuoso/db/fedup.ini, queries/q01i.sparql
    output: output/rdfs/HefQuin/q01i.3.csv, output/rdfs/HefQuin/q01i.3.json
    jobid: 87
    reason: Missing output files: output/rdfs/HefQuin/q01i.3.csv
    wildcards: workload=rdfs, query=q01i, run=3
    priority: 50
    resources: tmpdir=/tmp

[Tue Mar 11 20:43:05 2025]
Finished job 87.
87 of 181 steps (48%) done
Select jobs to execute...
Execute 1 jobs...

[Tue Mar 11 20:43:05 2025]
localrule run_sparql_query:
    input: /workspaces/P-TER/virtuoso-opensource-7.2.7, /workspaces/P-TER/virtuoso-opensource-7.2.7/var/lib/virtuoso/db/fedup.ini, queries/q01i.sparql
    output: output/rdfs/Jena/q01i.3.csv, output/rdfs/Jena/q01i.3.json
    jobid: 27
    reason: Missing output files: output/rdfs/Jena/q01i.3.csv
    wildcards: workload=rdfs, query=q01i, run=3
    priority: 50
    resources: tmpdir=/tmp

[Tue Mar 11 20:43:08 2025]
Finished job 27.
88 of 181 steps (49%) done
Select jobs to execute...
Execute 1 jobs...

[Tue Mar 11 20:43:08 2025]
localrule run_sparql_query:
    input: /workspaces/P-TER/virtuoso-opensource-7.2.7, /workspaces/P-TER/virtuoso-opensource-7.2.7/var/lib/virtuoso/db/fedup.ini, queries/q01i.sparql
    output: output/rdfs/Jena/q01i.2.csv, output/rdfs/Jena/q01i.2.json
    jobid: 26
    reason: Missing output files: output/rdfs/Jena/q01i.2.csv
    wildcards: workload=rdfs, query=q01i, run=2
    priority: 50
    resources: tmpdir=/tmp

[Tue Mar 11 20:43:12 2025]
Finished job 26.
89 of 181 steps (49%) done
Select jobs to execute...
Execute 1 jobs...

[Tue Mar 11 20:43:12 2025]
localrule run_hefquin_query:
    input: /workspaces/P-TER/virtuoso-opensource-7.2.7, /workspaces/P-TER/virtuoso-opensource-7.2.7/var/lib/virtuoso/db/fedup.ini, queries/q01i.sparql
    output: output/rdfs/HefQuin/q01i.1.csv, output/rdfs/HefQuin/q01i.1.json
    jobid: 85
    reason: Missing output files: output/rdfs/HefQuin/q01i.1.csv
    wildcards: workload=rdfs, query=q01i, run=1
    priority: 50
    resources: tmpdir=/tmp

[Tue Mar 11 20:43:15 2025]
Finished job 85.
90 of 181 steps (50%) done
Select jobs to execute...
Execute 1 jobs...

[Tue Mar 11 20:43:15 2025]
localrule run_Fedup_HefQuin_query:
    input: /workspaces/P-TER/virtuoso-opensource-7.2.7, /workspaces/P-TER/virtuoso-opensource-7.2.7/var/lib/virtuoso/db/fedup.ini, /workspaces/P-TER/fedup-queries/q01c.sparql
    output: output/rdfs/FedUp-HefQuin/q01c.1.csv, output/rdfs/FedUp-HefQuin/q01c.1.json
    jobid: 127
    reason: Missing output files: output/rdfs/FedUp-HefQuin/q01c.1.csv
    wildcards: workload=rdfs, query=q01c, run=1
    priority: 50
    resources: tmpdir=/tmp

[Tue Mar 11 20:43:24 2025]
Finished job 127.
91 of 181 steps (50%) done
Select jobs to execute...
Execute 1 jobs...

[Tue Mar 11 20:43:24 2025]
localrule run_Fedup_HefQuin_query:
    input: /workspaces/P-TER/virtuoso-opensource-7.2.7, /workspaces/P-TER/virtuoso-opensource-7.2.7/var/lib/virtuoso/db/fedup.ini, /workspaces/P-TER/fedup-queries/q01b.sparql
    output: output/rdfs/FedUp-HefQuin/q01b.1.csv, output/rdfs/FedUp-HefQuin/q01b.1.json
    jobid: 124
    reason: Missing output files: output/rdfs/FedUp-HefQuin/q01b.1.csv
    wildcards: workload=rdfs, query=q01b, run=1
    priority: 50
    resources: tmpdir=/tmp

[Tue Mar 11 20:43:34 2025]
Finished job 124.
92 of 181 steps (51%) done
Select jobs to execute...
Execute 1 jobs...

[Tue Mar 11 20:43:34 2025]
localrule run_Fedup_FedX_query:
    input: /workspaces/P-TER/virtuoso-opensource-7.2.7, /workspaces/P-TER/virtuoso-opensource-7.2.7/var/lib/virtuoso/db/fedup.ini, fedup-queries/q01b.sparql
    output: output/rdfs/FedUp-FedX/q01b.1.csv, output/rdfs/FedUp-FedX/q01b.1.json
    jobid: 94
    reason: Missing output files: output/rdfs/FedUp-FedX/q01b.1.csv
    wildcards: workload=rdfs, query=q01b, run=1
    priority: 50
    resources: tmpdir=/tmp

[Tue Mar 11 20:43:44 2025]
Finished job 94.
93 of 181 steps (51%) done
Select jobs to execute...
Execute 1 jobs...

[Tue Mar 11 20:43:44 2025]
localrule run_Fedup_FedX_query:
    input: /workspaces/P-TER/virtuoso-opensource-7.2.7, /workspaces/P-TER/virtuoso-opensource-7.2.7/var/lib/virtuoso/db/fedup.ini, fedup-queries/q01c.sparql
    output: output/rdfs/FedUp-FedX/q01c.1.csv, output/rdfs/FedUp-FedX/q01c.1.json
    jobid: 97
    reason: Missing output files: output/rdfs/FedUp-FedX/q01c.1.csv
    wildcards: workload=rdfs, query=q01c, run=1
    priority: 50
    resources: tmpdir=/tmp

[Tue Mar 11 20:45:16 2025]
Finished job 97.
94 of 181 steps (52%) done
Select jobs to execute...
Execute 1 jobs...

[Tue Mar 11 20:45:16 2025]
localrule run_Fedup_FedX_query:
    input: /workspaces/P-TER/virtuoso-opensource-7.2.7, /workspaces/P-TER/virtuoso-opensource-7.2.7/var/lib/virtuoso/db/fedup.ini, fedup-queries/q01b.sparql
    output: output/rdfs/FedUp-FedX/q01b.2.csv, output/rdfs/FedUp-FedX/q01b.2.json
    jobid: 95
    reason: Missing output files: output/rdfs/FedUp-FedX/q01b.2.csv
    wildcards: workload=rdfs, query=q01b, run=2
    priority: 50
    resources: tmpdir=/tmp

[Tue Mar 11 20:45:27 2025]
Finished job 95.
95 of 181 steps (52%) done
Select jobs to execute...
Execute 1 jobs...

[Tue Mar 11 20:45:27 2025]
localrule run_Fedup_FedX_query:
    input: /workspaces/P-TER/virtuoso-opensource-7.2.7, /workspaces/P-TER/virtuoso-opensource-7.2.7/var/lib/virtuoso/db/fedup.ini, fedup-queries/q01c.sparql
    output: output/rdfs/FedUp-FedX/q01c.2.csv, output/rdfs/FedUp-FedX/q01c.2.json
    jobid: 98
    reason: Missing output files: output/rdfs/FedUp-FedX/q01c.2.csv
    wildcards: workload=rdfs, query=q01c, run=2
    priority: 50
    resources: tmpdir=/tmp

[Tue Mar 11 20:45:37 2025]
Finished job 98.
96 of 181 steps (53%) done
Select jobs to execute...
Execute 1 jobs...

[Tue Mar 11 20:45:37 2025]
localrule run_Fedup_HefQuin_query:
    input: /workspaces/P-TER/virtuoso-opensource-7.2.7, /workspaces/P-TER/virtuoso-opensource-7.2.7/var/lib/virtuoso/db/fedup.ini, /workspaces/P-TER/fedup-queries/q01c.sparql
    output: output/rdfs/FedUp-HefQuin/q01c.3.csv, output/rdfs/FedUp-HefQuin/q01c.3.json
    jobid: 129
    reason: Missing output files: output/rdfs/FedUp-HefQuin/q01c.3.csv
    wildcards: workload=rdfs, query=q01c, run=3
    priority: 50
    resources: tmpdir=/tmp

[Tue Mar 11 20:45:47 2025]
Finished job 129.
97 of 181 steps (54%) done
Select jobs to execute...
Execute 1 jobs...

[Tue Mar 11 20:45:47 2025]
localrule run_Fedup_FedX_query:
    input: /workspaces/P-TER/virtuoso-opensource-7.2.7, /workspaces/P-TER/virtuoso-opensource-7.2.7/var/lib/virtuoso/db/fedup.ini, fedup-queries/q01b.sparql
    output: output/rdfs/FedUp-FedX/q01b.3.csv, output/rdfs/FedUp-FedX/q01b.3.json
    jobid: 96
    reason: Missing output files: output/rdfs/FedUp-FedX/q01b.3.csv
    wildcards: workload=rdfs, query=q01b, run=3
    priority: 50
    resources: tmpdir=/tmp

[Tue Mar 11 20:45:57 2025]
Finished job 96.
98 of 181 steps (54%) done
Select jobs to execute...
Execute 1 jobs...

[Tue Mar 11 20:45:57 2025]
localrule run_Fedup_FedX_query:
    input: /workspaces/P-TER/virtuoso-opensource-7.2.7, /workspaces/P-TER/virtuoso-opensource-7.2.7/var/lib/virtuoso/db/fedup.ini, fedup-queries/q01c.sparql
    output: output/rdfs/FedUp-FedX/q01c.3.csv, output/rdfs/FedUp-FedX/q01c.3.json
    jobid: 99
    reason: Missing output files: output/rdfs/FedUp-FedX/q01c.3.csv
    wildcards: workload=rdfs, query=q01c, run=3
    priority: 50
    resources: tmpdir=/tmp

[Tue Mar 11 20:46:08 2025]
Finished job 99.
99 of 181 steps (55%) done
Select jobs to execute...
Execute 1 jobs...

[Tue Mar 11 20:46:08 2025]
localrule run_Fedup_HefQuin_query:
    input: /workspaces/P-TER/virtuoso-opensource-7.2.7, /workspaces/P-TER/virtuoso-opensource-7.2.7/var/lib/virtuoso/db/fedup.ini, /workspaces/P-TER/fedup-queries/q01b.sparql
    output: output/rdfs/FedUp-HefQuin/q01b.3.csv, output/rdfs/FedUp-HefQuin/q01b.3.json
    jobid: 126
    reason: Missing output files: output/rdfs/FedUp-HefQuin/q01b.3.csv
    wildcards: workload=rdfs, query=q01b, run=3
    priority: 50
    resources: tmpdir=/tmp

[Tue Mar 11 20:46:17 2025]
Finished job 126.
100 of 181 steps (55%) done
Select jobs to execute...
Execute 1 jobs...

[Tue Mar 11 20:46:17 2025]
localrule run_Fedup_HefQuin_query:
    input: /workspaces/P-TER/virtuoso-opensource-7.2.7, /workspaces/P-TER/virtuoso-opensource-7.2.7/var/lib/virtuoso/db/fedup.ini, /workspaces/P-TER/fedup-queries/q01b.sparql
    output: output/rdfs/FedUp-HefQuin/q01b.2.csv, output/rdfs/FedUp-HefQuin/q01b.2.json
    jobid: 125
    reason: Missing output files: output/rdfs/FedUp-HefQuin/q01b.2.csv
    wildcards: workload=rdfs, query=q01b, run=2
    priority: 50
    resources: tmpdir=/tmp

[Tue Mar 11 20:46:26 2025]
Finished job 125.
101 of 181 steps (56%) done
Select jobs to execute...
Execute 1 jobs...

[Tue Mar 11 20:46:26 2025]
localrule run_Fedup_HefQuin_query:
    input: /workspaces/P-TER/virtuoso-opensource-7.2.7, /workspaces/P-TER/virtuoso-opensource-7.2.7/var/lib/virtuoso/db/fedup.ini, /workspaces/P-TER/fedup-queries/q01c.sparql
    output: output/rdfs/FedUp-HefQuin/q01c.2.csv, output/rdfs/FedUp-HefQuin/q01c.2.json
    jobid: 128
    reason: Missing output files: output/rdfs/FedUp-HefQuin/q01c.2.csv
    wildcards: workload=rdfs, query=q01c, run=2
    priority: 50
    resources: tmpdir=/tmp

[Tue Mar 11 20:46:36 2025]
Finished job 128.
102 of 181 steps (56%) done
Select jobs to execute...
Execute 1 jobs...

[Tue Mar 11 20:46:36 2025]
localrule run_Fedup_HefQuin_query:
    input: /workspaces/P-TER/virtuoso-opensource-7.2.7, /workspaces/P-TER/virtuoso-opensource-7.2.7/var/lib/virtuoso/db/fedup.ini, /workspaces/P-TER/fedup-queries/q01h.sparql
    output: output/rdfs/FedUp-HefQuin/q01h.1.csv, output/rdfs/FedUp-HefQuin/q01h.1.json
    jobid: 142
    reason: Missing output files: output/rdfs/FedUp-HefQuin/q01h.1.csv
    wildcards: workload=rdfs, query=q01h, run=1
    priority: 50
    resources: tmpdir=/tmp

[Tue Mar 11 20:46:45 2025]
Finished job 142.
103 of 181 steps (57%) done
Select jobs to execute...
Execute 1 jobs...

[Tue Mar 11 20:46:45 2025]
localrule run_Fedup_FedX_query:
    input: /workspaces/P-TER/virtuoso-opensource-7.2.7, /workspaces/P-TER/virtuoso-opensource-7.2.7/var/lib/virtuoso/db/fedup.ini, fedup-queries/q01g.sparql
    output: output/rdfs/FedUp-FedX/q01g.3.csv, output/rdfs/FedUp-FedX/q01g.3.json
    jobid: 111
    reason: Missing output files: output/rdfs/FedUp-FedX/q01g.3.csv
    wildcards: workload=rdfs, query=q01g, run=3
    priority: 50
    resources: tmpdir=/tmp

[Tue Mar 11 20:46:52 2025]
Finished job 111.
104 of 181 steps (57%) done
Select jobs to execute...
Execute 1 jobs...

[Tue Mar 11 20:46:52 2025]
localrule run_Fedup_FedX_query:
    input: /workspaces/P-TER/virtuoso-opensource-7.2.7, /workspaces/P-TER/virtuoso-opensource-7.2.7/var/lib/virtuoso/db/fedup.ini, fedup-queries/q01e.sparql
    output: output/rdfs/FedUp-FedX/q01e.3.csv, output/rdfs/FedUp-FedX/q01e.3.json
    jobid: 105
    reason: Missing output files: output/rdfs/FedUp-FedX/q01e.3.csv
    wildcards: workload=rdfs, query=q01e, run=3
    priority: 50
    resources: tmpdir=/tmp

[Tue Mar 11 20:47:30 2025]
Finished job 105.
105 of 181 steps (58%) done
Select jobs to execute...
Execute 1 jobs...

[Tue Mar 11 20:47:30 2025]
localrule run_Fedup_FedX_query:
    input: /workspaces/P-TER/virtuoso-opensource-7.2.7, /workspaces/P-TER/virtuoso-opensource-7.2.7/var/lib/virtuoso/db/fedup.ini, fedup-queries/q01h.sparql
    output: output/rdfs/FedUp-FedX/q01h.2.csv, output/rdfs/FedUp-FedX/q01h.2.json
    jobid: 113
    reason: Missing output files: output/rdfs/FedUp-FedX/q01h.2.csv
    wildcards: workload=rdfs, query=q01h, run=2
    priority: 50
    resources: tmpdir=/tmp

[Tue Mar 11 20:47:40 2025]
Finished job 113.
106 of 181 steps (59%) done
Select jobs to execute...
Execute 1 jobs...

[Tue Mar 11 20:47:40 2025]
localrule run_Fedup_FedX_query:
    input: /workspaces/P-TER/virtuoso-opensource-7.2.7, /workspaces/P-TER/virtuoso-opensource-7.2.7/var/lib/virtuoso/db/fedup.ini, fedup-queries/q01j.sparql
    output: output/rdfs/FedUp-FedX/q01j.2.csv, output/rdfs/FedUp-FedX/q01j.2.json
    jobid: 119
    reason: Missing output files: output/rdfs/FedUp-FedX/q01j.2.csv
    wildcards: workload=rdfs, query=q01j, run=2
    priority: 50
    resources: tmpdir=/tmp

[Tue Mar 11 20:47:49 2025]
Finished job 119.
107 of 181 steps (59%) done
Select jobs to execute...
Execute 1 jobs...

[Tue Mar 11 20:47:49 2025]
localrule run_Fedup_HefQuin_query:
    input: /workspaces/P-TER/virtuoso-opensource-7.2.7, /workspaces/P-TER/virtuoso-opensource-7.2.7/var/lib/virtuoso/db/fedup.ini, /workspaces/P-TER/fedup-queries/q01j.sparql
    output: output/rdfs/FedUp-HefQuin/q01j.2.csv, output/rdfs/FedUp-HefQuin/q01j.2.json
    jobid: 149
    reason: Missing output files: output/rdfs/FedUp-HefQuin/q01j.2.csv
    wildcards: workload=rdfs, query=q01j, run=2
    priority: 50
    resources: tmpdir=/tmp

[Tue Mar 11 20:47:58 2025]
Finished job 149.
108 of 181 steps (60%) done
Select jobs to execute...
Execute 1 jobs...

[Tue Mar 11 20:47:58 2025]
localrule run_Fedup_FedX_query:
    input: /workspaces/P-TER/virtuoso-opensource-7.2.7, /workspaces/P-TER/virtuoso-opensource-7.2.7/var/lib/virtuoso/db/fedup.ini, fedup-queries/q01i.sparql
    output: output/rdfs/FedUp-FedX/q01i.2.csv, output/rdfs/FedUp-FedX/q01i.2.json
    jobid: 116
    reason: Missing output files: output/rdfs/FedUp-FedX/q01i.2.csv
    wildcards: workload=rdfs, query=q01i, run=2
    priority: 50
    resources: tmpdir=/tmp

[Tue Mar 11 20:48:09 2025]
Finished job 116.
109 of 181 steps (60%) done
Select jobs to execute...
Execute 1 jobs...

[Tue Mar 11 20:48:09 2025]
localrule run_Fedup_HefQuin_query:
    input: /workspaces/P-TER/virtuoso-opensource-7.2.7, /workspaces/P-TER/virtuoso-opensource-7.2.7/var/lib/virtuoso/db/fedup.ini, /workspaces/P-TER/fedup-queries/q01d.sparql
    output: output/rdfs/FedUp-HefQuin/q01d.2.csv, output/rdfs/FedUp-HefQuin/q01d.2.json
    jobid: 131
    reason: Missing output files: output/rdfs/FedUp-HefQuin/q01d.2.csv
    wildcards: workload=rdfs, query=q01d, run=2
    priority: 50
    resources: tmpdir=/tmp

[Tue Mar 11 20:48:17 2025]
Finished job 131.
110 of 181 steps (61%) done
Select jobs to execute...
Execute 1 jobs...

[Tue Mar 11 20:48:17 2025]
localrule run_Fedup_HefQuin_query:
    input: /workspaces/P-TER/virtuoso-opensource-7.2.7, /workspaces/P-TER/virtuoso-opensource-7.2.7/var/lib/virtuoso/db/fedup.ini, /workspaces/P-TER/fedup-queries/q01i.sparql
    output: output/rdfs/FedUp-HefQuin/q01i.3.csv, output/rdfs/FedUp-HefQuin/q01i.3.json
    jobid: 147
    reason: Missing output files: output/rdfs/FedUp-HefQuin/q01i.3.csv
    wildcards: workload=rdfs, query=q01i, run=3
    priority: 50
    resources: tmpdir=/tmp

[Tue Mar 11 20:48:27 2025]
Finished job 147.
111 of 181 steps (61%) done
Select jobs to execute...
Execute 1 jobs...

[Tue Mar 11 20:48:27 2025]
localrule run_Fedup_FedX_query:
    input: /workspaces/P-TER/virtuoso-opensource-7.2.7, /workspaces/P-TER/virtuoso-opensource-7.2.7/var/lib/virtuoso/db/fedup.ini, fedup-queries/q01i.sparql
    output: output/rdfs/FedUp-FedX/q01i.3.csv, output/rdfs/FedUp-FedX/q01i.3.json
    jobid: 117
    reason: Missing output files: output/rdfs/FedUp-FedX/q01i.3.csv
    wildcards: workload=rdfs, query=q01i, run=3
    priority: 50
    resources: tmpdir=/tmp

[Tue Mar 11 20:49:03 2025]
Finished job 117.
112 of 181 steps (62%) done
Select jobs to execute...
Execute 1 jobs...

[Tue Mar 11 20:49:03 2025]
localrule run_Fedup_FedX_query:
    input: /workspaces/P-TER/virtuoso-opensource-7.2.7, /workspaces/P-TER/virtuoso-opensource-7.2.7/var/lib/virtuoso/db/fedup.ini, fedup-queries/q01j.sparql
    output: output/rdfs/FedUp-FedX/q01j.3.csv, output/rdfs/FedUp-FedX/q01j.3.json
    jobid: 120
    reason: Missing output files: output/rdfs/FedUp-FedX/q01j.3.csv
    wildcards: workload=rdfs, query=q01j, run=3
    priority: 50
    resources: tmpdir=/tmp

[Tue Mar 11 20:49:12 2025]
Finished job 120.
113 of 181 steps (62%) done
Select jobs to execute...
Execute 1 jobs...

[Tue Mar 11 20:49:12 2025]
localrule run_Fedup_HefQuin_query:
    input: /workspaces/P-TER/virtuoso-opensource-7.2.7, /workspaces/P-TER/virtuoso-opensource-7.2.7/var/lib/virtuoso/db/fedup.ini, /workspaces/P-TER/fedup-queries/q01j.sparql
    output: output/rdfs/FedUp-HefQuin/q01j.3.csv, output/rdfs/FedUp-HefQuin/q01j.3.json
    jobid: 150
    reason: Missing output files: output/rdfs/FedUp-HefQuin/q01j.3.csv
    wildcards: workload=rdfs, query=q01j, run=3
    priority: 50
    resources: tmpdir=/tmp

[Tue Mar 11 20:49:21 2025]
Finished job 150.
114 of 181 steps (63%) done
Select jobs to execute...
Execute 1 jobs...

[Tue Mar 11 20:49:21 2025]
localrule run_Fedup_FedX_query:
    input: /workspaces/P-TER/virtuoso-opensource-7.2.7, /workspaces/P-TER/virtuoso-opensource-7.2.7/var/lib/virtuoso/db/fedup.ini, fedup-queries/q01d.sparql
    output: output/rdfs/FedUp-FedX/q01d.3.csv, output/rdfs/FedUp-FedX/q01d.3.json
    jobid: 102
    reason: Missing output files: output/rdfs/FedUp-FedX/q01d.3.csv
    wildcards: workload=rdfs, query=q01d, run=3
    priority: 50
    resources: tmpdir=/tmp

[Tue Mar 11 20:49:30 2025]
Finished job 102.
115 of 181 steps (64%) done
Select jobs to execute...
Execute 1 jobs...

[Tue Mar 11 20:49:30 2025]
localrule run_Fedup_HefQuin_query:
    input: /workspaces/P-TER/virtuoso-opensource-7.2.7, /workspaces/P-TER/virtuoso-opensource-7.2.7/var/lib/virtuoso/db/fedup.ini, /workspaces/P-TER/fedup-queries/q01g.sparql
    output: output/rdfs/FedUp-HefQuin/q01g.3.csv, output/rdfs/FedUp-HefQuin/q01g.3.json
    jobid: 141
    reason: Missing output files: output/rdfs/FedUp-HefQuin/q01g.3.csv
    wildcards: workload=rdfs, query=q01g, run=3
    priority: 50
    resources: tmpdir=/tmp

[Tue Mar 11 20:49:37 2025]
Finished job 141.
116 of 181 steps (64%) done
Select jobs to execute...
Execute 1 jobs...

[Tue Mar 11 20:49:37 2025]
localrule run_Fedup_HefQuin_query:
    input: /workspaces/P-TER/virtuoso-opensource-7.2.7, /workspaces/P-TER/virtuoso-opensource-7.2.7/var/lib/virtuoso/db/fedup.ini, /workspaces/P-TER/fedup-queries/q01e.sparql
    output: output/rdfs/FedUp-HefQuin/q01e.3.csv, output/rdfs/FedUp-HefQuin/q01e.3.json
    jobid: 135
    reason: Missing output files: output/rdfs/FedUp-HefQuin/q01e.3.csv
    wildcards: workload=rdfs, query=q01e, run=3
    priority: 50
    resources: tmpdir=/tmp

[Tue Mar 11 20:49:46 2025]
Finished job 135.
117 of 181 steps (65%) done
Select jobs to execute...
Execute 1 jobs...

[Tue Mar 11 20:49:46 2025]
localrule run_Fedup_HefQuin_query:
    input: /workspaces/P-TER/virtuoso-opensource-7.2.7, /workspaces/P-TER/virtuoso-opensource-7.2.7/var/lib/virtuoso/db/fedup.ini, /workspaces/P-TER/fedup-queries/q01d.sparql
    output: output/rdfs/FedUp-HefQuin/q01d.3.csv, output/rdfs/FedUp-HefQuin/q01d.3.json
    jobid: 132
    reason: Missing output files: output/rdfs/FedUp-HefQuin/q01d.3.csv
    wildcards: workload=rdfs, query=q01d, run=3
    priority: 50
    resources: tmpdir=/tmp

[Tue Mar 11 20:49:55 2025]
Finished job 132.
118 of 181 steps (65%) done
Select jobs to execute...
Execute 1 jobs...

[Tue Mar 11 20:49:55 2025]
localrule run_Fedup_FedX_query:
    input: /workspaces/P-TER/virtuoso-opensource-7.2.7, /workspaces/P-TER/virtuoso-opensource-7.2.7/var/lib/virtuoso/db/fedup.ini, fedup-queries/q01h.sparql
    output: output/rdfs/FedUp-FedX/q01h.1.csv, output/rdfs/FedUp-FedX/q01h.1.json
    jobid: 112
    reason: Missing output files: output/rdfs/FedUp-FedX/q01h.1.csv
    wildcards: workload=rdfs, query=q01h, run=1
    priority: 50
    resources: tmpdir=/tmp

[Tue Mar 11 20:50:05 2025]
Finished job 112.
119 of 181 steps (66%) done
Select jobs to execute...
Execute 1 jobs...

[Tue Mar 11 20:50:05 2025]
localrule run_Fedup_FedX_query:
    input: /workspaces/P-TER/virtuoso-opensource-7.2.7, /workspaces/P-TER/virtuoso-opensource-7.2.7/var/lib/virtuoso/db/fedup.ini, fedup-queries/q01i.sparql
    output: output/rdfs/FedUp-FedX/q01i.1.csv, output/rdfs/FedUp-FedX/q01i.1.json
    jobid: 115
    reason: Missing output files: output/rdfs/FedUp-FedX/q01i.1.csv
    wildcards: workload=rdfs, query=q01i, run=1
    priority: 50
    resources: tmpdir=/tmp

[Tue Mar 11 20:50:15 2025]
Finished job 115.
120 of 181 steps (66%) done
Select jobs to execute...
Execute 1 jobs...

[Tue Mar 11 20:50:15 2025]
localrule run_Fedup_HefQuin_query:
    input: /workspaces/P-TER/virtuoso-opensource-7.2.7, /workspaces/P-TER/virtuoso-opensource-7.2.7/var/lib/virtuoso/db/fedup.ini, /workspaces/P-TER/fedup-queries/q01h.sparql
    output: output/rdfs/FedUp-HefQuin/q01h.3.csv, output/rdfs/FedUp-HefQuin/q01h.3.json
    jobid: 144
    reason: Missing output files: output/rdfs/FedUp-HefQuin/q01h.3.csv
    wildcards: workload=rdfs, query=q01h, run=3
    priority: 50
    resources: tmpdir=/tmp

[Tue Mar 11 20:50:24 2025]
Finished job 144.
121 of 181 steps (67%) done
Select jobs to execute...
Execute 1 jobs...

[Tue Mar 11 20:50:24 2025]
localrule run_Fedup_HefQuin_query:
    input: /workspaces/P-TER/virtuoso-opensource-7.2.7, /workspaces/P-TER/virtuoso-opensource-7.2.7/var/lib/virtuoso/db/fedup.ini, /workspaces/P-TER/fedup-queries/q01i.sparql
    output: output/rdfs/FedUp-HefQuin/q01i.1.csv, output/rdfs/FedUp-HefQuin/q01i.1.json
    jobid: 145
    reason: Missing output files: output/rdfs/FedUp-HefQuin/q01i.1.csv
    wildcards: workload=rdfs, query=q01i, run=1
    priority: 50
    resources: tmpdir=/tmp

[Tue Mar 11 20:50:34 2025]
Finished job 145.
122 of 181 steps (67%) done
Select jobs to execute...
Execute 1 jobs...

[Tue Mar 11 20:50:34 2025]
localrule run_Fedup_FedX_query:
    input: /workspaces/P-TER/virtuoso-opensource-7.2.7, /workspaces/P-TER/virtuoso-opensource-7.2.7/var/lib/virtuoso/db/fedup.ini, fedup-queries/q01j.sparql
    output: output/rdfs/FedUp-FedX/q01j.1.csv, output/rdfs/FedUp-FedX/q01j.1.json
    jobid: 118
    reason: Missing output files: output/rdfs/FedUp-FedX/q01j.1.csv
    wildcards: workload=rdfs, query=q01j, run=1
    priority: 50
    resources: tmpdir=/tmp

[Tue Mar 11 20:50:43 2025]
Finished job 118.
123 of 181 steps (68%) done
Select jobs to execute...
Execute 1 jobs...

[Tue Mar 11 20:50:43 2025]
localrule run_Fedup_FedX_query:
    input: /workspaces/P-TER/virtuoso-opensource-7.2.7, /workspaces/P-TER/virtuoso-opensource-7.2.7/var/lib/virtuoso/db/fedup.ini, fedup-queries/q01d.sparql
    output: output/rdfs/FedUp-FedX/q01d.1.csv, output/rdfs/FedUp-FedX/q01d.1.json
    jobid: 100
    reason: Missing output files: output/rdfs/FedUp-FedX/q01d.1.csv
    wildcards: workload=rdfs, query=q01d, run=1
    priority: 50
    resources: tmpdir=/tmp

[Tue Mar 11 20:50:52 2025]
Finished job 100.
124 of 181 steps (69%) done
Select jobs to execute...
Execute 1 jobs...

[Tue Mar 11 20:50:52 2025]
localrule run_Fedup_HefQuin_query:
    input: /workspaces/P-TER/virtuoso-opensource-7.2.7, /workspaces/P-TER/virtuoso-opensource-7.2.7/var/lib/virtuoso/db/fedup.ini, /workspaces/P-TER/fedup-queries/q01j.sparql
    output: output/rdfs/FedUp-HefQuin/q01j.1.csv, output/rdfs/FedUp-HefQuin/q01j.1.json
    jobid: 148
    reason: Missing output files: output/rdfs/FedUp-HefQuin/q01j.1.csv
    wildcards: workload=rdfs, query=q01j, run=1
    priority: 50
    resources: tmpdir=/tmp

[Tue Mar 11 20:51:01 2025]
Finished job 148.
125 of 181 steps (69%) done
Select jobs to execute...
Execute 1 jobs...

[Tue Mar 11 20:51:01 2025]
localrule run_Fedup_FedX_query:
    input: /workspaces/P-TER/virtuoso-opensource-7.2.7, /workspaces/P-TER/virtuoso-opensource-7.2.7/var/lib/virtuoso/db/fedup.ini, fedup-queries/q01e.sparql
    output: output/rdfs/FedUp-FedX/q01e.1.csv, output/rdfs/FedUp-FedX/q01e.1.json
    jobid: 103
    reason: Missing output files: output/rdfs/FedUp-FedX/q01e.1.csv
    wildcards: workload=rdfs, query=q01e, run=1
    priority: 50
    resources: tmpdir=/tmp

[Tue Mar 11 20:51:10 2025]
Finished job 103.
126 of 181 steps (70%) done
Select jobs to execute...
Execute 1 jobs...

[Tue Mar 11 20:51:10 2025]
localrule run_Fedup_HefQuin_query:
    input: /workspaces/P-TER/virtuoso-opensource-7.2.7, /workspaces/P-TER/virtuoso-opensource-7.2.7/var/lib/virtuoso/db/fedup.ini, /workspaces/P-TER/fedup-queries/q01d.sparql
    output: output/rdfs/FedUp-HefQuin/q01d.1.csv, output/rdfs/FedUp-HefQuin/q01d.1.json
    jobid: 130
    reason: Missing output files: output/rdfs/FedUp-HefQuin/q01d.1.csv
    wildcards: workload=rdfs, query=q01d, run=1
    priority: 50
    resources: tmpdir=/tmp

[Tue Mar 11 20:51:19 2025]
Finished job 130.
127 of 181 steps (70%) done
Select jobs to execute...
Execute 1 jobs...

[Tue Mar 11 20:51:19 2025]
localrule run_Fedup_HefQuin_query:
    input: /workspaces/P-TER/virtuoso-opensource-7.2.7, /workspaces/P-TER/virtuoso-opensource-7.2.7/var/lib/virtuoso/db/fedup.ini, /workspaces/P-TER/fedup-queries/q01g.sparql
    output: output/rdfs/FedUp-HefQuin/q01g.2.csv, output/rdfs/FedUp-HefQuin/q01g.2.json
    jobid: 140
    reason: Missing output files: output/rdfs/FedUp-HefQuin/q01g.2.csv
    wildcards: workload=rdfs, query=q01g, run=2
    priority: 50
    resources: tmpdir=/tmp

[Tue Mar 11 20:51:27 2025]
Finished job 140.
128 of 181 steps (71%) done
Select jobs to execute...
Execute 1 jobs...

[Tue Mar 11 20:51:27 2025]
localrule run_Fedup_FedX_query:
    input: /workspaces/P-TER/virtuoso-opensource-7.2.7, /workspaces/P-TER/virtuoso-opensource-7.2.7/var/lib/virtuoso/db/fedup.ini, fedup-queries/q01h.sparql
    output: output/rdfs/FedUp-FedX/q01h.3.csv, output/rdfs/FedUp-FedX/q01h.3.json
    jobid: 114
    reason: Missing output files: output/rdfs/FedUp-FedX/q01h.3.csv
    wildcards: workload=rdfs, query=q01h, run=3
    priority: 50
    resources: tmpdir=/tmp

[Tue Mar 11 20:52:24 2025]
Finished job 114.
129 of 181 steps (71%) done
Select jobs to execute...
Execute 1 jobs...

[Tue Mar 11 20:52:24 2025]
localrule run_Fedup_FedX_query:
    input: /workspaces/P-TER/virtuoso-opensource-7.2.7, /workspaces/P-TER/virtuoso-opensource-7.2.7/var/lib/virtuoso/db/fedup.ini, fedup-queries/q01e.sparql
    output: output/rdfs/FedUp-FedX/q01e.2.csv, output/rdfs/FedUp-FedX/q01e.2.json
    jobid: 104
    reason: Missing output files: output/rdfs/FedUp-FedX/q01e.2.csv
    wildcards: workload=rdfs, query=q01e, run=2
    priority: 50
    resources: tmpdir=/tmp

[Tue Mar 11 20:52:33 2025]
Finished job 104.
130 of 181 steps (72%) done
Select jobs to execute...
Execute 1 jobs...

[Tue Mar 11 20:52:33 2025]
localrule run_Fedup_HefQuin_query:
    input: /workspaces/P-TER/virtuoso-opensource-7.2.7, /workspaces/P-TER/virtuoso-opensource-7.2.7/var/lib/virtuoso/db/fedup.ini, /workspaces/P-TER/fedup-queries/q01e.sparql
    output: output/rdfs/FedUp-HefQuin/q01e.1.csv, output/rdfs/FedUp-HefQuin/q01e.1.json
    jobid: 133
    reason: Missing output files: output/rdfs/FedUp-HefQuin/q01e.1.csv
    wildcards: workload=rdfs, query=q01e, run=1
    priority: 50
    resources: tmpdir=/tmp

[Tue Mar 11 20:52:42 2025]
Finished job 133.
131 of 181 steps (72%) done
Select jobs to execute...
Execute 1 jobs...

[Tue Mar 11 20:52:42 2025]
localrule run_Fedup_HefQuin_query:
    input: /workspaces/P-TER/virtuoso-opensource-7.2.7, /workspaces/P-TER/virtuoso-opensource-7.2.7/var/lib/virtuoso/db/fedup.ini, /workspaces/P-TER/fedup-queries/q01e.sparql
    output: output/rdfs/FedUp-HefQuin/q01e.2.csv, output/rdfs/FedUp-HefQuin/q01e.2.json
    jobid: 134
    reason: Missing output files: output/rdfs/FedUp-HefQuin/q01e.2.csv
    wildcards: workload=rdfs, query=q01e, run=2
    priority: 50
    resources: tmpdir=/tmp

[Tue Mar 11 20:52:50 2025]
Finished job 134.
132 of 181 steps (73%) done
Select jobs to execute...
Execute 1 jobs...

[Tue Mar 11 20:52:50 2025]
localrule run_Fedup_FedX_query:
    input: /workspaces/P-TER/virtuoso-opensource-7.2.7, /workspaces/P-TER/virtuoso-opensource-7.2.7/var/lib/virtuoso/db/fedup.ini, fedup-queries/q01g.sparql
    output: output/rdfs/FedUp-FedX/q01g.2.csv, output/rdfs/FedUp-FedX/q01g.2.json
    jobid: 110
    reason: Missing output files: output/rdfs/FedUp-FedX/q01g.2.csv
    wildcards: workload=rdfs, query=q01g, run=2
    priority: 50
    resources: tmpdir=/tmp

[Tue Mar 11 20:52:58 2025]
Finished job 110.
133 of 181 steps (73%) done
Select jobs to execute...
Execute 1 jobs...

[Tue Mar 11 20:52:58 2025]
localrule run_Fedup_HefQuin_query:
    input: /workspaces/P-TER/virtuoso-opensource-7.2.7, /workspaces/P-TER/virtuoso-opensource-7.2.7/var/lib/virtuoso/db/fedup.ini, /workspaces/P-TER/fedup-queries/q01h.sparql
    output: output/rdfs/FedUp-HefQuin/q01h.2.csv, output/rdfs/FedUp-HefQuin/q01h.2.json
    jobid: 143
    reason: Missing output files: output/rdfs/FedUp-HefQuin/q01h.2.csv
    wildcards: workload=rdfs, query=q01h, run=2
    priority: 50
    resources: tmpdir=/tmp

[Tue Mar 11 20:53:06 2025]
Finished job 143.
134 of 181 steps (74%) done
Select jobs to execute...
Execute 1 jobs...

[Tue Mar 11 20:53:06 2025]
localrule run_Fedup_HefQuin_query:
    input: /workspaces/P-TER/virtuoso-opensource-7.2.7, /workspaces/P-TER/virtuoso-opensource-7.2.7/var/lib/virtuoso/db/fedup.ini, /workspaces/P-TER/fedup-queries/q01i.sparql
    output: output/rdfs/FedUp-HefQuin/q01i.2.csv, output/rdfs/FedUp-HefQuin/q01i.2.json
    jobid: 146
    reason: Missing output files: output/rdfs/FedUp-HefQuin/q01i.2.csv
    wildcards: workload=rdfs, query=q01i, run=2
    priority: 50
    resources: tmpdir=/tmp

[Tue Mar 11 20:53:16 2025]
Finished job 146.
135 of 181 steps (75%) done
Select jobs to execute...
Execute 1 jobs...

[Tue Mar 11 20:53:16 2025]
localrule run_Fedup_FedX_query:
    input: /workspaces/P-TER/virtuoso-opensource-7.2.7, /workspaces/P-TER/virtuoso-opensource-7.2.7/var/lib/virtuoso/db/fedup.ini, fedup-queries/q01g.sparql
    output: output/rdfs/FedUp-FedX/q01g.1.csv, output/rdfs/FedUp-FedX/q01g.1.json
    jobid: 109
    reason: Missing output files: output/rdfs/FedUp-FedX/q01g.1.csv
    wildcards: workload=rdfs, query=q01g, run=1
    priority: 50
    resources: tmpdir=/tmp

[Tue Mar 11 20:53:23 2025]
Finished job 109.
136 of 181 steps (75%) done
Select jobs to execute...
Execute 1 jobs...

[Tue Mar 11 20:53:23 2025]
localrule run_Fedup_HefQuin_query:
    input: /workspaces/P-TER/virtuoso-opensource-7.2.7, /workspaces/P-TER/virtuoso-opensource-7.2.7/var/lib/virtuoso/db/fedup.ini, /workspaces/P-TER/fedup-queries/q01g.sparql
    output: output/rdfs/FedUp-HefQuin/q01g.1.csv, output/rdfs/FedUp-HefQuin/q01g.1.json
    jobid: 139
    reason: Missing output files: output/rdfs/FedUp-HefQuin/q01g.1.csv
    wildcards: workload=rdfs, query=q01g, run=1
    priority: 50
    resources: tmpdir=/tmp

[Tue Mar 11 20:53:31 2025]
Finished job 139.
137 of 181 steps (76%) done
Select jobs to execute...
Execute 1 jobs...

[Tue Mar 11 20:53:31 2025]
localrule run_Fedup_FedX_query:
    input: /workspaces/P-TER/virtuoso-opensource-7.2.7, /workspaces/P-TER/virtuoso-opensource-7.2.7/var/lib/virtuoso/db/fedup.ini, fedup-queries/q01d.sparql
    output: output/rdfs/FedUp-FedX/q01d.2.csv, output/rdfs/FedUp-FedX/q01d.2.json
    jobid: 101
    reason: Missing output files: output/rdfs/FedUp-FedX/q01d.2.csv
    wildcards: workload=rdfs, query=q01d, run=2
    priority: 50
    resources: tmpdir=/tmp

[Tue Mar 11 20:53:40 2025]
Finished job 101.
138 of 181 steps (76%) done
Select jobs to execute...
Execute 1 jobs...

[Tue Mar 11 20:53:40 2025]
localrule run_Fedup_HefQuin_query:
    input: /workspaces/P-TER/virtuoso-opensource-7.2.7, /workspaces/P-TER/virtuoso-opensource-7.2.7/var/lib/virtuoso/db/fedup.ini, /workspaces/P-TER/fedup-queries/q01f.sparql
    output: output/rdfs/FedUp-HefQuin/q01f.2.csv, output/rdfs/FedUp-HefQuin/q01f.2.json
    jobid: 137
    reason: Missing output files: output/rdfs/FedUp-HefQuin/q01f.2.csv
    wildcards: workload=rdfs, query=q01f, run=2
    priority: 50
    resources: tmpdir=/tmp

[Tue Mar 11 20:53:48 2025]
Finished job 137.
139 of 181 steps (77%) done
Select jobs to execute...
Execute 1 jobs...

[Tue Mar 11 20:53:48 2025]
localrule run_Fedup_HefQuin_query:
    input: /workspaces/P-TER/virtuoso-opensource-7.2.7, /workspaces/P-TER/virtuoso-opensource-7.2.7/var/lib/virtuoso/db/fedup.ini, /workspaces/P-TER/fedup-queries/q01f.sparql
    output: output/rdfs/FedUp-HefQuin/q01f.3.csv, output/rdfs/FedUp-HefQuin/q01f.3.json
    jobid: 138
    reason: Missing output files: output/rdfs/FedUp-HefQuin/q01f.3.csv
    wildcards: workload=rdfs, query=q01f, run=3
    priority: 50
    resources: tmpdir=/tmp

[Tue Mar 11 20:53:56 2025]
Finished job 138.
140 of 181 steps (77%) done
Select jobs to execute...
Execute 1 jobs...

[Tue Mar 11 20:53:56 2025]
localrule run_Fedup_FedX_query:
    input: /workspaces/P-TER/virtuoso-opensource-7.2.7, /workspaces/P-TER/virtuoso-opensource-7.2.7/var/lib/virtuoso/db/fedup.ini, fedup-queries/q01f.sparql
    output: output/rdfs/FedUp-FedX/q01f.3.csv, output/rdfs/FedUp-FedX/q01f.3.json
    jobid: 108
    reason: Missing output files: output/rdfs/FedUp-FedX/q01f.3.csv
    wildcards: workload=rdfs, query=q01f, run=3
    priority: 50
    resources: tmpdir=/tmp

[Tue Mar 11 20:54:46 2025]
Finished job 108.
141 of 181 steps (78%) done
Select jobs to execute...
Execute 1 jobs...

[Tue Mar 11 20:54:46 2025]
localrule run_Fedup_FedX_query:
    input: /workspaces/P-TER/virtuoso-opensource-7.2.7, /workspaces/P-TER/virtuoso-opensource-7.2.7/var/lib/virtuoso/db/fedup.ini, fedup-queries/q01f.sparql
    output: output/rdfs/FedUp-FedX/q01f.1.csv, output/rdfs/FedUp-FedX/q01f.1.json
    jobid: 106
    reason: Missing output files: output/rdfs/FedUp-FedX/q01f.1.csv
    wildcards: workload=rdfs, query=q01f, run=1
    priority: 50
    resources: tmpdir=/tmp

[Tue Mar 11 20:54:54 2025]
Finished job 106.
142 of 181 steps (78%) done
Select jobs to execute...
Execute 1 jobs...

[Tue Mar 11 20:54:54 2025]
localrule run_Fedup_HefQuin_query:
    input: /workspaces/P-TER/virtuoso-opensource-7.2.7, /workspaces/P-TER/virtuoso-opensource-7.2.7/var/lib/virtuoso/db/fedup.ini, /workspaces/P-TER/fedup-queries/q01f.sparql
    output: output/rdfs/FedUp-HefQuin/q01f.1.csv, output/rdfs/FedUp-HefQuin/q01f.1.json
    jobid: 136
    reason: Missing output files: output/rdfs/FedUp-HefQuin/q01f.1.csv
    wildcards: workload=rdfs, query=q01f, run=1
    priority: 50
    resources: tmpdir=/tmp

[Tue Mar 11 20:55:02 2025]
Finished job 136.
143 of 181 steps (79%) done
Select jobs to execute...
Execute 1 jobs...

[Tue Mar 11 20:55:02 2025]
localrule run_Fedup_FedX_query:
    input: /workspaces/P-TER/virtuoso-opensource-7.2.7, /workspaces/P-TER/virtuoso-opensource-7.2.7/var/lib/virtuoso/db/fedup.ini, fedup-queries/q01f.sparql
    output: output/rdfs/FedUp-FedX/q01f.2.csv, output/rdfs/FedUp-FedX/q01f.2.json
    jobid: 107
    reason: Missing output files: output/rdfs/FedUp-FedX/q01f.2.csv
    wildcards: workload=rdfs, query=q01f, run=2
    priority: 50
    resources: tmpdir=/tmp

[Tue Mar 11 20:55:11 2025]
Finished job 107.
144 of 181 steps (80%) done
Select jobs to execute...
Execute 1 jobs...

[Tue Mar 11 20:55:11 2025]
localrule run_Fedup_HefQuin_query:
    input: /workspaces/P-TER/virtuoso-opensource-7.2.7, /workspaces/P-TER/virtuoso-opensource-7.2.7/var/lib/virtuoso/db/fedup.ini, /workspaces/P-TER/fedup-queries/q01a.sparql
    output: output/rdfs/FedUp-HefQuin/q01a.3.csv, output/rdfs/FedUp-HefQuin/q01a.3.json
    jobid: 123
    reason: Missing output files: output/rdfs/FedUp-HefQuin/q01a.3.csv
    wildcards: workload=rdfs, query=q01a, run=3
    priority: 50
    resources: tmpdir=/tmp

[Tue Mar 11 20:55:16 2025]
Finished job 123.
145 of 181 steps (80%) done
Select jobs to execute...
Execute 1 jobs...

[Tue Mar 11 20:55:16 2025]
localrule run_Fedup_FedX_query:
    input: /workspaces/P-TER/virtuoso-opensource-7.2.7, /workspaces/P-TER/virtuoso-opensource-7.2.7/var/lib/virtuoso/db/fedup.ini, fedup-queries/q01a.sparql
    output: output/rdfs/FedUp-FedX/q01a.3.csv, output/rdfs/FedUp-FedX/q01a.3.json
    jobid: 93
    reason: Missing output files: output/rdfs/FedUp-FedX/q01a.3.csv
    wildcards: workload=rdfs, query=q01a, run=3
    priority: 50
    resources: tmpdir=/tmp

[Tue Mar 11 20:55:22 2025]
Finished job 93.
146 of 181 steps (81%) done
Select jobs to execute...
Execute 1 jobs...

[Tue Mar 11 20:55:22 2025]
localrule run_Fedup_HefQuin_query:
    input: /workspaces/P-TER/virtuoso-opensource-7.2.7, /workspaces/P-TER/virtuoso-opensource-7.2.7/var/lib/virtuoso/db/fedup.ini, /workspaces/P-TER/fedup-queries/q01a.sparql
    output: output/rdfs/FedUp-HefQuin/q01a.1.csv, output/rdfs/FedUp-HefQuin/q01a.1.json
    jobid: 121
    reason: Missing output files: output/rdfs/FedUp-HefQuin/q01a.1.csv
    wildcards: workload=rdfs, query=q01a, run=1
    priority: 50
    resources: tmpdir=/tmp

[Tue Mar 11 20:55:27 2025]
Finished job 121.
147 of 181 steps (81%) done
Select jobs to execute...
Execute 1 jobs...

[Tue Mar 11 20:55:27 2025]
localrule run_Fedup_FedX_query:
    input: /workspaces/P-TER/virtuoso-opensource-7.2.7, /workspaces/P-TER/virtuoso-opensource-7.2.7/var/lib/virtuoso/db/fedup.ini, fedup-queries/q01a.sparql
    output: output/rdfs/FedUp-FedX/q01a.1.csv, output/rdfs/FedUp-FedX/q01a.1.json
    jobid: 91
    reason: Missing output files: output/rdfs/FedUp-FedX/q01a.1.csv
    wildcards: workload=rdfs, query=q01a, run=1
    priority: 50
    resources: tmpdir=/tmp

[Tue Mar 11 20:55:34 2025]
Finished job 91.
148 of 181 steps (82%) done
Select jobs to execute...
Execute 1 jobs...

[Tue Mar 11 20:55:34 2025]
localrule run_Fedup_FedX_query:
    input: /workspaces/P-TER/virtuoso-opensource-7.2.7, /workspaces/P-TER/virtuoso-opensource-7.2.7/var/lib/virtuoso/db/fedup.ini, fedup-queries/q01a.sparql
    output: output/rdfs/FedUp-FedX/q01a.2.csv, output/rdfs/FedUp-FedX/q01a.2.json
    jobid: 92
    reason: Missing output files: output/rdfs/FedUp-FedX/q01a.2.csv
    wildcards: workload=rdfs, query=q01a, run=2
    priority: 50
    resources: tmpdir=/tmp

[Tue Mar 11 20:55:40 2025]
Finished job 92.
149 of 181 steps (82%) done
Select jobs to execute...
Execute 1 jobs...

[Tue Mar 11 20:55:40 2025]
localrule run_Fedup_HefQuin_query:
    input: /workspaces/P-TER/virtuoso-opensource-7.2.7, /workspaces/P-TER/virtuoso-opensource-7.2.7/var/lib/virtuoso/db/fedup.ini, /workspaces/P-TER/fedup-queries/q01a.sparql
    output: output/rdfs/FedUp-HefQuin/q01a.2.csv, output/rdfs/FedUp-HefQuin/q01a.2.json
    jobid: 122
    reason: Missing output files: output/rdfs/FedUp-HefQuin/q01a.2.csv
    wildcards: workload=rdfs, query=q01a, run=2
    priority: 50
    resources: tmpdir=/tmp

[Tue Mar 11 20:55:46 2025]
Finished job 122.
150 of 181 steps (83%) done
Select jobs to execute...
Execute 1 jobs...

[Tue Mar 11 20:55:46 2025]
localrule run_Fedup_Jena_query:
    input: /workspaces/P-TER/virtuoso-opensource-7.2.7, /workspaces/P-TER/virtuoso-opensource-7.2.7/var/lib/virtuoso/db/fedup.ini, fedup-queries/q01c.sparql
    output: output/rdfs/FedUp-Jena/q01c.3.csv, output/rdfs/FedUp-Jena/q01c.3.json
    jobid: 159
    reason: Missing output files: output/rdfs/FedUp-Jena/q01c.3.csv
    wildcards: workload=rdfs, query=q01c, run=3
    priority: 20
    resources: tmpdir=/tmp

[Tue Mar 11 20:55:56 2025]
Finished job 159.
151 of 181 steps (83%) done
Select jobs to execute...
Execute 1 jobs...

[Tue Mar 11 20:55:56 2025]
localrule run_Fedup_Jena_query:
    input: /workspaces/P-TER/virtuoso-opensource-7.2.7, /workspaces/P-TER/virtuoso-opensource-7.2.7/var/lib/virtuoso/db/fedup.ini, fedup-queries/q01b.sparql
    output: output/rdfs/FedUp-Jena/q01b.3.csv, output/rdfs/FedUp-Jena/q01b.3.json
    jobid: 156
    reason: Missing output files: output/rdfs/FedUp-Jena/q01b.3.csv
    wildcards: workload=rdfs, query=q01b, run=3
    priority: 20
    resources: tmpdir=/tmp

[Tue Mar 11 20:56:06 2025]
Finished job 156.
152 of 181 steps (84%) done
Select jobs to execute...
Execute 1 jobs...

[Tue Mar 11 20:56:06 2025]
localrule run_Fedup_Jena_query:
    input: /workspaces/P-TER/virtuoso-opensource-7.2.7, /workspaces/P-TER/virtuoso-opensource-7.2.7/var/lib/virtuoso/db/fedup.ini, fedup-queries/q01b.sparql
    output: output/rdfs/FedUp-Jena/q01b.1.csv, output/rdfs/FedUp-Jena/q01b.1.json
    jobid: 154
    reason: Missing output files: output/rdfs/FedUp-Jena/q01b.1.csv
    wildcards: workload=rdfs, query=q01b, run=1
    priority: 20
    resources: tmpdir=/tmp

[Tue Mar 11 20:56:15 2025]
Finished job 154.
153 of 181 steps (85%) done
Select jobs to execute...
Execute 1 jobs...

[Tue Mar 11 20:56:15 2025]
localrule run_Fedup_Jena_query:
    input: /workspaces/P-TER/virtuoso-opensource-7.2.7, /workspaces/P-TER/virtuoso-opensource-7.2.7/var/lib/virtuoso/db/fedup.ini, fedup-queries/q01c.sparql
    output: output/rdfs/FedUp-Jena/q01c.1.csv, output/rdfs/FedUp-Jena/q01c.1.json
    jobid: 157
    reason: Missing output files: output/rdfs/FedUp-Jena/q01c.1.csv
    wildcards: workload=rdfs, query=q01c, run=1
    priority: 20
    resources: tmpdir=/tmp

[Tue Mar 11 20:56:24 2025]
Finished job 157.
154 of 181 steps (85%) done
Select jobs to execute...
Execute 1 jobs...

[Tue Mar 11 20:56:24 2025]
localrule run_Fedup_Jena_query:
    input: /workspaces/P-TER/virtuoso-opensource-7.2.7, /workspaces/P-TER/virtuoso-opensource-7.2.7/var/lib/virtuoso/db/fedup.ini, fedup-queries/q01c.sparql
    output: output/rdfs/FedUp-Jena/q01c.2.csv, output/rdfs/FedUp-Jena/q01c.2.json
    jobid: 158
    reason: Missing output files: output/rdfs/FedUp-Jena/q01c.2.csv
    wildcards: workload=rdfs, query=q01c, run=2
    priority: 20
    resources: tmpdir=/tmp

[Tue Mar 11 20:56:34 2025]
Finished job 158.
155 of 181 steps (86%) done
Select jobs to execute...
Execute 1 jobs...

[Tue Mar 11 20:56:34 2025]
localrule run_Fedup_Jena_query:
    input: /workspaces/P-TER/virtuoso-opensource-7.2.7, /workspaces/P-TER/virtuoso-opensource-7.2.7/var/lib/virtuoso/db/fedup.ini, fedup-queries/q01b.sparql
    output: output/rdfs/FedUp-Jena/q01b.2.csv, output/rdfs/FedUp-Jena/q01b.2.json
    jobid: 155
    reason: Missing output files: output/rdfs/FedUp-Jena/q01b.2.csv
    wildcards: workload=rdfs, query=q01b, run=2
    priority: 20
    resources: tmpdir=/tmp

[Tue Mar 11 20:56:45 2025]
Finished job 155.
156 of 181 steps (86%) done
Select jobs to execute...
Execute 1 jobs...

[Tue Mar 11 20:56:45 2025]
localrule run_Fedup_Jena_query:
    input: /workspaces/P-TER/virtuoso-opensource-7.2.7, /workspaces/P-TER/virtuoso-opensource-7.2.7/var/lib/virtuoso/db/fedup.ini, fedup-queries/q01i.sparql
    output: output/rdfs/FedUp-Jena/q01i.3.csv, output/rdfs/FedUp-Jena/q01i.3.json
    jobid: 177
    reason: Missing output files: output/rdfs/FedUp-Jena/q01i.3.csv
    wildcards: workload=rdfs, query=q01i, run=3
    priority: 20
    resources: tmpdir=/tmp

[Tue Mar 11 20:56:46 2025]
Error in rule run_Fedup_Jena_query:
    jobid: 177
    input: /workspaces/P-TER/virtuoso-opensource-7.2.7, /workspaces/P-TER/virtuoso-opensource-7.2.7/var/lib/virtuoso/db/fedup.ini, fedup-queries/q01i.sparql
    output: output/rdfs/FedUp-Jena/q01i.3.csv, output/rdfs/FedUp-Jena/q01i.3.json

Shutting down, this might take some time.
Exiting because a job execution failed. Look above for error message
Complete log: .snakemake/log/2025-03-11T203827.605594.snakemake.log
WorkflowError:
At least one job did not complete successfully.
