host: codespaces-dfd9c6
Building DAG of jobs...
Using shell: /usr/bin/bash
Provided cores: 2
Rules claiming more threads will be scaled down.
Job stats:
job               count
--------------  -------
all                   1
run_fedX_query        1
total                 2

Select jobs to execute...
Execute 1 jobs...

[Mon Feb 10 22:28:33 2025]
localrule run_fedX_query:
    input: /workspaces/P-TER/virtuoso-opensource-7.2.7, /workspaces/P-TER/virtuoso-opensource-7.2.7/var/lib/virtuoso/db/fedup.ini, /workspaces/P-TER/apache-jena-fuseki-4.9.0, config/rdfs/endpoints.txt
    output: hello.txt, output/query_results.json
    jobid: 1
    reason: Missing output files: hello.txt
    priority: 50
    resources: tmpdir=/tmp

[Mon Feb 10 22:28:44 2025]
Error in rule run_fedX_query:
    jobid: 1
    input: /workspaces/P-TER/virtuoso-opensource-7.2.7, /workspaces/P-TER/virtuoso-opensource-7.2.7/var/lib/virtuoso/db/fedup.ini, /workspaces/P-TER/apache-jena-fuseki-4.9.0, config/rdfs/endpoints.txt
    output: hello.txt, output/query_results.json

Shutting down, this might take some time.
Exiting because a job execution failed. Look above for error message
Complete log: .snakemake/log/2025-02-10T222833.962523.snakemake.log
WorkflowError:
At least one job did not complete successfully.
