host: codespaces-dfd9c6
Building DAG of jobs...
Using shell: /usr/bin/bash
Provided cores: 1 (use --cores to define parallelism)
Rules claiming more threads will be scaled down.
Job stats:
job                        count
-----------------------  -------
all                            1
run_Fedup_HefQuin_query        3
total                          4

Select jobs to execute...
Execute 1 jobs...

[Sat Mar  8 09:23:19 2025]
localrule run_Fedup_HefQuin_query:
    input: /workspaces/P-TER/virtuoso-opensource-7.2.7, /workspaces/P-TER/virtuoso-opensource-7.2.7/var/lib/virtuoso/db/fedup.ini, /workspaces/P-TER/fedup-queries/q05f.sparql
    output: output/rdfs/FedUp-HefQuin/q05f.1.csv, output/rdfs/FedUp-HefQuin/q05f.1.json
    jobid: 1
    reason: Missing output files: output/rdfs/FedUp-HefQuin/q05f.1.csv
    wildcards: workload=rdfs, query=q05f, run=1
    priority: 50
    resources: tmpdir=/tmp

Terminating processes on user request, this might take some time.
[Sat Mar  8 09:27:39 2025]
Error in rule run_Fedup_HefQuin_query:
    jobid: 1
    input: /workspaces/P-TER/virtuoso-opensource-7.2.7, /workspaces/P-TER/virtuoso-opensource-7.2.7/var/lib/virtuoso/db/fedup.ini, /workspaces/P-TER/fedup-queries/q05f.sparql
    output: output/rdfs/FedUp-HefQuin/q05f.1.csv, output/rdfs/FedUp-HefQuin/q05f.1.json

Complete log: .snakemake/log/2025-03-08T092319.384331.snakemake.log
WorkflowError:
At least one job did not complete successfully.
