host: codespaces-c89ec1
Building DAG of jobs...
Using shell: /usr/bin/bash
Provided cores: 1 (use --cores to define parallelism)
Rules claiming more threads will be scaled down.
Job stats:
job                        count
-----------------------  -------
all                            1
run_Fedup_FedX_query         330
run_Fedup_HefQuin_query      330
run_fedX_query               330
run_hefquin_query            330
run_sparql_query             330
total                       1651

Select jobs to execute...
Execute 1 jobs...

[Tue Mar 18 08:41:44 2025]
localrule run_fedX_query:
    input: /workspaces/P-TER/virtuoso-opensource-7.2.7, /workspaces/P-TER/virtuoso-opensource-7.2.7/var/lib/virtuoso/db/fedup.ini, /workspaces/P-TER/apache-jena-fuseki-4.9.0, queries/q07j.sparql, config/rdfs/endpoints.txt
    output: output/rdfs/FedX/q07j.1.csv, output/rdfs/FedX/q07j.1.json
    jobid: 508
    reason: Missing output files: output/rdfs/FedX/q07j.1.csv
    wildcards: workload=rdfs, query=q07j, run=1
    priority: 50
    resources: tmpdir=/tmp

[Tue Mar 18 08:41:49 2025]
Finished job 508.
1 of 1651 steps (0.1%) done
Select jobs to execute...
Execute 1 jobs...

[Tue Mar 18 08:41:49 2025]
localrule run_fedX_query:
    input: /workspaces/P-TER/virtuoso-opensource-7.2.7, /workspaces/P-TER/virtuoso-opensource-7.2.7/var/lib/virtuoso/db/fedup.ini, /workspaces/P-TER/apache-jena-fuseki-4.9.0, queries/q07j.sparql, config/rdfs/endpoints.txt
    output: output/rdfs/FedX/q07j.2.csv, output/rdfs/FedX/q07j.2.json
    jobid: 509
    reason: Missing output files: output/rdfs/FedX/q07j.2.csv
    wildcards: workload=rdfs, query=q07j, run=2
    priority: 50
    resources: tmpdir=/tmp

[Tue Mar 18 08:41:53 2025]
Finished job 509.
2 of 1651 steps (0.1%) done
Select jobs to execute...
Execute 1 jobs...

[Tue Mar 18 08:41:53 2025]
localrule run_fedX_query:
    input: /workspaces/P-TER/virtuoso-opensource-7.2.7, /workspaces/P-TER/virtuoso-opensource-7.2.7/var/lib/virtuoso/db/fedup.ini, /workspaces/P-TER/apache-jena-fuseki-4.9.0, queries/q07j.sparql, config/rdfs/endpoints.txt
    output: output/rdfs/FedX/q07j.3.csv, output/rdfs/FedX/q07j.3.json
    jobid: 510
    reason: Missing output files: output/rdfs/FedX/q07j.3.csv
    wildcards: workload=rdfs, query=q07j, run=3
    priority: 50
    resources: tmpdir=/tmp

[Tue Mar 18 08:41:57 2025]
Finished job 510.
3 of 1651 steps (0.2%) done
Select jobs to execute...
Execute 1 jobs...

[Tue Mar 18 08:41:57 2025]
localrule run_fedX_query:
    input: /workspaces/P-TER/virtuoso-opensource-7.2.7, /workspaces/P-TER/virtuoso-opensource-7.2.7/var/lib/virtuoso/db/fedup.ini, /workspaces/P-TER/apache-jena-fuseki-4.9.0, queries/q07a.sparql, config/rdfs/endpoints.txt
    output: output/rdfs/FedX/q07a.1.csv, output/rdfs/FedX/q07a.1.json
    jobid: 481
    reason: Missing output files: output/rdfs/FedX/q07a.1.csv
    wildcards: workload=rdfs, query=q07a, run=1
    priority: 50
    resources: tmpdir=/tmp

[Tue Mar 18 08:42:01 2025]
Finished job 481.
4 of 1651 steps (0.2%) done
Select jobs to execute...
Execute 1 jobs...

[Tue Mar 18 08:42:01 2025]
localrule run_fedX_query:
    input: /workspaces/P-TER/virtuoso-opensource-7.2.7, /workspaces/P-TER/virtuoso-opensource-7.2.7/var/lib/virtuoso/db/fedup.ini, /workspaces/P-TER/apache-jena-fuseki-4.9.0, queries/q07a.sparql, config/rdfs/endpoints.txt
    output: output/rdfs/FedX/q07a.2.csv, output/rdfs/FedX/q07a.2.json
    jobid: 482
    reason: Missing output files: output/rdfs/FedX/q07a.2.csv
    wildcards: workload=rdfs, query=q07a, run=2
    priority: 50
    resources: tmpdir=/tmp

[Tue Mar 18 08:42:04 2025]
Finished job 482.
5 of 1651 steps (0.3%) done
Select jobs to execute...
Execute 1 jobs...

[Tue Mar 18 08:42:04 2025]
localrule run_fedX_query:
    input: /workspaces/P-TER/virtuoso-opensource-7.2.7, /workspaces/P-TER/virtuoso-opensource-7.2.7/var/lib/virtuoso/db/fedup.ini, /workspaces/P-TER/apache-jena-fuseki-4.9.0, queries/q07a.sparql, config/rdfs/endpoints.txt
    output: output/rdfs/FedX/q07a.3.csv, output/rdfs/FedX/q07a.3.json
    jobid: 483
    reason: Missing output files: output/rdfs/FedX/q07a.3.csv
    wildcards: workload=rdfs, query=q07a, run=3
    priority: 50
    resources: tmpdir=/tmp

[Tue Mar 18 08:42:07 2025]
Finished job 483.
6 of 1651 steps (0.4%) done
Select jobs to execute...
Execute 1 jobs...

[Tue Mar 18 08:42:07 2025]
localrule run_fedX_query:
    input: /workspaces/P-TER/virtuoso-opensource-7.2.7, /workspaces/P-TER/virtuoso-opensource-7.2.7/var/lib/virtuoso/db/fedup.ini, /workspaces/P-TER/apache-jena-fuseki-4.9.0, queries/q07d.sparql, config/rdfs/endpoints.txt
    output: output/rdfs/FedX/q07d.3.csv, output/rdfs/FedX/q07d.3.json
    jobid: 492
    reason: Missing output files: output/rdfs/FedX/q07d.3.csv
    wildcards: workload=rdfs, query=q07d, run=3
    priority: 50
    resources: tmpdir=/tmp

[Tue Mar 18 08:42:10 2025]
Finished job 492.
7 of 1651 steps (0.4%) done
Select jobs to execute...
Execute 1 jobs...

[Tue Mar 18 08:42:10 2025]
localrule run_fedX_query:
    input: /workspaces/P-TER/virtuoso-opensource-7.2.7, /workspaces/P-TER/virtuoso-opensource-7.2.7/var/lib/virtuoso/db/fedup.ini, /workspaces/P-TER/apache-jena-fuseki-4.9.0, queries/q07d.sparql, config/rdfs/endpoints.txt
    output: output/rdfs/FedX/q07d.2.csv, output/rdfs/FedX/q07d.2.json
    jobid: 491
    reason: Missing output files: output/rdfs/FedX/q07d.2.csv
    wildcards: workload=rdfs, query=q07d, run=2
    priority: 50
    resources: tmpdir=/tmp

[Tue Mar 18 08:42:13 2025]
Finished job 491.
8 of 1651 steps (0.5%) done
Select jobs to execute...
Execute 1 jobs...

[Tue Mar 18 08:42:13 2025]
localrule run_fedX_query:
    input: /workspaces/P-TER/virtuoso-opensource-7.2.7, /workspaces/P-TER/virtuoso-opensource-7.2.7/var/lib/virtuoso/db/fedup.ini, /workspaces/P-TER/apache-jena-fuseki-4.9.0, queries/q07d.sparql, config/rdfs/endpoints.txt
    output: output/rdfs/FedX/q07d.1.csv, output/rdfs/FedX/q07d.1.json
    jobid: 490
    reason: Missing output files: output/rdfs/FedX/q07d.1.csv
    wildcards: workload=rdfs, query=q07d, run=1
    priority: 50
    resources: tmpdir=/tmp

[Tue Mar 18 08:42:17 2025]
Finished job 490.
9 of 1651 steps (1%) done
Select jobs to execute...
Execute 1 jobs...

[Tue Mar 18 08:42:17 2025]
localrule run_fedX_query:
    input: /workspaces/P-TER/virtuoso-opensource-7.2.7, /workspaces/P-TER/virtuoso-opensource-7.2.7/var/lib/virtuoso/db/fedup.ini, /workspaces/P-TER/apache-jena-fuseki-4.9.0, queries/q07g.sparql, config/rdfs/endpoints.txt
    output: output/rdfs/FedX/q07g.3.csv, output/rdfs/FedX/q07g.3.json
    jobid: 501
    reason: Missing output files: output/rdfs/FedX/q07g.3.csv
    wildcards: workload=rdfs, query=q07g, run=3
    priority: 50
    resources: tmpdir=/tmp

[Tue Mar 18 08:42:20 2025]
Finished job 501.
10 of 1651 steps (1%) done
Select jobs to execute...
Execute 1 jobs...

[Tue Mar 18 08:42:20 2025]
localrule run_fedX_query:
    input: /workspaces/P-TER/virtuoso-opensource-7.2.7, /workspaces/P-TER/virtuoso-opensource-7.2.7/var/lib/virtuoso/db/fedup.ini, /workspaces/P-TER/apache-jena-fuseki-4.9.0, queries/q07g.sparql, config/rdfs/endpoints.txt
    output: output/rdfs/FedX/q07g.1.csv, output/rdfs/FedX/q07g.1.json
    jobid: 499
    reason: Missing output files: output/rdfs/FedX/q07g.1.csv
    wildcards: workload=rdfs, query=q07g, run=1
    priority: 50
    resources: tmpdir=/tmp

[Tue Mar 18 08:42:23 2025]
Finished job 499.
11 of 1651 steps (1%) done
Select jobs to execute...
Execute 1 jobs...

[Tue Mar 18 08:42:23 2025]
localrule run_fedX_query:
    input: /workspaces/P-TER/virtuoso-opensource-7.2.7, /workspaces/P-TER/virtuoso-opensource-7.2.7/var/lib/virtuoso/db/fedup.ini, /workspaces/P-TER/apache-jena-fuseki-4.9.0, queries/q07g.sparql, config/rdfs/endpoints.txt
    output: output/rdfs/FedX/q07g.2.csv, output/rdfs/FedX/q07g.2.json
    jobid: 500
    reason: Missing output files: output/rdfs/FedX/q07g.2.csv
    wildcards: workload=rdfs, query=q07g, run=2
    priority: 50
    resources: tmpdir=/tmp

[Tue Mar 18 08:42:26 2025]
Finished job 500.
12 of 1651 steps (1%) done
Select jobs to execute...
Execute 1 jobs...

[Tue Mar 18 08:42:26 2025]
localrule run_fedX_query:
    input: /workspaces/P-TER/virtuoso-opensource-7.2.7, /workspaces/P-TER/virtuoso-opensource-7.2.7/var/lib/virtuoso/db/fedup.ini, /workspaces/P-TER/apache-jena-fuseki-4.9.0, queries/q07c.sparql, config/rdfs/endpoints.txt
    output: output/rdfs/FedX/q07c.1.csv, output/rdfs/FedX/q07c.1.json
    jobid: 487
    reason: Missing output files: output/rdfs/FedX/q07c.1.csv
    wildcards: workload=rdfs, query=q07c, run=1
    priority: 50
    resources: tmpdir=/tmp

[Tue Mar 18 08:42:29 2025]
Finished job 487.
13 of 1651 steps (1%) done
Select jobs to execute...
Execute 1 jobs...

[Tue Mar 18 08:42:29 2025]
localrule run_fedX_query:
    input: /workspaces/P-TER/virtuoso-opensource-7.2.7, /workspaces/P-TER/virtuoso-opensource-7.2.7/var/lib/virtuoso/db/fedup.ini, /workspaces/P-TER/apache-jena-fuseki-4.9.0, queries/q07c.sparql, config/rdfs/endpoints.txt
    output: output/rdfs/FedX/q07c.2.csv, output/rdfs/FedX/q07c.2.json
    jobid: 488
    reason: Missing output files: output/rdfs/FedX/q07c.2.csv
    wildcards: workload=rdfs, query=q07c, run=2
    priority: 50
    resources: tmpdir=/tmp

[Tue Mar 18 08:42:32 2025]
Finished job 488.
14 of 1651 steps (1%) done
Select jobs to execute...
Execute 1 jobs...

[Tue Mar 18 08:42:32 2025]
localrule run_fedX_query:
    input: /workspaces/P-TER/virtuoso-opensource-7.2.7, /workspaces/P-TER/virtuoso-opensource-7.2.7/var/lib/virtuoso/db/fedup.ini, /workspaces/P-TER/apache-jena-fuseki-4.9.0, queries/q07c.sparql, config/rdfs/endpoints.txt
    output: output/rdfs/FedX/q07c.3.csv, output/rdfs/FedX/q07c.3.json
    jobid: 489
    reason: Missing output files: output/rdfs/FedX/q07c.3.csv
    wildcards: workload=rdfs, query=q07c, run=3
    priority: 50
    resources: tmpdir=/tmp

[Tue Mar 18 08:42:35 2025]
Finished job 489.
15 of 1651 steps (1%) done
Select jobs to execute...
Execute 1 jobs...

[Tue Mar 18 08:42:35 2025]
localrule run_sparql_query:
    input: /workspaces/P-TER/virtuoso-opensource-7.2.7, /workspaces/P-TER/virtuoso-opensource-7.2.7/var/lib/virtuoso/db/fedup.ini, queries/q07j.sparql
    output: output/rdfs/Jena/q07j.1.csv, output/rdfs/Jena/q07j.1.json
    jobid: 178
    reason: Missing output files: output/rdfs/Jena/q07j.1.csv
    wildcards: workload=rdfs, query=q07j, run=1
    priority: 50
    resources: tmpdir=/tmp

[Tue Mar 18 08:42:40 2025]
Finished job 178.
16 of 1651 steps (1%) done
Select jobs to execute...
Execute 1 jobs...

[Tue Mar 18 08:42:40 2025]
localrule run_sparql_query:
    input: /workspaces/P-TER/virtuoso-opensource-7.2.7, /workspaces/P-TER/virtuoso-opensource-7.2.7/var/lib/virtuoso/db/fedup.ini, queries/q07j.sparql
    output: output/rdfs/Jena/q07j.2.csv, output/rdfs/Jena/q07j.2.json
    jobid: 179
    reason: Missing output files: output/rdfs/Jena/q07j.2.csv
    wildcards: workload=rdfs, query=q07j, run=2
    priority: 50
    resources: tmpdir=/tmp

[Tue Mar 18 08:42:44 2025]
Finished job 179.
17 of 1651 steps (1%) done
Select jobs to execute...
Execute 1 jobs...

[Tue Mar 18 08:42:44 2025]
localrule run_sparql_query:
    input: /workspaces/P-TER/virtuoso-opensource-7.2.7, /workspaces/P-TER/virtuoso-opensource-7.2.7/var/lib/virtuoso/db/fedup.ini, queries/q07j.sparql
    output: output/rdfs/Jena/q07j.3.csv, output/rdfs/Jena/q07j.3.json
    jobid: 180
    reason: Missing output files: output/rdfs/Jena/q07j.3.csv
    wildcards: workload=rdfs, query=q07j, run=3
    priority: 50
    resources: tmpdir=/tmp

[Tue Mar 18 08:42:48 2025]
Finished job 180.
18 of 1651 steps (1%) done
Select jobs to execute...
Execute 1 jobs...

[Tue Mar 18 08:42:48 2025]
localrule run_hefquin_query:
    input: /workspaces/P-TER/virtuoso-opensource-7.2.7, /workspaces/P-TER/virtuoso-opensource-7.2.7/var/lib/virtuoso/db/fedup.ini, /workspaces/P-TER/queries/q07j.sparql
    output: output/rdfs/HefQuin/q07j.1.csv, output/rdfs/HefQuin/q07j.1.json, output/rdfs/HefQuin/q07j.1.txt
    jobid: 838
    reason: Missing output files: output/rdfs/HefQuin/q07j.1.csv
    wildcards: workload=rdfs, query=q07j, run=1
    priority: 50
    resources: tmpdir=/tmp

[Tue Mar 18 08:42:53 2025]
Finished job 838.
19 of 1651 steps (1%) done
Select jobs to execute...
Execute 1 jobs...

[Tue Mar 18 08:42:53 2025]
localrule run_hefquin_query:
    input: /workspaces/P-TER/virtuoso-opensource-7.2.7, /workspaces/P-TER/virtuoso-opensource-7.2.7/var/lib/virtuoso/db/fedup.ini, /workspaces/P-TER/queries/q07j.sparql
    output: output/rdfs/HefQuin/q07j.2.csv, output/rdfs/HefQuin/q07j.2.json, output/rdfs/HefQuin/q07j.2.txt
    jobid: 839
    reason: Missing output files: output/rdfs/HefQuin/q07j.2.csv
    wildcards: workload=rdfs, query=q07j, run=2
    priority: 50
    resources: tmpdir=/tmp

[Tue Mar 18 08:42:57 2025]
Finished job 839.
20 of 1651 steps (1%) done
Select jobs to execute...
Execute 1 jobs...

[Tue Mar 18 08:42:57 2025]
localrule run_hefquin_query:
    input: /workspaces/P-TER/virtuoso-opensource-7.2.7, /workspaces/P-TER/virtuoso-opensource-7.2.7/var/lib/virtuoso/db/fedup.ini, /workspaces/P-TER/queries/q07j.sparql
    output: output/rdfs/HefQuin/q07j.3.csv, output/rdfs/HefQuin/q07j.3.json, output/rdfs/HefQuin/q07j.3.txt
    jobid: 840
    reason: Missing output files: output/rdfs/HefQuin/q07j.3.csv
    wildcards: workload=rdfs, query=q07j, run=3
    priority: 50
    resources: tmpdir=/tmp

[Tue Mar 18 08:43:01 2025]
Finished job 840.
21 of 1651 steps (1%) done
Select jobs to execute...
Execute 1 jobs...

[Tue Mar 18 08:43:01 2025]
localrule run_fedX_query:
    input: /workspaces/P-TER/virtuoso-opensource-7.2.7, /workspaces/P-TER/virtuoso-opensource-7.2.7/var/lib/virtuoso/db/fedup.ini, /workspaces/P-TER/apache-jena-fuseki-4.9.0, queries/q07i.sparql, config/rdfs/endpoints.txt
    output: output/rdfs/FedX/q07i.1.csv, output/rdfs/FedX/q07i.1.json
    jobid: 505
    reason: Missing output files: output/rdfs/FedX/q07i.1.csv
    wildcards: workload=rdfs, query=q07i, run=1
    priority: 50
    resources: tmpdir=/tmp

[Tue Mar 18 08:43:04 2025]
Finished job 505.
22 of 1651 steps (1%) done
Select jobs to execute...
Execute 1 jobs...

[Tue Mar 18 08:43:04 2025]
localrule run_fedX_query:
    input: /workspaces/P-TER/virtuoso-opensource-7.2.7, /workspaces/P-TER/virtuoso-opensource-7.2.7/var/lib/virtuoso/db/fedup.ini, /workspaces/P-TER/apache-jena-fuseki-4.9.0, queries/q07i.sparql, config/rdfs/endpoints.txt
    output: output/rdfs/FedX/q07i.2.csv, output/rdfs/FedX/q07i.2.json
    jobid: 506
    reason: Missing output files: output/rdfs/FedX/q07i.2.csv
    wildcards: workload=rdfs, query=q07i, run=2
    priority: 50
    resources: tmpdir=/tmp

[Tue Mar 18 08:43:07 2025]
Finished job 506.
23 of 1651 steps (1%) done
Select jobs to execute...
Execute 1 jobs...

[Tue Mar 18 08:43:07 2025]
localrule run_fedX_query:
    input: /workspaces/P-TER/virtuoso-opensource-7.2.7, /workspaces/P-TER/virtuoso-opensource-7.2.7/var/lib/virtuoso/db/fedup.ini, /workspaces/P-TER/apache-jena-fuseki-4.9.0, queries/q07i.sparql, config/rdfs/endpoints.txt
    output: output/rdfs/FedX/q07i.3.csv, output/rdfs/FedX/q07i.3.json
    jobid: 507
    reason: Missing output files: output/rdfs/FedX/q07i.3.csv
    wildcards: workload=rdfs, query=q07i, run=3
    priority: 50
    resources: tmpdir=/tmp

[Tue Mar 18 08:43:10 2025]
Finished job 507.
24 of 1651 steps (1%) done
Select jobs to execute...
Execute 1 jobs...

[Tue Mar 18 08:43:10 2025]
localrule run_fedX_query:
    input: /workspaces/P-TER/virtuoso-opensource-7.2.7, /workspaces/P-TER/virtuoso-opensource-7.2.7/var/lib/virtuoso/db/fedup.ini, /workspaces/P-TER/apache-jena-fuseki-4.9.0, queries/q07f.sparql, config/rdfs/endpoints.txt
    output: output/rdfs/FedX/q07f.1.csv, output/rdfs/FedX/q07f.1.json
    jobid: 496
    reason: Missing output files: output/rdfs/FedX/q07f.1.csv
    wildcards: workload=rdfs, query=q07f, run=1
    priority: 50
    resources: tmpdir=/tmp

[Tue Mar 18 08:43:13 2025]
Finished job 496.
25 of 1651 steps (2%) done
Select jobs to execute...
Execute 1 jobs...

[Tue Mar 18 08:43:13 2025]
localrule run_fedX_query:
    input: /workspaces/P-TER/virtuoso-opensource-7.2.7, /workspaces/P-TER/virtuoso-opensource-7.2.7/var/lib/virtuoso/db/fedup.ini, /workspaces/P-TER/apache-jena-fuseki-4.9.0, queries/q07f.sparql, config/rdfs/endpoints.txt
    output: output/rdfs/FedX/q07f.2.csv, output/rdfs/FedX/q07f.2.json
    jobid: 497
    reason: Missing output files: output/rdfs/FedX/q07f.2.csv
    wildcards: workload=rdfs, query=q07f, run=2
    priority: 50
    resources: tmpdir=/tmp

[Tue Mar 18 08:43:16 2025]
Finished job 497.
26 of 1651 steps (2%) done
Select jobs to execute...
Execute 1 jobs...

[Tue Mar 18 08:43:16 2025]
localrule run_fedX_query:
    input: /workspaces/P-TER/virtuoso-opensource-7.2.7, /workspaces/P-TER/virtuoso-opensource-7.2.7/var/lib/virtuoso/db/fedup.ini, /workspaces/P-TER/apache-jena-fuseki-4.9.0, queries/q07f.sparql, config/rdfs/endpoints.txt
    output: output/rdfs/FedX/q07f.3.csv, output/rdfs/FedX/q07f.3.json
    jobid: 498
    reason: Missing output files: output/rdfs/FedX/q07f.3.csv
    wildcards: workload=rdfs, query=q07f, run=3
    priority: 50
    resources: tmpdir=/tmp

[Tue Mar 18 08:43:19 2025]
Finished job 498.
27 of 1651 steps (2%) done
Select jobs to execute...
Execute 1 jobs...

[Tue Mar 18 08:43:19 2025]
localrule run_fedX_query:
    input: /workspaces/P-TER/virtuoso-opensource-7.2.7, /workspaces/P-TER/virtuoso-opensource-7.2.7/var/lib/virtuoso/db/fedup.ini, /workspaces/P-TER/apache-jena-fuseki-4.9.0, queries/q07h.sparql, config/rdfs/endpoints.txt
    output: output/rdfs/FedX/q07h.1.csv, output/rdfs/FedX/q07h.1.json
    jobid: 502
    reason: Missing output files: output/rdfs/FedX/q07h.1.csv
    wildcards: workload=rdfs, query=q07h, run=1
    priority: 50
    resources: tmpdir=/tmp

[Tue Mar 18 08:43:22 2025]
Finished job 502.
28 of 1651 steps (2%) done
Select jobs to execute...
Execute 1 jobs...

[Tue Mar 18 08:43:22 2025]
localrule run_fedX_query:
    input: /workspaces/P-TER/virtuoso-opensource-7.2.7, /workspaces/P-TER/virtuoso-opensource-7.2.7/var/lib/virtuoso/db/fedup.ini, /workspaces/P-TER/apache-jena-fuseki-4.9.0, queries/q07h.sparql, config/rdfs/endpoints.txt
    output: output/rdfs/FedX/q07h.2.csv, output/rdfs/FedX/q07h.2.json
    jobid: 503
    reason: Missing output files: output/rdfs/FedX/q07h.2.csv
    wildcards: workload=rdfs, query=q07h, run=2
    priority: 50
    resources: tmpdir=/tmp

[Tue Mar 18 08:43:25 2025]
Finished job 503.
29 of 1651 steps (2%) done
Select jobs to execute...
Execute 1 jobs...

[Tue Mar 18 08:43:25 2025]
localrule run_fedX_query:
    input: /workspaces/P-TER/virtuoso-opensource-7.2.7, /workspaces/P-TER/virtuoso-opensource-7.2.7/var/lib/virtuoso/db/fedup.ini, /workspaces/P-TER/apache-jena-fuseki-4.9.0, queries/q07h.sparql, config/rdfs/endpoints.txt
    output: output/rdfs/FedX/q07h.3.csv, output/rdfs/FedX/q07h.3.json
    jobid: 504
    reason: Missing output files: output/rdfs/FedX/q07h.3.csv
    wildcards: workload=rdfs, query=q07h, run=3
    priority: 50
    resources: tmpdir=/tmp

[Tue Mar 18 08:43:28 2025]
Finished job 504.
30 of 1651 steps (2%) done
Select jobs to execute...
Execute 1 jobs...

[Tue Mar 18 08:43:28 2025]
localrule run_sparql_query:
    input: /workspaces/P-TER/virtuoso-opensource-7.2.7, /workspaces/P-TER/virtuoso-opensource-7.2.7/var/lib/virtuoso/db/fedup.ini, queries/q07a.sparql
    output: output/rdfs/Jena/q07a.2.csv, output/rdfs/Jena/q07a.2.json
    jobid: 152
    reason: Missing output files: output/rdfs/Jena/q07a.2.csv
    wildcards: workload=rdfs, query=q07a, run=2
    priority: 50
    resources: tmpdir=/tmp

[Tue Mar 18 08:43:32 2025]
Finished job 152.
31 of 1651 steps (2%) done
Select jobs to execute...
Execute 1 jobs...

[Tue Mar 18 08:43:32 2025]
localrule run_sparql_query:
    input: /workspaces/P-TER/virtuoso-opensource-7.2.7, /workspaces/P-TER/virtuoso-opensource-7.2.7/var/lib/virtuoso/db/fedup.ini, queries/q07a.sparql
    output: output/rdfs/Jena/q07a.3.csv, output/rdfs/Jena/q07a.3.json
    jobid: 153
    reason: Missing output files: output/rdfs/Jena/q07a.3.csv
    wildcards: workload=rdfs, query=q07a, run=3
    priority: 50
    resources: tmpdir=/tmp

[Tue Mar 18 08:43:37 2025]
Finished job 153.
32 of 1651 steps (2%) done
Select jobs to execute...
Execute 1 jobs...

[Tue Mar 18 08:43:37 2025]
localrule run_sparql_query:
    input: /workspaces/P-TER/virtuoso-opensource-7.2.7, /workspaces/P-TER/virtuoso-opensource-7.2.7/var/lib/virtuoso/db/fedup.ini, queries/q07a.sparql
    output: output/rdfs/Jena/q07a.1.csv, output/rdfs/Jena/q07a.1.json
    jobid: 151
    reason: Missing output files: output/rdfs/Jena/q07a.1.csv
    wildcards: workload=rdfs, query=q07a, run=1
    priority: 50
    resources: tmpdir=/tmp

[Tue Mar 18 08:43:41 2025]
Finished job 151.
33 of 1651 steps (2%) done
Select jobs to execute...
Execute 1 jobs...

[Tue Mar 18 08:43:41 2025]
localrule run_hefquin_query:
    input: /workspaces/P-TER/virtuoso-opensource-7.2.7, /workspaces/P-TER/virtuoso-opensource-7.2.7/var/lib/virtuoso/db/fedup.ini, /workspaces/P-TER/queries/q07a.sparql
    output: output/rdfs/HefQuin/q07a.1.csv, output/rdfs/HefQuin/q07a.1.json, output/rdfs/HefQuin/q07a.1.txt
    jobid: 811
    reason: Missing output files: output/rdfs/HefQuin/q07a.1.csv
    wildcards: workload=rdfs, query=q07a, run=1
    priority: 50
    resources: tmpdir=/tmp

[Tue Mar 18 08:43:45 2025]
Finished job 811.
34 of 1651 steps (2%) done
Select jobs to execute...
Execute 1 jobs...

[Tue Mar 18 08:43:45 2025]
localrule run_hefquin_query:
    input: /workspaces/P-TER/virtuoso-opensource-7.2.7, /workspaces/P-TER/virtuoso-opensource-7.2.7/var/lib/virtuoso/db/fedup.ini, /workspaces/P-TER/queries/q07a.sparql
    output: output/rdfs/HefQuin/q07a.2.csv, output/rdfs/HefQuin/q07a.2.json, output/rdfs/HefQuin/q07a.2.txt
    jobid: 812
    reason: Missing output files: output/rdfs/HefQuin/q07a.2.csv
    wildcards: workload=rdfs, query=q07a, run=2
    priority: 50
    resources: tmpdir=/tmp

[Tue Mar 18 08:43:49 2025]
Finished job 812.
35 of 1651 steps (2%) done
Select jobs to execute...
Execute 1 jobs...

[Tue Mar 18 08:43:49 2025]
localrule run_hefquin_query:
    input: /workspaces/P-TER/virtuoso-opensource-7.2.7, /workspaces/P-TER/virtuoso-opensource-7.2.7/var/lib/virtuoso/db/fedup.ini, /workspaces/P-TER/queries/q07a.sparql
    output: output/rdfs/HefQuin/q07a.3.csv, output/rdfs/HefQuin/q07a.3.json, output/rdfs/HefQuin/q07a.3.txt
    jobid: 813
    reason: Missing output files: output/rdfs/HefQuin/q07a.3.csv
    wildcards: workload=rdfs, query=q07a, run=3
    priority: 50
    resources: tmpdir=/tmp

[Tue Mar 18 08:43:53 2025]
Finished job 813.
36 of 1651 steps (2%) done
Select jobs to execute...
Execute 1 jobs...

[Tue Mar 18 08:43:53 2025]
localrule run_fedX_query:
    input: /workspaces/P-TER/virtuoso-opensource-7.2.7, /workspaces/P-TER/virtuoso-opensource-7.2.7/var/lib/virtuoso/db/fedup.ini, /workspaces/P-TER/apache-jena-fuseki-4.9.0, queries/q07b.sparql, config/rdfs/endpoints.txt
    output: output/rdfs/FedX/q07b.3.csv, output/rdfs/FedX/q07b.3.json
    jobid: 486
    reason: Missing output files: output/rdfs/FedX/q07b.3.csv
    wildcards: workload=rdfs, query=q07b, run=3
    priority: 50
    resources: tmpdir=/tmp

[Tue Mar 18 08:43:56 2025]
Finished job 486.
37 of 1651 steps (2%) done
Select jobs to execute...
Execute 1 jobs...

[Tue Mar 18 08:43:56 2025]
localrule run_fedX_query:
    input: /workspaces/P-TER/virtuoso-opensource-7.2.7, /workspaces/P-TER/virtuoso-opensource-7.2.7/var/lib/virtuoso/db/fedup.ini, /workspaces/P-TER/apache-jena-fuseki-4.9.0, queries/q07b.sparql, config/rdfs/endpoints.txt
    output: output/rdfs/FedX/q07b.1.csv, output/rdfs/FedX/q07b.1.json
    jobid: 484
    reason: Missing output files: output/rdfs/FedX/q07b.1.csv
    wildcards: workload=rdfs, query=q07b, run=1
    priority: 50
    resources: tmpdir=/tmp

[Tue Mar 18 08:43:59 2025]
Finished job 484.
38 of 1651 steps (2%) done
Select jobs to execute...
Execute 1 jobs...

[Tue Mar 18 08:43:59 2025]
localrule run_fedX_query:
    input: /workspaces/P-TER/virtuoso-opensource-7.2.7, /workspaces/P-TER/virtuoso-opensource-7.2.7/var/lib/virtuoso/db/fedup.ini, /workspaces/P-TER/apache-jena-fuseki-4.9.0, queries/q07b.sparql, config/rdfs/endpoints.txt
    output: output/rdfs/FedX/q07b.2.csv, output/rdfs/FedX/q07b.2.json
    jobid: 485
    reason: Missing output files: output/rdfs/FedX/q07b.2.csv
    wildcards: workload=rdfs, query=q07b, run=2
    priority: 50
    resources: tmpdir=/tmp

[Tue Mar 18 08:44:02 2025]
Finished job 485.
39 of 1651 steps (2%) done
Select jobs to execute...
Execute 1 jobs...

[Tue Mar 18 08:44:02 2025]
localrule run_sparql_query:
    input: /workspaces/P-TER/virtuoso-opensource-7.2.7, /workspaces/P-TER/virtuoso-opensource-7.2.7/var/lib/virtuoso/db/fedup.ini, queries/q07d.sparql
    output: output/rdfs/Jena/q07d.1.csv, output/rdfs/Jena/q07d.1.json
    jobid: 160
    reason: Missing output files: output/rdfs/Jena/q07d.1.csv
    wildcards: workload=rdfs, query=q07d, run=1
    priority: 50
    resources: tmpdir=/tmp

[Tue Mar 18 08:44:06 2025]
Finished job 160.
40 of 1651 steps (2%) done
Select jobs to execute...
Execute 1 jobs...

[Tue Mar 18 08:44:06 2025]
localrule run_sparql_query:
    input: /workspaces/P-TER/virtuoso-opensource-7.2.7, /workspaces/P-TER/virtuoso-opensource-7.2.7/var/lib/virtuoso/db/fedup.ini, queries/q07d.sparql
    output: output/rdfs/Jena/q07d.2.csv, output/rdfs/Jena/q07d.2.json
    jobid: 161
    reason: Missing output files: output/rdfs/Jena/q07d.2.csv
    wildcards: workload=rdfs, query=q07d, run=2
    priority: 50
    resources: tmpdir=/tmp

[Tue Mar 18 08:44:10 2025]
Finished job 161.
41 of 1651 steps (2%) done
Select jobs to execute...
Execute 1 jobs...

[Tue Mar 18 08:44:10 2025]
localrule run_sparql_query:
    input: /workspaces/P-TER/virtuoso-opensource-7.2.7, /workspaces/P-TER/virtuoso-opensource-7.2.7/var/lib/virtuoso/db/fedup.ini, queries/q07d.sparql
    output: output/rdfs/Jena/q07d.3.csv, output/rdfs/Jena/q07d.3.json
    jobid: 162
    reason: Missing output files: output/rdfs/Jena/q07d.3.csv
    wildcards: workload=rdfs, query=q07d, run=3
    priority: 50
    resources: tmpdir=/tmp

[Tue Mar 18 08:44:14 2025]
Finished job 162.
42 of 1651 steps (3%) done
Select jobs to execute...
Execute 1 jobs...

[Tue Mar 18 08:44:14 2025]
localrule run_hefquin_query:
    input: /workspaces/P-TER/virtuoso-opensource-7.2.7, /workspaces/P-TER/virtuoso-opensource-7.2.7/var/lib/virtuoso/db/fedup.ini, /workspaces/P-TER/queries/q07d.sparql
    output: output/rdfs/HefQuin/q07d.1.csv, output/rdfs/HefQuin/q07d.1.json, output/rdfs/HefQuin/q07d.1.txt
    jobid: 820
    reason: Missing output files: output/rdfs/HefQuin/q07d.1.csv
    wildcards: workload=rdfs, query=q07d, run=1
    priority: 50
    resources: tmpdir=/tmp

[Tue Mar 18 08:44:18 2025]
Finished job 820.
43 of 1651 steps (3%) done
Select jobs to execute...
Execute 1 jobs...

[Tue Mar 18 08:44:18 2025]
localrule run_hefquin_query:
    input: /workspaces/P-TER/virtuoso-opensource-7.2.7, /workspaces/P-TER/virtuoso-opensource-7.2.7/var/lib/virtuoso/db/fedup.ini, /workspaces/P-TER/queries/q07d.sparql
    output: output/rdfs/HefQuin/q07d.2.csv, output/rdfs/HefQuin/q07d.2.json, output/rdfs/HefQuin/q07d.2.txt
    jobid: 821
    reason: Missing output files: output/rdfs/HefQuin/q07d.2.csv
    wildcards: workload=rdfs, query=q07d, run=2
    priority: 50
    resources: tmpdir=/tmp

[Tue Mar 18 08:44:25 2025]
Finished job 821.
44 of 1651 steps (3%) done
Select jobs to execute...
Execute 1 jobs...

[Tue Mar 18 08:44:25 2025]
localrule run_hefquin_query:
    input: /workspaces/P-TER/virtuoso-opensource-7.2.7, /workspaces/P-TER/virtuoso-opensource-7.2.7/var/lib/virtuoso/db/fedup.ini, /workspaces/P-TER/queries/q07d.sparql
    output: output/rdfs/HefQuin/q07d.3.csv, output/rdfs/HefQuin/q07d.3.json, output/rdfs/HefQuin/q07d.3.txt
    jobid: 822
    reason: Missing output files: output/rdfs/HefQuin/q07d.3.csv
    wildcards: workload=rdfs, query=q07d, run=3
    priority: 50
    resources: tmpdir=/tmp

[Tue Mar 18 08:44:29 2025]
Finished job 822.
45 of 1651 steps (3%) done
Select jobs to execute...
Execute 1 jobs...

[Tue Mar 18 08:44:29 2025]
localrule run_sparql_query:
    input: /workspaces/P-TER/virtuoso-opensource-7.2.7, /workspaces/P-TER/virtuoso-opensource-7.2.7/var/lib/virtuoso/db/fedup.ini, queries/q07g.sparql
    output: output/rdfs/Jena/q07g.1.csv, output/rdfs/Jena/q07g.1.json
    jobid: 169
    reason: Missing output files: output/rdfs/Jena/q07g.1.csv
    wildcards: workload=rdfs, query=q07g, run=1
    priority: 50
    resources: tmpdir=/tmp

[Tue Mar 18 08:44:34 2025]
Finished job 169.
46 of 1651 steps (3%) done
Select jobs to execute...
Execute 1 jobs...

[Tue Mar 18 08:44:34 2025]
localrule run_hefquin_query:
    input: /workspaces/P-TER/virtuoso-opensource-7.2.7, /workspaces/P-TER/virtuoso-opensource-7.2.7/var/lib/virtuoso/db/fedup.ini, /workspaces/P-TER/queries/q07g.sparql
    output: output/rdfs/HefQuin/q07g.2.csv, output/rdfs/HefQuin/q07g.2.json, output/rdfs/HefQuin/q07g.2.txt
    jobid: 830
    reason: Missing output files: output/rdfs/HefQuin/q07g.2.csv
    wildcards: workload=rdfs, query=q07g, run=2
    priority: 50
    resources: tmpdir=/tmp

[Tue Mar 18 08:44:38 2025]
Finished job 830.
47 of 1651 steps (3%) done
Select jobs to execute...
Execute 1 jobs...

[Tue Mar 18 08:44:38 2025]
localrule run_hefquin_query:
    input: /workspaces/P-TER/virtuoso-opensource-7.2.7, /workspaces/P-TER/virtuoso-opensource-7.2.7/var/lib/virtuoso/db/fedup.ini, /workspaces/P-TER/queries/q07g.sparql
    output: output/rdfs/HefQuin/q07g.3.csv, output/rdfs/HefQuin/q07g.3.json, output/rdfs/HefQuin/q07g.3.txt
    jobid: 831
    reason: Missing output files: output/rdfs/HefQuin/q07g.3.csv
    wildcards: workload=rdfs, query=q07g, run=3
    priority: 50
    resources: tmpdir=/tmp

[Tue Mar 18 08:44:42 2025]
Finished job 831.
48 of 1651 steps (3%) done
Select jobs to execute...
Execute 1 jobs...

[Tue Mar 18 08:44:42 2025]
localrule run_hefquin_query:
    input: /workspaces/P-TER/virtuoso-opensource-7.2.7, /workspaces/P-TER/virtuoso-opensource-7.2.7/var/lib/virtuoso/db/fedup.ini, /workspaces/P-TER/queries/q07g.sparql
    output: output/rdfs/HefQuin/q07g.1.csv, output/rdfs/HefQuin/q07g.1.json, output/rdfs/HefQuin/q07g.1.txt
    jobid: 829
    reason: Missing output files: output/rdfs/HefQuin/q07g.1.csv
    wildcards: workload=rdfs, query=q07g, run=1
    priority: 50
    resources: tmpdir=/tmp

[Tue Mar 18 08:44:45 2025]
Finished job 829.
49 of 1651 steps (3%) done
Select jobs to execute...
Execute 1 jobs...

[Tue Mar 18 08:44:45 2025]
localrule run_sparql_query:
    input: /workspaces/P-TER/virtuoso-opensource-7.2.7, /workspaces/P-TER/virtuoso-opensource-7.2.7/var/lib/virtuoso/db/fedup.ini, queries/q07g.sparql
    output: output/rdfs/Jena/q07g.2.csv, output/rdfs/Jena/q07g.2.json
    jobid: 170
    reason: Missing output files: output/rdfs/Jena/q07g.2.csv
    wildcards: workload=rdfs, query=q07g, run=2
    priority: 50
    resources: tmpdir=/tmp

[Tue Mar 18 08:44:50 2025]
Finished job 170.
50 of 1651 steps (3%) done
Select jobs to execute...
Execute 1 jobs...

[Tue Mar 18 08:44:50 2025]
localrule run_sparql_query:
    input: /workspaces/P-TER/virtuoso-opensource-7.2.7, /workspaces/P-TER/virtuoso-opensource-7.2.7/var/lib/virtuoso/db/fedup.ini, queries/q07g.sparql
    output: output/rdfs/Jena/q07g.3.csv, output/rdfs/Jena/q07g.3.json
    jobid: 171
    reason: Missing output files: output/rdfs/Jena/q07g.3.csv
    wildcards: workload=rdfs, query=q07g, run=3
    priority: 50
    resources: tmpdir=/tmp

[Tue Mar 18 08:44:54 2025]
Finished job 171.
51 of 1651 steps (3%) done
Select jobs to execute...
Execute 1 jobs...

[Tue Mar 18 08:44:54 2025]
localrule run_fedX_query:
    input: /workspaces/P-TER/virtuoso-opensource-7.2.7, /workspaces/P-TER/virtuoso-opensource-7.2.7/var/lib/virtuoso/db/fedup.ini, /workspaces/P-TER/apache-jena-fuseki-4.9.0, queries/q04c.sparql, config/rdfs/endpoints.txt
    output: output/rdfs/FedX/q04c.1.csv, output/rdfs/FedX/q04c.1.json
    jobid: 427
    reason: Missing output files: output/rdfs/FedX/q04c.1.csv
    wildcards: workload=rdfs, query=q04c, run=1
    priority: 50
    resources: tmpdir=/tmp

[Tue Mar 18 08:44:57 2025]
Finished job 427.
52 of 1651 steps (3%) done
Select jobs to execute...
Execute 1 jobs...

[Tue Mar 18 08:44:57 2025]
localrule run_fedX_query:
    input: /workspaces/P-TER/virtuoso-opensource-7.2.7, /workspaces/P-TER/virtuoso-opensource-7.2.7/var/lib/virtuoso/db/fedup.ini, /workspaces/P-TER/apache-jena-fuseki-4.9.0, queries/q04c.sparql, config/rdfs/endpoints.txt
    output: output/rdfs/FedX/q04c.2.csv, output/rdfs/FedX/q04c.2.json
    jobid: 428
    reason: Missing output files: output/rdfs/FedX/q04c.2.csv
    wildcards: workload=rdfs, query=q04c, run=2
    priority: 50
    resources: tmpdir=/tmp

[Tue Mar 18 08:45:00 2025]
Finished job 428.
53 of 1651 steps (3%) done
Select jobs to execute...
Execute 1 jobs...

[Tue Mar 18 08:45:00 2025]
localrule run_fedX_query:
    input: /workspaces/P-TER/virtuoso-opensource-7.2.7, /workspaces/P-TER/virtuoso-opensource-7.2.7/var/lib/virtuoso/db/fedup.ini, /workspaces/P-TER/apache-jena-fuseki-4.9.0, queries/q04c.sparql, config/rdfs/endpoints.txt
    output: output/rdfs/FedX/q04c.3.csv, output/rdfs/FedX/q04c.3.json
    jobid: 429
    reason: Missing output files: output/rdfs/FedX/q04c.3.csv
    wildcards: workload=rdfs, query=q04c, run=3
    priority: 50
    resources: tmpdir=/tmp

[Tue Mar 18 08:45:03 2025]
Finished job 429.
54 of 1651 steps (3%) done
Select jobs to execute...
Execute 1 jobs...

[Tue Mar 18 08:45:03 2025]
localrule run_fedX_query:
    input: /workspaces/P-TER/virtuoso-opensource-7.2.7, /workspaces/P-TER/virtuoso-opensource-7.2.7/var/lib/virtuoso/db/fedup.ini, /workspaces/P-TER/apache-jena-fuseki-4.9.0, queries/q04h.sparql, config/rdfs/endpoints.txt
    output: output/rdfs/FedX/q04h.3.csv, output/rdfs/FedX/q04h.3.json
    jobid: 444
    reason: Missing output files: output/rdfs/FedX/q04h.3.csv
    wildcards: workload=rdfs, query=q04h, run=3
    priority: 50
    resources: tmpdir=/tmp

[Tue Mar 18 08:45:06 2025]
Finished job 444.
55 of 1651 steps (3%) done
Select jobs to execute...
Execute 1 jobs...

[Tue Mar 18 08:45:06 2025]
localrule run_fedX_query:
    input: /workspaces/P-TER/virtuoso-opensource-7.2.7, /workspaces/P-TER/virtuoso-opensource-7.2.7/var/lib/virtuoso/db/fedup.ini, /workspaces/P-TER/apache-jena-fuseki-4.9.0, queries/q04h.sparql, config/rdfs/endpoints.txt
    output: output/rdfs/FedX/q04h.1.csv, output/rdfs/FedX/q04h.1.json
    jobid: 442
    reason: Missing output files: output/rdfs/FedX/q04h.1.csv
    wildcards: workload=rdfs, query=q04h, run=1
    priority: 50
    resources: tmpdir=/tmp

[Tue Mar 18 08:45:08 2025]
Finished job 442.
56 of 1651 steps (3%) done
Select jobs to execute...
Execute 1 jobs...

[Tue Mar 18 08:45:08 2025]
localrule run_fedX_query:
    input: /workspaces/P-TER/virtuoso-opensource-7.2.7, /workspaces/P-TER/virtuoso-opensource-7.2.7/var/lib/virtuoso/db/fedup.ini, /workspaces/P-TER/apache-jena-fuseki-4.9.0, queries/q04h.sparql, config/rdfs/endpoints.txt
    output: output/rdfs/FedX/q04h.2.csv, output/rdfs/FedX/q04h.2.json
    jobid: 443
    reason: Missing output files: output/rdfs/FedX/q04h.2.csv
    wildcards: workload=rdfs, query=q04h, run=2
    priority: 50
    resources: tmpdir=/tmp

[Tue Mar 18 08:45:11 2025]
Finished job 443.
57 of 1651 steps (3%) done
Select jobs to execute...
Execute 1 jobs...

[Tue Mar 18 08:45:11 2025]
localrule run_fedX_query:
    input: /workspaces/P-TER/virtuoso-opensource-7.2.7, /workspaces/P-TER/virtuoso-opensource-7.2.7/var/lib/virtuoso/db/fedup.ini, /workspaces/P-TER/apache-jena-fuseki-4.9.0, queries/q04f.sparql, config/rdfs/endpoints.txt
    output: output/rdfs/FedX/q04f.1.csv, output/rdfs/FedX/q04f.1.json
    jobid: 436
    reason: Missing output files: output/rdfs/FedX/q04f.1.csv
    wildcards: workload=rdfs, query=q04f, run=1
    priority: 50
    resources: tmpdir=/tmp

[Tue Mar 18 08:45:14 2025]
Finished job 436.
58 of 1651 steps (4%) done
Select jobs to execute...
Execute 1 jobs...

[Tue Mar 18 08:45:14 2025]
localrule run_fedX_query:
    input: /workspaces/P-TER/virtuoso-opensource-7.2.7, /workspaces/P-TER/virtuoso-opensource-7.2.7/var/lib/virtuoso/db/fedup.ini, /workspaces/P-TER/apache-jena-fuseki-4.9.0, queries/q04f.sparql, config/rdfs/endpoints.txt
    output: output/rdfs/FedX/q04f.2.csv, output/rdfs/FedX/q04f.2.json
    jobid: 437
    reason: Missing output files: output/rdfs/FedX/q04f.2.csv
    wildcards: workload=rdfs, query=q04f, run=2
    priority: 50
    resources: tmpdir=/tmp

[Tue Mar 18 08:45:17 2025]
Finished job 437.
59 of 1651 steps (4%) done
Select jobs to execute...
Execute 1 jobs...

[Tue Mar 18 08:45:17 2025]
localrule run_fedX_query:
    input: /workspaces/P-TER/virtuoso-opensource-7.2.7, /workspaces/P-TER/virtuoso-opensource-7.2.7/var/lib/virtuoso/db/fedup.ini, /workspaces/P-TER/apache-jena-fuseki-4.9.0, queries/q04f.sparql, config/rdfs/endpoints.txt
    output: output/rdfs/FedX/q04f.3.csv, output/rdfs/FedX/q04f.3.json
    jobid: 438
    reason: Missing output files: output/rdfs/FedX/q04f.3.csv
    wildcards: workload=rdfs, query=q04f, run=3
    priority: 50
    resources: tmpdir=/tmp

[Tue Mar 18 08:45:20 2025]
Finished job 438.
60 of 1651 steps (4%) done
Select jobs to execute...
Execute 1 jobs...

[Tue Mar 18 08:45:20 2025]
localrule run_hefquin_query:
    input: /workspaces/P-TER/virtuoso-opensource-7.2.7, /workspaces/P-TER/virtuoso-opensource-7.2.7/var/lib/virtuoso/db/fedup.ini, /workspaces/P-TER/queries/q07c.sparql
    output: output/rdfs/HefQuin/q07c.1.csv, output/rdfs/HefQuin/q07c.1.json, output/rdfs/HefQuin/q07c.1.txt
    jobid: 817
    reason: Missing output files: output/rdfs/HefQuin/q07c.1.csv
    wildcards: workload=rdfs, query=q07c, run=1
    priority: 50
    resources: tmpdir=/tmp

[Tue Mar 18 08:45:24 2025]
Finished job 817.
61 of 1651 steps (4%) done
Select jobs to execute...
Execute 1 jobs...

[Tue Mar 18 08:45:24 2025]
localrule run_hefquin_query:
    input: /workspaces/P-TER/virtuoso-opensource-7.2.7, /workspaces/P-TER/virtuoso-opensource-7.2.7/var/lib/virtuoso/db/fedup.ini, /workspaces/P-TER/queries/q07c.sparql
    output: output/rdfs/HefQuin/q07c.2.csv, output/rdfs/HefQuin/q07c.2.json, output/rdfs/HefQuin/q07c.2.txt
    jobid: 818
    reason: Missing output files: output/rdfs/HefQuin/q07c.2.csv
    wildcards: workload=rdfs, query=q07c, run=2
    priority: 50
    resources: tmpdir=/tmp

[Tue Mar 18 08:45:27 2025]
Finished job 818.
62 of 1651 steps (4%) done
Select jobs to execute...
Execute 1 jobs...

[Tue Mar 18 08:45:28 2025]
localrule run_hefquin_query:
    input: /workspaces/P-TER/virtuoso-opensource-7.2.7, /workspaces/P-TER/virtuoso-opensource-7.2.7/var/lib/virtuoso/db/fedup.ini, /workspaces/P-TER/queries/q07c.sparql
    output: output/rdfs/HefQuin/q07c.3.csv, output/rdfs/HefQuin/q07c.3.json, output/rdfs/HefQuin/q07c.3.txt
    jobid: 819
    reason: Missing output files: output/rdfs/HefQuin/q07c.3.csv
    wildcards: workload=rdfs, query=q07c, run=3
    priority: 50
    resources: tmpdir=/tmp

[Tue Mar 18 08:45:31 2025]
Finished job 819.
63 of 1651 steps (4%) done
Select jobs to execute...
Execute 1 jobs...

[Tue Mar 18 08:45:31 2025]
localrule run_sparql_query:
    input: /workspaces/P-TER/virtuoso-opensource-7.2.7, /workspaces/P-TER/virtuoso-opensource-7.2.7/var/lib/virtuoso/db/fedup.ini, queries/q07c.sparql
    output: output/rdfs/Jena/q07c.1.csv, output/rdfs/Jena/q07c.1.json
    jobid: 157
    reason: Missing output files: output/rdfs/Jena/q07c.1.csv
    wildcards: workload=rdfs, query=q07c, run=1
    priority: 50
    resources: tmpdir=/tmp

[Tue Mar 18 08:45:36 2025]
Finished job 157.
64 of 1651 steps (4%) done
Select jobs to execute...
Execute 1 jobs...

[Tue Mar 18 08:45:36 2025]
localrule run_sparql_query:
    input: /workspaces/P-TER/virtuoso-opensource-7.2.7, /workspaces/P-TER/virtuoso-opensource-7.2.7/var/lib/virtuoso/db/fedup.ini, queries/q07c.sparql
    output: output/rdfs/Jena/q07c.2.csv, output/rdfs/Jena/q07c.2.json
    jobid: 158
    reason: Missing output files: output/rdfs/Jena/q07c.2.csv
    wildcards: workload=rdfs, query=q07c, run=2
    priority: 50
    resources: tmpdir=/tmp

[Tue Mar 18 08:45:39 2025]
Finished job 158.
65 of 1651 steps (4%) done
Select jobs to execute...
Execute 1 jobs...

[Tue Mar 18 08:45:39 2025]
localrule run_sparql_query:
    input: /workspaces/P-TER/virtuoso-opensource-7.2.7, /workspaces/P-TER/virtuoso-opensource-7.2.7/var/lib/virtuoso/db/fedup.ini, queries/q07c.sparql
    output: output/rdfs/Jena/q07c.3.csv, output/rdfs/Jena/q07c.3.json
    jobid: 159
    reason: Missing output files: output/rdfs/Jena/q07c.3.csv
    wildcards: workload=rdfs, query=q07c, run=3
    priority: 50
    resources: tmpdir=/tmp

[Tue Mar 18 08:45:43 2025]
Finished job 159.
66 of 1651 steps (4%) done
Select jobs to execute...
Execute 1 jobs...

[Tue Mar 18 08:45:43 2025]
localrule run_fedX_query:
    input: /workspaces/P-TER/virtuoso-opensource-7.2.7, /workspaces/P-TER/virtuoso-opensource-7.2.7/var/lib/virtuoso/db/fedup.ini, /workspaces/P-TER/apache-jena-fuseki-4.9.0, queries/q04g.sparql, config/rdfs/endpoints.txt
    output: output/rdfs/FedX/q04g.1.csv, output/rdfs/FedX/q04g.1.json
    jobid: 439
    reason: Missing output files: output/rdfs/FedX/q04g.1.csv
    wildcards: workload=rdfs, query=q04g, run=1
    priority: 50
    resources: tmpdir=/tmp

[Tue Mar 18 08:45:46 2025]
Finished job 439.
67 of 1651 steps (4%) done
Select jobs to execute...
Execute 1 jobs...

[Tue Mar 18 08:45:46 2025]
localrule run_fedX_query:
    input: /workspaces/P-TER/virtuoso-opensource-7.2.7, /workspaces/P-TER/virtuoso-opensource-7.2.7/var/lib/virtuoso/db/fedup.ini, /workspaces/P-TER/apache-jena-fuseki-4.9.0, queries/q04g.sparql, config/rdfs/endpoints.txt
    output: output/rdfs/FedX/q04g.2.csv, output/rdfs/FedX/q04g.2.json
    jobid: 440
    reason: Missing output files: output/rdfs/FedX/q04g.2.csv
    wildcards: workload=rdfs, query=q04g, run=2
    priority: 50
    resources: tmpdir=/tmp

[Tue Mar 18 08:45:49 2025]
Finished job 440.
68 of 1651 steps (4%) done
Select jobs to execute...
Execute 1 jobs...

[Tue Mar 18 08:45:49 2025]
localrule run_fedX_query:
    input: /workspaces/P-TER/virtuoso-opensource-7.2.7, /workspaces/P-TER/virtuoso-opensource-7.2.7/var/lib/virtuoso/db/fedup.ini, /workspaces/P-TER/apache-jena-fuseki-4.9.0, queries/q04g.sparql, config/rdfs/endpoints.txt
    output: output/rdfs/FedX/q04g.3.csv, output/rdfs/FedX/q04g.3.json
    jobid: 441
    reason: Missing output files: output/rdfs/FedX/q04g.3.csv
    wildcards: workload=rdfs, query=q04g, run=3
    priority: 50
    resources: tmpdir=/tmp

[Tue Mar 18 08:45:52 2025]
Finished job 441.
69 of 1651 steps (4%) done
Select jobs to execute...
Execute 1 jobs...

[Tue Mar 18 08:45:52 2025]
localrule run_fedX_query:
    input: /workspaces/P-TER/virtuoso-opensource-7.2.7, /workspaces/P-TER/virtuoso-opensource-7.2.7/var/lib/virtuoso/db/fedup.ini, /workspaces/P-TER/apache-jena-fuseki-4.9.0, queries/q04i.sparql, config/rdfs/endpoints.txt
    output: output/rdfs/FedX/q04i.3.csv, output/rdfs/FedX/q04i.3.json
    jobid: 447
    reason: Missing output files: output/rdfs/FedX/q04i.3.csv
    wildcards: workload=rdfs, query=q04i, run=3
    priority: 50
    resources: tmpdir=/tmp

[Tue Mar 18 08:45:55 2025]
Finished job 447.
70 of 1651 steps (4%) done
Select jobs to execute...
Execute 1 jobs...

[Tue Mar 18 08:45:55 2025]
localrule run_fedX_query:
    input: /workspaces/P-TER/virtuoso-opensource-7.2.7, /workspaces/P-TER/virtuoso-opensource-7.2.7/var/lib/virtuoso/db/fedup.ini, /workspaces/P-TER/apache-jena-fuseki-4.9.0, queries/q04i.sparql, config/rdfs/endpoints.txt
    output: output/rdfs/FedX/q04i.1.csv, output/rdfs/FedX/q04i.1.json
    jobid: 445
    reason: Missing output files: output/rdfs/FedX/q04i.1.csv
    wildcards: workload=rdfs, query=q04i, run=1
    priority: 50
    resources: tmpdir=/tmp

[Tue Mar 18 08:45:57 2025]
Finished job 445.
71 of 1651 steps (4%) done
Select jobs to execute...
Execute 1 jobs...

[Tue Mar 18 08:45:57 2025]
localrule run_fedX_query:
    input: /workspaces/P-TER/virtuoso-opensource-7.2.7, /workspaces/P-TER/virtuoso-opensource-7.2.7/var/lib/virtuoso/db/fedup.ini, /workspaces/P-TER/apache-jena-fuseki-4.9.0, queries/q04i.sparql, config/rdfs/endpoints.txt
    output: output/rdfs/FedX/q04i.2.csv, output/rdfs/FedX/q04i.2.json
    jobid: 446
    reason: Missing output files: output/rdfs/FedX/q04i.2.csv
    wildcards: workload=rdfs, query=q04i, run=2
    priority: 50
    resources: tmpdir=/tmp

[Tue Mar 18 08:46:00 2025]
Finished job 446.
72 of 1651 steps (4%) done
Select jobs to execute...
Execute 1 jobs...

[Tue Mar 18 08:46:00 2025]
localrule run_fedX_query:
    input: /workspaces/P-TER/virtuoso-opensource-7.2.7, /workspaces/P-TER/virtuoso-opensource-7.2.7/var/lib/virtuoso/db/fedup.ini, /workspaces/P-TER/apache-jena-fuseki-4.9.0, queries/q04a.sparql, config/rdfs/endpoints.txt
    output: output/rdfs/FedX/q04a.1.csv, output/rdfs/FedX/q04a.1.json
    jobid: 421
    reason: Missing output files: output/rdfs/FedX/q04a.1.csv
    wildcards: workload=rdfs, query=q04a, run=1
    priority: 50
    resources: tmpdir=/tmp

[Tue Mar 18 08:46:03 2025]
Finished job 421.
73 of 1651 steps (4%) done
Select jobs to execute...
Execute 1 jobs...

[Tue Mar 18 08:46:03 2025]
localrule run_fedX_query:
    input: /workspaces/P-TER/virtuoso-opensource-7.2.7, /workspaces/P-TER/virtuoso-opensource-7.2.7/var/lib/virtuoso/db/fedup.ini, /workspaces/P-TER/apache-jena-fuseki-4.9.0, queries/q04a.sparql, config/rdfs/endpoints.txt
    output: output/rdfs/FedX/q04a.2.csv, output/rdfs/FedX/q04a.2.json
    jobid: 422
    reason: Missing output files: output/rdfs/FedX/q04a.2.csv
    wildcards: workload=rdfs, query=q04a, run=2
    priority: 50
    resources: tmpdir=/tmp

[Tue Mar 18 08:46:06 2025]
Finished job 422.
74 of 1651 steps (4%) done
Select jobs to execute...
Execute 1 jobs...

[Tue Mar 18 08:46:06 2025]
localrule run_fedX_query:
    input: /workspaces/P-TER/virtuoso-opensource-7.2.7, /workspaces/P-TER/virtuoso-opensource-7.2.7/var/lib/virtuoso/db/fedup.ini, /workspaces/P-TER/apache-jena-fuseki-4.9.0, queries/q04a.sparql, config/rdfs/endpoints.txt
    output: output/rdfs/FedX/q04a.3.csv, output/rdfs/FedX/q04a.3.json
    jobid: 423
    reason: Missing output files: output/rdfs/FedX/q04a.3.csv
    wildcards: workload=rdfs, query=q04a, run=3
    priority: 50
    resources: tmpdir=/tmp

[Tue Mar 18 08:46:09 2025]
Finished job 423.
75 of 1651 steps (5%) done
Select jobs to execute...
Execute 1 jobs...

[Tue Mar 18 08:46:09 2025]
localrule run_fedX_query:
    input: /workspaces/P-TER/virtuoso-opensource-7.2.7, /workspaces/P-TER/virtuoso-opensource-7.2.7/var/lib/virtuoso/db/fedup.ini, /workspaces/P-TER/apache-jena-fuseki-4.9.0, queries/q04e.sparql, config/rdfs/endpoints.txt
    output: output/rdfs/FedX/q04e.1.csv, output/rdfs/FedX/q04e.1.json
    jobid: 433
    reason: Missing output files: output/rdfs/FedX/q04e.1.csv
    wildcards: workload=rdfs, query=q04e, run=1
    priority: 50
    resources: tmpdir=/tmp

[Tue Mar 18 08:46:12 2025]
Finished job 433.
76 of 1651 steps (5%) done
Select jobs to execute...
Execute 1 jobs...

[Tue Mar 18 08:46:12 2025]
localrule run_fedX_query:
    input: /workspaces/P-TER/virtuoso-opensource-7.2.7, /workspaces/P-TER/virtuoso-opensource-7.2.7/var/lib/virtuoso/db/fedup.ini, /workspaces/P-TER/apache-jena-fuseki-4.9.0, queries/q04e.sparql, config/rdfs/endpoints.txt
    output: output/rdfs/FedX/q04e.2.csv, output/rdfs/FedX/q04e.2.json
    jobid: 434
    reason: Missing output files: output/rdfs/FedX/q04e.2.csv
    wildcards: workload=rdfs, query=q04e, run=2
    priority: 50
    resources: tmpdir=/tmp

[Tue Mar 18 08:46:14 2025]
Finished job 434.
77 of 1651 steps (5%) done
Select jobs to execute...
Execute 1 jobs...

[Tue Mar 18 08:46:14 2025]
localrule run_fedX_query:
    input: /workspaces/P-TER/virtuoso-opensource-7.2.7, /workspaces/P-TER/virtuoso-opensource-7.2.7/var/lib/virtuoso/db/fedup.ini, /workspaces/P-TER/apache-jena-fuseki-4.9.0, queries/q04e.sparql, config/rdfs/endpoints.txt
    output: output/rdfs/FedX/q04e.3.csv, output/rdfs/FedX/q04e.3.json
    jobid: 435
    reason: Missing output files: output/rdfs/FedX/q04e.3.csv
    wildcards: workload=rdfs, query=q04e, run=3
    priority: 50
    resources: tmpdir=/tmp

[Tue Mar 18 08:46:17 2025]
Finished job 435.
78 of 1651 steps (5%) done
Select jobs to execute...
Execute 1 jobs...

[Tue Mar 18 08:46:17 2025]
localrule run_fedX_query:
    input: /workspaces/P-TER/virtuoso-opensource-7.2.7, /workspaces/P-TER/virtuoso-opensource-7.2.7/var/lib/virtuoso/db/fedup.ini, /workspaces/P-TER/apache-jena-fuseki-4.9.0, queries/q04b.sparql, config/rdfs/endpoints.txt
    output: output/rdfs/FedX/q04b.3.csv, output/rdfs/FedX/q04b.3.json
    jobid: 426
    reason: Missing output files: output/rdfs/FedX/q04b.3.csv
    wildcards: workload=rdfs, query=q04b, run=3
    priority: 50
    resources: tmpdir=/tmp

[Tue Mar 18 08:46:20 2025]
Finished job 426.
79 of 1651 steps (5%) done
Select jobs to execute...
Execute 1 jobs...

[Tue Mar 18 08:46:20 2025]
localrule run_fedX_query:
    input: /workspaces/P-TER/virtuoso-opensource-7.2.7, /workspaces/P-TER/virtuoso-opensource-7.2.7/var/lib/virtuoso/db/fedup.ini, /workspaces/P-TER/apache-jena-fuseki-4.9.0, queries/q04b.sparql, config/rdfs/endpoints.txt
    output: output/rdfs/FedX/q04b.1.csv, output/rdfs/FedX/q04b.1.json
    jobid: 424
    reason: Missing output files: output/rdfs/FedX/q04b.1.csv
    wildcards: workload=rdfs, query=q04b, run=1
    priority: 50
    resources: tmpdir=/tmp

[Tue Mar 18 08:46:23 2025]
Finished job 424.
80 of 1651 steps (5%) done
Select jobs to execute...
Execute 1 jobs...

[Tue Mar 18 08:46:23 2025]
localrule run_fedX_query:
    input: /workspaces/P-TER/virtuoso-opensource-7.2.7, /workspaces/P-TER/virtuoso-opensource-7.2.7/var/lib/virtuoso/db/fedup.ini, /workspaces/P-TER/apache-jena-fuseki-4.9.0, queries/q04b.sparql, config/rdfs/endpoints.txt
    output: output/rdfs/FedX/q04b.2.csv, output/rdfs/FedX/q04b.2.json
    jobid: 425
    reason: Missing output files: output/rdfs/FedX/q04b.2.csv
    wildcards: workload=rdfs, query=q04b, run=2
    priority: 50
    resources: tmpdir=/tmp

[Tue Mar 18 08:46:26 2025]
Finished job 425.
81 of 1651 steps (5%) done
Select jobs to execute...
Execute 1 jobs...

[Tue Mar 18 08:46:26 2025]
localrule run_fedX_query:
    input: /workspaces/P-TER/virtuoso-opensource-7.2.7, /workspaces/P-TER/virtuoso-opensource-7.2.7/var/lib/virtuoso/db/fedup.ini, /workspaces/P-TER/apache-jena-fuseki-4.9.0, queries/q07e.sparql, config/rdfs/endpoints.txt
    output: output/rdfs/FedX/q07e.1.csv, output/rdfs/FedX/q07e.1.json
    jobid: 493
    reason: Missing output files: output/rdfs/FedX/q07e.1.csv
    wildcards: workload=rdfs, query=q07e, run=1
    priority: 50
    resources: tmpdir=/tmp

[Tue Mar 18 08:46:29 2025]
Finished job 493.
82 of 1651 steps (5%) done
Select jobs to execute...
Execute 1 jobs...

[Tue Mar 18 08:46:29 2025]
localrule run_fedX_query:
    input: /workspaces/P-TER/virtuoso-opensource-7.2.7, /workspaces/P-TER/virtuoso-opensource-7.2.7/var/lib/virtuoso/db/fedup.ini, /workspaces/P-TER/apache-jena-fuseki-4.9.0, queries/q07e.sparql, config/rdfs/endpoints.txt
    output: output/rdfs/FedX/q07e.2.csv, output/rdfs/FedX/q07e.2.json
    jobid: 494
    reason: Missing output files: output/rdfs/FedX/q07e.2.csv
    wildcards: workload=rdfs, query=q07e, run=2
    priority: 50
    resources: tmpdir=/tmp

[Tue Mar 18 08:46:31 2025]
Finished job 494.
83 of 1651 steps (5%) done
Select jobs to execute...
Execute 1 jobs...

[Tue Mar 18 08:46:31 2025]
localrule run_fedX_query:
    input: /workspaces/P-TER/virtuoso-opensource-7.2.7, /workspaces/P-TER/virtuoso-opensource-7.2.7/var/lib/virtuoso/db/fedup.ini, /workspaces/P-TER/apache-jena-fuseki-4.9.0, queries/q07e.sparql, config/rdfs/endpoints.txt
    output: output/rdfs/FedX/q07e.3.csv, output/rdfs/FedX/q07e.3.json
    jobid: 495
    reason: Missing output files: output/rdfs/FedX/q07e.3.csv
    wildcards: workload=rdfs, query=q07e, run=3
    priority: 50
    resources: tmpdir=/tmp

[Tue Mar 18 08:46:34 2025]
Finished job 495.
84 of 1651 steps (5%) done
Select jobs to execute...
Execute 1 jobs...

[Tue Mar 18 08:46:34 2025]
localrule run_fedX_query:
    input: /workspaces/P-TER/virtuoso-opensource-7.2.7, /workspaces/P-TER/virtuoso-opensource-7.2.7/var/lib/virtuoso/db/fedup.ini, /workspaces/P-TER/apache-jena-fuseki-4.9.0, queries/q04j.sparql, config/rdfs/endpoints.txt
    output: output/rdfs/FedX/q04j.1.csv, output/rdfs/FedX/q04j.1.json
    jobid: 448
    reason: Missing output files: output/rdfs/FedX/q04j.1.csv
    wildcards: workload=rdfs, query=q04j, run=1
    priority: 50
    resources: tmpdir=/tmp

[Tue Mar 18 08:46:37 2025]
Finished job 448.
85 of 1651 steps (5%) done
Select jobs to execute...
Execute 1 jobs...

[Tue Mar 18 08:46:37 2025]
localrule run_fedX_query:
    input: /workspaces/P-TER/virtuoso-opensource-7.2.7, /workspaces/P-TER/virtuoso-opensource-7.2.7/var/lib/virtuoso/db/fedup.ini, /workspaces/P-TER/apache-jena-fuseki-4.9.0, queries/q04j.sparql, config/rdfs/endpoints.txt
    output: output/rdfs/FedX/q04j.2.csv, output/rdfs/FedX/q04j.2.json
    jobid: 449
    reason: Missing output files: output/rdfs/FedX/q04j.2.csv
    wildcards: workload=rdfs, query=q04j, run=2
    priority: 50
    resources: tmpdir=/tmp

[Tue Mar 18 08:46:40 2025]
Finished job 449.
86 of 1651 steps (5%) done
Select jobs to execute...
Execute 1 jobs...

[Tue Mar 18 08:46:40 2025]
localrule run_fedX_query:
    input: /workspaces/P-TER/virtuoso-opensource-7.2.7, /workspaces/P-TER/virtuoso-opensource-7.2.7/var/lib/virtuoso/db/fedup.ini, /workspaces/P-TER/apache-jena-fuseki-4.9.0, queries/q04j.sparql, config/rdfs/endpoints.txt
    output: output/rdfs/FedX/q04j.3.csv, output/rdfs/FedX/q04j.3.json
    jobid: 450
    reason: Missing output files: output/rdfs/FedX/q04j.3.csv
    wildcards: workload=rdfs, query=q04j, run=3
    priority: 50
    resources: tmpdir=/tmp

[Tue Mar 18 08:46:42 2025]
Finished job 450.
87 of 1651 steps (5%) done
Select jobs to execute...
Execute 1 jobs...

[Tue Mar 18 08:46:42 2025]
localrule run_sparql_query:
    input: /workspaces/P-TER/virtuoso-opensource-7.2.7, /workspaces/P-TER/virtuoso-opensource-7.2.7/var/lib/virtuoso/db/fedup.ini, queries/q07i.sparql
    output: output/rdfs/Jena/q07i.1.csv, output/rdfs/Jena/q07i.1.json
    jobid: 175
    reason: Missing output files: output/rdfs/Jena/q07i.1.csv
    wildcards: workload=rdfs, query=q07i, run=1
    priority: 50
    resources: tmpdir=/tmp

[Tue Mar 18 08:46:47 2025]
Finished job 175.
88 of 1651 steps (5%) done
Select jobs to execute...
Execute 1 jobs...

[Tue Mar 18 08:46:47 2025]
localrule run_sparql_query:
    input: /workspaces/P-TER/virtuoso-opensource-7.2.7, /workspaces/P-TER/virtuoso-opensource-7.2.7/var/lib/virtuoso/db/fedup.ini, queries/q07i.sparql
    output: output/rdfs/Jena/q07i.2.csv, output/rdfs/Jena/q07i.2.json
    jobid: 176
    reason: Missing output files: output/rdfs/Jena/q07i.2.csv
    wildcards: workload=rdfs, query=q07i, run=2
    priority: 50
    resources: tmpdir=/tmp

[Tue Mar 18 08:46:51 2025]
Finished job 176.
89 of 1651 steps (5%) done
Select jobs to execute...
Execute 1 jobs...

[Tue Mar 18 08:46:51 2025]
localrule run_sparql_query:
    input: /workspaces/P-TER/virtuoso-opensource-7.2.7, /workspaces/P-TER/virtuoso-opensource-7.2.7/var/lib/virtuoso/db/fedup.ini, queries/q07i.sparql
    output: output/rdfs/Jena/q07i.3.csv, output/rdfs/Jena/q07i.3.json
    jobid: 177
    reason: Missing output files: output/rdfs/Jena/q07i.3.csv
    wildcards: workload=rdfs, query=q07i, run=3
    priority: 50
    resources: tmpdir=/tmp

[Tue Mar 18 08:46:54 2025]
Finished job 177.
90 of 1651 steps (5%) done
Select jobs to execute...
Execute 1 jobs...

[Tue Mar 18 08:46:54 2025]
localrule run_hefquin_query:
    input: /workspaces/P-TER/virtuoso-opensource-7.2.7, /workspaces/P-TER/virtuoso-opensource-7.2.7/var/lib/virtuoso/db/fedup.ini, /workspaces/P-TER/queries/q07i.sparql
    output: output/rdfs/HefQuin/q07i.1.csv, output/rdfs/HefQuin/q07i.1.json, output/rdfs/HefQuin/q07i.1.txt
    jobid: 835
    reason: Missing output files: output/rdfs/HefQuin/q07i.1.csv
    wildcards: workload=rdfs, query=q07i, run=1
    priority: 50
    resources: tmpdir=/tmp

[Tue Mar 18 08:46:58 2025]
Finished job 835.
91 of 1651 steps (6%) done
Select jobs to execute...
Execute 1 jobs...

[Tue Mar 18 08:46:58 2025]
localrule run_hefquin_query:
    input: /workspaces/P-TER/virtuoso-opensource-7.2.7, /workspaces/P-TER/virtuoso-opensource-7.2.7/var/lib/virtuoso/db/fedup.ini, /workspaces/P-TER/queries/q07i.sparql
    output: output/rdfs/HefQuin/q07i.2.csv, output/rdfs/HefQuin/q07i.2.json, output/rdfs/HefQuin/q07i.2.txt
    jobid: 836
    reason: Missing output files: output/rdfs/HefQuin/q07i.2.csv
    wildcards: workload=rdfs, query=q07i, run=2
    priority: 50
    resources: tmpdir=/tmp

[Tue Mar 18 08:47:02 2025]
Finished job 836.
92 of 1651 steps (6%) done
Select jobs to execute...
Execute 1 jobs...

[Tue Mar 18 08:47:02 2025]
localrule run_hefquin_query:
    input: /workspaces/P-TER/virtuoso-opensource-7.2.7, /workspaces/P-TER/virtuoso-opensource-7.2.7/var/lib/virtuoso/db/fedup.ini, /workspaces/P-TER/queries/q07i.sparql
    output: output/rdfs/HefQuin/q07i.3.csv, output/rdfs/HefQuin/q07i.3.json, output/rdfs/HefQuin/q07i.3.txt
    jobid: 837
    reason: Missing output files: output/rdfs/HefQuin/q07i.3.csv
    wildcards: workload=rdfs, query=q07i, run=3
    priority: 50
    resources: tmpdir=/tmp

[Tue Mar 18 08:47:06 2025]
Finished job 837.
93 of 1651 steps (6%) done
Select jobs to execute...
Execute 1 jobs...

[Tue Mar 18 08:47:06 2025]
localrule run_fedX_query:
    input: /workspaces/P-TER/virtuoso-opensource-7.2.7, /workspaces/P-TER/virtuoso-opensource-7.2.7/var/lib/virtuoso/db/fedup.ini, /workspaces/P-TER/apache-jena-fuseki-4.9.0, queries/q06g.sparql, config/rdfs/endpoints.txt
    output: output/rdfs/FedX/q06g.1.csv, output/rdfs/FedX/q06g.1.json
    jobid: 469
    reason: Missing output files: output/rdfs/FedX/q06g.1.csv
    wildcards: workload=rdfs, query=q06g, run=1
    priority: 50
    resources: tmpdir=/tmp

[Tue Mar 18 08:47:09 2025]
Finished job 469.
94 of 1651 steps (6%) done
Select jobs to execute...
Execute 1 jobs...

[Tue Mar 18 08:47:09 2025]
localrule run_fedX_query:
    input: /workspaces/P-TER/virtuoso-opensource-7.2.7, /workspaces/P-TER/virtuoso-opensource-7.2.7/var/lib/virtuoso/db/fedup.ini, /workspaces/P-TER/apache-jena-fuseki-4.9.0, queries/q06g.sparql, config/rdfs/endpoints.txt
    output: output/rdfs/FedX/q06g.2.csv, output/rdfs/FedX/q06g.2.json
    jobid: 470
    reason: Missing output files: output/rdfs/FedX/q06g.2.csv
    wildcards: workload=rdfs, query=q06g, run=2
    priority: 50
    resources: tmpdir=/tmp

[Tue Mar 18 08:47:12 2025]
Finished job 470.
95 of 1651 steps (6%) done
Select jobs to execute...
Execute 1 jobs...

[Tue Mar 18 08:47:12 2025]
localrule run_fedX_query:
    input: /workspaces/P-TER/virtuoso-opensource-7.2.7, /workspaces/P-TER/virtuoso-opensource-7.2.7/var/lib/virtuoso/db/fedup.ini, /workspaces/P-TER/apache-jena-fuseki-4.9.0, queries/q06e.sparql, config/rdfs/endpoints.txt
    output: output/rdfs/FedX/q06e.1.csv, output/rdfs/FedX/q06e.1.json
    jobid: 463
    reason: Missing output files: output/rdfs/FedX/q06e.1.csv
    wildcards: workload=rdfs, query=q06e, run=1
    priority: 50
    resources: tmpdir=/tmp

[Tue Mar 18 08:47:15 2025]
Finished job 463.
96 of 1651 steps (6%) done
Select jobs to execute...
Execute 1 jobs...

[Tue Mar 18 08:47:15 2025]
localrule run_fedX_query:
    input: /workspaces/P-TER/virtuoso-opensource-7.2.7, /workspaces/P-TER/virtuoso-opensource-7.2.7/var/lib/virtuoso/db/fedup.ini, /workspaces/P-TER/apache-jena-fuseki-4.9.0, queries/q06e.sparql, config/rdfs/endpoints.txt
    output: output/rdfs/FedX/q06e.2.csv, output/rdfs/FedX/q06e.2.json
    jobid: 464
    reason: Missing output files: output/rdfs/FedX/q06e.2.csv
    wildcards: workload=rdfs, query=q06e, run=2
    priority: 50
    resources: tmpdir=/tmp

[Tue Mar 18 08:47:18 2025]
Finished job 464.
97 of 1651 steps (6%) done
Select jobs to execute...
Execute 1 jobs...

[Tue Mar 18 08:47:18 2025]
localrule run_fedX_query:
    input: /workspaces/P-TER/virtuoso-opensource-7.2.7, /workspaces/P-TER/virtuoso-opensource-7.2.7/var/lib/virtuoso/db/fedup.ini, /workspaces/P-TER/apache-jena-fuseki-4.9.0, queries/q06e.sparql, config/rdfs/endpoints.txt
    output: output/rdfs/FedX/q06e.3.csv, output/rdfs/FedX/q06e.3.json
    jobid: 465
    reason: Missing output files: output/rdfs/FedX/q06e.3.csv
    wildcards: workload=rdfs, query=q06e, run=3
    priority: 50
    resources: tmpdir=/tmp

[Tue Mar 18 08:47:21 2025]
Finished job 465.
98 of 1651 steps (6%) done
Select jobs to execute...
Execute 1 jobs...

[Tue Mar 18 08:47:21 2025]
localrule run_fedX_query:
    input: /workspaces/P-TER/virtuoso-opensource-7.2.7, /workspaces/P-TER/virtuoso-opensource-7.2.7/var/lib/virtuoso/db/fedup.ini, /workspaces/P-TER/apache-jena-fuseki-4.9.0, queries/q06g.sparql, config/rdfs/endpoints.txt
    output: output/rdfs/FedX/q06g.3.csv, output/rdfs/FedX/q06g.3.json
    jobid: 471
    reason: Missing output files: output/rdfs/FedX/q06g.3.csv
    wildcards: workload=rdfs, query=q06g, run=3
    priority: 50
    resources: tmpdir=/tmp

[Tue Mar 18 08:47:24 2025]
Finished job 471.
99 of 1651 steps (6%) done
Select jobs to execute...
Execute 1 jobs...

[Tue Mar 18 08:47:24 2025]
localrule run_fedX_query:
    input: /workspaces/P-TER/virtuoso-opensource-7.2.7, /workspaces/P-TER/virtuoso-opensource-7.2.7/var/lib/virtuoso/db/fedup.ini, /workspaces/P-TER/apache-jena-fuseki-4.9.0, queries/q06d.sparql, config/rdfs/endpoints.txt
    output: output/rdfs/FedX/q06d.2.csv, output/rdfs/FedX/q06d.2.json
    jobid: 461
    reason: Missing output files: output/rdfs/FedX/q06d.2.csv
    wildcards: workload=rdfs, query=q06d, run=2
    priority: 50
    resources: tmpdir=/tmp

[Tue Mar 18 08:47:27 2025]
Finished job 461.
100 of 1651 steps (6%) done
Select jobs to execute...
Execute 1 jobs...

[Tue Mar 18 08:47:27 2025]
localrule run_fedX_query:
    input: /workspaces/P-TER/virtuoso-opensource-7.2.7, /workspaces/P-TER/virtuoso-opensource-7.2.7/var/lib/virtuoso/db/fedup.ini, /workspaces/P-TER/apache-jena-fuseki-4.9.0, queries/q06d.sparql, config/rdfs/endpoints.txt
    output: output/rdfs/FedX/q06d.1.csv, output/rdfs/FedX/q06d.1.json
    jobid: 460
    reason: Missing output files: output/rdfs/FedX/q06d.1.csv
    wildcards: workload=rdfs, query=q06d, run=1
    priority: 50
    resources: tmpdir=/tmp

[Tue Mar 18 08:47:30 2025]
Finished job 460.
101 of 1651 steps (6%) done
Select jobs to execute...
Execute 1 jobs...

[Tue Mar 18 08:47:30 2025]
localrule run_fedX_query:
    input: /workspaces/P-TER/virtuoso-opensource-7.2.7, /workspaces/P-TER/virtuoso-opensource-7.2.7/var/lib/virtuoso/db/fedup.ini, /workspaces/P-TER/apache-jena-fuseki-4.9.0, queries/q06a.sparql, config/rdfs/endpoints.txt
    output: output/rdfs/FedX/q06a.1.csv, output/rdfs/FedX/q06a.1.json
    jobid: 451
    reason: Missing output files: output/rdfs/FedX/q06a.1.csv
    wildcards: workload=rdfs, query=q06a, run=1
    priority: 50
    resources: tmpdir=/tmp

[Tue Mar 18 08:47:33 2025]
Finished job 451.
102 of 1651 steps (6%) done
Select jobs to execute...
Execute 1 jobs...

[Tue Mar 18 08:47:33 2025]
localrule run_fedX_query:
    input: /workspaces/P-TER/virtuoso-opensource-7.2.7, /workspaces/P-TER/virtuoso-opensource-7.2.7/var/lib/virtuoso/db/fedup.ini, /workspaces/P-TER/apache-jena-fuseki-4.9.0, queries/q06d.sparql, config/rdfs/endpoints.txt
    output: output/rdfs/FedX/q06d.3.csv, output/rdfs/FedX/q06d.3.json
    jobid: 462
    reason: Missing output files: output/rdfs/FedX/q06d.3.csv
    wildcards: workload=rdfs, query=q06d, run=3
    priority: 50
    resources: tmpdir=/tmp

[Tue Mar 18 08:47:36 2025]
Finished job 462.
103 of 1651 steps (6%) done
Select jobs to execute...
Execute 1 jobs...

[Tue Mar 18 08:47:36 2025]
localrule run_fedX_query:
    input: /workspaces/P-TER/virtuoso-opensource-7.2.7, /workspaces/P-TER/virtuoso-opensource-7.2.7/var/lib/virtuoso/db/fedup.ini, /workspaces/P-TER/apache-jena-fuseki-4.9.0, queries/q06a.sparql, config/rdfs/endpoints.txt
    output: output/rdfs/FedX/q06a.2.csv, output/rdfs/FedX/q06a.2.json
    jobid: 452
    reason: Missing output files: output/rdfs/FedX/q06a.2.csv
    wildcards: workload=rdfs, query=q06a, run=2
    priority: 50
    resources: tmpdir=/tmp

[Tue Mar 18 08:47:39 2025]
Finished job 452.
104 of 1651 steps (6%) done
Select jobs to execute...
Execute 1 jobs...

[Tue Mar 18 08:47:39 2025]
localrule run_fedX_query:
    input: /workspaces/P-TER/virtuoso-opensource-7.2.7, /workspaces/P-TER/virtuoso-opensource-7.2.7/var/lib/virtuoso/db/fedup.ini, /workspaces/P-TER/apache-jena-fuseki-4.9.0, queries/q06a.sparql, config/rdfs/endpoints.txt
    output: output/rdfs/FedX/q06a.3.csv, output/rdfs/FedX/q06a.3.json
    jobid: 453
    reason: Missing output files: output/rdfs/FedX/q06a.3.csv
    wildcards: workload=rdfs, query=q06a, run=3
    priority: 50
    resources: tmpdir=/tmp

[Tue Mar 18 08:47:42 2025]
Finished job 453.
105 of 1651 steps (6%) done
Select jobs to execute...
Execute 1 jobs...

[Tue Mar 18 08:47:42 2025]
localrule run_fedX_query:
    input: /workspaces/P-TER/virtuoso-opensource-7.2.7, /workspaces/P-TER/virtuoso-opensource-7.2.7/var/lib/virtuoso/db/fedup.ini, /workspaces/P-TER/apache-jena-fuseki-4.9.0, queries/q03j.sparql, config/rdfs/endpoints.txt
    output: output/rdfs/FedX/q03j.1.csv, output/rdfs/FedX/q03j.1.json
    jobid: 418
    reason: Missing output files: output/rdfs/FedX/q03j.1.csv
    wildcards: workload=rdfs, query=q03j, run=1
    priority: 50
    resources: tmpdir=/tmp

[Tue Mar 18 08:47:45 2025]
Finished job 418.
106 of 1651 steps (6%) done
Select jobs to execute...
Execute 1 jobs...

[Tue Mar 18 08:47:45 2025]
localrule run_fedX_query:
    input: /workspaces/P-TER/virtuoso-opensource-7.2.7, /workspaces/P-TER/virtuoso-opensource-7.2.7/var/lib/virtuoso/db/fedup.ini, /workspaces/P-TER/apache-jena-fuseki-4.9.0, queries/q03j.sparql, config/rdfs/endpoints.txt
    output: output/rdfs/FedX/q03j.2.csv, output/rdfs/FedX/q03j.2.json
    jobid: 419
    reason: Missing output files: output/rdfs/FedX/q03j.2.csv
    wildcards: workload=rdfs, query=q03j, run=2
    priority: 50
    resources: tmpdir=/tmp

[Tue Mar 18 08:47:47 2025]
Finished job 419.
107 of 1651 steps (6%) done
Select jobs to execute...
Execute 1 jobs...

[Tue Mar 18 08:47:47 2025]
localrule run_fedX_query:
    input: /workspaces/P-TER/virtuoso-opensource-7.2.7, /workspaces/P-TER/virtuoso-opensource-7.2.7/var/lib/virtuoso/db/fedup.ini, /workspaces/P-TER/apache-jena-fuseki-4.9.0, queries/q03j.sparql, config/rdfs/endpoints.txt
    output: output/rdfs/FedX/q03j.3.csv, output/rdfs/FedX/q03j.3.json
    jobid: 420
    reason: Missing output files: output/rdfs/FedX/q03j.3.csv
    wildcards: workload=rdfs, query=q03j, run=3
    priority: 50
    resources: tmpdir=/tmp

[Tue Mar 18 08:47:50 2025]
Finished job 420.
108 of 1651 steps (7%) done
Select jobs to execute...
Execute 1 jobs...

[Tue Mar 18 08:47:50 2025]
localrule run_fedX_query:
    input: /workspaces/P-TER/virtuoso-opensource-7.2.7, /workspaces/P-TER/virtuoso-opensource-7.2.7/var/lib/virtuoso/db/fedup.ini, /workspaces/P-TER/apache-jena-fuseki-4.9.0, queries/q02e.sparql, config/rdfs/endpoints.txt
    output: output/rdfs/FedX/q02e.1.csv, output/rdfs/FedX/q02e.1.json
    jobid: 373
    reason: Missing output files: output/rdfs/FedX/q02e.1.csv
    wildcards: workload=rdfs, query=q02e, run=1
    priority: 50
    resources: tmpdir=/tmp

[Tue Mar 18 08:48:04 2025]
Finished job 373.
109 of 1651 steps (7%) done
Select jobs to execute...
Execute 1 jobs...

[Tue Mar 18 08:48:04 2025]
localrule run_fedX_query:
    input: /workspaces/P-TER/virtuoso-opensource-7.2.7, /workspaces/P-TER/virtuoso-opensource-7.2.7/var/lib/virtuoso/db/fedup.ini, /workspaces/P-TER/apache-jena-fuseki-4.9.0, queries/q02e.sparql, config/rdfs/endpoints.txt
    output: output/rdfs/FedX/q02e.2.csv, output/rdfs/FedX/q02e.2.json
    jobid: 374
    reason: Missing output files: output/rdfs/FedX/q02e.2.csv
    wildcards: workload=rdfs, query=q02e, run=2
    priority: 50
    resources: tmpdir=/tmp

[Tue Mar 18 08:48:07 2025]
Finished job 374.
110 of 1651 steps (7%) done
Select jobs to execute...
Execute 1 jobs...

[Tue Mar 18 08:48:07 2025]
localrule run_fedX_query:
    input: /workspaces/P-TER/virtuoso-opensource-7.2.7, /workspaces/P-TER/virtuoso-opensource-7.2.7/var/lib/virtuoso/db/fedup.ini, /workspaces/P-TER/apache-jena-fuseki-4.9.0, queries/q02e.sparql, config/rdfs/endpoints.txt
    output: output/rdfs/FedX/q02e.3.csv, output/rdfs/FedX/q02e.3.json
    jobid: 375
    reason: Missing output files: output/rdfs/FedX/q02e.3.csv
    wildcards: workload=rdfs, query=q02e, run=3
    priority: 50
    resources: tmpdir=/tmp

[Tue Mar 18 08:48:10 2025]
Finished job 375.
111 of 1651 steps (7%) done
Select jobs to execute...
Execute 1 jobs...

[Tue Mar 18 08:48:10 2025]
localrule run_fedX_query:
    input: /workspaces/P-TER/virtuoso-opensource-7.2.7, /workspaces/P-TER/virtuoso-opensource-7.2.7/var/lib/virtuoso/db/fedup.ini, /workspaces/P-TER/apache-jena-fuseki-4.9.0, queries/q04d.sparql, config/rdfs/endpoints.txt
    output: output/rdfs/FedX/q04d.2.csv, output/rdfs/FedX/q04d.2.json
    jobid: 431
    reason: Missing output files: output/rdfs/FedX/q04d.2.csv
    wildcards: workload=rdfs, query=q04d, run=2
    priority: 50
    resources: tmpdir=/tmp

[Tue Mar 18 08:48:12 2025]
Finished job 431.
112 of 1651 steps (7%) done
Select jobs to execute...
Execute 1 jobs...

[Tue Mar 18 08:48:12 2025]
localrule run_fedX_query:
    input: /workspaces/P-TER/virtuoso-opensource-7.2.7, /workspaces/P-TER/virtuoso-opensource-7.2.7/var/lib/virtuoso/db/fedup.ini, /workspaces/P-TER/apache-jena-fuseki-4.9.0, queries/q04d.sparql, config/rdfs/endpoints.txt
    output: output/rdfs/FedX/q04d.3.csv, output/rdfs/FedX/q04d.3.json
    jobid: 432
    reason: Missing output files: output/rdfs/FedX/q04d.3.csv
    wildcards: workload=rdfs, query=q04d, run=3
    priority: 50
    resources: tmpdir=/tmp

[Tue Mar 18 08:48:15 2025]
Finished job 432.
113 of 1651 steps (7%) done
Select jobs to execute...
Execute 1 jobs...

[Tue Mar 18 08:48:15 2025]
localrule run_fedX_query:
    input: /workspaces/P-TER/virtuoso-opensource-7.2.7, /workspaces/P-TER/virtuoso-opensource-7.2.7/var/lib/virtuoso/db/fedup.ini, /workspaces/P-TER/apache-jena-fuseki-4.9.0, queries/q04d.sparql, config/rdfs/endpoints.txt
    output: output/rdfs/FedX/q04d.1.csv, output/rdfs/FedX/q04d.1.json
    jobid: 430
    reason: Missing output files: output/rdfs/FedX/q04d.1.csv
    wildcards: workload=rdfs, query=q04d, run=1
    priority: 50
    resources: tmpdir=/tmp

[Tue Mar 18 08:48:18 2025]
Finished job 430.
114 of 1651 steps (7%) done
Select jobs to execute...
Execute 1 jobs...

[Tue Mar 18 08:48:18 2025]
localrule run_fedX_query:
    input: /workspaces/P-TER/virtuoso-opensource-7.2.7, /workspaces/P-TER/virtuoso-opensource-7.2.7/var/lib/virtuoso/db/fedup.ini, /workspaces/P-TER/apache-jena-fuseki-4.9.0, queries/q03h.sparql, config/rdfs/endpoints.txt
    output: output/rdfs/FedX/q03h.1.csv, output/rdfs/FedX/q03h.1.json
    jobid: 412
    reason: Missing output files: output/rdfs/FedX/q03h.1.csv
    wildcards: workload=rdfs, query=q03h, run=1
    priority: 50
    resources: tmpdir=/tmp

[Tue Mar 18 08:48:21 2025]
Finished job 412.
115 of 1651 steps (7%) done
Select jobs to execute...
Execute 1 jobs...

[Tue Mar 18 08:48:21 2025]
localrule run_fedX_query:
    input: /workspaces/P-TER/virtuoso-opensource-7.2.7, /workspaces/P-TER/virtuoso-opensource-7.2.7/var/lib/virtuoso/db/fedup.ini, /workspaces/P-TER/apache-jena-fuseki-4.9.0, queries/q03h.sparql, config/rdfs/endpoints.txt
    output: output/rdfs/FedX/q03h.2.csv, output/rdfs/FedX/q03h.2.json
    jobid: 413
    reason: Missing output files: output/rdfs/FedX/q03h.2.csv
    wildcards: workload=rdfs, query=q03h, run=2
    priority: 50
    resources: tmpdir=/tmp

[Tue Mar 18 08:48:23 2025]
Finished job 413.
116 of 1651 steps (7%) done
Select jobs to execute...
Execute 1 jobs...

[Tue Mar 18 08:48:23 2025]
localrule run_fedX_query:
    input: /workspaces/P-TER/virtuoso-opensource-7.2.7, /workspaces/P-TER/virtuoso-opensource-7.2.7/var/lib/virtuoso/db/fedup.ini, /workspaces/P-TER/apache-jena-fuseki-4.9.0, queries/q03h.sparql, config/rdfs/endpoints.txt
    output: output/rdfs/FedX/q03h.3.csv, output/rdfs/FedX/q03h.3.json
    jobid: 414
    reason: Missing output files: output/rdfs/FedX/q03h.3.csv
    wildcards: workload=rdfs, query=q03h, run=3
    priority: 50
    resources: tmpdir=/tmp

[Tue Mar 18 08:48:26 2025]
Finished job 414.
117 of 1651 steps (7%) done
Select jobs to execute...
Execute 1 jobs...

[Tue Mar 18 08:48:26 2025]
localrule run_fedX_query:
    input: /workspaces/P-TER/virtuoso-opensource-7.2.7, /workspaces/P-TER/virtuoso-opensource-7.2.7/var/lib/virtuoso/db/fedup.ini, /workspaces/P-TER/apache-jena-fuseki-4.9.0, queries/q02i.sparql, config/rdfs/endpoints.txt
    output: output/rdfs/FedX/q02i.2.csv, output/rdfs/FedX/q02i.2.json
    jobid: 386
    reason: Missing output files: output/rdfs/FedX/q02i.2.csv
    wildcards: workload=rdfs, query=q02i, run=2
    priority: 50
    resources: tmpdir=/tmp

[Tue Mar 18 08:48:36 2025]
Finished job 386.
118 of 1651 steps (7%) done
Select jobs to execute...
Execute 1 jobs...

[Tue Mar 18 08:48:36 2025]
localrule run_fedX_query:
    input: /workspaces/P-TER/virtuoso-opensource-7.2.7, /workspaces/P-TER/virtuoso-opensource-7.2.7/var/lib/virtuoso/db/fedup.ini, /workspaces/P-TER/apache-jena-fuseki-4.9.0, queries/q02i.sparql, config/rdfs/endpoints.txt
    output: output/rdfs/FedX/q02i.1.csv, output/rdfs/FedX/q02i.1.json
    jobid: 385
    reason: Missing output files: output/rdfs/FedX/q02i.1.csv
    wildcards: workload=rdfs, query=q02i, run=1
    priority: 50
    resources: tmpdir=/tmp

[Tue Mar 18 08:48:38 2025]
Finished job 385.
119 of 1651 steps (7%) done
Select jobs to execute...
Execute 1 jobs...

[Tue Mar 18 08:48:38 2025]
localrule run_fedX_query:
    input: /workspaces/P-TER/virtuoso-opensource-7.2.7, /workspaces/P-TER/virtuoso-opensource-7.2.7/var/lib/virtuoso/db/fedup.ini, /workspaces/P-TER/apache-jena-fuseki-4.9.0, queries/q02i.sparql, config/rdfs/endpoints.txt
    output: output/rdfs/FedX/q02i.3.csv, output/rdfs/FedX/q02i.3.json
    jobid: 387
    reason: Missing output files: output/rdfs/FedX/q02i.3.csv
    wildcards: workload=rdfs, query=q02i, run=3
    priority: 50
    resources: tmpdir=/tmp

[Tue Mar 18 08:48:41 2025]
Finished job 387.
120 of 1651 steps (7%) done
Select jobs to execute...
Execute 1 jobs...

[Tue Mar 18 08:48:41 2025]
localrule run_fedX_query:
    input: /workspaces/P-TER/virtuoso-opensource-7.2.7, /workspaces/P-TER/virtuoso-opensource-7.2.7/var/lib/virtuoso/db/fedup.ini, /workspaces/P-TER/apache-jena-fuseki-4.9.0, queries/q02c.sparql, config/rdfs/endpoints.txt
    output: output/rdfs/FedX/q02c.1.csv, output/rdfs/FedX/q02c.1.json
    jobid: 367
    reason: Missing output files: output/rdfs/FedX/q02c.1.csv
    wildcards: workload=rdfs, query=q02c, run=1
    priority: 50
    resources: tmpdir=/tmp

[Tue Mar 18 08:48:50 2025]
Finished job 367.
121 of 1651 steps (7%) done
Select jobs to execute...
Execute 1 jobs...

[Tue Mar 18 08:48:50 2025]
localrule run_fedX_query:
    input: /workspaces/P-TER/virtuoso-opensource-7.2.7, /workspaces/P-TER/virtuoso-opensource-7.2.7/var/lib/virtuoso/db/fedup.ini, /workspaces/P-TER/apache-jena-fuseki-4.9.0, queries/q02c.sparql, config/rdfs/endpoints.txt
    output: output/rdfs/FedX/q02c.2.csv, output/rdfs/FedX/q02c.2.json
    jobid: 368
    reason: Missing output files: output/rdfs/FedX/q02c.2.csv
    wildcards: workload=rdfs, query=q02c, run=2
    priority: 50
    resources: tmpdir=/tmp

[Tue Mar 18 08:48:53 2025]
Finished job 368.
122 of 1651 steps (7%) done
Select jobs to execute...
Execute 1 jobs...

[Tue Mar 18 08:48:53 2025]
localrule run_fedX_query:
    input: /workspaces/P-TER/virtuoso-opensource-7.2.7, /workspaces/P-TER/virtuoso-opensource-7.2.7/var/lib/virtuoso/db/fedup.ini, /workspaces/P-TER/apache-jena-fuseki-4.9.0, queries/q02c.sparql, config/rdfs/endpoints.txt
    output: output/rdfs/FedX/q02c.3.csv, output/rdfs/FedX/q02c.3.json
    jobid: 369
    reason: Missing output files: output/rdfs/FedX/q02c.3.csv
    wildcards: workload=rdfs, query=q02c, run=3
    priority: 50
    resources: tmpdir=/tmp

[Tue Mar 18 08:48:55 2025]
Finished job 369.
123 of 1651 steps (7%) done
Select jobs to execute...
Execute 1 jobs...

[Tue Mar 18 08:48:55 2025]
localrule run_fedX_query:
    input: /workspaces/P-TER/virtuoso-opensource-7.2.7, /workspaces/P-TER/virtuoso-opensource-7.2.7/var/lib/virtuoso/db/fedup.ini, /workspaces/P-TER/apache-jena-fuseki-4.9.0, queries/q03b.sparql, config/rdfs/endpoints.txt
    output: output/rdfs/FedX/q03b.1.csv, output/rdfs/FedX/q03b.1.json
    jobid: 394
    reason: Missing output files: output/rdfs/FedX/q03b.1.csv
    wildcards: workload=rdfs, query=q03b, run=1
    priority: 50
    resources: tmpdir=/tmp

[Tue Mar 18 08:48:58 2025]
Finished job 394.
124 of 1651 steps (8%) done
Select jobs to execute...
Execute 1 jobs...

[Tue Mar 18 08:48:58 2025]
localrule run_fedX_query:
    input: /workspaces/P-TER/virtuoso-opensource-7.2.7, /workspaces/P-TER/virtuoso-opensource-7.2.7/var/lib/virtuoso/db/fedup.ini, /workspaces/P-TER/apache-jena-fuseki-4.9.0, queries/q03b.sparql, config/rdfs/endpoints.txt
    output: output/rdfs/FedX/q03b.2.csv, output/rdfs/FedX/q03b.2.json
    jobid: 395
    reason: Missing output files: output/rdfs/FedX/q03b.2.csv
    wildcards: workload=rdfs, query=q03b, run=2
    priority: 50
    resources: tmpdir=/tmp

[Tue Mar 18 08:49:01 2025]
Finished job 395.
125 of 1651 steps (8%) done
Select jobs to execute...
Execute 1 jobs...

[Tue Mar 18 08:49:01 2025]
localrule run_fedX_query:
    input: /workspaces/P-TER/virtuoso-opensource-7.2.7, /workspaces/P-TER/virtuoso-opensource-7.2.7/var/lib/virtuoso/db/fedup.ini, /workspaces/P-TER/apache-jena-fuseki-4.9.0, queries/q03b.sparql, config/rdfs/endpoints.txt
    output: output/rdfs/FedX/q03b.3.csv, output/rdfs/FedX/q03b.3.json
    jobid: 396
    reason: Missing output files: output/rdfs/FedX/q03b.3.csv
    wildcards: workload=rdfs, query=q03b, run=3
    priority: 50
    resources: tmpdir=/tmp

[Tue Mar 18 08:49:03 2025]
Finished job 396.
126 of 1651 steps (8%) done
Select jobs to execute...
Execute 1 jobs...

[Tue Mar 18 08:49:03 2025]
localrule run_fedX_query:
    input: /workspaces/P-TER/virtuoso-opensource-7.2.7, /workspaces/P-TER/virtuoso-opensource-7.2.7/var/lib/virtuoso/db/fedup.ini, /workspaces/P-TER/apache-jena-fuseki-4.9.0, queries/q02a.sparql, config/rdfs/endpoints.txt
    output: output/rdfs/FedX/q02a.1.csv, output/rdfs/FedX/q02a.1.json
    jobid: 361
    reason: Missing output files: output/rdfs/FedX/q02a.1.csv
    wildcards: workload=rdfs, query=q02a, run=1
    priority: 50
    resources: tmpdir=/tmp

[Tue Mar 18 08:49:11 2025]
Finished job 361.
127 of 1651 steps (8%) done
Select jobs to execute...
Execute 1 jobs...

[Tue Mar 18 08:49:11 2025]
localrule run_fedX_query:
    input: /workspaces/P-TER/virtuoso-opensource-7.2.7, /workspaces/P-TER/virtuoso-opensource-7.2.7/var/lib/virtuoso/db/fedup.ini, /workspaces/P-TER/apache-jena-fuseki-4.9.0, queries/q02a.sparql, config/rdfs/endpoints.txt
    output: output/rdfs/FedX/q02a.2.csv, output/rdfs/FedX/q02a.2.json
    jobid: 362
    reason: Missing output files: output/rdfs/FedX/q02a.2.csv
    wildcards: workload=rdfs, query=q02a, run=2
    priority: 50
    resources: tmpdir=/tmp

[Tue Mar 18 08:49:13 2025]
Finished job 362.
128 of 1651 steps (8%) done
Select jobs to execute...
Execute 1 jobs...

[Tue Mar 18 08:49:13 2025]
localrule run_fedX_query:
    input: /workspaces/P-TER/virtuoso-opensource-7.2.7, /workspaces/P-TER/virtuoso-opensource-7.2.7/var/lib/virtuoso/db/fedup.ini, /workspaces/P-TER/apache-jena-fuseki-4.9.0, queries/q02a.sparql, config/rdfs/endpoints.txt
    output: output/rdfs/FedX/q02a.3.csv, output/rdfs/FedX/q02a.3.json
    jobid: 363
    reason: Missing output files: output/rdfs/FedX/q02a.3.csv
    wildcards: workload=rdfs, query=q02a, run=3
    priority: 50
    resources: tmpdir=/tmp

[Tue Mar 18 08:49:16 2025]
Finished job 363.
129 of 1651 steps (8%) done
Select jobs to execute...
Execute 1 jobs...

[Tue Mar 18 08:49:16 2025]
localrule run_fedX_query:
    input: /workspaces/P-TER/virtuoso-opensource-7.2.7, /workspaces/P-TER/virtuoso-opensource-7.2.7/var/lib/virtuoso/db/fedup.ini, /workspaces/P-TER/apache-jena-fuseki-4.9.0, queries/q02b.sparql, config/rdfs/endpoints.txt
    output: output/rdfs/FedX/q02b.3.csv, output/rdfs/FedX/q02b.3.json
    jobid: 366
    reason: Missing output files: output/rdfs/FedX/q02b.3.csv
    wildcards: workload=rdfs, query=q02b, run=3
    priority: 50
    resources: tmpdir=/tmp

[Tue Mar 18 08:49:23 2025]
Finished job 366.
130 of 1651 steps (8%) done
Select jobs to execute...
Execute 1 jobs...

[Tue Mar 18 08:49:23 2025]
localrule run_fedX_query:
    input: /workspaces/P-TER/virtuoso-opensource-7.2.7, /workspaces/P-TER/virtuoso-opensource-7.2.7/var/lib/virtuoso/db/fedup.ini, /workspaces/P-TER/apache-jena-fuseki-4.9.0, queries/q02b.sparql, config/rdfs/endpoints.txt
    output: output/rdfs/FedX/q02b.1.csv, output/rdfs/FedX/q02b.1.json
    jobid: 364
    reason: Missing output files: output/rdfs/FedX/q02b.1.csv
    wildcards: workload=rdfs, query=q02b, run=1
    priority: 50
    resources: tmpdir=/tmp

[Tue Mar 18 08:49:26 2025]
Finished job 364.
131 of 1651 steps (8%) done
Select jobs to execute...
Execute 1 jobs...

[Tue Mar 18 08:49:26 2025]
localrule run_fedX_query:
    input: /workspaces/P-TER/virtuoso-opensource-7.2.7, /workspaces/P-TER/virtuoso-opensource-7.2.7/var/lib/virtuoso/db/fedup.ini, /workspaces/P-TER/apache-jena-fuseki-4.9.0, queries/q02b.sparql, config/rdfs/endpoints.txt
    output: output/rdfs/FedX/q02b.2.csv, output/rdfs/FedX/q02b.2.json
    jobid: 365
    reason: Missing output files: output/rdfs/FedX/q02b.2.csv
    wildcards: workload=rdfs, query=q02b, run=2
    priority: 50
    resources: tmpdir=/tmp

[Tue Mar 18 08:49:29 2025]
Finished job 365.
132 of 1651 steps (8%) done
Select jobs to execute...
Execute 1 jobs...

[Tue Mar 18 08:49:29 2025]
localrule run_fedX_query:
    input: /workspaces/P-TER/virtuoso-opensource-7.2.7, /workspaces/P-TER/virtuoso-opensource-7.2.7/var/lib/virtuoso/db/fedup.ini, /workspaces/P-TER/apache-jena-fuseki-4.9.0, queries/q03d.sparql, config/rdfs/endpoints.txt
    output: output/rdfs/FedX/q03d.3.csv, output/rdfs/FedX/q03d.3.json
    jobid: 402
    reason: Missing output files: output/rdfs/FedX/q03d.3.csv
    wildcards: workload=rdfs, query=q03d, run=3
    priority: 50
    resources: tmpdir=/tmp

[Tue Mar 18 08:49:32 2025]
Finished job 402.
133 of 1651 steps (8%) done
Select jobs to execute...
Execute 1 jobs...

[Tue Mar 18 08:49:32 2025]
localrule run_fedX_query:
    input: /workspaces/P-TER/virtuoso-opensource-7.2.7, /workspaces/P-TER/virtuoso-opensource-7.2.7/var/lib/virtuoso/db/fedup.ini, /workspaces/P-TER/apache-jena-fuseki-4.9.0, queries/q03d.sparql, config/rdfs/endpoints.txt
    output: output/rdfs/FedX/q03d.2.csv, output/rdfs/FedX/q03d.2.json
    jobid: 401
    reason: Missing output files: output/rdfs/FedX/q03d.2.csv
    wildcards: workload=rdfs, query=q03d, run=2
    priority: 50
    resources: tmpdir=/tmp

[Tue Mar 18 08:49:34 2025]
Finished job 401.
134 of 1651 steps (8%) done
Select jobs to execute...
Execute 1 jobs...

[Tue Mar 18 08:49:34 2025]
localrule run_fedX_query:
    input: /workspaces/P-TER/virtuoso-opensource-7.2.7, /workspaces/P-TER/virtuoso-opensource-7.2.7/var/lib/virtuoso/db/fedup.ini, /workspaces/P-TER/apache-jena-fuseki-4.9.0, queries/q03d.sparql, config/rdfs/endpoints.txt
    output: output/rdfs/FedX/q03d.1.csv, output/rdfs/FedX/q03d.1.json
    jobid: 400
    reason: Missing output files: output/rdfs/FedX/q03d.1.csv
    wildcards: workload=rdfs, query=q03d, run=1
    priority: 50
    resources: tmpdir=/tmp

[Tue Mar 18 08:49:37 2025]
Finished job 400.
135 of 1651 steps (8%) done
Select jobs to execute...
Execute 1 jobs...

[Tue Mar 18 08:49:37 2025]
localrule run_fedX_query:
    input: /workspaces/P-TER/virtuoso-opensource-7.2.7, /workspaces/P-TER/virtuoso-opensource-7.2.7/var/lib/virtuoso/db/fedup.ini, /workspaces/P-TER/apache-jena-fuseki-4.9.0, queries/q02h.sparql, config/rdfs/endpoints.txt
    output: output/rdfs/FedX/q02h.1.csv, output/rdfs/FedX/q02h.1.json
    jobid: 382
    reason: Missing output files: output/rdfs/FedX/q02h.1.csv
    wildcards: workload=rdfs, query=q02h, run=1
    priority: 50
    resources: tmpdir=/tmp

[Tue Mar 18 08:49:44 2025]
Finished job 382.
136 of 1651 steps (8%) done
Select jobs to execute...
Execute 1 jobs...

[Tue Mar 18 08:49:44 2025]
localrule run_fedX_query:
    input: /workspaces/P-TER/virtuoso-opensource-7.2.7, /workspaces/P-TER/virtuoso-opensource-7.2.7/var/lib/virtuoso/db/fedup.ini, /workspaces/P-TER/apache-jena-fuseki-4.9.0, queries/q02h.sparql, config/rdfs/endpoints.txt
    output: output/rdfs/FedX/q02h.2.csv, output/rdfs/FedX/q02h.2.json
    jobid: 383
    reason: Missing output files: output/rdfs/FedX/q02h.2.csv
    wildcards: workload=rdfs, query=q02h, run=2
    priority: 50
    resources: tmpdir=/tmp

[Tue Mar 18 08:50:53 2025]
Finished job 383.
137 of 1651 steps (8%) done
Select jobs to execute...
Execute 1 jobs...

[Tue Mar 18 08:50:53 2025]
localrule run_fedX_query:
    input: /workspaces/P-TER/virtuoso-opensource-7.2.7, /workspaces/P-TER/virtuoso-opensource-7.2.7/var/lib/virtuoso/db/fedup.ini, /workspaces/P-TER/apache-jena-fuseki-4.9.0, queries/q02h.sparql, config/rdfs/endpoints.txt
    output: output/rdfs/FedX/q02h.3.csv, output/rdfs/FedX/q02h.3.json
    jobid: 384
    reason: Missing output files: output/rdfs/FedX/q02h.3.csv
    wildcards: workload=rdfs, query=q02h, run=3
    priority: 50
    resources: tmpdir=/tmp

[Tue Mar 18 08:50:55 2025]
Finished job 384.
138 of 1651 steps (8%) done
Select jobs to execute...
Execute 1 jobs...

[Tue Mar 18 08:50:55 2025]
localrule run_fedX_query:
    input: /workspaces/P-TER/virtuoso-opensource-7.2.7, /workspaces/P-TER/virtuoso-opensource-7.2.7/var/lib/virtuoso/db/fedup.ini, /workspaces/P-TER/apache-jena-fuseki-4.9.0, queries/q02g.sparql, config/rdfs/endpoints.txt
    output: output/rdfs/FedX/q02g.3.csv, output/rdfs/FedX/q02g.3.json
    jobid: 381
    reason: Missing output files: output/rdfs/FedX/q02g.3.csv
    wildcards: workload=rdfs, query=q02g, run=3
    priority: 50
    resources: tmpdir=/tmp

[Tue Mar 18 08:51:01 2025]
Finished job 381.
139 of 1651 steps (8%) done
Select jobs to execute...
Execute 1 jobs...

[Tue Mar 18 08:51:01 2025]
localrule run_fedX_query:
    input: /workspaces/P-TER/virtuoso-opensource-7.2.7, /workspaces/P-TER/virtuoso-opensource-7.2.7/var/lib/virtuoso/db/fedup.ini, /workspaces/P-TER/apache-jena-fuseki-4.9.0, queries/q02g.sparql, config/rdfs/endpoints.txt
    output: output/rdfs/FedX/q02g.2.csv, output/rdfs/FedX/q02g.2.json
    jobid: 380
    reason: Missing output files: output/rdfs/FedX/q02g.2.csv
    wildcards: workload=rdfs, query=q02g, run=2
    priority: 50
    resources: tmpdir=/tmp

[Tue Mar 18 08:51:04 2025]
Finished job 380.
140 of 1651 steps (8%) done
Select jobs to execute...
Execute 1 jobs...

[Tue Mar 18 08:51:04 2025]
localrule run_fedX_query:
    input: /workspaces/P-TER/virtuoso-opensource-7.2.7, /workspaces/P-TER/virtuoso-opensource-7.2.7/var/lib/virtuoso/db/fedup.ini, /workspaces/P-TER/apache-jena-fuseki-4.9.0, queries/q02g.sparql, config/rdfs/endpoints.txt
    output: output/rdfs/FedX/q02g.1.csv, output/rdfs/FedX/q02g.1.json
    jobid: 379
    reason: Missing output files: output/rdfs/FedX/q02g.1.csv
    wildcards: workload=rdfs, query=q02g, run=1
    priority: 50
    resources: tmpdir=/tmp

[Tue Mar 18 08:51:06 2025]
Finished job 379.
141 of 1651 steps (9%) done
Select jobs to execute...
Execute 1 jobs...

[Tue Mar 18 08:51:06 2025]
localrule run_fedX_query:
    input: /workspaces/P-TER/virtuoso-opensource-7.2.7, /workspaces/P-TER/virtuoso-opensource-7.2.7/var/lib/virtuoso/db/fedup.ini, /workspaces/P-TER/apache-jena-fuseki-4.9.0, queries/q03e.sparql, config/rdfs/endpoints.txt
    output: output/rdfs/FedX/q03e.1.csv, output/rdfs/FedX/q03e.1.json
    jobid: 403
    reason: Missing output files: output/rdfs/FedX/q03e.1.csv
    wildcards: workload=rdfs, query=q03e, run=1
    priority: 50
    resources: tmpdir=/tmp

[Tue Mar 18 08:51:09 2025]
Finished job 403.
142 of 1651 steps (9%) done
Select jobs to execute...
Execute 1 jobs...

[Tue Mar 18 08:51:09 2025]
localrule run_fedX_query:
    input: /workspaces/P-TER/virtuoso-opensource-7.2.7, /workspaces/P-TER/virtuoso-opensource-7.2.7/var/lib/virtuoso/db/fedup.ini, /workspaces/P-TER/apache-jena-fuseki-4.9.0, queries/q03e.sparql, config/rdfs/endpoints.txt
    output: output/rdfs/FedX/q03e.2.csv, output/rdfs/FedX/q03e.2.json
    jobid: 404
    reason: Missing output files: output/rdfs/FedX/q03e.2.csv
    wildcards: workload=rdfs, query=q03e, run=2
    priority: 50
    resources: tmpdir=/tmp

[Tue Mar 18 08:51:12 2025]
Finished job 404.
143 of 1651 steps (9%) done
Select jobs to execute...
Execute 1 jobs...

[Tue Mar 18 08:51:12 2025]
localrule run_fedX_query:
    input: /workspaces/P-TER/virtuoso-opensource-7.2.7, /workspaces/P-TER/virtuoso-opensource-7.2.7/var/lib/virtuoso/db/fedup.ini, /workspaces/P-TER/apache-jena-fuseki-4.9.0, queries/q03e.sparql, config/rdfs/endpoints.txt
    output: output/rdfs/FedX/q03e.3.csv, output/rdfs/FedX/q03e.3.json
    jobid: 405
    reason: Missing output files: output/rdfs/FedX/q03e.3.csv
    wildcards: workload=rdfs, query=q03e, run=3
    priority: 50
    resources: tmpdir=/tmp

[Tue Mar 18 08:51:15 2025]
Finished job 405.
144 of 1651 steps (9%) done
Select jobs to execute...
Execute 1 jobs...

[Tue Mar 18 08:51:15 2025]
localrule run_fedX_query:
    input: /workspaces/P-TER/virtuoso-opensource-7.2.7, /workspaces/P-TER/virtuoso-opensource-7.2.7/var/lib/virtuoso/db/fedup.ini, /workspaces/P-TER/apache-jena-fuseki-4.9.0, queries/q01b.sparql, config/rdfs/endpoints.txt
    output: output/rdfs/FedX/q01b.3.csv, output/rdfs/FedX/q01b.3.json
    jobid: 336
    reason: Missing output files: output/rdfs/FedX/q01b.3.csv
    wildcards: workload=rdfs, query=q01b, run=3
    priority: 50
    resources: tmpdir=/tmp

Terminating processes on user request, this might take some time.
Traceback (most recent call last):

  File "/usr/local/python/3.12.1/lib/python3.12/site-packages/snakemake/executors/local.py", line 232, in spawn_job
    subprocess.check_call(cmd, shell=True)

  File "/usr/local/python/3.12.1/lib/python3.12/subprocess.py", line 413, in check_call
    raise CalledProcessError(retcode, cmd)

subprocess.CalledProcessError: Command 'cd /workspaces/P-TER && /usr/local/python/3.12.1/bin/python3 -m snakemake --snakefile '/workspaces/P-TER/Snakefile' --target-jobs 'run_fedX_query:workload=rdfs,query=q01b,run=3' --allowed-rules run_fedX_query --cores 1 --attempt 1 --force-use-threads  --force --target-files-omit-workdir-adjustment --keep-storage-local-copies --max-inventory-time 0 --nocolor --notemp --no-hooks --nolock --ignore-incomplete --rerun-triggers params code input mtime software-env --conda-frontend 'conda' --shared-fs-usage persistence sources source-cache storage-local-copies software-deployment input-output --wrapper-prefix 'https://github.com/snakemake/snakemake-wrappers/raw/' --latency-wait 5 --scheduler 'greedy' --local-storage-prefix .snakemake/storage --scheduler-solver-path '/usr/local/python/3.12.1/bin' --default-resources base64//dG1wZGlyPXN5c3RlbV90bXBkaXI= --quiet progress rules --mode 'subprocess' --local-groupid 'local'' died with <Signals.SIGINT: 2>.


During handling of the above exception, another exception occurred:


Traceback (most recent call last):

  File "/usr/local/python/3.12.1/lib/python3.12/concurrent/futures/thread.py", line 58, in run
    result = self.fn(*self.args, **self.kwargs)
             ^^^^^^^^^^^^^^^^^^^^^^^^^^^^^^^^^^

  File "/usr/local/python/3.12.1/lib/python3.12/site-packages/snakemake/executors/local.py", line 247, in cached_or_run
    run_func(*args)

  File "/usr/local/python/3.12.1/lib/python3.12/site-packages/snakemake/executors/local.py", line 234, in spawn_job
    raise SpawnedJobError()

snakemake.exceptions.SpawnedJobError

[Tue Mar 18 08:51:16 2025]
Error in rule run_fedX_query:
    jobid: 336
    input: /workspaces/P-TER/virtuoso-opensource-7.2.7, /workspaces/P-TER/virtuoso-opensource-7.2.7/var/lib/virtuoso/db/fedup.ini, /workspaces/P-TER/apache-jena-fuseki-4.9.0, queries/q01b.sparql, config/rdfs/endpoints.txt
    output: output/rdfs/FedX/q01b.3.csv, output/rdfs/FedX/q01b.3.json

Complete log: .snakemake/log/2025-03-18T084142.051613.snakemake.log
WorkflowError:
At least one job did not complete successfully.
