host: codespaces-dfd9c6
Building DAG of jobs...
Using shell: /usr/bin/bash
Provided cores: 1 (use --cores to define parallelism)
Rules claiming more threads will be scaled down.
Job stats:
job                        count
-----------------------  -------
all                            1
run_Fedup_FedX_query          21
run_Fedup_HefQuin_query       21
total                         43

Select jobs to execute...
Execute 1 jobs...

[Thu Mar  6 14:10:23 2025]
localrule run_Fedup_FedX_query:
    input: /workspaces/P-TER/virtuoso-opensource-7.2.7, /workspaces/P-TER/virtuoso-opensource-7.2.7/var/lib/virtuoso/db/fedup.ini, fedup-queries/q05e.sparql
    output: output/rdfs/FedUp-FedX/q05e.1.csv, output/rdfs/FedUp-FedX/q05e.1.json
    jobid: 163
    reason: Missing output files: output/rdfs/FedUp-FedX/q05e.1.csv
    wildcards: workload=rdfs, query=q05e, run=1
    priority: 50
    resources: tmpdir=/tmp

Terminating processes on user request, this might take some time.
[Thu Mar  6 14:11:37 2025]
Error in rule run_Fedup_FedX_query:
    jobid: 163
    input: /workspaces/P-TER/virtuoso-opensource-7.2.7, /workspaces/P-TER/virtuoso-opensource-7.2.7/var/lib/virtuoso/db/fedup.ini, fedup-queries/q05e.sparql
    output: output/rdfs/FedUp-FedX/q05e.1.csv, output/rdfs/FedUp-FedX/q05e.1.json

Complete log: .snakemake/log/2025-03-06T141023.464722.snakemake.log
WorkflowError:
At least one job did not complete successfully.
