host: codespaces-c89ec1
Building DAG of jobs...
Using shell: /usr/bin/bash
Provided cores: 1 (use --cores to define parallelism)
Rules claiming more threads will be scaled down.
Job stats:
job                        count
-----------------------  -------
all                            1
run_Fedup_HefQuin_query        3
run_hefquin_query              3
total                          7

Select jobs to execute...
Execute 1 jobs...

[Wed Mar 26 10:26:31 2025]
localrule run_hefquin_query:
    input: /workspaces/P-TER/virtuoso-opensource-7.2.7, /workspaces/P-TER/virtuoso-opensource-7.2.7/var/lib/virtuoso/db/fedup.ini, /workspaces/P-TER/queries/q09j.sparql
    output: output/rdfs/HefQuin/q09j.3.csv, output/rdfs/HefQuin/q09j.3.json, output/rdfs/HefQuin/q09j.3.txt
    jobid: 3
    reason: Missing output files: output/rdfs/HefQuin/q09j.3.csv
    wildcards: workload=rdfs, query=q09j, run=3
    priority: 50
    resources: tmpdir=/tmp

[Wed Mar 26 10:26:35 2025]
Finished job 3.
1 of 7 steps (14%) done
Select jobs to execute...
Execute 1 jobs...

[Wed Mar 26 10:26:35 2025]
localrule run_hefquin_query:
    input: /workspaces/P-TER/virtuoso-opensource-7.2.7, /workspaces/P-TER/virtuoso-opensource-7.2.7/var/lib/virtuoso/db/fedup.ini, /workspaces/P-TER/queries/q09j.sparql
    output: output/rdfs/HefQuin/q09j.2.csv, output/rdfs/HefQuin/q09j.2.json, output/rdfs/HefQuin/q09j.2.txt
    jobid: 2
    reason: Missing output files: output/rdfs/HefQuin/q09j.2.csv
    wildcards: workload=rdfs, query=q09j, run=2
    priority: 50
    resources: tmpdir=/tmp

[Wed Mar 26 10:26:38 2025]
Finished job 2.
2 of 7 steps (29%) done
Select jobs to execute...
Execute 1 jobs...

[Wed Mar 26 10:26:38 2025]
localrule run_hefquin_query:
    input: /workspaces/P-TER/virtuoso-opensource-7.2.7, /workspaces/P-TER/virtuoso-opensource-7.2.7/var/lib/virtuoso/db/fedup.ini, /workspaces/P-TER/queries/q09j.sparql
    output: output/rdfs/HefQuin/q09j.1.csv, output/rdfs/HefQuin/q09j.1.json, output/rdfs/HefQuin/q09j.1.txt
    jobid: 1
    reason: Missing output files: output/rdfs/HefQuin/q09j.1.csv
    wildcards: workload=rdfs, query=q09j, run=1
    priority: 50
    resources: tmpdir=/tmp

[Wed Mar 26 10:26:41 2025]
Finished job 1.
3 of 7 steps (43%) done
Select jobs to execute...
Execute 1 jobs...

[Wed Mar 26 10:26:41 2025]
localrule run_Fedup_HefQuin_query:
    input: /workspaces/P-TER/virtuoso-opensource-7.2.7, /workspaces/P-TER/virtuoso-opensource-7.2.7/var/lib/virtuoso/db/fedup.ini, /workspaces/P-TER/fedup-queries/q09j.sparql
    output: output/rdfs/FedUp-HefQuin/q09j.3.csv, output/rdfs/FedUp-HefQuin/q09j.3.json, output/rdfs/FedUp-HefQuin/q09j.3.txt
    jobid: 6
    reason: Missing output files: output/rdfs/FedUp-HefQuin/q09j.3.csv
    wildcards: workload=rdfs, query=q09j, run=3
    priority: 50
    resources: tmpdir=/tmp

[Wed Mar 26 10:26:46 2025]
Finished job 6.
4 of 7 steps (57%) done
Select jobs to execute...
Execute 1 jobs...

[Wed Mar 26 10:26:46 2025]
localrule run_Fedup_HefQuin_query:
    input: /workspaces/P-TER/virtuoso-opensource-7.2.7, /workspaces/P-TER/virtuoso-opensource-7.2.7/var/lib/virtuoso/db/fedup.ini, /workspaces/P-TER/fedup-queries/q09j.sparql
    output: output/rdfs/FedUp-HefQuin/q09j.1.csv, output/rdfs/FedUp-HefQuin/q09j.1.json, output/rdfs/FedUp-HefQuin/q09j.1.txt
    jobid: 4
    reason: Missing output files: output/rdfs/FedUp-HefQuin/q09j.1.csv
    wildcards: workload=rdfs, query=q09j, run=1
    priority: 50
    resources: tmpdir=/tmp

[Wed Mar 26 10:26:51 2025]
Finished job 4.
5 of 7 steps (71%) done
Select jobs to execute...
Execute 1 jobs...

[Wed Mar 26 10:26:51 2025]
localrule run_Fedup_HefQuin_query:
    input: /workspaces/P-TER/virtuoso-opensource-7.2.7, /workspaces/P-TER/virtuoso-opensource-7.2.7/var/lib/virtuoso/db/fedup.ini, /workspaces/P-TER/fedup-queries/q09j.sparql
    output: output/rdfs/FedUp-HefQuin/q09j.2.csv, output/rdfs/FedUp-HefQuin/q09j.2.json, output/rdfs/FedUp-HefQuin/q09j.2.txt
    jobid: 5
    reason: Missing output files: output/rdfs/FedUp-HefQuin/q09j.2.csv
    wildcards: workload=rdfs, query=q09j, run=2
    priority: 50
    resources: tmpdir=/tmp

[Wed Mar 26 10:26:56 2025]
Finished job 5.
6 of 7 steps (86%) done
Select jobs to execute...
Execute 1 jobs...

[Wed Mar 26 10:26:56 2025]
localrule all:
    input: config/largerdfbench/graphs.txt, config/rdfs/endpoints.txt, output/rdfs/HefQuin/q09j.1.csv, output/rdfs/HefQuin/q09j.2.csv, output/rdfs/HefQuin/q09j.3.csv, output/rdfs/FedUp-HefQuin/q09j.1.csv, output/rdfs/FedUp-HefQuin/q09j.2.csv, output/rdfs/FedUp-HefQuin/q09j.3.csv
    output: output/data.csv
    jobid: 0
    reason: Input files updated by another job: output/rdfs/HefQuin/q09j.1.csv, output/rdfs/FedUp-HefQuin/q09j.2.csv, output/rdfs/HefQuin/q09j.2.csv, output/rdfs/HefQuin/q09j.3.csv, output/rdfs/FedUp-HefQuin/q09j.1.csv, output/rdfs/FedUp-HefQuin/q09j.3.csv; Set of input files has changed since last execution
    resources: tmpdir=/tmp

[Wed Mar 26 10:26:57 2025]
Finished job 0.
7 of 7 steps (100%) done
Complete log: .snakemake/log/2025-03-26T102631.798547.snakemake.log
