host: codespaces-c89ec1
Building DAG of jobs...
Using shell: /usr/bin/bash
Provided cores: 1 (use --cores to define parallelism)
Rules claiming more threads will be scaled down.
Job stats:
job                  count
-----------------  -------
all                      1
run_hefquin_query        1
total                    2

Select jobs to execute...
Execute 1 jobs...

[Thu Mar 27 20:36:24 2025]
localrule run_hefquin_query:
    input: /workspaces/P-TER/virtuoso-opensource-7.2.7, /workspaces/P-TER/virtuoso-opensource-7.2.7/var/lib/virtuoso/db/fedup.ini, /workspaces/P-TER/queries/q12f.sparql
    output: output/rdfs/HefQuin/q12f.1.csv, output/rdfs/HefQuin/q12f.1.json, output/rdfs/HefQuin/q12f.1.txt
    jobid: 1
    reason: Updated input files: /workspaces/P-TER/virtuoso-opensource-7.2.7/var/lib/virtuoso/db/fedup.ini
    wildcards: workload=rdfs, query=q12f, run=1
    priority: 50
    resources: tmpdir=/tmp

[Thu Mar 27 20:36:48 2025]
Finished job 1.
1 of 2 steps (50%) done
Select jobs to execute...
Execute 1 jobs...

[Thu Mar 27 20:36:48 2025]
localrule all:
    input: config/largerdfbench/graphs.txt, config/rdfs/endpoints.txt, output/rdfs/HefQuin/q12f.1.csv
    output: output/data.csv
    jobid: 0
    reason: Input files updated by another job: output/rdfs/HefQuin/q12f.1.csv
    resources: tmpdir=/tmp

[Thu Mar 27 20:36:49 2025]
Finished job 0.
2 of 2 steps (100%) done
Complete log: .snakemake/log/2025-03-27T203624.915437.snakemake.log
