host: codespaces-c89ec1
Building DAG of jobs...
Using shell: /usr/bin/bash
Provided cores: 1 (use --cores to define parallelism)
Rules claiming more threads will be scaled down.
Job stats:
job                     count
--------------------  -------
all                         1
run_Fedup_FedX_query        2
total                       3

Select jobs to execute...
Execute 1 jobs...

[Tue Mar 25 22:32:47 2025]
localrule run_Fedup_FedX_query:
    input: /workspaces/P-TER/virtuoso-opensource-7.2.7, /workspaces/P-TER/virtuoso-opensource-7.2.7/var/lib/virtuoso/db/fedup.ini, fedup-queries/q05a.sparql
    output: output/rdfs/FedUp-FedX/q05a.3.csv, output/rdfs/FedUp-FedX/q05a.3.json, output/rdfs/FedUp-FedX/q05a.3.txt
    jobid: 3
    reason: Missing output files: output/rdfs/FedUp-FedX/q05a.3.csv
    wildcards: workload=rdfs, query=q05a, run=3
    priority: 50
    resources: tmpdir=/tmp

[Tue Mar 25 22:32:51 2025]
Finished job 3.
1 of 3 steps (33%) done
Select jobs to execute...
Execute 1 jobs...

[Tue Mar 25 22:32:51 2025]
localrule run_Fedup_FedX_query:
    input: /workspaces/P-TER/virtuoso-opensource-7.2.7, /workspaces/P-TER/virtuoso-opensource-7.2.7/var/lib/virtuoso/db/fedup.ini, fedup-queries/q05a.sparql
    output: output/rdfs/FedUp-FedX/q05a.2.csv, output/rdfs/FedUp-FedX/q05a.2.json, output/rdfs/FedUp-FedX/q05a.2.txt
    jobid: 2
    reason: Missing output files: output/rdfs/FedUp-FedX/q05a.2.csv
    wildcards: workload=rdfs, query=q05a, run=2
    priority: 50
    resources: tmpdir=/tmp

[Tue Mar 25 22:32:55 2025]
Finished job 2.
2 of 3 steps (67%) done
Select jobs to execute...
Execute 1 jobs...

[Tue Mar 25 22:32:55 2025]
localrule all:
    input: config/largerdfbench/graphs.txt, config/rdfs/endpoints.txt, output/rdfs/FedUp-FedX/q05a.1.csv, output/rdfs/FedUp-FedX/q05a.2.csv, output/rdfs/FedUp-FedX/q05a.3.csv
    output: output/data.csv
    jobid: 0
    reason: Missing output files: output/data.csv; Input files updated by another job: output/rdfs/FedUp-FedX/q05a.2.csv, output/rdfs/FedUp-FedX/q05a.3.csv
    resources: tmpdir=/tmp

[Tue Mar 25 22:32:56 2025]
Finished job 0.
3 of 3 steps (100%) done
Complete log: .snakemake/log/2025-03-25T223247.374455.snakemake.log
