host: codespaces-dfd9c6
Building DAG of jobs...
Using shell: /usr/bin/bash
Provided cores: 1 (use --cores to define parallelism)
Rules claiming more threads will be scaled down.
Job stats:
job      count
-----  -------
all          1
total        1

Select jobs to execute...
Execute 1 jobs...

[Thu Feb  6 20:59:22 2025]
localrule all:
    input: config/largerdfbench/graphs.txt
    jobid: 0
    reason: Forced execution
    resources: tmpdir=/tmp

[Thu Feb  6 20:59:22 2025]
Finished job 0.
1 of 1 steps (100%) done
Complete log: .snakemake/log/2025-02-06T205922.676893.snakemake.log
