host: codespaces-dfd9c6
Building DAG of jobs...
Using shell: /usr/bin/bash
Provided cores: 1 (use --cores to define parallelism)
Rules claiming more threads will be scaled down.
Job stats:
job                     count
--------------------  -------
all                         1
run_Fedup_FedX_query        3
run_fedX_query              2
run_hefquin_query           3
run_sparql_query            3
total                      12

Select jobs to execute...
Execute 1 jobs...

[Wed Mar  5 13:49:06 2025]
localrule run_fedX_query:
    input: /workspaces/P-TER/virtuoso-opensource-7.2.7, /workspaces/P-TER/virtuoso-opensource-7.2.7/var/lib/virtuoso/db/fedup.ini, /workspaces/P-TER/apache-jena-fuseki-4.9.0, queries/q05i.sparql, config/rdfs/endpoints.txt
    output: output/rdfs/FedX/q05i.1.csv, output/rdfs/FedX/q05i.1.json
    jobid: 4
    reason: Missing output files: output/rdfs/FedX/q05i.1.csv; Updated input files: /workspaces/P-TER/virtuoso-opensource-7.2.7/var/lib/virtuoso/db/fedup.ini
    wildcards: workload=rdfs, query=q05i, run=1
    priority: 50
    resources: tmpdir=/tmp

[Wed Mar  5 13:49:38 2025]
Finished job 4.
1 of 12 steps (8%) done
Select jobs to execute...
Execute 1 jobs...

[Wed Mar  5 13:49:38 2025]
localrule run_fedX_query:
    input: /workspaces/P-TER/virtuoso-opensource-7.2.7, /workspaces/P-TER/virtuoso-opensource-7.2.7/var/lib/virtuoso/db/fedup.ini, /workspaces/P-TER/apache-jena-fuseki-4.9.0, queries/q05i.sparql, config/rdfs/endpoints.txt
    output: output/rdfs/FedX/q05i.2.csv, output/rdfs/FedX/q05i.2.json
    jobid: 5
    reason: Updated input files: /workspaces/P-TER/virtuoso-opensource-7.2.7/var/lib/virtuoso/db/fedup.ini
    wildcards: workload=rdfs, query=q05i, run=2
    priority: 50
    resources: tmpdir=/tmp

[Wed Mar  5 13:49:44 2025]
Finished job 5.
2 of 12 steps (17%) done
Select jobs to execute...
Execute 1 jobs...

[Wed Mar  5 13:49:44 2025]
localrule run_sparql_query:
    input: /workspaces/P-TER/virtuoso-opensource-7.2.7, /workspaces/P-TER/virtuoso-opensource-7.2.7/var/lib/virtuoso/db/fedup.ini, queries/q05i.sparql
    output: output/rdfs/Jena/q05i.3.csv, output/rdfs/Jena/q05i.3.json
    jobid: 3
    reason: Updated input files: /workspaces/P-TER/virtuoso-opensource-7.2.7/var/lib/virtuoso/db/fedup.ini
    wildcards: workload=rdfs, query=q05i, run=3
    priority: 50
    resources: tmpdir=/tmp

[Wed Mar  5 13:49:52 2025]
Finished job 3.
3 of 12 steps (25%) done
Select jobs to execute...
Execute 1 jobs...

[Wed Mar  5 13:49:52 2025]
localrule run_hefquin_query:
    input: /workspaces/P-TER/virtuoso-opensource-7.2.7, /workspaces/P-TER/virtuoso-opensource-7.2.7/var/lib/virtuoso/db/fedup.ini, queries/q05i.sparql
    output: output/rdfs/HefQuin/q05i.3.csv, output/rdfs/HefQuin/q05i.3.json
    jobid: 9
    reason: Updated input files: /workspaces/P-TER/virtuoso-opensource-7.2.7/var/lib/virtuoso/db/fedup.ini
    wildcards: workload=rdfs, query=q05i, run=3
    priority: 50
    resources: tmpdir=/tmp

[Wed Mar  5 13:49:59 2025]
Finished job 9.
4 of 12 steps (33%) done
Select jobs to execute...
Execute 1 jobs...

[Wed Mar  5 13:49:59 2025]
localrule run_sparql_query:
    input: /workspaces/P-TER/virtuoso-opensource-7.2.7, /workspaces/P-TER/virtuoso-opensource-7.2.7/var/lib/virtuoso/db/fedup.ini, queries/q05i.sparql
    output: output/rdfs/Jena/q05i.1.csv, output/rdfs/Jena/q05i.1.json
    jobid: 1
    reason: Updated input files: /workspaces/P-TER/virtuoso-opensource-7.2.7/var/lib/virtuoso/db/fedup.ini
    wildcards: workload=rdfs, query=q05i, run=1
    priority: 50
    resources: tmpdir=/tmp

[Wed Mar  5 13:50:05 2025]
Finished job 1.
5 of 12 steps (42%) done
Select jobs to execute...
Execute 1 jobs...

[Wed Mar  5 13:50:05 2025]
localrule run_hefquin_query:
    input: /workspaces/P-TER/virtuoso-opensource-7.2.7, /workspaces/P-TER/virtuoso-opensource-7.2.7/var/lib/virtuoso/db/fedup.ini, queries/q05i.sparql
    output: output/rdfs/HefQuin/q05i.1.csv, output/rdfs/HefQuin/q05i.1.json
    jobid: 7
    reason: Updated input files: /workspaces/P-TER/virtuoso-opensource-7.2.7/var/lib/virtuoso/db/fedup.ini
    wildcards: workload=rdfs, query=q05i, run=1
    priority: 50
    resources: tmpdir=/tmp

[Wed Mar  5 13:50:11 2025]
Finished job 7.
6 of 12 steps (50%) done
Select jobs to execute...
Execute 1 jobs...

[Wed Mar  5 13:50:11 2025]
localrule run_sparql_query:
    input: /workspaces/P-TER/virtuoso-opensource-7.2.7, /workspaces/P-TER/virtuoso-opensource-7.2.7/var/lib/virtuoso/db/fedup.ini, queries/q05i.sparql
    output: output/rdfs/Jena/q05i.2.csv, output/rdfs/Jena/q05i.2.json
    jobid: 2
    reason: Updated input files: /workspaces/P-TER/virtuoso-opensource-7.2.7/var/lib/virtuoso/db/fedup.ini
    wildcards: workload=rdfs, query=q05i, run=2
    priority: 50
    resources: tmpdir=/tmp

[Wed Mar  5 13:50:18 2025]
Finished job 2.
7 of 12 steps (58%) done
Select jobs to execute...
Execute 1 jobs...

[Wed Mar  5 13:50:18 2025]
localrule run_hefquin_query:
    input: /workspaces/P-TER/virtuoso-opensource-7.2.7, /workspaces/P-TER/virtuoso-opensource-7.2.7/var/lib/virtuoso/db/fedup.ini, queries/q05i.sparql
    output: output/rdfs/HefQuin/q05i.2.csv, output/rdfs/HefQuin/q05i.2.json
    jobid: 8
    reason: Updated input files: /workspaces/P-TER/virtuoso-opensource-7.2.7/var/lib/virtuoso/db/fedup.ini
    wildcards: workload=rdfs, query=q05i, run=2
    priority: 50
    resources: tmpdir=/tmp

[Wed Mar  5 13:50:24 2025]
Finished job 8.
8 of 12 steps (67%) done
Select jobs to execute...
Execute 1 jobs...

[Wed Mar  5 13:50:24 2025]
localrule run_Fedup_FedX_query:
    input: /workspaces/P-TER/virtuoso-opensource-7.2.7, /workspaces/P-TER/virtuoso-opensource-7.2.7/var/lib/virtuoso/db/fedup.ini, fedup-queries/q05i.sparql
    output: output/rdfs/FedUp-FedX/q05i.2.csv, output/rdfs/FedUp-FedX/q05i.2.json
    jobid: 11
    reason: Missing output files: output/rdfs/FedUp-FedX/q05i.2.csv; Updated input files: /workspaces/P-TER/virtuoso-opensource-7.2.7/var/lib/virtuoso/db/fedup.ini
    wildcards: workload=rdfs, query=q05i, run=2
    priority: 50
    resources: tmpdir=/tmp

[Wed Mar  5 13:51:27 2025]
Finished job 11.
9 of 12 steps (75%) done
Select jobs to execute...
Execute 1 jobs...

[Wed Mar  5 13:51:27 2025]
localrule run_Fedup_FedX_query:
    input: /workspaces/P-TER/virtuoso-opensource-7.2.7, /workspaces/P-TER/virtuoso-opensource-7.2.7/var/lib/virtuoso/db/fedup.ini, fedup-queries/q05i.sparql
    output: output/rdfs/FedUp-FedX/q05i.3.csv, output/rdfs/FedUp-FedX/q05i.3.json
    jobid: 12
    reason: Missing output files: output/rdfs/FedUp-FedX/q05i.3.csv; Updated input files: /workspaces/P-TER/virtuoso-opensource-7.2.7/var/lib/virtuoso/db/fedup.ini
    wildcards: workload=rdfs, query=q05i, run=3
    priority: 50
    resources: tmpdir=/tmp

[Wed Mar  5 13:52:25 2025]
Finished job 12.
10 of 12 steps (83%) done
Select jobs to execute...
Execute 1 jobs...

[Wed Mar  5 13:52:25 2025]
localrule run_Fedup_FedX_query:
    input: /workspaces/P-TER/virtuoso-opensource-7.2.7, /workspaces/P-TER/virtuoso-opensource-7.2.7/var/lib/virtuoso/db/fedup.ini, fedup-queries/q05i.sparql
    output: output/rdfs/FedUp-FedX/q05i.1.csv, output/rdfs/FedUp-FedX/q05i.1.json
    jobid: 10
    reason: Missing output files: output/rdfs/FedUp-FedX/q05i.1.csv; Updated input files: /workspaces/P-TER/virtuoso-opensource-7.2.7/var/lib/virtuoso/db/fedup.ini
    wildcards: workload=rdfs, query=q05i, run=1
    priority: 50
    resources: tmpdir=/tmp

[Wed Mar  5 13:53:25 2025]
Finished job 10.
11 of 12 steps (92%) done
Select jobs to execute...
Execute 1 jobs...

[Wed Mar  5 13:53:25 2025]
localrule all:
    input: /workspaces/P-TER/apache-jena-fuseki-4.9.0, /workspaces/P-TER/apache-jena-4.9.0, config/largerdfbench/graphs.txt, config/rdfs/endpoints.txt, output/rdfs/Jena/q05i.1.csv, output/rdfs/Jena/q05i.2.csv, output/rdfs/Jena/q05i.3.csv, output/rdfs/FedX/q05i.1.csv, output/rdfs/FedX/q05i.2.csv, output/rdfs/FedX/q05i.3.csv, output/rdfs/HefQuin/q05i.1.csv, output/rdfs/HefQuin/q05i.2.csv, output/rdfs/HefQuin/q05i.3.csv, output/rdfs/FedUp-FedX/q05i.1.csv, output/rdfs/FedUp-FedX/q05i.2.csv, output/rdfs/FedUp-FedX/q05i.3.csv
    output: output/data.csv
    jobid: 0
    reason: Input files updated by another job: output/rdfs/FedX/q05i.1.csv, output/rdfs/FedUp-FedX/q05i.2.csv, output/rdfs/Jena/q05i.1.csv, output/rdfs/HefQuin/q05i.2.csv, output/rdfs/FedUp-FedX/q05i.3.csv, output/rdfs/Jena/q05i.2.csv, output/rdfs/FedX/q05i.2.csv, output/rdfs/HefQuin/q05i.3.csv, output/rdfs/HefQuin/q05i.1.csv, output/rdfs/FedUp-FedX/q05i.1.csv, output/rdfs/Jena/q05i.3.csv
    resources: tmpdir=/tmp

[Wed Mar  5 13:53:25 2025]
Finished job 0.
12 of 12 steps (100%) done
Complete log: .snakemake/log/2025-03-05T134906.882175.snakemake.log
