host: codespaces-c89ec1
Building DAG of jobs...
Using shell: /usr/bin/bash
Provided cores: 1 (use --cores to define parallelism)
Rules claiming more threads will be scaled down.
Job stats:
job                        count
-----------------------  -------
all                            1
run_Fedup_FedX_query         269
run_Fedup_HefQuin_query      267
run_Fedup_Jena_query         360
run_hefquin_query            153
run_jena_query               153
total                       1203

Select jobs to execute...
Execute 1 jobs...

[Mon Mar 24 08:18:57 2025]
localrule run_Fedup_FedX_query:
    input: /workspaces/P-TER/virtuoso-opensource-7.2.7, /workspaces/P-TER/virtuoso-opensource-7.2.7/var/lib/virtuoso/db/fedup.ini, fedup-queries/q05i.sparql
    output: output/rdfs/FedUp-FedX/q05i.1.csv, output/rdfs/FedUp-FedX/q05i.1.json, output/rdfs/FedUp-FedX/q05i.1.txt
    jobid: 1225
    reason: Missing output files: output/rdfs/FedUp-FedX/q05i.1.csv
    wildcards: workload=rdfs, query=q05i, run=1
    priority: 50
    resources: tmpdir=/tmp

[Mon Mar 24 08:20:19 2025]
Finished job 1225.
1 of 1203 steps (0.1%) done
Select jobs to execute...
Execute 1 jobs...

[Mon Mar 24 08:20:20 2025]
localrule run_Fedup_FedX_query:
    input: /workspaces/P-TER/virtuoso-opensource-7.2.7, /workspaces/P-TER/virtuoso-opensource-7.2.7/var/lib/virtuoso/db/fedup.ini, fedup-queries/q05g.sparql
    output: output/rdfs/FedUp-FedX/q05g.2.csv, output/rdfs/FedUp-FedX/q05g.2.json, output/rdfs/FedUp-FedX/q05g.2.txt
    jobid: 1220
    reason: Missing output files: output/rdfs/FedUp-FedX/q05g.2.csv
    wildcards: workload=rdfs, query=q05g, run=2
    priority: 50
    resources: tmpdir=/tmp

[Mon Mar 24 08:21:05 2025]
Finished job 1220.
2 of 1203 steps (0.2%) done
Select jobs to execute...
Execute 1 jobs...

[Mon Mar 24 08:21:05 2025]
localrule run_Fedup_HefQuin_query:
    input: /workspaces/P-TER/virtuoso-opensource-7.2.7, /workspaces/P-TER/virtuoso-opensource-7.2.7/var/lib/virtuoso/db/fedup.ini, /workspaces/P-TER/fedup-queries/q05e.sparql
    output: output/rdfs/FedUp-HefQuin/q05e.3.csv, output/rdfs/FedUp-HefQuin/q05e.3.json, output/rdfs/FedUp-HefQuin/q05e.3.txt
    jobid: 1575
    reason: Missing output files: output/rdfs/FedUp-HefQuin/q05e.3.csv
    wildcards: workload=rdfs, query=q05e, run=3
    priority: 50
    resources: tmpdir=/tmp

[Mon Mar 24 08:22:06 2025]
Finished job 1575.
3 of 1203 steps (0.2%) done
Select jobs to execute...
Execute 1 jobs...

[Mon Mar 24 08:22:06 2025]
localrule run_Fedup_FedX_query:
    input: /workspaces/P-TER/virtuoso-opensource-7.2.7, /workspaces/P-TER/virtuoso-opensource-7.2.7/var/lib/virtuoso/db/fedup.ini, fedup-queries/q05i.sparql
    output: output/rdfs/FedUp-FedX/q05i.2.csv, output/rdfs/FedUp-FedX/q05i.2.json, output/rdfs/FedUp-FedX/q05i.2.txt
    jobid: 1226
    reason: Missing output files: output/rdfs/FedUp-FedX/q05i.2.csv
    wildcards: workload=rdfs, query=q05i, run=2
    priority: 50
    resources: tmpdir=/tmp

[Mon Mar 24 08:22:45 2025]
Finished job 1226.
4 of 1203 steps (0.3%) done
Select jobs to execute...
Execute 1 jobs...

[Mon Mar 24 08:22:45 2025]
localrule run_Fedup_FedX_query:
    input: /workspaces/P-TER/virtuoso-opensource-7.2.7, /workspaces/P-TER/virtuoso-opensource-7.2.7/var/lib/virtuoso/db/fedup.ini, fedup-queries/q05i.sparql
    output: output/rdfs/FedUp-FedX/q05i.3.csv, output/rdfs/FedUp-FedX/q05i.3.json, output/rdfs/FedUp-FedX/q05i.3.txt
    jobid: 1227
    reason: Missing output files: output/rdfs/FedUp-FedX/q05i.3.csv
    wildcards: workload=rdfs, query=q05i, run=3
    priority: 50
    resources: tmpdir=/tmp

[Mon Mar 24 08:23:20 2025]
Finished job 1227.
5 of 1203 steps (0.4%) done
Select jobs to execute...
Execute 1 jobs...

[Mon Mar 24 08:23:20 2025]
localrule run_Fedup_FedX_query:
    input: /workspaces/P-TER/virtuoso-opensource-7.2.7, /workspaces/P-TER/virtuoso-opensource-7.2.7/var/lib/virtuoso/db/fedup.ini, fedup-queries/q05j.sparql
    output: output/rdfs/FedUp-FedX/q05j.1.csv, output/rdfs/FedUp-FedX/q05j.1.json, output/rdfs/FedUp-FedX/q05j.1.txt
    jobid: 1228
    reason: Missing output files: output/rdfs/FedUp-FedX/q05j.1.csv
    wildcards: workload=rdfs, query=q05j, run=1
    priority: 50
    resources: tmpdir=/tmp

[Mon Mar 24 08:23:38 2025]
Finished job 1228.
6 of 1203 steps (0.5%) done
Select jobs to execute...
Execute 1 jobs...

[Mon Mar 24 08:23:38 2025]
localrule run_Fedup_FedX_query:
    input: /workspaces/P-TER/virtuoso-opensource-7.2.7, /workspaces/P-TER/virtuoso-opensource-7.2.7/var/lib/virtuoso/db/fedup.ini, fedup-queries/q05j.sparql
    output: output/rdfs/FedUp-FedX/q05j.2.csv, output/rdfs/FedUp-FedX/q05j.2.json, output/rdfs/FedUp-FedX/q05j.2.txt
    jobid: 1229
    reason: Missing output files: output/rdfs/FedUp-FedX/q05j.2.csv
    wildcards: workload=rdfs, query=q05j, run=2
    priority: 50
    resources: tmpdir=/tmp

[Mon Mar 24 08:23:55 2025]
Finished job 1229.
7 of 1203 steps (1%) done
Select jobs to execute...
Execute 1 jobs...

[Mon Mar 24 08:23:55 2025]
localrule run_Fedup_FedX_query:
    input: /workspaces/P-TER/virtuoso-opensource-7.2.7, /workspaces/P-TER/virtuoso-opensource-7.2.7/var/lib/virtuoso/db/fedup.ini, fedup-queries/q05a.sparql
    output: output/rdfs/FedUp-FedX/q05a.2.csv, output/rdfs/FedUp-FedX/q05a.2.json, output/rdfs/FedUp-FedX/q05a.2.txt
    jobid: 1202
    reason: Missing output files: output/rdfs/FedUp-FedX/q05a.2.csv
    wildcards: workload=rdfs, query=q05a, run=2
    priority: 50
    resources: tmpdir=/tmp

