host: codespaces-dfd9c6
Building DAG of jobs...
Using shell: /usr/bin/bash
Provided cores: 2
Rules claiming more threads will be scaled down.
Job stats:
job                 count
----------------  -------
all                     1
run_sparql_query        3
total                   4

Select jobs to execute...
Execute 2 jobs...

[Mon Feb 10 17:53:26 2025]
localrule run_sparql_query:
    input: /workspaces/P-TER/virtuoso-opensource-7.2.7, /workspaces/P-TER/virtuoso-opensource-7.2.7/var/lib/virtuoso/db/fedup.ini, /workspaces/P-TER/apache-jena-fuseki-4.9.0, queries/rdfs/Fuseki/q05.sparql, config/rdfs/endpoints.txt
    output: output/rdfs/Fuseki/q05.2.csv, output/rdfs/Fuseki/q05.2.json
    jobid: 2
    reason: Missing output files: output/rdfs/Fuseki/q05.2.csv
    wildcards: workload=rdfs, query=q05, run=2
    priority: 50
    resources: tmpdir=/tmp


[Mon Feb 10 17:53:26 2025]
localrule run_sparql_query:
    input: /workspaces/P-TER/virtuoso-opensource-7.2.7, /workspaces/P-TER/virtuoso-opensource-7.2.7/var/lib/virtuoso/db/fedup.ini, /workspaces/P-TER/apache-jena-fuseki-4.9.0, queries/rdfs/Fuseki/q05.sparql, config/rdfs/endpoints.txt
    output: output/rdfs/Fuseki/q05.3.csv, output/rdfs/Fuseki/q05.3.json
    jobid: 3
    reason: Missing output files: output/rdfs/Fuseki/q05.3.csv
    wildcards: workload=rdfs, query=q05, run=3
    priority: 50
    resources: tmpdir=/tmp

[Mon Feb 10 17:54:00 2025]
Finished job 2.
1 of 4 steps (25%) done
Select jobs to execute...
Execute 1 jobs...

[Mon Feb 10 17:54:00 2025]
localrule run_sparql_query:
    input: /workspaces/P-TER/virtuoso-opensource-7.2.7, /workspaces/P-TER/virtuoso-opensource-7.2.7/var/lib/virtuoso/db/fedup.ini, /workspaces/P-TER/apache-jena-fuseki-4.9.0, queries/rdfs/Fuseki/q05.sparql, config/rdfs/endpoints.txt
    output: output/rdfs/Fuseki/q05.1.csv, output/rdfs/Fuseki/q05.1.json
    jobid: 1
    reason: Missing output files: output/rdfs/Fuseki/q05.1.csv
    wildcards: workload=rdfs, query=q05, run=1
    priority: 50
    resources: tmpdir=/tmp

[Mon Feb 10 17:54:00 2025]
Finished job 3.
2 of 4 steps (50%) done
[Mon Feb 10 17:54:03 2025]
Finished job 1.
3 of 4 steps (75%) done
Select jobs to execute...
Execute 1 jobs...

[Mon Feb 10 17:54:03 2025]
localrule all:
    input: /workspaces/P-TER/apache-jena-fuseki-4.9.0, /workspaces/P-TER/apache-jena-4.9.0, config/largerdfbench/graphs.txt, config/rdfs/endpoints.txt, output/rdfs/Fuseki/q05.1.csv, output/rdfs/Fuseki/q05.2.csv, output/rdfs/Fuseki/q05.3.csv
    output: output/data.csv
    jobid: 0
    reason: Forced execution
    resources: tmpdir=/tmp

[Mon Feb 10 17:54:03 2025]
Finished job 0.
4 of 4 steps (100%) done
Complete log: .snakemake/log/2025-02-10T175326.847197.snakemake.log
