host: codespaces-c89ec1
Building DAG of jobs...
Using shell: /usr/bin/bash
Provided cores: 1 (use --cores to define parallelism)
Rules claiming more threads will be scaled down.
Job stats:
job                  count
-----------------  -------
all                      1
run_hefquin_query        2
total                    3

Select jobs to execute...
Execute 1 jobs...

[Mon Mar 17 22:30:11 2025]
localrule run_hefquin_query:
    input: /workspaces/P-TER/virtuoso-opensource-7.2.7, /workspaces/P-TER/virtuoso-opensource-7.2.7/var/lib/virtuoso/db/fedup.ini, /workspaces/P-TER/queries/q07j.sparql
    output: output/rdfs/HefQuin/q07j.1.csv, output/rdfs/HefQuin/q07j.1.json, output/rdfs/HefQuin/q07j.1.txt
    jobid: 10
    reason: Missing output files: output/rdfs/HefQuin/q07j.1.csv
    wildcards: workload=rdfs, query=q07j, run=1
    priority: 50
    resources: tmpdir=/tmp

[Mon Mar 17 22:30:15 2025]
Finished job 10.
1 of 3 steps (33%) done
Select jobs to execute...
Execute 1 jobs...

[Mon Mar 17 22:30:15 2025]
localrule run_hefquin_query:
    input: /workspaces/P-TER/virtuoso-opensource-7.2.7, /workspaces/P-TER/virtuoso-opensource-7.2.7/var/lib/virtuoso/db/fedup.ini, /workspaces/P-TER/queries/q07i.sparql
    output: output/rdfs/HefQuin/q07i.1.csv, output/rdfs/HefQuin/q07i.1.json, output/rdfs/HefQuin/q07i.1.txt
    jobid: 9
    reason: Missing output files: output/rdfs/HefQuin/q07i.1.csv
    wildcards: workload=rdfs, query=q07i, run=1
    priority: 50
    resources: tmpdir=/tmp

[Mon Mar 17 22:30:19 2025]
Finished job 9.
2 of 3 steps (67%) done
Select jobs to execute...
Execute 1 jobs...

[Mon Mar 17 22:30:19 2025]
localrule all:
    input: config/largerdfbench/graphs.txt, config/rdfs/endpoints.txt, output/rdfs/HefQuin/q07a.1.csv, output/rdfs/HefQuin/q07b.1.csv, output/rdfs/HefQuin/q07c.1.csv, output/rdfs/HefQuin/q07d.1.csv, output/rdfs/HefQuin/q07e.1.csv, output/rdfs/HefQuin/q07f.1.csv, output/rdfs/HefQuin/q07g.1.csv, output/rdfs/HefQuin/q07h.1.csv, output/rdfs/HefQuin/q07i.1.csv, output/rdfs/HefQuin/q07j.1.csv
    output: output/data.csv
    jobid: 0
    reason: Missing output files: output/data.csv; Input files updated by another job: output/rdfs/HefQuin/q07i.1.csv, output/rdfs/HefQuin/q07j.1.csv
    resources: tmpdir=/tmp

[Mon Mar 17 22:30:20 2025]
Finished job 0.
3 of 3 steps (100%) done
Complete log: .snakemake/log/2025-03-17T223011.494470.snakemake.log
