host: codespaces-dfd9c6
Building DAG of jobs...
Using shell: /usr/bin/bash
Provided cores: 2
Rules claiming more threads will be scaled down.
Job stats:
job                 count
----------------  -------
all                     1
run_fedX_query          3
run_sparql_query        3
total                   7

Select jobs to execute...
Execute 2 jobs...

[Tue Feb 11 06:48:16 2025]
localrule run_fedX_query:
    input: /workspaces/P-TER/virtuoso-opensource-7.2.7, /workspaces/P-TER/virtuoso-opensource-7.2.7/var/lib/virtuoso/db/fedup.ini, /workspaces/P-TER/apache-jena-fuseki-4.9.0, queries/rdfs/Fuseki/q05-copy.sparql, config/rdfs/endpoints.txt
    output: output/rdfs/FedX/q05-copy.2.csv, output/rdfs/FedX/q05-copy.2.json
    jobid: 5
    reason: Missing output files: output/rdfs/FedX/q05-copy.2.csv
    wildcards: workload=rdfs, query=q05-copy, run=2
    priority: 50
    resources: tmpdir=/tmp


[Tue Feb 11 06:48:16 2025]
localrule run_sparql_query:
    input: /workspaces/P-TER/virtuoso-opensource-7.2.7, /workspaces/P-TER/virtuoso-opensource-7.2.7/var/lib/virtuoso/db/fedup.ini, /workspaces/P-TER/apache-jena-fuseki-4.9.0, queries/rdfs/Fuseki/q05-copy.sparql, config/rdfs/endpoints.txt
    output: output/rdfs/Fuseki/q05-copy.3.csv, output/rdfs/Fuseki/q05-copy.3.json
    jobid: 3
    reason: Missing output files: output/rdfs/Fuseki/q05-copy.3.csv
    wildcards: workload=rdfs, query=q05-copy, run=3
    priority: 50
    resources: tmpdir=/tmp

[Tue Feb 11 06:48:22 2025]
Error in rule run_sparql_query:
    jobid: 3
    input: /workspaces/P-TER/virtuoso-opensource-7.2.7, /workspaces/P-TER/virtuoso-opensource-7.2.7/var/lib/virtuoso/db/fedup.ini, /workspaces/P-TER/apache-jena-fuseki-4.9.0, queries/rdfs/Fuseki/q05-copy.sparql, config/rdfs/endpoints.txt
    output: output/rdfs/Fuseki/q05-copy.3.csv, output/rdfs/Fuseki/q05-copy.3.json

[Tue Feb 11 06:48:24 2025]
Error in rule run_fedX_query:
    jobid: 5
    input: /workspaces/P-TER/virtuoso-opensource-7.2.7, /workspaces/P-TER/virtuoso-opensource-7.2.7/var/lib/virtuoso/db/fedup.ini, /workspaces/P-TER/apache-jena-fuseki-4.9.0, queries/rdfs/Fuseki/q05-copy.sparql, config/rdfs/endpoints.txt
    output: output/rdfs/FedX/q05-copy.2.csv, output/rdfs/FedX/q05-copy.2.json

Shutting down, this might take some time.
Exiting because a job execution failed. Look above for error message
Complete log: .snakemake/log/2025-02-11T064816.848191.snakemake.log
WorkflowError:
At least one job did not complete successfully.
