host: codespaces-dfd9c6
Building DAG of jobs...
Using shell: /usr/bin/bash
Provided cores: 1 (use --cores to define parallelism)
Rules claiming more threads will be scaled down.
Job stats:
job                     count
--------------------  -------
all                         1
run_Fedup_FedX_query        3
run_fedX_query              3
run_hefquin_query           3
run_sparql_query            3
total                      13

Select jobs to execute...
Execute 1 jobs...

[Wed Mar  5 13:46:47 2025]
localrule run_fedX_query:
    input: /workspaces/P-TER/virtuoso-opensource-7.2.7, /workspaces/P-TER/virtuoso-opensource-7.2.7/var/lib/virtuoso/db/fedup.ini, /workspaces/P-TER/apache-jena-fuseki-4.9.0, queries/q05i.sparql, config/rdfs/endpoints.txt
    output: output/rdfs/FedX/q05i.3.csv, output/rdfs/FedX/q05i.3.json
    jobid: 6
    reason: Updated input files: /workspaces/P-TER/virtuoso-opensource-7.2.7/var/lib/virtuoso/db/fedup.ini
    wildcards: workload=rdfs, query=q05i, run=3
    priority: 50
    resources: tmpdir=/tmp

[Wed Mar  5 13:46:53 2025]
Finished job 6.
1 of 13 steps (8%) done
Select jobs to execute...
Execute 1 jobs...

[Wed Mar  5 13:46:53 2025]
localrule run_fedX_query:
    input: /workspaces/P-TER/virtuoso-opensource-7.2.7, /workspaces/P-TER/virtuoso-opensource-7.2.7/var/lib/virtuoso/db/fedup.ini, /workspaces/P-TER/apache-jena-fuseki-4.9.0, queries/q05i.sparql, config/rdfs/endpoints.txt
    output: output/rdfs/FedX/q05i.1.csv, output/rdfs/FedX/q05i.1.json
    jobid: 4
    reason: Updated input files: /workspaces/P-TER/virtuoso-opensource-7.2.7/var/lib/virtuoso/db/fedup.ini
    wildcards: workload=rdfs, query=q05i, run=1
    priority: 50
    resources: tmpdir=/tmp

Terminating processes on user request, this might take some time.
[Wed Mar  5 13:46:55 2025]
Error in rule run_fedX_query:
    jobid: 4
    input: /workspaces/P-TER/virtuoso-opensource-7.2.7, /workspaces/P-TER/virtuoso-opensource-7.2.7/var/lib/virtuoso/db/fedup.ini, /workspaces/P-TER/apache-jena-fuseki-4.9.0, queries/q05i.sparql, config/rdfs/endpoints.txt
    output: output/rdfs/FedX/q05i.1.csv, output/rdfs/FedX/q05i.1.json

Complete log: .snakemake/log/2025-03-05T134647.833359.snakemake.log
WorkflowError:
At least one job did not complete successfully.
