host: codespaces-c89ec1
Building DAG of jobs...
Using shell: /usr/bin/bash
Provided cores: 1 (use --cores to define parallelism)
Rules claiming more threads will be scaled down.
Job stats:
job                        count
-----------------------  -------
all                            1
run_Fedup_HefQuin_query        6
total                          7

Select jobs to execute...
Execute 1 jobs...

[Tue Mar 25 22:42:44 2025]
localrule run_Fedup_HefQuin_query:
    input: /workspaces/P-TER/virtuoso-opensource-7.2.7, /workspaces/P-TER/virtuoso-opensource-7.2.7/var/lib/virtuoso/db/fedup.ini, /workspaces/P-TER/fedup-queries/q05a.sparql
    output: output/rdfs/FedUp-HefQuin/q05a.1.csv, output/rdfs/FedUp-HefQuin/q05a.1.json, output/rdfs/FedUp-HefQuin/q05a.1.txt
    jobid: 4
    reason: Missing output files: output/rdfs/FedUp-HefQuin/q05a.1.csv
    wildcards: workload=rdfs, query=q05a, run=1
    priority: 50
    resources: tmpdir=/tmp

[Tue Mar 25 22:42:56 2025]
Finished job 4.
1 of 7 steps (14%) done
Select jobs to execute...
Execute 1 jobs...

[Tue Mar 25 22:42:56 2025]
localrule run_Fedup_HefQuin_query:
    input: /workspaces/P-TER/virtuoso-opensource-7.2.7, /workspaces/P-TER/virtuoso-opensource-7.2.7/var/lib/virtuoso/db/fedup.ini, /workspaces/P-TER/fedup-queries/q05a.sparql
    output: output/rdfs/FedUp-HefQuin/q05a.3.csv, output/rdfs/FedUp-HefQuin/q05a.3.json, output/rdfs/FedUp-HefQuin/q05a.3.txt
    jobid: 6
    reason: Missing output files: output/rdfs/FedUp-HefQuin/q05a.3.csv
    wildcards: workload=rdfs, query=q05a, run=3
    priority: 50
    resources: tmpdir=/tmp

[Tue Mar 25 22:43:00 2025]
Finished job 6.
2 of 7 steps (29%) done
Select jobs to execute...
Execute 1 jobs...

[Tue Mar 25 22:43:00 2025]
localrule run_Fedup_HefQuin_query:
    input: /workspaces/P-TER/virtuoso-opensource-7.2.7, /workspaces/P-TER/virtuoso-opensource-7.2.7/var/lib/virtuoso/db/fedup.ini, /workspaces/P-TER/fedup-queries/q05a.sparql
    output: output/rdfs/FedUp-HefQuin/q05a.2.csv, output/rdfs/FedUp-HefQuin/q05a.2.json, output/rdfs/FedUp-HefQuin/q05a.2.txt
    jobid: 5
    reason: Missing output files: output/rdfs/FedUp-HefQuin/q05a.2.csv
    wildcards: workload=rdfs, query=q05a, run=2
    priority: 50
    resources: tmpdir=/tmp

[Tue Mar 25 22:43:05 2025]
Finished job 5.
3 of 7 steps (43%) done
Select jobs to execute...
Execute 1 jobs...

[Tue Mar 25 22:43:05 2025]
localrule run_Fedup_HefQuin_query:
    input: /workspaces/P-TER/virtuoso-opensource-7.2.7, /workspaces/P-TER/virtuoso-opensource-7.2.7/var/lib/virtuoso/db/fedup.ini, /workspaces/P-TER/fedup-queries/q01a.sparql
    output: output/rdfs/FedUp-HefQuin/q01a.3.csv, output/rdfs/FedUp-HefQuin/q01a.3.json, output/rdfs/FedUp-HefQuin/q01a.3.txt
    jobid: 3
    reason: Missing output files: output/rdfs/FedUp-HefQuin/q01a.3.csv
    wildcards: workload=rdfs, query=q01a, run=3
    priority: 50
    resources: tmpdir=/tmp

[Tue Mar 25 22:43:08 2025]
Finished job 3.
4 of 7 steps (57%) done
Select jobs to execute...
Execute 1 jobs...

[Tue Mar 25 22:43:08 2025]
localrule run_Fedup_HefQuin_query:
    input: /workspaces/P-TER/virtuoso-opensource-7.2.7, /workspaces/P-TER/virtuoso-opensource-7.2.7/var/lib/virtuoso/db/fedup.ini, /workspaces/P-TER/fedup-queries/q01a.sparql
    output: output/rdfs/FedUp-HefQuin/q01a.2.csv, output/rdfs/FedUp-HefQuin/q01a.2.json, output/rdfs/FedUp-HefQuin/q01a.2.txt
    jobid: 2
    reason: Missing output files: output/rdfs/FedUp-HefQuin/q01a.2.csv
    wildcards: workload=rdfs, query=q01a, run=2
    priority: 50
    resources: tmpdir=/tmp

[Tue Mar 25 22:43:11 2025]
Finished job 2.
5 of 7 steps (71%) done
Select jobs to execute...
Execute 1 jobs...

[Tue Mar 25 22:43:11 2025]
localrule run_Fedup_HefQuin_query:
    input: /workspaces/P-TER/virtuoso-opensource-7.2.7, /workspaces/P-TER/virtuoso-opensource-7.2.7/var/lib/virtuoso/db/fedup.ini, /workspaces/P-TER/fedup-queries/q01a.sparql
    output: output/rdfs/FedUp-HefQuin/q01a.1.csv, output/rdfs/FedUp-HefQuin/q01a.1.json, output/rdfs/FedUp-HefQuin/q01a.1.txt
    jobid: 1
    reason: Missing output files: output/rdfs/FedUp-HefQuin/q01a.1.csv
    wildcards: workload=rdfs, query=q01a, run=1
    priority: 50
    resources: tmpdir=/tmp

[Tue Mar 25 22:43:15 2025]
Finished job 1.
6 of 7 steps (86%) done
Select jobs to execute...
Execute 1 jobs...

[Tue Mar 25 22:43:15 2025]
localrule all:
    input: config/largerdfbench/graphs.txt, config/rdfs/endpoints.txt, output/rdfs/FedUp-HefQuin/q01a.1.csv, output/rdfs/FedUp-HefQuin/q01a.2.csv, output/rdfs/FedUp-HefQuin/q01a.3.csv, output/rdfs/FedUp-HefQuin/q05a.1.csv, output/rdfs/FedUp-HefQuin/q05a.2.csv, output/rdfs/FedUp-HefQuin/q05a.3.csv
    output: output/data.csv
    jobid: 0
    reason: Missing output files: output/data.csv; Input files updated by another job: output/rdfs/FedUp-HefQuin/q05a.2.csv, output/rdfs/FedUp-HefQuin/q01a.2.csv, output/rdfs/FedUp-HefQuin/q01a.1.csv, output/rdfs/FedUp-HefQuin/q05a.1.csv, output/rdfs/FedUp-HefQuin/q01a.3.csv, output/rdfs/FedUp-HefQuin/q05a.3.csv
    resources: tmpdir=/tmp

[Tue Mar 25 22:43:15 2025]
Finished job 0.
7 of 7 steps (100%) done
Complete log: .snakemake/log/2025-03-25T224244.748002.snakemake.log
