host: codespaces-c89ec1
Building DAG of jobs...
Using shell: /usr/bin/bash
Provided cores: 1 (use --cores to define parallelism)
Rules claiming more threads will be scaled down.
Job stats:
job                        count
-----------------------  -------
all                            1
run_Fedup_HefQuin_query        1
total                          2

Select jobs to execute...
Execute 1 jobs...

[Thu Mar 13 21:36:28 2025]
localrule run_Fedup_HefQuin_query:
    input: /workspaces/P-TER/virtuoso-opensource-7.2.7, /workspaces/P-TER/virtuoso-opensource-7.2.7/var/lib/virtuoso/db/fedup.ini, /workspaces/P-TER/fedup-queries/q04h.sparql
    output: output/rdfs/FedUp-HefQuin/q04h.2.csv, output/rdfs/FedUp-HefQuin/q04h.2.json, output/rdfs/FedUp-HefQuin/q04h.2.txt
    jobid: 2
    reason: Missing output files: output/rdfs/FedUp-HefQuin/q04h.2.csv
    wildcards: workload=rdfs, query=q04h, run=2
    priority: 50
    resources: tmpdir=/tmp

[Thu Mar 13 21:36:41 2025]
Finished job 2.
1 of 2 steps (50%) done
Select jobs to execute...
Execute 1 jobs...

[Thu Mar 13 21:36:41 2025]
localrule all:
    input: /workspaces/P-TER/apache-jena-fuseki-4.9.0, /workspaces/P-TER/apache-jena-4.9.0, config/largerdfbench/graphs.txt, config/rdfs/endpoints.txt, output/rdfs/FedUp-HefQuin/q04h.1.csv, output/rdfs/FedUp-HefQuin/q04h.2.csv, output/rdfs/FedUp-HefQuin/q04h.3.csv
    output: output/data.csv
    jobid: 0
    reason: Updated input files: output/rdfs/FedUp-HefQuin/q04h.3.csv, output/rdfs/FedUp-HefQuin/q04h.1.csv; Input files updated by another job: output/rdfs/FedUp-HefQuin/q04h.2.csv
    resources: tmpdir=/tmp

[Thu Mar 13 21:36:42 2025]
Finished job 0.
2 of 2 steps (100%) done
Complete log: .snakemake/log/2025-03-13T213628.530371.snakemake.log
