host: codespaces-dfd9c6
Building DAG of jobs...
Using shell: /usr/bin/bash
Provided cores: 2
Rules claiming more threads will be scaled down.
Job stats:
job                  count
-----------------  -------
all                      1
run_fedX_query           1
run_hefquin_query        1
run_sparql_query         1
total                    4

Select jobs to execute...
Execute 2 jobs...

[Thu Feb 13 17:22:03 2025]
localrule run_hefquin_query:
    input: /workspaces/P-TER/virtuoso-opensource-7.2.7, /workspaces/P-TER/virtuoso-opensource-7.2.7/var/lib/virtuoso/db/fedup.ini, queries/q01a.sparql
    output: output/rdfs/HefQuin/q01a.1.csv
    jobid: 3
    reason: Set of input files has changed since last execution; Params have changed since last execution: Union of exclusive params before and now across all output: before: 1200 now: <nothing exclusive> 
    wildcards: workload=rdfs, query=q01a, run=1
    priority: 50
    resources: tmpdir=/tmp


[Thu Feb 13 17:22:03 2025]
localrule run_fedX_query:
    input: /workspaces/P-TER/virtuoso-opensource-7.2.7, /workspaces/P-TER/virtuoso-opensource-7.2.7/var/lib/virtuoso/db/fedup.ini, /workspaces/P-TER/apache-jena-fuseki-4.9.0, queries/q01a.sparql, config/rdfs/endpoints.txt
    output: output/rdfs/FedX/q01a.1.csv, output/rdfs/FedX/q01a.1.json
    jobid: 2
    reason: Params have changed since last execution: Union of exclusive params before and now across all output: before: 1200 now: <nothing exclusive> 
    wildcards: workload=rdfs, query=q01a, run=1
    priority: 50
    resources: tmpdir=/tmp

[Thu Feb 13 17:22:06 2025]
Error in rule run_hefquin_query:
    jobid: 3
    input: /workspaces/P-TER/virtuoso-opensource-7.2.7, /workspaces/P-TER/virtuoso-opensource-7.2.7/var/lib/virtuoso/db/fedup.ini, queries/q01a.sparql
    output: output/rdfs/HefQuin/q01a.1.csv

[Thu Feb 13 17:22:08 2025]
Finished job 2.
1 of 4 steps (25%) done
Shutting down, this might take some time.
Exiting because a job execution failed. Look above for error message
Complete log: .snakemake/log/2025-02-13T172203.701895.snakemake.log
WorkflowError:
At least one job did not complete successfully.
