host: codespaces-dfd9c6
Building DAG of jobs...
Using shell: /usr/bin/bash
Provided cores: 2
Rules claiming more threads will be scaled down.
Job stats:
job      count
-----  -------
all          1
total        1

Select jobs to execute...
Execute 1 jobs...

[Mon Feb 10 17:52:52 2025]
localrule all:
    input: /workspaces/P-TER/apache-jena-fuseki-4.9.0, /workspaces/P-TER/apache-jena-4.9.0, config/largerdfbench/graphs.txt, config/rdfs/endpoints.txt, output/rdfs/Fuseki/q05.1.csv, output/rdfs/Fuseki/q05.2.csv, output/rdfs/Fuseki/q05.3.csv
    output: output/data.csv
    jobid: 0
    reason: Forced execution
    resources: tmpdir=/tmp

[Mon Feb 10 17:52:53 2025]
Finished job 0.
1 of 1 steps (100%) done
Complete log: .snakemake/log/2025-02-10T175252.259917.snakemake.log
