host: codespaces-dfd9c6
Building DAG of jobs...
Using shell: /usr/bin/bash
Provided cores: 2
Rules claiming more threads will be scaled down.
Job stats:
job               count
--------------  -------
all                   1
run_fedX_query        3
total                 4

Select jobs to execute...
Execute 2 jobs...

[Wed Feb 26 15:52:50 2025]
localrule run_fedX_query:
    input: /workspaces/P-TER/virtuoso-opensource-7.2.7, /workspaces/P-TER/virtuoso-opensource-7.2.7/var/lib/virtuoso/db/fedup.ini, /workspaces/P-TER/apache-jena-fuseki-4.9.0, queries/q02e.sparql, config/rdfs/endpoints.txt
    output: output/rdfs/FedX/q02e.2.csv, output/rdfs/FedX/q02e.2.json
    jobid: 2
    reason: Missing output files: output/rdfs/FedX/q02e.2.csv
    wildcards: workload=rdfs, query=q02e, run=2
    priority: 50
    resources: tmpdir=/tmp


[Wed Feb 26 15:52:50 2025]
localrule run_fedX_query:
    input: /workspaces/P-TER/virtuoso-opensource-7.2.7, /workspaces/P-TER/virtuoso-opensource-7.2.7/var/lib/virtuoso/db/fedup.ini, /workspaces/P-TER/apache-jena-fuseki-4.9.0, queries/q02e.sparql, config/rdfs/endpoints.txt
    output: output/rdfs/FedX/q02e.3.csv, output/rdfs/FedX/q02e.3.json
    jobid: 3
    reason: Missing output files: output/rdfs/FedX/q02e.3.csv
    wildcards: workload=rdfs, query=q02e, run=3
    priority: 50
    resources: tmpdir=/tmp

[Wed Feb 26 15:52:53 2025]
Error in rule run_fedX_query:
    jobid: 3
    input: /workspaces/P-TER/virtuoso-opensource-7.2.7, /workspaces/P-TER/virtuoso-opensource-7.2.7/var/lib/virtuoso/db/fedup.ini, /workspaces/P-TER/apache-jena-fuseki-4.9.0, queries/q02e.sparql, config/rdfs/endpoints.txt
    output: output/rdfs/FedX/q02e.3.csv, output/rdfs/FedX/q02e.3.json

[Wed Feb 26 15:52:53 2025]
Error in rule run_fedX_query:
    jobid: 2
    input: /workspaces/P-TER/virtuoso-opensource-7.2.7, /workspaces/P-TER/virtuoso-opensource-7.2.7/var/lib/virtuoso/db/fedup.ini, /workspaces/P-TER/apache-jena-fuseki-4.9.0, queries/q02e.sparql, config/rdfs/endpoints.txt
    output: output/rdfs/FedX/q02e.2.csv, output/rdfs/FedX/q02e.2.json

Shutting down, this might take some time.
Exiting because a job execution failed. Look above for error message
Complete log: .snakemake/log/2025-02-26T155250.736532.snakemake.log
WorkflowError:
At least one job did not complete successfully.
