host: codespaces-dfd9c6
Building DAG of jobs...
Using shell: /usr/bin/bash
Provided cores: 2
Rules claiming more threads will be scaled down.
Job stats:
job                    count
-------------------  -------
all                        1
install_apache_jena        1
total                      2

Select jobs to execute...
Execute 1 jobs...

[Tue Feb  4 23:04:40 2025]
localrule install_apache_jena:
    output: /workspaces/P-TER/apache-jena-4.9.0
    jobid: 1
    reason: Forced execution
    priority: 100
    resources: tmpdir=/tmp

[Tue Feb  4 23:04:41 2025]
Finished job 1.
1 of 2 steps (50%) done
Select jobs to execute...
Execute 1 jobs...

[Tue Feb  4 23:04:41 2025]
localrule all:
    input: /workspaces/P-TER/apache-jena-4.9.0
    jobid: 0
    reason: Forced execution
    resources: tmpdir=/tmp

[Tue Feb  4 23:04:41 2025]
Finished job 0.
2 of 2 steps (100%) done
Complete log: .snakemake/log/2025-02-04T230440.792803.snakemake.log
