host: codespaces-c89ec1
Building DAG of jobs...
Using shell: /usr/bin/bash
Provided cores: 1 (use --cores to define parallelism)
Rules claiming more threads will be scaled down.
Job stats:
job                        count
-----------------------  -------
all                            1
run_Fedup_HefQuin_query        3
total                          4

Select jobs to execute...
Execute 1 jobs...

[Thu Mar 13 21:53:57 2025]
localrule run_Fedup_HefQuin_query:
    input: /workspaces/P-TER/virtuoso-opensource-7.2.7, /workspaces/P-TER/virtuoso-opensource-7.2.7/var/lib/virtuoso/db/fedup.ini, /workspaces/P-TER/fedup-queries/q04h.sparql
    output: output/rdfs/FedUp-HefQuin/q04h.1.csv, output/rdfs/FedUp-HefQuin/q04h.1.json, output/rdfs/FedUp-HefQuin/q04h.1.txt
    jobid: 1
    reason: Missing output files: output/rdfs/FedUp-HefQuin/q04h.1.csv
    wildcards: workload=rdfs, query=q04h, run=1
    priority: 50
    resources: tmpdir=/tmp

[Thu Mar 13 21:54:09 2025]
Finished job 1.
1 of 4 steps (25%) done
Select jobs to execute...
Execute 1 jobs...

[Thu Mar 13 21:54:09 2025]
localrule run_Fedup_HefQuin_query:
    input: /workspaces/P-TER/virtuoso-opensource-7.2.7, /workspaces/P-TER/virtuoso-opensource-7.2.7/var/lib/virtuoso/db/fedup.ini, /workspaces/P-TER/fedup-queries/q04h.sparql
    output: output/rdfs/FedUp-HefQuin/q04h.3.csv, output/rdfs/FedUp-HefQuin/q04h.3.json, output/rdfs/FedUp-HefQuin/q04h.3.txt
    jobid: 3
    reason: Missing output files: output/rdfs/FedUp-HefQuin/q04h.3.csv
    wildcards: workload=rdfs, query=q04h, run=3
    priority: 50
    resources: tmpdir=/tmp

[Thu Mar 13 21:54:22 2025]
Finished job 3.
2 of 4 steps (50%) done
Select jobs to execute...
Execute 1 jobs...

[Thu Mar 13 21:54:22 2025]
localrule run_Fedup_HefQuin_query:
    input: /workspaces/P-TER/virtuoso-opensource-7.2.7, /workspaces/P-TER/virtuoso-opensource-7.2.7/var/lib/virtuoso/db/fedup.ini, /workspaces/P-TER/fedup-queries/q04h.sparql
    output: output/rdfs/FedUp-HefQuin/q04h.2.csv, output/rdfs/FedUp-HefQuin/q04h.2.json, output/rdfs/FedUp-HefQuin/q04h.2.txt
    jobid: 2
    reason: Missing output files: output/rdfs/FedUp-HefQuin/q04h.2.csv
    wildcards: workload=rdfs, query=q04h, run=2
    priority: 50
    resources: tmpdir=/tmp

[Thu Mar 13 21:54:34 2025]
Finished job 2.
3 of 4 steps (75%) done
Select jobs to execute...
Execute 1 jobs...

[Thu Mar 13 21:54:34 2025]
localrule all:
    input: config/largerdfbench/graphs.txt, config/rdfs/endpoints.txt, output/rdfs/FedUp-HefQuin/q04h.1.csv, output/rdfs/FedUp-HefQuin/q04h.2.csv, output/rdfs/FedUp-HefQuin/q04h.3.csv
    output: output/data.csv
    jobid: 0
    reason: Input files updated by another job: output/rdfs/FedUp-HefQuin/q04h.1.csv, output/rdfs/FedUp-HefQuin/q04h.3.csv, output/rdfs/FedUp-HefQuin/q04h.2.csv; Set of input files has changed since last execution
    resources: tmpdir=/tmp

[Thu Mar 13 21:54:35 2025]
Finished job 0.
4 of 4 steps (100%) done
Complete log: .snakemake/log/2025-03-13T215357.543743.snakemake.log
