host: codespaces-dfd9c6
Building DAG of jobs...
Using shell: /usr/bin/bash
Provided cores: 2
Rules claiming more threads will be scaled down.
Job stats:
job               count
--------------  -------
all                   1
run_fedX_query        1
total                 2

Select jobs to execute...
Execute 1 jobs...

[Wed Feb 12 13:05:00 2025]
localrule run_fedX_query:
    input: /workspaces/P-TER/virtuoso-opensource-7.2.7, /workspaces/P-TER/virtuoso-opensource-7.2.7/var/lib/virtuoso/db/fedup.ini, /workspaces/P-TER/apache-jena-fuseki-4.9.0, queries/q01a-copy.sparql, config/rdfs/endpoints.txt
    output: output/rdfs/FedX/q01a-copy.2.csv, output/rdfs/FedX/q01a-copy.2.json
    jobid: 5
    reason: Missing output files: output/rdfs/FedX/q01a-copy.2.csv
    wildcards: workload=rdfs, query=q01a-copy, run=2
    priority: 50
    resources: tmpdir=/tmp

[Wed Feb 12 13:05:03 2025]
Finished job 5.
1 of 2 steps (50%) done
Select jobs to execute...
Execute 1 jobs...

[Wed Feb 12 13:05:03 2025]
localrule all:
    input: /workspaces/P-TER/apache-jena-fuseki-4.9.0, /workspaces/P-TER/apache-jena-4.9.0, config/largerdfbench/graphs.txt, config/rdfs/endpoints.txt, output/rdfs/Fuseki/q01a-copy.1.csv, output/rdfs/Fuseki/q01a-copy.2.csv, output/rdfs/Fuseki/q01a-copy.3.csv, output/rdfs/FedX/q01a-copy.1.csv, output/rdfs/FedX/q01a-copy.2.csv, output/rdfs/FedX/q01a-copy.3.csv
    output: output/data.csv
    jobid: 0
    reason: Missing output files: output/data.csv; Input files updated by another job: output/rdfs/FedX/q01a-copy.2.csv
    resources: tmpdir=/tmp

[Wed Feb 12 13:05:04 2025]
Finished job 0.
2 of 2 steps (100%) done
Complete log: .snakemake/log/2025-02-12T130500.424397.snakemake.log
