host: codespaces-dfd9c6
Building DAG of jobs...
Using shell: /usr/bin/bash
Provided cores: 1 (use --cores to define parallelism)
Rules claiming more threads will be scaled down.
Job stats:
job                        count
-----------------------  -------
all                            1
run_Fedup_FedX_query           2
run_Fedup_HefQuin_query        3
run_Fedup_Jena_query           3
total                          9

Select jobs to execute...
Execute 1 jobs...

[Tue Mar 11 21:08:38 2025]
localrule run_Fedup_HefQuin_query:
    input: /workspaces/P-TER/virtuoso-opensource-7.2.7, /workspaces/P-TER/virtuoso-opensource-7.2.7/var/lib/virtuoso/db/fedup.ini, /workspaces/P-TER/fedup-queries/q05j.sparql
    output: output/rdfs/FedUp-HefQuin/q05j.1.csv, output/rdfs/FedUp-HefQuin/q05j.1.json
    jobid: 15
    reason: Missing output files: output/rdfs/FedUp-HefQuin/q05j.1.csv
    wildcards: workload=rdfs, query=q05j, run=1
    priority: 50
    resources: tmpdir=/tmp

[Tue Mar 11 21:10:35 2025]
Finished job 15.
1 of 9 steps (11%) done
Select jobs to execute...
Execute 1 jobs...

[Tue Mar 11 21:10:35 2025]
localrule run_Fedup_FedX_query:
    input: /workspaces/P-TER/virtuoso-opensource-7.2.7, /workspaces/P-TER/virtuoso-opensource-7.2.7/var/lib/virtuoso/db/fedup.ini, fedup-queries/q05b.sparql
    output: output/rdfs/FedUp-FedX/q05b.1.csv, output/rdfs/FedUp-FedX/q05b.1.json
    jobid: 10
    reason: Missing output files: output/rdfs/FedUp-FedX/q05b.1.csv
    wildcards: workload=rdfs, query=q05b, run=1
    priority: 50
    resources: tmpdir=/tmp

[Tue Mar 11 21:11:09 2025]
Finished job 10.
2 of 9 steps (22%) done
Select jobs to execute...
Execute 1 jobs...

[Tue Mar 11 21:11:09 2025]
localrule run_Fedup_FedX_query:
    input: /workspaces/P-TER/virtuoso-opensource-7.2.7, /workspaces/P-TER/virtuoso-opensource-7.2.7/var/lib/virtuoso/db/fedup.ini, fedup-queries/q05d.sparql
    output: output/rdfs/FedUp-FedX/q05d.1.csv, output/rdfs/FedUp-FedX/q05d.1.json
    jobid: 11
    reason: Missing output files: output/rdfs/FedUp-FedX/q05d.1.csv
    wildcards: workload=rdfs, query=q05d, run=1
    priority: 50
    resources: tmpdir=/tmp

[Tue Mar 11 21:11:43 2025]
Finished job 11.
3 of 9 steps (33%) done
Select jobs to execute...
Execute 1 jobs...

[Tue Mar 11 21:11:43 2025]
localrule run_Fedup_HefQuin_query:
    input: /workspaces/P-TER/virtuoso-opensource-7.2.7, /workspaces/P-TER/virtuoso-opensource-7.2.7/var/lib/virtuoso/db/fedup.ini, /workspaces/P-TER/fedup-queries/q05d.sparql
    output: output/rdfs/FedUp-HefQuin/q05d.1.csv, output/rdfs/FedUp-HefQuin/q05d.1.json
    jobid: 14
    reason: Missing output files: output/rdfs/FedUp-HefQuin/q05d.1.csv
    wildcards: workload=rdfs, query=q05d, run=1
    priority: 50
    resources: tmpdir=/tmp

[Tue Mar 11 21:14:43 2025]
Finished job 14.
4 of 9 steps (44%) done
Select jobs to execute...
Execute 1 jobs...

[Tue Mar 11 21:14:43 2025]
localrule run_Fedup_HefQuin_query:
    input: /workspaces/P-TER/virtuoso-opensource-7.2.7, /workspaces/P-TER/virtuoso-opensource-7.2.7/var/lib/virtuoso/db/fedup.ini, /workspaces/P-TER/fedup-queries/q05b.sparql
    output: output/rdfs/FedUp-HefQuin/q05b.1.csv, output/rdfs/FedUp-HefQuin/q05b.1.json
    jobid: 13
    reason: Missing output files: output/rdfs/FedUp-HefQuin/q05b.1.csv
    wildcards: workload=rdfs, query=q05b, run=1
    priority: 50
    resources: tmpdir=/tmp

[Tue Mar 11 21:17:45 2025]
Finished job 13.
5 of 9 steps (56%) done
Select jobs to execute...
Execute 1 jobs...

[Tue Mar 11 21:17:45 2025]
localrule run_Fedup_Jena_query:
    input: /workspaces/P-TER/virtuoso-opensource-7.2.7, /workspaces/P-TER/virtuoso-opensource-7.2.7/var/lib/virtuoso/db/fedup.ini, fedup-queries/q05j.sparql
    output: output/rdfs/FedUp-Jena/q05j.1.csv, output/rdfs/FedUp-Jena/q05j.1.json
    jobid: 18
    reason: Missing output files: output/rdfs/FedUp-Jena/q05j.1.csv
    wildcards: workload=rdfs, query=q05j, run=1
    priority: 20
    resources: tmpdir=/tmp

[Tue Mar 11 21:27:17 2025]
Error in rule run_Fedup_Jena_query:
    jobid: 18
    input: /workspaces/P-TER/virtuoso-opensource-7.2.7, /workspaces/P-TER/virtuoso-opensource-7.2.7/var/lib/virtuoso/db/fedup.ini, fedup-queries/q05j.sparql
    output: output/rdfs/FedUp-Jena/q05j.1.csv, output/rdfs/FedUp-Jena/q05j.1.json

Shutting down, this might take some time.
Exiting because a job execution failed. Look above for error message
Complete log: .snakemake/log/2025-03-11T210838.557972.snakemake.log
WorkflowError:
At least one job did not complete successfully.
