host: codespaces-c89ec1
Building DAG of jobs...
Using shell: /usr/bin/bash
Provided cores: 1 (use --cores to define parallelism)
Rules claiming more threads will be scaled down.
Job stats:
job                        count
-----------------------  -------
all                            1
run_Fedup_FedX_query           3
run_Fedup_HefQuin_query        3
run_Fedup_Jena_query           3
total                         10

Select jobs to execute...
Execute 1 jobs...

[Wed Mar 26 12:29:34 2025]
localrule run_Fedup_HefQuin_query:
    input: /workspaces/P-TER/virtuoso-opensource-7.2.7, /workspaces/P-TER/virtuoso-opensource-7.2.7/var/lib/virtuoso/db/fedup.ini, /workspaces/P-TER/fedup-queries/q12h.sparql
    output: output/rdfs/FedUp-HefQuin/q12h.3.csv, output/rdfs/FedUp-HefQuin/q12h.3.json, output/rdfs/FedUp-HefQuin/q12h.3.txt
    jobid: 15
    reason: Missing output files: output/rdfs/FedUp-HefQuin/q12h.3.csv
    wildcards: workload=rdfs, query=q12h, run=3
    priority: 50
    resources: tmpdir=/tmp

[Wed Mar 26 12:29:40 2025]
Finished job 15.
1 of 10 steps (10%) done
Select jobs to execute...
Execute 1 jobs...

[Wed Mar 26 12:29:40 2025]
localrule run_Fedup_HefQuin_query:
    input: /workspaces/P-TER/virtuoso-opensource-7.2.7, /workspaces/P-TER/virtuoso-opensource-7.2.7/var/lib/virtuoso/db/fedup.ini, /workspaces/P-TER/fedup-queries/q12h.sparql
    output: output/rdfs/FedUp-HefQuin/q12h.2.csv, output/rdfs/FedUp-HefQuin/q12h.2.json, output/rdfs/FedUp-HefQuin/q12h.2.txt
    jobid: 14
    reason: Missing output files: output/rdfs/FedUp-HefQuin/q12h.2.csv
    wildcards: workload=rdfs, query=q12h, run=2
    priority: 50
    resources: tmpdir=/tmp

[Wed Mar 26 12:29:46 2025]
Finished job 14.
2 of 10 steps (20%) done
Select jobs to execute...
Execute 1 jobs...

[Wed Mar 26 12:29:46 2025]
localrule run_Fedup_HefQuin_query:
    input: /workspaces/P-TER/virtuoso-opensource-7.2.7, /workspaces/P-TER/virtuoso-opensource-7.2.7/var/lib/virtuoso/db/fedup.ini, /workspaces/P-TER/fedup-queries/q12h.sparql
    output: output/rdfs/FedUp-HefQuin/q12h.1.csv, output/rdfs/FedUp-HefQuin/q12h.1.json, output/rdfs/FedUp-HefQuin/q12h.1.txt
    jobid: 13
    reason: Missing output files: output/rdfs/FedUp-HefQuin/q12h.1.csv
    wildcards: workload=rdfs, query=q12h, run=1
    priority: 50
    resources: tmpdir=/tmp

[Wed Mar 26 12:29:52 2025]
Finished job 13.
3 of 10 steps (30%) done
Select jobs to execute...
Execute 1 jobs...

[Wed Mar 26 12:29:52 2025]
localrule run_Fedup_FedX_query:
    input: /workspaces/P-TER/virtuoso-opensource-7.2.7, /workspaces/P-TER/virtuoso-opensource-7.2.7/var/lib/virtuoso/db/fedup.ini, fedup-queries/q12h.sparql
    output: output/rdfs/FedUp-FedX/q12h.3.csv, output/rdfs/FedUp-FedX/q12h.3.json, output/rdfs/FedUp-FedX/q12h.3.txt
    jobid: 12
    reason: Missing output files: output/rdfs/FedUp-FedX/q12h.3.csv
    wildcards: workload=rdfs, query=q12h, run=3
    priority: 50
    resources: tmpdir=/tmp

[Wed Mar 26 12:29:59 2025]
Finished job 12.
4 of 10 steps (40%) done
Select jobs to execute...
Execute 1 jobs...

[Wed Mar 26 12:29:59 2025]
localrule run_Fedup_FedX_query:
    input: /workspaces/P-TER/virtuoso-opensource-7.2.7, /workspaces/P-TER/virtuoso-opensource-7.2.7/var/lib/virtuoso/db/fedup.ini, fedup-queries/q12h.sparql
    output: output/rdfs/FedUp-FedX/q12h.2.csv, output/rdfs/FedUp-FedX/q12h.2.json, output/rdfs/FedUp-FedX/q12h.2.txt
    jobid: 11
    reason: Missing output files: output/rdfs/FedUp-FedX/q12h.2.csv
    wildcards: workload=rdfs, query=q12h, run=2
    priority: 50
    resources: tmpdir=/tmp

[Wed Mar 26 12:30:06 2025]
Finished job 11.
5 of 10 steps (50%) done
Select jobs to execute...
Execute 1 jobs...

[Wed Mar 26 12:30:06 2025]
localrule run_Fedup_FedX_query:
    input: /workspaces/P-TER/virtuoso-opensource-7.2.7, /workspaces/P-TER/virtuoso-opensource-7.2.7/var/lib/virtuoso/db/fedup.ini, fedup-queries/q12h.sparql
    output: output/rdfs/FedUp-FedX/q12h.1.csv, output/rdfs/FedUp-FedX/q12h.1.json, output/rdfs/FedUp-FedX/q12h.1.txt
    jobid: 10
    reason: Missing output files: output/rdfs/FedUp-FedX/q12h.1.csv
    wildcards: workload=rdfs, query=q12h, run=1
    priority: 50
    resources: tmpdir=/tmp

[Wed Mar 26 12:30:12 2025]
Finished job 10.
6 of 10 steps (60%) done
Select jobs to execute...
Execute 1 jobs...

[Wed Mar 26 12:30:12 2025]
localrule run_Fedup_Jena_query:
    input: /workspaces/P-TER/virtuoso-opensource-7.2.7, /workspaces/P-TER/virtuoso-opensource-7.2.7/var/lib/virtuoso/db/fedup.ini, fedup-queries/q12h.sparql
    output: output/rdfs/FedUp-Jena/q12h.1.csv, output/rdfs/FedUp-Jena/q12h.1.json, output/rdfs/FedUp-Jena/q12h.1.txt
    jobid: 16
    reason: Missing output files: output/rdfs/FedUp-Jena/q12h.1.csv
    wildcards: workload=rdfs, query=q12h, run=1
    priority: 20
    resources: tmpdir=/tmp

[Wed Mar 26 12:30:16 2025]
Finished job 16.
7 of 10 steps (70%) done
Select jobs to execute...
Execute 1 jobs...

[Wed Mar 26 12:30:16 2025]
localrule run_Fedup_Jena_query:
    input: /workspaces/P-TER/virtuoso-opensource-7.2.7, /workspaces/P-TER/virtuoso-opensource-7.2.7/var/lib/virtuoso/db/fedup.ini, fedup-queries/q12h.sparql
    output: output/rdfs/FedUp-Jena/q12h.3.csv, output/rdfs/FedUp-Jena/q12h.3.json, output/rdfs/FedUp-Jena/q12h.3.txt
    jobid: 18
    reason: Missing output files: output/rdfs/FedUp-Jena/q12h.3.csv
    wildcards: workload=rdfs, query=q12h, run=3
    priority: 20
    resources: tmpdir=/tmp

[Wed Mar 26 12:30:20 2025]
Finished job 18.
8 of 10 steps (80%) done
Select jobs to execute...
Execute 1 jobs...

[Wed Mar 26 12:30:20 2025]
localrule run_Fedup_Jena_query:
    input: /workspaces/P-TER/virtuoso-opensource-7.2.7, /workspaces/P-TER/virtuoso-opensource-7.2.7/var/lib/virtuoso/db/fedup.ini, fedup-queries/q12h.sparql
    output: output/rdfs/FedUp-Jena/q12h.2.csv, output/rdfs/FedUp-Jena/q12h.2.json, output/rdfs/FedUp-Jena/q12h.2.txt
    jobid: 17
    reason: Missing output files: output/rdfs/FedUp-Jena/q12h.2.csv
    wildcards: workload=rdfs, query=q12h, run=2
    priority: 20
    resources: tmpdir=/tmp

[Wed Mar 26 12:30:24 2025]
Finished job 17.
9 of 10 steps (90%) done
Select jobs to execute...
Execute 1 jobs...

[Wed Mar 26 12:30:24 2025]
localrule all:
    input: config/largerdfbench/graphs.txt, config/rdfs/endpoints.txt, output/rdfs/Jena/q12h.1.csv, output/rdfs/Jena/q12h.2.csv, output/rdfs/Jena/q12h.3.csv, output/rdfs/FedX/q12h.1.csv, output/rdfs/FedX/q12h.2.csv, output/rdfs/FedX/q12h.3.csv, output/rdfs/HefQuin/q12h.1.csv, output/rdfs/HefQuin/q12h.2.csv, output/rdfs/HefQuin/q12h.3.csv, output/rdfs/FedUp-FedX/q12h.1.csv, output/rdfs/FedUp-FedX/q12h.2.csv, output/rdfs/FedUp-FedX/q12h.3.csv, output/rdfs/FedUp-HefQuin/q12h.1.csv, output/rdfs/FedUp-HefQuin/q12h.2.csv, output/rdfs/FedUp-HefQuin/q12h.3.csv, output/rdfs/FedUp-Jena/q12h.1.csv, output/rdfs/FedUp-Jena/q12h.2.csv, output/rdfs/FedUp-Jena/q12h.3.csv
    output: output/data.csv
    jobid: 0
    reason: Input files updated by another job: output/rdfs/FedUp-FedX/q12h.2.csv, output/rdfs/FedUp-HefQuin/q12h.3.csv, output/rdfs/FedUp-HefQuin/q12h.1.csv, output/rdfs/FedUp-FedX/q12h.3.csv, output/rdfs/FedUp-HefQuin/q12h.2.csv, output/rdfs/FedUp-FedX/q12h.1.csv, output/rdfs/FedUp-Jena/q12h.3.csv, output/rdfs/FedUp-Jena/q12h.1.csv, output/rdfs/FedUp-Jena/q12h.2.csv; Set of input files has changed since last execution
    resources: tmpdir=/tmp

[Wed Mar 26 12:30:25 2025]
Finished job 0.
10 of 10 steps (100%) done
Complete log: .snakemake/log/2025-03-26T122934.356969.snakemake.log
