host: codespaces-dfd9c6
Building DAG of jobs...
Using shell: /usr/bin/bash
Provided cores: 1 (use --cores to define parallelism)
Rules claiming more threads will be scaled down.
Job stats:
job                     count
--------------------  -------
all                         1
run_Fedup_FedX_query        4
run_Fedup_Jena_query        3
total                       8

Select jobs to execute...
Execute 1 jobs...

[Tue Mar  4 21:54:56 2025]
localrule run_Fedup_FedX_query:
    input: /workspaces/P-TER/virtuoso-opensource-7.2.7, /workspaces/P-TER/virtuoso-opensource-7.2.7/var/lib/virtuoso/db/fedup.ini, fedup-queries/q05b.sparql
    output: output/rdfs/FedUp-FedX/q05b.3.csv, output/rdfs/FedUp-FedX/q05b.3.json
    jobid: 126
    reason: Missing output files: output/rdfs/FedUp-FedX/q05b.3.csv
    wildcards: workload=rdfs, query=q05b, run=3
    priority: 50
    resources: tmpdir=/tmp

[Tue Mar  4 21:55:39 2025]
Finished job 126.
1 of 8 steps (12%) done
Select jobs to execute...
Execute 1 jobs...

[Tue Mar  4 21:55:39 2025]
localrule run_Fedup_Jena_query:
    input: /workspaces/P-TER/virtuoso-opensource-7.2.7, /workspaces/P-TER/virtuoso-opensource-7.2.7/var/lib/virtuoso/db/fedup.ini, fedup-queries/q05f.sparql
    output: output/rdfs/FedUp-Jena/q05f.3.csv, output/rdfs/FedUp-Jena/q05f.3.json
    jobid: 498
    reason: Missing output files: output/rdfs/FedUp-Jena/q05f.3.csv
    wildcards: workload=rdfs, query=q05f, run=3
    priority: 50
    resources: tmpdir=/tmp

[Tue Mar  4 21:58:54 2025]
Finished job 498.
2 of 8 steps (25%) done
Select jobs to execute...
Execute 1 jobs...

[Tue Mar  4 21:58:54 2025]
localrule run_Fedup_FedX_query:
    input: /workspaces/P-TER/virtuoso-opensource-7.2.7, /workspaces/P-TER/virtuoso-opensource-7.2.7/var/lib/virtuoso/db/fedup.ini, fedup-queries/q05h.sparql
    output: output/rdfs/FedUp-FedX/q05h.3.csv, output/rdfs/FedUp-FedX/q05h.3.json
    jobid: 144
    reason: Missing output files: output/rdfs/FedUp-FedX/q05h.3.csv
    wildcards: workload=rdfs, query=q05h, run=3
    priority: 50
    resources: tmpdir=/tmp

