host: codespaces-c89ec1
Building DAG of jobs...
Using shell: /usr/bin/bash
Provided cores: 1 (use --cores to define parallelism)
Rules claiming more threads will be scaled down.
Job stats:
job                        count
-----------------------  -------
all                            1
run_Fedup_FedX_query          96
run_Fedup_HefQuin_query       96
run_hefquin_query             56
run_sparql_query              56
total                        305

Select jobs to execute...
Execute 1 jobs...

[Tue Mar 18 10:06:08 2025]
localrule run_Fedup_HefQuin_query:
    input: /workspaces/P-TER/virtuoso-opensource-7.2.7, /workspaces/P-TER/virtuoso-opensource-7.2.7/var/lib/virtuoso/db/fedup.ini, /workspaces/P-TER/fedup-queries/q07b.sparql
    output: output/rdfs/FedUp-HefQuin/q07b.1.csv, output/rdfs/FedUp-HefQuin/q07b.1.json, output/rdfs/FedUp-HefQuin/q07b.1.txt
    jobid: 492
    reason: Missing output files: output/rdfs/FedUp-HefQuin/q07b.1.csv
    wildcards: workload=rdfs, query=q07b, run=1
    priority: 50
    resources: tmpdir=/tmp

[Tue Mar 18 10:06:51 2025]
Finished job 492.
1 of 305 steps (0.3%) done
Select jobs to execute...
Execute 1 jobs...

[Tue Mar 18 10:06:51 2025]
localrule run_Fedup_FedX_query:
    input: /workspaces/P-TER/virtuoso-opensource-7.2.7, /workspaces/P-TER/virtuoso-opensource-7.2.7/var/lib/virtuoso/db/fedup.ini, fedup-queries/q07a.sparql
    output: output/rdfs/FedUp-FedX/q07a.1.csv, output/rdfs/FedUp-FedX/q07a.1.json
    jobid: 381
    reason: Missing output files: output/rdfs/FedUp-FedX/q07a.1.csv
    wildcards: workload=rdfs, query=q07a, run=1
    priority: 50
    resources: tmpdir=/tmp

[Tue Mar 18 10:07:12 2025]
Finished job 381.
2 of 305 steps (1%) done
Select jobs to execute...
Execute 1 jobs...

[Tue Mar 18 10:07:12 2025]
localrule run_Fedup_HefQuin_query:
    input: /workspaces/P-TER/virtuoso-opensource-7.2.7, /workspaces/P-TER/virtuoso-opensource-7.2.7/var/lib/virtuoso/db/fedup.ini, /workspaces/P-TER/fedup-queries/q02j.sparql
    output: output/rdfs/FedUp-HefQuin/q02j.1.csv, output/rdfs/FedUp-HefQuin/q02j.1.json, output/rdfs/FedUp-HefQuin/q02j.1.txt
    jobid: 460
    reason: Missing output files: output/rdfs/FedUp-HefQuin/q02j.1.csv
    wildcards: workload=rdfs, query=q02j, run=1
    priority: 50
    resources: tmpdir=/tmp

[Tue Mar 18 10:07:41 2025]
Finished job 460.
3 of 305 steps (1%) done
Select jobs to execute...
Execute 1 jobs...

[Tue Mar 18 10:07:41 2025]
localrule run_Fedup_HefQuin_query:
    input: /workspaces/P-TER/virtuoso-opensource-7.2.7, /workspaces/P-TER/virtuoso-opensource-7.2.7/var/lib/virtuoso/db/fedup.ini, /workspaces/P-TER/fedup-queries/q02b.sparql
    output: output/rdfs/FedUp-HefQuin/q02b.1.csv, output/rdfs/FedUp-HefQuin/q02b.1.json, output/rdfs/FedUp-HefQuin/q02b.1.txt
    jobid: 452
    reason: Missing output files: output/rdfs/FedUp-HefQuin/q02b.1.csv
    wildcards: workload=rdfs, query=q02b, run=1
    priority: 50
    resources: tmpdir=/tmp

[Tue Mar 18 10:07:55 2025]
Finished job 452.
4 of 305 steps (1%) done
Select jobs to execute...
Execute 1 jobs...

[Tue Mar 18 10:07:55 2025]
localrule run_Fedup_FedX_query:
    input: /workspaces/P-TER/virtuoso-opensource-7.2.7, /workspaces/P-TER/virtuoso-opensource-7.2.7/var/lib/virtuoso/db/fedup.ini, fedup-queries/q02j.sparql
    output: output/rdfs/FedUp-FedX/q02j.1.csv, output/rdfs/FedUp-FedX/q02j.1.json
    jobid: 350
    reason: Missing output files: output/rdfs/FedUp-FedX/q02j.1.csv
    wildcards: workload=rdfs, query=q02j, run=1
    priority: 50
    resources: tmpdir=/tmp

[Tue Mar 18 10:08:03 2025]
Finished job 350.
5 of 305 steps (2%) done
Select jobs to execute...
Execute 1 jobs...

[Tue Mar 18 10:08:03 2025]
localrule run_Fedup_FedX_query:
    input: /workspaces/P-TER/virtuoso-opensource-7.2.7, /workspaces/P-TER/virtuoso-opensource-7.2.7/var/lib/virtuoso/db/fedup.ini, fedup-queries/q02f.sparql
    output: output/rdfs/FedUp-FedX/q02f.1.csv, output/rdfs/FedUp-FedX/q02f.1.json
    jobid: 346
    reason: Missing output files: output/rdfs/FedUp-FedX/q02f.1.csv
    wildcards: workload=rdfs, query=q02f, run=1
    priority: 50
    resources: tmpdir=/tmp

[Tue Mar 18 10:08:13 2025]
Finished job 346.
6 of 305 steps (2%) done
Select jobs to execute...
Execute 1 jobs...

[Tue Mar 18 10:08:13 2025]
localrule run_Fedup_FedX_query:
    input: /workspaces/P-TER/virtuoso-opensource-7.2.7, /workspaces/P-TER/virtuoso-opensource-7.2.7/var/lib/virtuoso/db/fedup.ini, fedup-queries/q02b.sparql
    output: output/rdfs/FedUp-FedX/q02b.1.csv, output/rdfs/FedUp-FedX/q02b.1.json
    jobid: 342
    reason: Missing output files: output/rdfs/FedUp-FedX/q02b.1.csv
    wildcards: workload=rdfs, query=q02b, run=1
    priority: 50
    resources: tmpdir=/tmp

[Tue Mar 18 10:08:27 2025]
Finished job 342.
7 of 305 steps (2%) done
Select jobs to execute...
Execute 1 jobs...

[Tue Mar 18 10:08:27 2025]
localrule run_Fedup_HefQuin_query:
    input: /workspaces/P-TER/virtuoso-opensource-7.2.7, /workspaces/P-TER/virtuoso-opensource-7.2.7/var/lib/virtuoso/db/fedup.ini, /workspaces/P-TER/fedup-queries/q02f.sparql
    output: output/rdfs/FedUp-HefQuin/q02f.1.csv, output/rdfs/FedUp-HefQuin/q02f.1.json, output/rdfs/FedUp-HefQuin/q02f.1.txt
    jobid: 456
    reason: Missing output files: output/rdfs/FedUp-HefQuin/q02f.1.csv
    wildcards: workload=rdfs, query=q02f, run=1
    priority: 50
    resources: tmpdir=/tmp

[Tue Mar 18 10:08:36 2025]
Finished job 456.
8 of 305 steps (3%) done
Select jobs to execute...
Execute 1 jobs...

[Tue Mar 18 10:08:36 2025]
localrule run_Fedup_FedX_query:
    input: /workspaces/P-TER/virtuoso-opensource-7.2.7, /workspaces/P-TER/virtuoso-opensource-7.2.7/var/lib/virtuoso/db/fedup.ini, fedup-queries/q02d.sparql
    output: output/rdfs/FedUp-FedX/q02d.1.csv, output/rdfs/FedUp-FedX/q02d.1.json
    jobid: 344
    reason: Missing output files: output/rdfs/FedUp-FedX/q02d.1.csv
    wildcards: workload=rdfs, query=q02d, run=1
    priority: 50
    resources: tmpdir=/tmp

[Tue Mar 18 10:08:44 2025]
Finished job 344.
9 of 305 steps (3%) done
Select jobs to execute...
Execute 1 jobs...

[Tue Mar 18 10:08:44 2025]
localrule run_Fedup_HefQuin_query:
    input: /workspaces/P-TER/virtuoso-opensource-7.2.7, /workspaces/P-TER/virtuoso-opensource-7.2.7/var/lib/virtuoso/db/fedup.ini, /workspaces/P-TER/fedup-queries/q02d.sparql
    output: output/rdfs/FedUp-HefQuin/q02d.1.csv, output/rdfs/FedUp-HefQuin/q02d.1.json, output/rdfs/FedUp-HefQuin/q02d.1.txt
    jobid: 454
    reason: Missing output files: output/rdfs/FedUp-HefQuin/q02d.1.csv
    wildcards: workload=rdfs, query=q02d, run=1
    priority: 50
    resources: tmpdir=/tmp

[Tue Mar 18 10:08:51 2025]
Finished job 454.
10 of 305 steps (3%) done
Select jobs to execute...
Execute 1 jobs...

[Tue Mar 18 10:08:51 2025]
localrule run_Fedup_FedX_query:
    input: /workspaces/P-TER/virtuoso-opensource-7.2.7, /workspaces/P-TER/virtuoso-opensource-7.2.7/var/lib/virtuoso/db/fedup.ini, fedup-queries/q07g.sparql
    output: output/rdfs/FedUp-FedX/q07g.1.csv, output/rdfs/FedUp-FedX/q07g.1.json
    jobid: 387
    reason: Missing output files: output/rdfs/FedUp-FedX/q07g.1.csv
    wildcards: workload=rdfs, query=q07g, run=1
    priority: 50
    resources: tmpdir=/tmp

[Tue Mar 18 10:09:06 2025]
Finished job 387.
11 of 305 steps (4%) done
Select jobs to execute...
Execute 1 jobs...

[Tue Mar 18 10:09:06 2025]
localrule run_Fedup_FedX_query:
    input: /workspaces/P-TER/virtuoso-opensource-7.2.7, /workspaces/P-TER/virtuoso-opensource-7.2.7/var/lib/virtuoso/db/fedup.ini, fedup-queries/q07d.sparql
    output: output/rdfs/FedUp-FedX/q07d.1.csv, output/rdfs/FedUp-FedX/q07d.1.json
    jobid: 384
    reason: Missing output files: output/rdfs/FedUp-FedX/q07d.1.csv
    wildcards: workload=rdfs, query=q07d, run=1
    priority: 50
    resources: tmpdir=/tmp

[Tue Mar 18 10:09:26 2025]
Finished job 384.
12 of 305 steps (4%) done
Select jobs to execute...
Execute 1 jobs...

[Tue Mar 18 10:09:26 2025]
localrule run_Fedup_HefQuin_query:
    input: /workspaces/P-TER/virtuoso-opensource-7.2.7, /workspaces/P-TER/virtuoso-opensource-7.2.7/var/lib/virtuoso/db/fedup.ini, /workspaces/P-TER/fedup-queries/q07c.sparql
    output: output/rdfs/FedUp-HefQuin/q07c.1.csv, output/rdfs/FedUp-HefQuin/q07c.1.json, output/rdfs/FedUp-HefQuin/q07c.1.txt
    jobid: 493
    reason: Missing output files: output/rdfs/FedUp-HefQuin/q07c.1.csv
    wildcards: workload=rdfs, query=q07c, run=1
    priority: 50
    resources: tmpdir=/tmp

[Tue Mar 18 10:09:45 2025]
Finished job 493.
13 of 305 steps (4%) done
Select jobs to execute...
Execute 1 jobs...

[Tue Mar 18 10:09:45 2025]
localrule run_Fedup_HefQuin_query:
    input: /workspaces/P-TER/virtuoso-opensource-7.2.7, /workspaces/P-TER/virtuoso-opensource-7.2.7/var/lib/virtuoso/db/fedup.ini, /workspaces/P-TER/fedup-queries/q07f.sparql
    output: output/rdfs/FedUp-HefQuin/q07f.1.csv, output/rdfs/FedUp-HefQuin/q07f.1.json, output/rdfs/FedUp-HefQuin/q07f.1.txt
    jobid: 496
    reason: Missing output files: output/rdfs/FedUp-HefQuin/q07f.1.csv
    wildcards: workload=rdfs, query=q07f, run=1
    priority: 50
    resources: tmpdir=/tmp

[Tue Mar 18 10:09:58 2025]
Finished job 496.
14 of 305 steps (5%) done
Select jobs to execute...
Execute 1 jobs...

[Tue Mar 18 10:09:58 2025]
localrule run_Fedup_FedX_query:
    input: /workspaces/P-TER/virtuoso-opensource-7.2.7, /workspaces/P-TER/virtuoso-opensource-7.2.7/var/lib/virtuoso/db/fedup.ini, fedup-queries/q07i.sparql
    output: output/rdfs/FedUp-FedX/q07i.1.csv, output/rdfs/FedUp-FedX/q07i.1.json
    jobid: 389
    reason: Missing output files: output/rdfs/FedUp-FedX/q07i.1.csv
    wildcards: workload=rdfs, query=q07i, run=1
    priority: 50
    resources: tmpdir=/tmp

[Tue Mar 18 10:10:13 2025]
Finished job 389.
15 of 305 steps (5%) done
Select jobs to execute...
Execute 1 jobs...

[Tue Mar 18 10:10:13 2025]
localrule run_Fedup_HefQuin_query:
    input: /workspaces/P-TER/virtuoso-opensource-7.2.7, /workspaces/P-TER/virtuoso-opensource-7.2.7/var/lib/virtuoso/db/fedup.ini, /workspaces/P-TER/fedup-queries/q07i.sparql
    output: output/rdfs/FedUp-HefQuin/q07i.1.csv, output/rdfs/FedUp-HefQuin/q07i.1.json, output/rdfs/FedUp-HefQuin/q07i.1.txt
    jobid: 499
    reason: Missing output files: output/rdfs/FedUp-HefQuin/q07i.1.csv
    wildcards: workload=rdfs, query=q07i, run=1
    priority: 50
    resources: tmpdir=/tmp

[Tue Mar 18 10:10:30 2025]
Finished job 499.
16 of 305 steps (5%) done
Select jobs to execute...
Execute 1 jobs...

[Tue Mar 18 10:10:30 2025]
localrule run_Fedup_HefQuin_query:
    input: /workspaces/P-TER/virtuoso-opensource-7.2.7, /workspaces/P-TER/virtuoso-opensource-7.2.7/var/lib/virtuoso/db/fedup.ini, /workspaces/P-TER/fedup-queries/q07d.sparql
    output: output/rdfs/FedUp-HefQuin/q07d.1.csv, output/rdfs/FedUp-HefQuin/q07d.1.json, output/rdfs/FedUp-HefQuin/q07d.1.txt
    jobid: 494
    reason: Missing output files: output/rdfs/FedUp-HefQuin/q07d.1.csv
    wildcards: workload=rdfs, query=q07d, run=1
    priority: 50
    resources: tmpdir=/tmp

[Tue Mar 18 10:10:53 2025]
Finished job 494.
17 of 305 steps (6%) done
Select jobs to execute...
Execute 1 jobs...

[Tue Mar 18 10:10:53 2025]
localrule run_Fedup_HefQuin_query:
    input: /workspaces/P-TER/virtuoso-opensource-7.2.7, /workspaces/P-TER/virtuoso-opensource-7.2.7/var/lib/virtuoso/db/fedup.ini, /workspaces/P-TER/fedup-queries/q07g.sparql
    output: output/rdfs/FedUp-HefQuin/q07g.1.csv, output/rdfs/FedUp-HefQuin/q07g.1.json, output/rdfs/FedUp-HefQuin/q07g.1.txt
    jobid: 497
    reason: Missing output files: output/rdfs/FedUp-HefQuin/q07g.1.csv
    wildcards: workload=rdfs, query=q07g, run=1
    priority: 50
    resources: tmpdir=/tmp

[Tue Mar 18 10:11:09 2025]
Finished job 497.
18 of 305 steps (6%) done
Select jobs to execute...
Execute 1 jobs...

[Tue Mar 18 10:11:09 2025]
localrule run_Fedup_FedX_query:
    input: /workspaces/P-TER/virtuoso-opensource-7.2.7, /workspaces/P-TER/virtuoso-opensource-7.2.7/var/lib/virtuoso/db/fedup.ini, fedup-queries/q07c.sparql
    output: output/rdfs/FedUp-FedX/q07c.1.csv, output/rdfs/FedUp-FedX/q07c.1.json
    jobid: 383
    reason: Missing output files: output/rdfs/FedUp-FedX/q07c.1.csv
    wildcards: workload=rdfs, query=q07c, run=1
    priority: 50
    resources: tmpdir=/tmp

[Tue Mar 18 10:11:22 2025]
Finished job 383.
19 of 305 steps (6%) done
Select jobs to execute...
Execute 1 jobs...

[Tue Mar 18 10:11:22 2025]
localrule run_Fedup_FedX_query:
    input: /workspaces/P-TER/virtuoso-opensource-7.2.7, /workspaces/P-TER/virtuoso-opensource-7.2.7/var/lib/virtuoso/db/fedup.ini, fedup-queries/q07f.sparql
    output: output/rdfs/FedUp-FedX/q07f.1.csv, output/rdfs/FedUp-FedX/q07f.1.json
    jobid: 386
    reason: Missing output files: output/rdfs/FedUp-FedX/q07f.1.csv
    wildcards: workload=rdfs, query=q07f, run=1
    priority: 50
    resources: tmpdir=/tmp

[Tue Mar 18 10:11:33 2025]
Finished job 386.
20 of 305 steps (7%) done
Select jobs to execute...
Execute 1 jobs...

[Tue Mar 18 10:11:33 2025]
localrule run_Fedup_HefQuin_query:
    input: /workspaces/P-TER/virtuoso-opensource-7.2.7, /workspaces/P-TER/virtuoso-opensource-7.2.7/var/lib/virtuoso/db/fedup.ini, /workspaces/P-TER/fedup-queries/q02g.sparql
    output: output/rdfs/FedUp-HefQuin/q02g.1.csv, output/rdfs/FedUp-HefQuin/q02g.1.json, output/rdfs/FedUp-HefQuin/q02g.1.txt
    jobid: 457
    reason: Missing output files: output/rdfs/FedUp-HefQuin/q02g.1.csv
    wildcards: workload=rdfs, query=q02g, run=1
    priority: 50
    resources: tmpdir=/tmp

[Tue Mar 18 10:11:42 2025]
Finished job 457.
21 of 305 steps (7%) done
Select jobs to execute...
Execute 1 jobs...

[Tue Mar 18 10:11:42 2025]
localrule run_Fedup_HefQuin_query:
    input: /workspaces/P-TER/virtuoso-opensource-7.2.7, /workspaces/P-TER/virtuoso-opensource-7.2.7/var/lib/virtuoso/db/fedup.ini, /workspaces/P-TER/fedup-queries/q02a.sparql
    output: output/rdfs/FedUp-HefQuin/q02a.1.csv, output/rdfs/FedUp-HefQuin/q02a.1.json, output/rdfs/FedUp-HefQuin/q02a.1.txt
    jobid: 451
    reason: Missing output files: output/rdfs/FedUp-HefQuin/q02a.1.csv
    wildcards: workload=rdfs, query=q02a, run=1
    priority: 50
    resources: tmpdir=/tmp

[Tue Mar 18 10:11:54 2025]
Finished job 451.
22 of 305 steps (7%) done
Select jobs to execute...
Execute 1 jobs...

[Tue Mar 18 10:11:54 2025]
localrule run_Fedup_FedX_query:
    input: /workspaces/P-TER/virtuoso-opensource-7.2.7, /workspaces/P-TER/virtuoso-opensource-7.2.7/var/lib/virtuoso/db/fedup.ini, fedup-queries/q02c.sparql
    output: output/rdfs/FedUp-FedX/q02c.1.csv, output/rdfs/FedUp-FedX/q02c.1.json
    jobid: 343
    reason: Missing output files: output/rdfs/FedUp-FedX/q02c.1.csv
    wildcards: workload=rdfs, query=q02c, run=1
    priority: 50
    resources: tmpdir=/tmp

[Tue Mar 18 10:12:08 2025]
Finished job 343.
23 of 305 steps (8%) done
Select jobs to execute...
Execute 1 jobs...

[Tue Mar 18 10:12:08 2025]
localrule run_Fedup_HefQuin_query:
    input: /workspaces/P-TER/virtuoso-opensource-7.2.7, /workspaces/P-TER/virtuoso-opensource-7.2.7/var/lib/virtuoso/db/fedup.ini, /workspaces/P-TER/fedup-queries/q02e.sparql
    output: output/rdfs/FedUp-HefQuin/q02e.1.csv, output/rdfs/FedUp-HefQuin/q02e.1.json, output/rdfs/FedUp-HefQuin/q02e.1.txt
    jobid: 455
    reason: Missing output files: output/rdfs/FedUp-HefQuin/q02e.1.csv
    wildcards: workload=rdfs, query=q02e, run=1
    priority: 50
    resources: tmpdir=/tmp

[Tue Mar 18 10:12:26 2025]
Finished job 455.
24 of 305 steps (8%) done
Select jobs to execute...
Execute 1 jobs...

[Tue Mar 18 10:12:26 2025]
localrule run_Fedup_HefQuin_query:
    input: /workspaces/P-TER/virtuoso-opensource-7.2.7, /workspaces/P-TER/virtuoso-opensource-7.2.7/var/lib/virtuoso/db/fedup.ini, /workspaces/P-TER/fedup-queries/q02h.sparql
    output: output/rdfs/FedUp-HefQuin/q02h.1.csv, output/rdfs/FedUp-HefQuin/q02h.1.json, output/rdfs/FedUp-HefQuin/q02h.1.txt
    jobid: 458
    reason: Missing output files: output/rdfs/FedUp-HefQuin/q02h.1.csv
    wildcards: workload=rdfs, query=q02h, run=1
    priority: 50
    resources: tmpdir=/tmp

[Tue Mar 18 10:12:36 2025]
Finished job 458.
25 of 305 steps (8%) done
Select jobs to execute...
Execute 1 jobs...

[Tue Mar 18 10:12:36 2025]
localrule run_Fedup_FedX_query:
    input: /workspaces/P-TER/virtuoso-opensource-7.2.7, /workspaces/P-TER/virtuoso-opensource-7.2.7/var/lib/virtuoso/db/fedup.ini, fedup-queries/q02i.sparql
    output: output/rdfs/FedUp-FedX/q02i.1.csv, output/rdfs/FedUp-FedX/q02i.1.json
    jobid: 349
    reason: Missing output files: output/rdfs/FedUp-FedX/q02i.1.csv
    wildcards: workload=rdfs, query=q02i, run=1
    priority: 50
    resources: tmpdir=/tmp

[Tue Mar 18 10:12:52 2025]
Finished job 349.
26 of 305 steps (9%) done
Select jobs to execute...
Execute 1 jobs...

[Tue Mar 18 10:12:52 2025]
localrule run_Fedup_HefQuin_query:
    input: /workspaces/P-TER/virtuoso-opensource-7.2.7, /workspaces/P-TER/virtuoso-opensource-7.2.7/var/lib/virtuoso/db/fedup.ini, /workspaces/P-TER/fedup-queries/q02c.sparql
    output: output/rdfs/FedUp-HefQuin/q02c.1.csv, output/rdfs/FedUp-HefQuin/q02c.1.json, output/rdfs/FedUp-HefQuin/q02c.1.txt
    jobid: 453
    reason: Missing output files: output/rdfs/FedUp-HefQuin/q02c.1.csv
    wildcards: workload=rdfs, query=q02c, run=1
    priority: 50
    resources: tmpdir=/tmp

[Tue Mar 18 10:13:06 2025]
Finished job 453.
27 of 305 steps (9%) done
Select jobs to execute...
Execute 1 jobs...

[Tue Mar 18 10:13:06 2025]
localrule run_Fedup_FedX_query:
    input: /workspaces/P-TER/virtuoso-opensource-7.2.7, /workspaces/P-TER/virtuoso-opensource-7.2.7/var/lib/virtuoso/db/fedup.ini, fedup-queries/q02e.sparql
    output: output/rdfs/FedUp-FedX/q02e.1.csv, output/rdfs/FedUp-FedX/q02e.1.json
    jobid: 345
    reason: Missing output files: output/rdfs/FedUp-FedX/q02e.1.csv
    wildcards: workload=rdfs, query=q02e, run=1
    priority: 50
    resources: tmpdir=/tmp

[Tue Mar 18 10:13:24 2025]
Finished job 345.
28 of 305 steps (9%) done
Select jobs to execute...
Execute 1 jobs...

[Tue Mar 18 10:13:24 2025]
localrule run_Fedup_FedX_query:
    input: /workspaces/P-TER/virtuoso-opensource-7.2.7, /workspaces/P-TER/virtuoso-opensource-7.2.7/var/lib/virtuoso/db/fedup.ini, fedup-queries/q02a.sparql
    output: output/rdfs/FedUp-FedX/q02a.1.csv, output/rdfs/FedUp-FedX/q02a.1.json
    jobid: 341
    reason: Missing output files: output/rdfs/FedUp-FedX/q02a.1.csv
    wildcards: workload=rdfs, query=q02a, run=1
    priority: 50
    resources: tmpdir=/tmp

[Tue Mar 18 10:13:36 2025]
Finished job 341.
29 of 305 steps (10%) done
Select jobs to execute...
Execute 1 jobs...

[Tue Mar 18 10:13:36 2025]
localrule run_Fedup_HefQuin_query:
    input: /workspaces/P-TER/virtuoso-opensource-7.2.7, /workspaces/P-TER/virtuoso-opensource-7.2.7/var/lib/virtuoso/db/fedup.ini, /workspaces/P-TER/fedup-queries/q02i.sparql
    output: output/rdfs/FedUp-HefQuin/q02i.1.csv, output/rdfs/FedUp-HefQuin/q02i.1.json, output/rdfs/FedUp-HefQuin/q02i.1.txt
    jobid: 459
    reason: Missing output files: output/rdfs/FedUp-HefQuin/q02i.1.csv
    wildcards: workload=rdfs, query=q02i, run=1
    priority: 50
    resources: tmpdir=/tmp

[Tue Mar 18 10:13:52 2025]
Finished job 459.
30 of 305 steps (10%) done
Select jobs to execute...
Execute 1 jobs...

[Tue Mar 18 10:13:52 2025]
localrule run_Fedup_FedX_query:
    input: /workspaces/P-TER/virtuoso-opensource-7.2.7, /workspaces/P-TER/virtuoso-opensource-7.2.7/var/lib/virtuoso/db/fedup.ini, fedup-queries/q02h.sparql
    output: output/rdfs/FedUp-FedX/q02h.1.csv, output/rdfs/FedUp-FedX/q02h.1.json
    jobid: 348
    reason: Missing output files: output/rdfs/FedUp-FedX/q02h.1.csv
    wildcards: workload=rdfs, query=q02h, run=1
    priority: 50
    resources: tmpdir=/tmp

[Tue Mar 18 10:14:02 2025]
Finished job 348.
31 of 305 steps (10%) done
Select jobs to execute...
Execute 1 jobs...

[Tue Mar 18 10:14:02 2025]
localrule run_Fedup_FedX_query:
    input: /workspaces/P-TER/virtuoso-opensource-7.2.7, /workspaces/P-TER/virtuoso-opensource-7.2.7/var/lib/virtuoso/db/fedup.ini, fedup-queries/q02g.sparql
    output: output/rdfs/FedUp-FedX/q02g.1.csv, output/rdfs/FedUp-FedX/q02g.1.json
    jobid: 347
    reason: Missing output files: output/rdfs/FedUp-FedX/q02g.1.csv
    wildcards: workload=rdfs, query=q02g, run=1
    priority: 50
    resources: tmpdir=/tmp

[Tue Mar 18 10:14:12 2025]
Finished job 347.
32 of 305 steps (10%) done
Select jobs to execute...
Execute 1 jobs...

[Tue Mar 18 10:14:12 2025]
localrule run_hefquin_query:
    input: /workspaces/P-TER/virtuoso-opensource-7.2.7, /workspaces/P-TER/virtuoso-opensource-7.2.7/var/lib/virtuoso/db/fedup.ini, /workspaces/P-TER/queries/q06c.sparql
    output: output/rdfs/HefQuin/q06c.1.csv, output/rdfs/HefQuin/q06c.1.json, output/rdfs/HefQuin/q06c.1.txt
    jobid: 263
    reason: Missing output files: output/rdfs/HefQuin/q06c.1.csv; Set of input files has changed since last execution
    wildcards: workload=rdfs, query=q06c, run=1
    priority: 50
    resources: tmpdir=/tmp

[Tue Mar 18 10:14:15 2025]
Finished job 263.
33 of 305 steps (11%) done
Select jobs to execute...
Execute 1 jobs...

[Tue Mar 18 10:14:15 2025]
localrule run_sparql_query:
    input: /workspaces/P-TER/virtuoso-opensource-7.2.7, /workspaces/P-TER/virtuoso-opensource-7.2.7/var/lib/virtuoso/db/fedup.ini, queries/q06c.sparql
    output: output/rdfs/Jena/q06c.1.csv, output/rdfs/Jena/q06c.1.json
    jobid: 43
    reason: Missing output files: output/rdfs/Jena/q06c.1.csv
    wildcards: workload=rdfs, query=q06c, run=1
    priority: 50
    resources: tmpdir=/tmp

[Tue Mar 18 10:14:20 2025]
Finished job 43.
34 of 305 steps (11%) done
Select jobs to execute...
Execute 1 jobs...

[Tue Mar 18 10:14:20 2025]
localrule run_hefquin_query:
    input: /workspaces/P-TER/virtuoso-opensource-7.2.7, /workspaces/P-TER/virtuoso-opensource-7.2.7/var/lib/virtuoso/db/fedup.ini, /workspaces/P-TER/queries/q08g.sparql
    output: output/rdfs/HefQuin/q08g.1.csv, output/rdfs/HefQuin/q08g.1.json, output/rdfs/HefQuin/q08g.1.txt
    jobid: 287
    reason: Missing output files: output/rdfs/HefQuin/q08g.1.csv; Set of input files has changed since last execution
    wildcards: workload=rdfs, query=q08g, run=1
    priority: 50
    resources: tmpdir=/tmp

[Tue Mar 18 10:14:23 2025]
Finished job 287.
35 of 305 steps (11%) done
Select jobs to execute...
Execute 1 jobs...

[Tue Mar 18 10:14:23 2025]
localrule run_sparql_query:
    input: /workspaces/P-TER/virtuoso-opensource-7.2.7, /workspaces/P-TER/virtuoso-opensource-7.2.7/var/lib/virtuoso/db/fedup.ini, queries/q08g.sparql
    output: output/rdfs/Jena/q08g.1.csv, output/rdfs/Jena/q08g.1.json
    jobid: 67
    reason: Missing output files: output/rdfs/Jena/q08g.1.csv
    wildcards: workload=rdfs, query=q08g, run=1
    priority: 50
    resources: tmpdir=/tmp

[Tue Mar 18 10:14:27 2025]
Finished job 67.
36 of 305 steps (12%) done
Select jobs to execute...
Execute 1 jobs...

[Tue Mar 18 10:14:27 2025]
localrule run_hefquin_query:
    input: /workspaces/P-TER/virtuoso-opensource-7.2.7, /workspaces/P-TER/virtuoso-opensource-7.2.7/var/lib/virtuoso/db/fedup.ini, /workspaces/P-TER/queries/q08f.sparql
    output: output/rdfs/HefQuin/q08f.1.csv, output/rdfs/HefQuin/q08f.1.json, output/rdfs/HefQuin/q08f.1.txt
    jobid: 286
    reason: Missing output files: output/rdfs/HefQuin/q08f.1.csv; Set of input files has changed since last execution
    wildcards: workload=rdfs, query=q08f, run=1
    priority: 50
    resources: tmpdir=/tmp

[Tue Mar 18 10:14:31 2025]
Finished job 286.
37 of 305 steps (12%) done
Select jobs to execute...
Execute 1 jobs...

[Tue Mar 18 10:14:31 2025]
localrule run_sparql_query:
    input: /workspaces/P-TER/virtuoso-opensource-7.2.7, /workspaces/P-TER/virtuoso-opensource-7.2.7/var/lib/virtuoso/db/fedup.ini, queries/q08f.sparql
    output: output/rdfs/Jena/q08f.1.csv, output/rdfs/Jena/q08f.1.json
    jobid: 66
    reason: Missing output files: output/rdfs/Jena/q08f.1.csv
    wildcards: workload=rdfs, query=q08f, run=1
    priority: 50
    resources: tmpdir=/tmp

[Tue Mar 18 10:14:34 2025]
Finished job 66.
38 of 305 steps (12%) done
Select jobs to execute...
Execute 1 jobs...

[Tue Mar 18 10:14:34 2025]
localrule run_hefquin_query:
    input: /workspaces/P-TER/virtuoso-opensource-7.2.7, /workspaces/P-TER/virtuoso-opensource-7.2.7/var/lib/virtuoso/db/fedup.ini, /workspaces/P-TER/queries/q01f.sparql
    output: output/rdfs/HefQuin/q01f.1.csv, output/rdfs/HefQuin/q01f.1.json, output/rdfs/HefQuin/q01f.1.txt
    jobid: 226
    reason: Missing output files: output/rdfs/HefQuin/q01f.1.csv
    wildcards: workload=rdfs, query=q01f, run=1
    priority: 50
    resources: tmpdir=/tmp

[Tue Mar 18 10:14:38 2025]
Finished job 226.
39 of 305 steps (13%) done
Select jobs to execute...
Execute 1 jobs...

[Tue Mar 18 10:14:38 2025]
localrule run_sparql_query:
    input: /workspaces/P-TER/virtuoso-opensource-7.2.7, /workspaces/P-TER/virtuoso-opensource-7.2.7/var/lib/virtuoso/db/fedup.ini, queries/q01f.sparql
    output: output/rdfs/Jena/q01f.1.csv, output/rdfs/Jena/q01f.1.json
    jobid: 6
    reason: Missing output files: output/rdfs/Jena/q01f.1.csv
    wildcards: workload=rdfs, query=q01f, run=1
    priority: 50
    resources: tmpdir=/tmp

[Tue Mar 18 10:14:41 2025]
Finished job 6.
40 of 305 steps (13%) done
Select jobs to execute...
Execute 1 jobs...

[Tue Mar 18 10:14:41 2025]
localrule run_hefquin_query:
    input: /workspaces/P-TER/virtuoso-opensource-7.2.7, /workspaces/P-TER/virtuoso-opensource-7.2.7/var/lib/virtuoso/db/fedup.ini, /workspaces/P-TER/queries/q08h.sparql
    output: output/rdfs/HefQuin/q08h.1.csv, output/rdfs/HefQuin/q08h.1.json, output/rdfs/HefQuin/q08h.1.txt
    jobid: 288
    reason: Missing output files: output/rdfs/HefQuin/q08h.1.csv; Set of input files has changed since last execution
    wildcards: workload=rdfs, query=q08h, run=1
    priority: 50
    resources: tmpdir=/tmp

[Tue Mar 18 10:14:45 2025]
Finished job 288.
41 of 305 steps (13%) done
Select jobs to execute...
Execute 1 jobs...

[Tue Mar 18 10:14:45 2025]
localrule run_sparql_query:
    input: /workspaces/P-TER/virtuoso-opensource-7.2.7, /workspaces/P-TER/virtuoso-opensource-7.2.7/var/lib/virtuoso/db/fedup.ini, queries/q08h.sparql
    output: output/rdfs/Jena/q08h.1.csv, output/rdfs/Jena/q08h.1.json
    jobid: 68
    reason: Missing output files: output/rdfs/Jena/q08h.1.csv
    wildcards: workload=rdfs, query=q08h, run=1
    priority: 50
    resources: tmpdir=/tmp

[Tue Mar 18 10:14:48 2025]
Finished job 68.
42 of 305 steps (14%) done
Select jobs to execute...
Execute 1 jobs...

[Tue Mar 18 10:14:48 2025]
localrule run_hefquin_query:
    input: /workspaces/P-TER/virtuoso-opensource-7.2.7, /workspaces/P-TER/virtuoso-opensource-7.2.7/var/lib/virtuoso/db/fedup.ini, /workspaces/P-TER/queries/q08i.sparql
    output: output/rdfs/HefQuin/q08i.1.csv, output/rdfs/HefQuin/q08i.1.json, output/rdfs/HefQuin/q08i.1.txt
    jobid: 289
    reason: Missing output files: output/rdfs/HefQuin/q08i.1.csv; Set of input files has changed since last execution
    wildcards: workload=rdfs, query=q08i, run=1
    priority: 50
    resources: tmpdir=/tmp

[Tue Mar 18 10:14:52 2025]
Finished job 289.
43 of 305 steps (14%) done
Select jobs to execute...
Execute 1 jobs...

[Tue Mar 18 10:14:52 2025]
localrule run_sparql_query:
    input: /workspaces/P-TER/virtuoso-opensource-7.2.7, /workspaces/P-TER/virtuoso-opensource-7.2.7/var/lib/virtuoso/db/fedup.ini, queries/q08i.sparql
    output: output/rdfs/Jena/q08i.1.csv, output/rdfs/Jena/q08i.1.json
    jobid: 69
    reason: Missing output files: output/rdfs/Jena/q08i.1.csv
    wildcards: workload=rdfs, query=q08i, run=1
    priority: 50
    resources: tmpdir=/tmp

[Tue Mar 18 10:14:56 2025]
Finished job 69.
44 of 305 steps (14%) done
Select jobs to execute...
Execute 1 jobs...

[Tue Mar 18 10:14:56 2025]
localrule run_hefquin_query:
    input: /workspaces/P-TER/virtuoso-opensource-7.2.7, /workspaces/P-TER/virtuoso-opensource-7.2.7/var/lib/virtuoso/db/fedup.ini, /workspaces/P-TER/queries/q08d.sparql
    output: output/rdfs/HefQuin/q08d.1.csv, output/rdfs/HefQuin/q08d.1.json, output/rdfs/HefQuin/q08d.1.txt
    jobid: 284
    reason: Missing output files: output/rdfs/HefQuin/q08d.1.csv; Set of input files has changed since last execution
    wildcards: workload=rdfs, query=q08d, run=1
    priority: 50
    resources: tmpdir=/tmp

[Tue Mar 18 10:14:59 2025]
Finished job 284.
45 of 305 steps (15%) done
Select jobs to execute...
Execute 1 jobs...

[Tue Mar 18 10:14:59 2025]
localrule run_sparql_query:
    input: /workspaces/P-TER/virtuoso-opensource-7.2.7, /workspaces/P-TER/virtuoso-opensource-7.2.7/var/lib/virtuoso/db/fedup.ini, queries/q08d.sparql
    output: output/rdfs/Jena/q08d.1.csv, output/rdfs/Jena/q08d.1.json
    jobid: 64
    reason: Missing output files: output/rdfs/Jena/q08d.1.csv
    wildcards: workload=rdfs, query=q08d, run=1
    priority: 50
    resources: tmpdir=/tmp

[Tue Mar 18 10:15:03 2025]
Finished job 64.
46 of 305 steps (15%) done
Select jobs to execute...
Execute 1 jobs...

[Tue Mar 18 10:15:03 2025]
localrule run_Fedup_FedX_query:
    input: /workspaces/P-TER/virtuoso-opensource-7.2.7, /workspaces/P-TER/virtuoso-opensource-7.2.7/var/lib/virtuoso/db/fedup.ini, fedup-queries/q03a.sparql
    output: output/rdfs/FedUp-FedX/q03a.1.csv, output/rdfs/FedUp-FedX/q03a.1.json
    jobid: 351
    reason: Missing output files: output/rdfs/FedUp-FedX/q03a.1.csv
    wildcards: workload=rdfs, query=q03a, run=1
    priority: 50
    resources: tmpdir=/tmp

[Tue Mar 18 10:16:24 2025]
Finished job 351.
47 of 305 steps (15%) done
Select jobs to execute...
Execute 1 jobs...

[Tue Mar 18 10:16:24 2025]
localrule run_Fedup_HefQuin_query:
    input: /workspaces/P-TER/virtuoso-opensource-7.2.7, /workspaces/P-TER/virtuoso-opensource-7.2.7/var/lib/virtuoso/db/fedup.ini, /workspaces/P-TER/fedup-queries/q03a.sparql
    output: output/rdfs/FedUp-HefQuin/q03a.1.csv, output/rdfs/FedUp-HefQuin/q03a.1.json, output/rdfs/FedUp-HefQuin/q03a.1.txt
    jobid: 461
    reason: Missing output files: output/rdfs/FedUp-HefQuin/q03a.1.csv
    wildcards: workload=rdfs, query=q03a, run=1
    priority: 50
    resources: tmpdir=/tmp

[Tue Mar 18 10:19:08 2025]
Finished job 461.
48 of 305 steps (16%) done
Select jobs to execute...
Execute 1 jobs...

[Tue Mar 18 10:19:08 2025]
localrule run_Fedup_HefQuin_query:
    input: /workspaces/P-TER/virtuoso-opensource-7.2.7, /workspaces/P-TER/virtuoso-opensource-7.2.7/var/lib/virtuoso/db/fedup.ini, /workspaces/P-TER/fedup-queries/q03e.sparql
    output: output/rdfs/FedUp-HefQuin/q03e.1.csv, output/rdfs/FedUp-HefQuin/q03e.1.json, output/rdfs/FedUp-HefQuin/q03e.1.txt
    jobid: 465
    reason: Missing output files: output/rdfs/FedUp-HefQuin/q03e.1.csv
    wildcards: workload=rdfs, query=q03e, run=1
    priority: 50
    resources: tmpdir=/tmp

[Tue Mar 18 10:20:38 2025]
Finished job 465.
49 of 305 steps (16%) done
Select jobs to execute...
Execute 1 jobs...

[Tue Mar 18 10:20:38 2025]
localrule run_Fedup_FedX_query:
    input: /workspaces/P-TER/virtuoso-opensource-7.2.7, /workspaces/P-TER/virtuoso-opensource-7.2.7/var/lib/virtuoso/db/fedup.ini, fedup-queries/q03g.sparql
    output: output/rdfs/FedUp-FedX/q03g.1.csv, output/rdfs/FedUp-FedX/q03g.1.json
    jobid: 357
    reason: Missing output files: output/rdfs/FedUp-FedX/q03g.1.csv
    wildcards: workload=rdfs, query=q03g, run=1
    priority: 50
    resources: tmpdir=/tmp

[Tue Mar 18 10:21:49 2025]
Finished job 357.
50 of 305 steps (16%) done
Select jobs to execute...
Execute 1 jobs...

[Tue Mar 18 10:21:49 2025]
localrule run_Fedup_HefQuin_query:
    input: /workspaces/P-TER/virtuoso-opensource-7.2.7, /workspaces/P-TER/virtuoso-opensource-7.2.7/var/lib/virtuoso/db/fedup.ini, /workspaces/P-TER/fedup-queries/q03i.sparql
    output: output/rdfs/FedUp-HefQuin/q03i.1.csv, output/rdfs/FedUp-HefQuin/q03i.1.json, output/rdfs/FedUp-HefQuin/q03i.1.txt
    jobid: 469
    reason: Missing output files: output/rdfs/FedUp-HefQuin/q03i.1.csv
    wildcards: workload=rdfs, query=q03i, run=1
    priority: 50
    resources: tmpdir=/tmp

[Tue Mar 18 10:24:16 2025]
Finished job 469.
51 of 305 steps (17%) done
Select jobs to execute...
Execute 1 jobs...

[Tue Mar 18 10:24:16 2025]
localrule run_Fedup_FedX_query:
    input: /workspaces/P-TER/virtuoso-opensource-7.2.7, /workspaces/P-TER/virtuoso-opensource-7.2.7/var/lib/virtuoso/db/fedup.ini, fedup-queries/q03i.sparql
    output: output/rdfs/FedUp-FedX/q03i.1.csv, output/rdfs/FedUp-FedX/q03i.1.json
    jobid: 359
    reason: Missing output files: output/rdfs/FedUp-FedX/q03i.1.csv
    wildcards: workload=rdfs, query=q03i, run=1
    priority: 50
    resources: tmpdir=/tmp

[Tue Mar 18 10:27:04 2025]
Finished job 359.
52 of 305 steps (17%) done
Select jobs to execute...
Execute 1 jobs...

[Tue Mar 18 10:27:04 2025]
localrule run_Fedup_HefQuin_query:
    input: /workspaces/P-TER/virtuoso-opensource-7.2.7, /workspaces/P-TER/virtuoso-opensource-7.2.7/var/lib/virtuoso/db/fedup.ini, /workspaces/P-TER/fedup-queries/q03g.sparql
    output: output/rdfs/FedUp-HefQuin/q03g.1.csv, output/rdfs/FedUp-HefQuin/q03g.1.json, output/rdfs/FedUp-HefQuin/q03g.1.txt
    jobid: 467
    reason: Missing output files: output/rdfs/FedUp-HefQuin/q03g.1.csv
    wildcards: workload=rdfs, query=q03g, run=1
    priority: 50
    resources: tmpdir=/tmp

Terminating processes on user request, this might take some time.
Traceback (most recent call last):

  File "/usr/local/python/3.12.1/lib/python3.12/site-packages/snakemake/executors/local.py", line 232, in spawn_job
    subprocess.check_call(cmd, shell=True)

  File "/usr/local/python/3.12.1/lib/python3.12/subprocess.py", line 413, in check_call
    raise CalledProcessError(retcode, cmd)

subprocess.CalledProcessError: Command 'cd /workspaces/P-TER && /usr/local/python/3.12.1/bin/python3 -m snakemake --snakefile '/workspaces/P-TER/Snakefile' --target-jobs 'run_Fedup_HefQuin_query:workload=rdfs,query=q03g,run=1' --allowed-rules run_Fedup_HefQuin_query --cores 1 --attempt 1 --force-use-threads  --force --target-files-omit-workdir-adjustment --keep-storage-local-copies --max-inventory-time 0 --nocolor --notemp --no-hooks --nolock --ignore-incomplete --rerun-triggers params mtime input software-env code --conda-frontend 'conda' --shared-fs-usage storage-local-copies persistence software-deployment sources input-output source-cache --wrapper-prefix 'https://github.com/snakemake/snakemake-wrappers/raw/' --latency-wait 5 --scheduler 'greedy' --local-storage-prefix .snakemake/storage --scheduler-solver-path '/usr/local/python/3.12.1/bin' --default-resources base64//dG1wZGlyPXN5c3RlbV90bXBkaXI= --quiet progress rules --mode 'subprocess' --local-groupid 'local'' died with <Signals.SIGINT: 2>.


During handling of the above exception, another exception occurred:


Traceback (most recent call last):

  File "/usr/local/python/3.12.1/lib/python3.12/concurrent/futures/thread.py", line 58, in run
    result = self.fn(*self.args, **self.kwargs)
             ^^^^^^^^^^^^^^^^^^^^^^^^^^^^^^^^^^

  File "/usr/local/python/3.12.1/lib/python3.12/site-packages/snakemake/executors/local.py", line 247, in cached_or_run
    run_func(*args)

  File "/usr/local/python/3.12.1/lib/python3.12/site-packages/snakemake/executors/local.py", line 234, in spawn_job
    raise SpawnedJobError()

snakemake.exceptions.SpawnedJobError

[Tue Mar 18 10:54:50 2025]
Error in rule run_Fedup_HefQuin_query:
    jobid: 467
    input: /workspaces/P-TER/virtuoso-opensource-7.2.7, /workspaces/P-TER/virtuoso-opensource-7.2.7/var/lib/virtuoso/db/fedup.ini, /workspaces/P-TER/fedup-queries/q03g.sparql
    output: output/rdfs/FedUp-HefQuin/q03g.1.csv, output/rdfs/FedUp-HefQuin/q03g.1.json, output/rdfs/FedUp-HefQuin/q03g.1.txt

Complete log: .snakemake/log/2025-03-18T100607.950760.snakemake.log
WorkflowError:
At least one job did not complete successfully.
