host: codespaces-c89ec1
Building DAG of jobs...
Using shell: /usr/bin/bash
Provided cores: 1 (use --cores to define parallelism)
Rules claiming more threads will be scaled down.
Job stats:
job               count
--------------  -------
all                   1
run_fedX_query        3
total                 4

Select jobs to execute...
Execute 1 jobs...

[Thu Mar 13 21:25:12 2025]
localrule run_fedX_query:
    input: /workspaces/P-TER/virtuoso-opensource-7.2.7, /workspaces/P-TER/virtuoso-opensource-7.2.7/var/lib/virtuoso/db/fedup.ini, /workspaces/P-TER/apache-jena-fuseki-4.9.0, queries/q04h.sparql, config/rdfs/endpoints.txt
    output: output/rdfs/FedX/q04h.1.csv, output/rdfs/FedX/q04h.1.json
    jobid: 1
    reason: Missing output files: output/rdfs/FedX/q04h.1.csv
    wildcards: workload=rdfs, query=q04h, run=1
    priority: 50
    resources: tmpdir=/tmp

[Thu Mar 13 21:25:18 2025]
Finished job 1.
1 of 4 steps (25%) done
Select jobs to execute...
Execute 1 jobs...

[Thu Mar 13 21:25:18 2025]
localrule run_fedX_query:
    input: /workspaces/P-TER/virtuoso-opensource-7.2.7, /workspaces/P-TER/virtuoso-opensource-7.2.7/var/lib/virtuoso/db/fedup.ini, /workspaces/P-TER/apache-jena-fuseki-4.9.0, queries/q04h.sparql, config/rdfs/endpoints.txt
    output: output/rdfs/FedX/q04h.3.csv, output/rdfs/FedX/q04h.3.json
    jobid: 3
    reason: Missing output files: output/rdfs/FedX/q04h.3.csv
    wildcards: workload=rdfs, query=q04h, run=3
    priority: 50
    resources: tmpdir=/tmp

[Thu Mar 13 21:25:21 2025]
Finished job 3.
2 of 4 steps (50%) done
Select jobs to execute...
Execute 1 jobs...

[Thu Mar 13 21:25:21 2025]
localrule run_fedX_query:
    input: /workspaces/P-TER/virtuoso-opensource-7.2.7, /workspaces/P-TER/virtuoso-opensource-7.2.7/var/lib/virtuoso/db/fedup.ini, /workspaces/P-TER/apache-jena-fuseki-4.9.0, queries/q04h.sparql, config/rdfs/endpoints.txt
    output: output/rdfs/FedX/q04h.2.csv, output/rdfs/FedX/q04h.2.json
    jobid: 2
    reason: Missing output files: output/rdfs/FedX/q04h.2.csv
    wildcards: workload=rdfs, query=q04h, run=2
    priority: 50
    resources: tmpdir=/tmp

[Thu Mar 13 21:25:24 2025]
Finished job 2.
3 of 4 steps (75%) done
Select jobs to execute...
Execute 1 jobs...

[Thu Mar 13 21:25:24 2025]
localrule all:
    input: /workspaces/P-TER/apache-jena-fuseki-4.9.0, /workspaces/P-TER/apache-jena-4.9.0, config/largerdfbench/graphs.txt, config/rdfs/endpoints.txt, output/rdfs/FedX/q04h.1.csv, output/rdfs/FedX/q04h.2.csv, output/rdfs/FedX/q04h.3.csv
    output: output/data.csv
    jobid: 0
    reason: Input files updated by another job: output/rdfs/FedX/q04h.1.csv, output/rdfs/FedX/q04h.3.csv, output/rdfs/FedX/q04h.2.csv; Set of input files has changed since last execution
    resources: tmpdir=/tmp

[Thu Mar 13 21:25:25 2025]
Finished job 0.
4 of 4 steps (100%) done
Complete log: .snakemake/log/2025-03-13T212512.720527.snakemake.log
