host: codespaces-dfd9c6
Building DAG of jobs...
Using shell: /usr/bin/bash
Provided cores: 1 (use --cores to define parallelism)
Rules claiming more threads will be scaled down.
Job stats:
job                     count
--------------------  -------
all                         1
run_Fedup_Jena_query       24
total                      25

Select jobs to execute...
Execute 1 jobs...

[Tue Mar 11 20:57:40 2025]
localrule run_Fedup_Jena_query:
    input: /workspaces/P-TER/virtuoso-opensource-7.2.7, /workspaces/P-TER/virtuoso-opensource-7.2.7/var/lib/virtuoso/db/fedup.ini, fedup-queries/q01e.sparql
    output: output/rdfs/FedUp-Jena/q01e.3.csv, output/rdfs/FedUp-Jena/q01e.3.json
    jobid: 165
    reason: Missing output files: output/rdfs/FedUp-Jena/q01e.3.csv
    wildcards: workload=rdfs, query=q01e, run=3
    priority: 20
    resources: tmpdir=/tmp

[Tue Mar 11 20:57:49 2025]
Finished job 165.
1 of 25 steps (4%) done
Select jobs to execute...
Execute 1 jobs...

[Tue Mar 11 20:57:49 2025]
localrule run_Fedup_Jena_query:
    input: /workspaces/P-TER/virtuoso-opensource-7.2.7, /workspaces/P-TER/virtuoso-opensource-7.2.7/var/lib/virtuoso/db/fedup.ini, fedup-queries/q01i.sparql
    output: output/rdfs/FedUp-Jena/q01i.3.csv, output/rdfs/FedUp-Jena/q01i.3.json
    jobid: 177
    reason: Missing output files: output/rdfs/FedUp-Jena/q01i.3.csv
    wildcards: workload=rdfs, query=q01i, run=3
    priority: 20
    resources: tmpdir=/tmp

[Tue Mar 11 20:57:59 2025]
Finished job 177.
2 of 25 steps (8%) done
Select jobs to execute...
Execute 1 jobs...

[Tue Mar 11 20:57:59 2025]
localrule run_Fedup_Jena_query:
    input: /workspaces/P-TER/virtuoso-opensource-7.2.7, /workspaces/P-TER/virtuoso-opensource-7.2.7/var/lib/virtuoso/db/fedup.ini, fedup-queries/q01g.sparql
    output: output/rdfs/FedUp-Jena/q01g.3.csv, output/rdfs/FedUp-Jena/q01g.3.json
    jobid: 171
    reason: Missing output files: output/rdfs/FedUp-Jena/q01g.3.csv
    wildcards: workload=rdfs, query=q01g, run=3
    priority: 20
    resources: tmpdir=/tmp

[Tue Mar 11 20:58:07 2025]
Finished job 171.
3 of 25 steps (12%) done
Select jobs to execute...
Execute 1 jobs...

[Tue Mar 11 20:58:07 2025]
localrule run_Fedup_Jena_query:
    input: /workspaces/P-TER/virtuoso-opensource-7.2.7, /workspaces/P-TER/virtuoso-opensource-7.2.7/var/lib/virtuoso/db/fedup.ini, fedup-queries/q01j.sparql
    output: output/rdfs/FedUp-Jena/q01j.3.csv, output/rdfs/FedUp-Jena/q01j.3.json
    jobid: 180
    reason: Missing output files: output/rdfs/FedUp-Jena/q01j.3.csv
    wildcards: workload=rdfs, query=q01j, run=3
    priority: 20
    resources: tmpdir=/tmp

[Tue Mar 11 20:58:16 2025]
Finished job 180.
4 of 25 steps (16%) done
Select jobs to execute...
Execute 1 jobs...

[Tue Mar 11 20:58:16 2025]
localrule run_Fedup_Jena_query:
    input: /workspaces/P-TER/virtuoso-opensource-7.2.7, /workspaces/P-TER/virtuoso-opensource-7.2.7/var/lib/virtuoso/db/fedup.ini, fedup-queries/q01h.sparql
    output: output/rdfs/FedUp-Jena/q01h.3.csv, output/rdfs/FedUp-Jena/q01h.3.json
    jobid: 174
    reason: Missing output files: output/rdfs/FedUp-Jena/q01h.3.csv
    wildcards: workload=rdfs, query=q01h, run=3
    priority: 20
    resources: tmpdir=/tmp

[Tue Mar 11 20:58:26 2025]
Finished job 174.
5 of 25 steps (20%) done
Select jobs to execute...
Execute 1 jobs...

[Tue Mar 11 20:58:26 2025]
localrule run_Fedup_Jena_query:
    input: /workspaces/P-TER/virtuoso-opensource-7.2.7, /workspaces/P-TER/virtuoso-opensource-7.2.7/var/lib/virtuoso/db/fedup.ini, fedup-queries/q01d.sparql
    output: output/rdfs/FedUp-Jena/q01d.3.csv, output/rdfs/FedUp-Jena/q01d.3.json
    jobid: 162
    reason: Missing output files: output/rdfs/FedUp-Jena/q01d.3.csv
    wildcards: workload=rdfs, query=q01d, run=3
    priority: 20
    resources: tmpdir=/tmp

[Tue Mar 11 20:58:34 2025]
Finished job 162.
6 of 25 steps (24%) done
Select jobs to execute...
Execute 1 jobs...

[Tue Mar 11 20:58:34 2025]
localrule run_Fedup_Jena_query:
    input: /workspaces/P-TER/virtuoso-opensource-7.2.7, /workspaces/P-TER/virtuoso-opensource-7.2.7/var/lib/virtuoso/db/fedup.ini, fedup-queries/q01e.sparql
    output: output/rdfs/FedUp-Jena/q01e.1.csv, output/rdfs/FedUp-Jena/q01e.1.json
    jobid: 163
    reason: Missing output files: output/rdfs/FedUp-Jena/q01e.1.csv
    wildcards: workload=rdfs, query=q01e, run=1
    priority: 20
    resources: tmpdir=/tmp

[Tue Mar 11 20:58:44 2025]
Finished job 163.
7 of 25 steps (28%) done
Select jobs to execute...
Execute 1 jobs...

[Tue Mar 11 20:58:44 2025]
localrule run_Fedup_Jena_query:
    input: /workspaces/P-TER/virtuoso-opensource-7.2.7, /workspaces/P-TER/virtuoso-opensource-7.2.7/var/lib/virtuoso/db/fedup.ini, fedup-queries/q01g.sparql
    output: output/rdfs/FedUp-Jena/q01g.1.csv, output/rdfs/FedUp-Jena/q01g.1.json
    jobid: 169
    reason: Missing output files: output/rdfs/FedUp-Jena/q01g.1.csv
    wildcards: workload=rdfs, query=q01g, run=1
    priority: 20
    resources: tmpdir=/tmp

[Tue Mar 11 20:58:51 2025]
Finished job 169.
8 of 25 steps (32%) done
Select jobs to execute...
Execute 1 jobs...

[Tue Mar 11 20:58:51 2025]
localrule run_Fedup_Jena_query:
    input: /workspaces/P-TER/virtuoso-opensource-7.2.7, /workspaces/P-TER/virtuoso-opensource-7.2.7/var/lib/virtuoso/db/fedup.ini, fedup-queries/q01i.sparql
    output: output/rdfs/FedUp-Jena/q01i.1.csv, output/rdfs/FedUp-Jena/q01i.1.json
    jobid: 175
    reason: Missing output files: output/rdfs/FedUp-Jena/q01i.1.csv
    wildcards: workload=rdfs, query=q01i, run=1
    priority: 20
    resources: tmpdir=/tmp

[Tue Mar 11 20:59:01 2025]
Finished job 175.
9 of 25 steps (36%) done
Select jobs to execute...
Execute 1 jobs...

[Tue Mar 11 20:59:01 2025]
localrule run_Fedup_Jena_query:
    input: /workspaces/P-TER/virtuoso-opensource-7.2.7, /workspaces/P-TER/virtuoso-opensource-7.2.7/var/lib/virtuoso/db/fedup.ini, fedup-queries/q01d.sparql
    output: output/rdfs/FedUp-Jena/q01d.1.csv, output/rdfs/FedUp-Jena/q01d.1.json
    jobid: 160
    reason: Missing output files: output/rdfs/FedUp-Jena/q01d.1.csv
    wildcards: workload=rdfs, query=q01d, run=1
    priority: 20
    resources: tmpdir=/tmp

[Tue Mar 11 20:59:10 2025]
Finished job 160.
10 of 25 steps (40%) done
Select jobs to execute...
Execute 1 jobs...

[Tue Mar 11 20:59:10 2025]
localrule run_Fedup_Jena_query:
    input: /workspaces/P-TER/virtuoso-opensource-7.2.7, /workspaces/P-TER/virtuoso-opensource-7.2.7/var/lib/virtuoso/db/fedup.ini, fedup-queries/q01h.sparql
    output: output/rdfs/FedUp-Jena/q01h.1.csv, output/rdfs/FedUp-Jena/q01h.1.json
    jobid: 172
    reason: Missing output files: output/rdfs/FedUp-Jena/q01h.1.csv
    wildcards: workload=rdfs, query=q01h, run=1
    priority: 20
    resources: tmpdir=/tmp

[Tue Mar 11 20:59:20 2025]
Finished job 172.
11 of 25 steps (44%) done
Select jobs to execute...
Execute 1 jobs...

[Tue Mar 11 20:59:20 2025]
localrule run_Fedup_Jena_query:
    input: /workspaces/P-TER/virtuoso-opensource-7.2.7, /workspaces/P-TER/virtuoso-opensource-7.2.7/var/lib/virtuoso/db/fedup.ini, fedup-queries/q01j.sparql
    output: output/rdfs/FedUp-Jena/q01j.1.csv, output/rdfs/FedUp-Jena/q01j.1.json
    jobid: 178
    reason: Missing output files: output/rdfs/FedUp-Jena/q01j.1.csv
    wildcards: workload=rdfs, query=q01j, run=1
    priority: 20
    resources: tmpdir=/tmp

[Tue Mar 11 20:59:29 2025]
Finished job 178.
12 of 25 steps (48%) done
Select jobs to execute...
Execute 1 jobs...

[Tue Mar 11 20:59:29 2025]
localrule run_Fedup_Jena_query:
    input: /workspaces/P-TER/virtuoso-opensource-7.2.7, /workspaces/P-TER/virtuoso-opensource-7.2.7/var/lib/virtuoso/db/fedup.ini, fedup-queries/q01e.sparql
    output: output/rdfs/FedUp-Jena/q01e.2.csv, output/rdfs/FedUp-Jena/q01e.2.json
    jobid: 164
    reason: Missing output files: output/rdfs/FedUp-Jena/q01e.2.csv
    wildcards: workload=rdfs, query=q01e, run=2
    priority: 20
    resources: tmpdir=/tmp

[Tue Mar 11 20:59:38 2025]
Finished job 164.
13 of 25 steps (52%) done
Select jobs to execute...
Execute 1 jobs...

[Tue Mar 11 20:59:38 2025]
localrule run_Fedup_Jena_query:
    input: /workspaces/P-TER/virtuoso-opensource-7.2.7, /workspaces/P-TER/virtuoso-opensource-7.2.7/var/lib/virtuoso/db/fedup.ini, fedup-queries/q01g.sparql
    output: output/rdfs/FedUp-Jena/q01g.2.csv, output/rdfs/FedUp-Jena/q01g.2.json
    jobid: 170
    reason: Missing output files: output/rdfs/FedUp-Jena/q01g.2.csv
    wildcards: workload=rdfs, query=q01g, run=2
    priority: 20
    resources: tmpdir=/tmp

[Tue Mar 11 20:59:45 2025]
Finished job 170.
14 of 25 steps (56%) done
Select jobs to execute...
Execute 1 jobs...

[Tue Mar 11 20:59:45 2025]
localrule run_Fedup_Jena_query:
    input: /workspaces/P-TER/virtuoso-opensource-7.2.7, /workspaces/P-TER/virtuoso-opensource-7.2.7/var/lib/virtuoso/db/fedup.ini, fedup-queries/q01i.sparql
    output: output/rdfs/FedUp-Jena/q01i.2.csv, output/rdfs/FedUp-Jena/q01i.2.json
    jobid: 176
    reason: Missing output files: output/rdfs/FedUp-Jena/q01i.2.csv
    wildcards: workload=rdfs, query=q01i, run=2
    priority: 20
    resources: tmpdir=/tmp

[Tue Mar 11 20:59:55 2025]
Finished job 176.
15 of 25 steps (60%) done
Select jobs to execute...
Execute 1 jobs...

[Tue Mar 11 20:59:55 2025]
localrule run_Fedup_Jena_query:
    input: /workspaces/P-TER/virtuoso-opensource-7.2.7, /workspaces/P-TER/virtuoso-opensource-7.2.7/var/lib/virtuoso/db/fedup.ini, fedup-queries/q01d.sparql
    output: output/rdfs/FedUp-Jena/q01d.2.csv, output/rdfs/FedUp-Jena/q01d.2.json
    jobid: 161
    reason: Missing output files: output/rdfs/FedUp-Jena/q01d.2.csv
    wildcards: workload=rdfs, query=q01d, run=2
    priority: 20
    resources: tmpdir=/tmp

[Tue Mar 11 21:00:04 2025]
Finished job 161.
16 of 25 steps (64%) done
Select jobs to execute...
Execute 1 jobs...

[Tue Mar 11 21:00:04 2025]
localrule run_Fedup_Jena_query:
    input: /workspaces/P-TER/virtuoso-opensource-7.2.7, /workspaces/P-TER/virtuoso-opensource-7.2.7/var/lib/virtuoso/db/fedup.ini, fedup-queries/q01h.sparql
    output: output/rdfs/FedUp-Jena/q01h.2.csv, output/rdfs/FedUp-Jena/q01h.2.json
    jobid: 173
    reason: Missing output files: output/rdfs/FedUp-Jena/q01h.2.csv
    wildcards: workload=rdfs, query=q01h, run=2
    priority: 20
    resources: tmpdir=/tmp

[Tue Mar 11 21:00:14 2025]
Finished job 173.
17 of 25 steps (68%) done
Select jobs to execute...
Execute 1 jobs...

[Tue Mar 11 21:00:14 2025]
localrule run_Fedup_Jena_query:
    input: /workspaces/P-TER/virtuoso-opensource-7.2.7, /workspaces/P-TER/virtuoso-opensource-7.2.7/var/lib/virtuoso/db/fedup.ini, fedup-queries/q01j.sparql
    output: output/rdfs/FedUp-Jena/q01j.2.csv, output/rdfs/FedUp-Jena/q01j.2.json
    jobid: 179
    reason: Missing output files: output/rdfs/FedUp-Jena/q01j.2.csv
    wildcards: workload=rdfs, query=q01j, run=2
    priority: 20
    resources: tmpdir=/tmp

[Tue Mar 11 21:00:22 2025]
Finished job 179.
18 of 25 steps (72%) done
Select jobs to execute...
Execute 1 jobs...

[Tue Mar 11 21:00:22 2025]
localrule run_Fedup_Jena_query:
    input: /workspaces/P-TER/virtuoso-opensource-7.2.7, /workspaces/P-TER/virtuoso-opensource-7.2.7/var/lib/virtuoso/db/fedup.ini, fedup-queries/q01f.sparql
    output: output/rdfs/FedUp-Jena/q01f.1.csv, output/rdfs/FedUp-Jena/q01f.1.json
    jobid: 166
    reason: Missing output files: output/rdfs/FedUp-Jena/q01f.1.csv
    wildcards: workload=rdfs, query=q01f, run=1
    priority: 20
    resources: tmpdir=/tmp

[Tue Mar 11 21:00:31 2025]
Finished job 166.
19 of 25 steps (76%) done
Select jobs to execute...
Execute 1 jobs...

[Tue Mar 11 21:00:31 2025]
localrule run_Fedup_Jena_query:
    input: /workspaces/P-TER/virtuoso-opensource-7.2.7, /workspaces/P-TER/virtuoso-opensource-7.2.7/var/lib/virtuoso/db/fedup.ini, fedup-queries/q01f.sparql
    output: output/rdfs/FedUp-Jena/q01f.2.csv, output/rdfs/FedUp-Jena/q01f.2.json
    jobid: 167
    reason: Missing output files: output/rdfs/FedUp-Jena/q01f.2.csv
    wildcards: workload=rdfs, query=q01f, run=2
    priority: 20
    resources: tmpdir=/tmp

[Tue Mar 11 21:00:40 2025]
Finished job 167.
20 of 25 steps (80%) done
Select jobs to execute...
Execute 1 jobs...

[Tue Mar 11 21:00:40 2025]
localrule run_Fedup_Jena_query:
    input: /workspaces/P-TER/virtuoso-opensource-7.2.7, /workspaces/P-TER/virtuoso-opensource-7.2.7/var/lib/virtuoso/db/fedup.ini, fedup-queries/q01f.sparql
    output: output/rdfs/FedUp-Jena/q01f.3.csv, output/rdfs/FedUp-Jena/q01f.3.json
    jobid: 168
    reason: Missing output files: output/rdfs/FedUp-Jena/q01f.3.csv
    wildcards: workload=rdfs, query=q01f, run=3
    priority: 20
    resources: tmpdir=/tmp

[Tue Mar 11 21:00:48 2025]
Finished job 168.
21 of 25 steps (84%) done
Select jobs to execute...
Execute 1 jobs...

[Tue Mar 11 21:00:48 2025]
localrule run_Fedup_Jena_query:
    input: /workspaces/P-TER/virtuoso-opensource-7.2.7, /workspaces/P-TER/virtuoso-opensource-7.2.7/var/lib/virtuoso/db/fedup.ini, fedup-queries/q01a.sparql
    output: output/rdfs/FedUp-Jena/q01a.2.csv, output/rdfs/FedUp-Jena/q01a.2.json
    jobid: 152
    reason: Missing output files: output/rdfs/FedUp-Jena/q01a.2.csv
    wildcards: workload=rdfs, query=q01a, run=2
    priority: 20
    resources: tmpdir=/tmp

[Tue Mar 11 21:00:53 2025]
Finished job 152.
22 of 25 steps (88%) done
Select jobs to execute...
Execute 1 jobs...

[Tue Mar 11 21:00:53 2025]
localrule run_Fedup_Jena_query:
    input: /workspaces/P-TER/virtuoso-opensource-7.2.7, /workspaces/P-TER/virtuoso-opensource-7.2.7/var/lib/virtuoso/db/fedup.ini, fedup-queries/q01a.sparql
    output: output/rdfs/FedUp-Jena/q01a.3.csv, output/rdfs/FedUp-Jena/q01a.3.json
    jobid: 153
    reason: Missing output files: output/rdfs/FedUp-Jena/q01a.3.csv
    wildcards: workload=rdfs, query=q01a, run=3
    priority: 20
    resources: tmpdir=/tmp

[Tue Mar 11 21:00:58 2025]
Finished job 153.
23 of 25 steps (92%) done
Select jobs to execute...
Execute 1 jobs...

[Tue Mar 11 21:00:58 2025]
localrule run_Fedup_Jena_query:
    input: /workspaces/P-TER/virtuoso-opensource-7.2.7, /workspaces/P-TER/virtuoso-opensource-7.2.7/var/lib/virtuoso/db/fedup.ini, fedup-queries/q01a.sparql
    output: output/rdfs/FedUp-Jena/q01a.1.csv, output/rdfs/FedUp-Jena/q01a.1.json
    jobid: 151
    reason: Missing output files: output/rdfs/FedUp-Jena/q01a.1.csv
    wildcards: workload=rdfs, query=q01a, run=1
    priority: 20
    resources: tmpdir=/tmp

[Tue Mar 11 21:01:04 2025]
Finished job 151.
24 of 25 steps (96%) done
Select jobs to execute...
Execute 1 jobs...

[Tue Mar 11 21:01:04 2025]
localrule all:
    input: /workspaces/P-TER/apache-jena-fuseki-4.9.0, /workspaces/P-TER/apache-jena-4.9.0, config/largerdfbench/graphs.txt, config/rdfs/endpoints.txt, output/rdfs/Jena/q01a.1.csv, output/rdfs/Jena/q01a.2.csv, output/rdfs/Jena/q01a.3.csv, output/rdfs/Jena/q01b.1.csv, output/rdfs/Jena/q01b.2.csv, output/rdfs/Jena/q01b.3.csv, output/rdfs/Jena/q01c.1.csv, output/rdfs/Jena/q01c.2.csv, output/rdfs/Jena/q01c.3.csv, output/rdfs/Jena/q01d.1.csv, output/rdfs/Jena/q01d.2.csv, output/rdfs/Jena/q01d.3.csv, output/rdfs/Jena/q01e.1.csv, output/rdfs/Jena/q01e.2.csv, output/rdfs/Jena/q01e.3.csv, output/rdfs/Jena/q01f.1.csv, output/rdfs/Jena/q01f.2.csv, output/rdfs/Jena/q01f.3.csv, output/rdfs/Jena/q01g.1.csv, output/rdfs/Jena/q01g.2.csv, output/rdfs/Jena/q01g.3.csv, output/rdfs/Jena/q01h.1.csv, output/rdfs/Jena/q01h.2.csv, output/rdfs/Jena/q01h.3.csv, output/rdfs/Jena/q01i.1.csv, output/rdfs/Jena/q01i.2.csv, output/rdfs/Jena/q01i.3.csv, output/rdfs/Jena/q01j.1.csv, output/rdfs/Jena/q01j.2.csv, output/rdfs/Jena/q01j.3.csv, output/rdfs/FedX/q01a.1.csv, output/rdfs/FedX/q01a.2.csv, output/rdfs/FedX/q01a.3.csv, output/rdfs/FedX/q01b.1.csv, output/rdfs/FedX/q01b.2.csv, output/rdfs/FedX/q01b.3.csv, output/rdfs/FedX/q01c.1.csv, output/rdfs/FedX/q01c.2.csv, output/rdfs/FedX/q01c.3.csv, output/rdfs/FedX/q01d.1.csv, output/rdfs/FedX/q01d.2.csv, output/rdfs/FedX/q01d.3.csv, output/rdfs/FedX/q01e.1.csv, output/rdfs/FedX/q01e.2.csv, output/rdfs/FedX/q01e.3.csv, output/rdfs/FedX/q01f.1.csv, output/rdfs/FedX/q01f.2.csv, output/rdfs/FedX/q01f.3.csv, output/rdfs/FedX/q01g.1.csv, output/rdfs/FedX/q01g.2.csv, output/rdfs/FedX/q01g.3.csv, output/rdfs/FedX/q01h.1.csv, output/rdfs/FedX/q01h.2.csv, output/rdfs/FedX/q01h.3.csv, output/rdfs/FedX/q01i.1.csv, output/rdfs/FedX/q01i.2.csv, output/rdfs/FedX/q01i.3.csv, output/rdfs/FedX/q01j.1.csv, output/rdfs/FedX/q01j.2.csv, output/rdfs/FedX/q01j.3.csv, output/rdfs/HefQuin/q01a.1.csv, output/rdfs/HefQuin/q01a.2.csv, output/rdfs/HefQuin/q01a.3.csv, output/rdfs/HefQuin/q01b.1.csv, output/rdfs/HefQuin/q01b.2.csv, output/rdfs/HefQuin/q01b.3.csv, output/rdfs/HefQuin/q01c.1.csv, output/rdfs/HefQuin/q01c.2.csv, output/rdfs/HefQuin/q01c.3.csv, output/rdfs/HefQuin/q01d.1.csv, output/rdfs/HefQuin/q01d.2.csv, output/rdfs/HefQuin/q01d.3.csv, output/rdfs/HefQuin/q01e.1.csv, output/rdfs/HefQuin/q01e.2.csv, output/rdfs/HefQuin/q01e.3.csv, output/rdfs/HefQuin/q01f.1.csv, output/rdfs/HefQuin/q01f.2.csv, output/rdfs/HefQuin/q01f.3.csv, output/rdfs/HefQuin/q01g.1.csv, output/rdfs/HefQuin/q01g.2.csv, output/rdfs/HefQuin/q01g.3.csv, output/rdfs/HefQuin/q01h.1.csv, output/rdfs/HefQuin/q01h.2.csv, output/rdfs/HefQuin/q01h.3.csv, output/rdfs/HefQuin/q01i.1.csv, output/rdfs/HefQuin/q01i.2.csv, output/rdfs/HefQuin/q01i.3.csv, output/rdfs/HefQuin/q01j.1.csv, output/rdfs/HefQuin/q01j.2.csv, output/rdfs/HefQuin/q01j.3.csv, output/rdfs/FedUp-FedX/q01a.1.csv, output/rdfs/FedUp-FedX/q01a.2.csv, output/rdfs/FedUp-FedX/q01a.3.csv, output/rdfs/FedUp-FedX/q01b.1.csv, output/rdfs/FedUp-FedX/q01b.2.csv, output/rdfs/FedUp-FedX/q01b.3.csv, output/rdfs/FedUp-FedX/q01c.1.csv, output/rdfs/FedUp-FedX/q01c.2.csv, output/rdfs/FedUp-FedX/q01c.3.csv, output/rdfs/FedUp-FedX/q01d.1.csv, output/rdfs/FedUp-FedX/q01d.2.csv, output/rdfs/FedUp-FedX/q01d.3.csv, output/rdfs/FedUp-FedX/q01e.1.csv, output/rdfs/FedUp-FedX/q01e.2.csv, output/rdfs/FedUp-FedX/q01e.3.csv, output/rdfs/FedUp-FedX/q01f.1.csv, output/rdfs/FedUp-FedX/q01f.2.csv, output/rdfs/FedUp-FedX/q01f.3.csv, output/rdfs/FedUp-FedX/q01g.1.csv, output/rdfs/FedUp-FedX/q01g.2.csv, output/rdfs/FedUp-FedX/q01g.3.csv, output/rdfs/FedUp-FedX/q01h.1.csv, output/rdfs/FedUp-FedX/q01h.2.csv, output/rdfs/FedUp-FedX/q01h.3.csv, output/rdfs/FedUp-FedX/q01i.1.csv, output/rdfs/FedUp-FedX/q01i.2.csv, output/rdfs/FedUp-FedX/q01i.3.csv, output/rdfs/FedUp-FedX/q01j.1.csv, output/rdfs/FedUp-FedX/q01j.2.csv, output/rdfs/FedUp-FedX/q01j.3.csv, output/rdfs/FedUp-HefQuin/q01a.1.csv, output/rdfs/FedUp-HefQuin/q01a.2.csv, output/rdfs/FedUp-HefQuin/q01a.3.csv, output/rdfs/FedUp-HefQuin/q01b.1.csv, output/rdfs/FedUp-HefQuin/q01b.2.csv, output/rdfs/FedUp-HefQuin/q01b.3.csv, output/rdfs/FedUp-HefQuin/q01c.1.csv, output/rdfs/FedUp-HefQuin/q01c.2.csv, output/rdfs/FedUp-HefQuin/q01c.3.csv, output/rdfs/FedUp-HefQuin/q01d.1.csv, output/rdfs/FedUp-HefQuin/q01d.2.csv, output/rdfs/FedUp-HefQuin/q01d.3.csv, output/rdfs/FedUp-HefQuin/q01e.1.csv, output/rdfs/FedUp-HefQuin/q01e.2.csv, output/rdfs/FedUp-HefQuin/q01e.3.csv, output/rdfs/FedUp-HefQuin/q01f.1.csv, output/rdfs/FedUp-HefQuin/q01f.2.csv, output/rdfs/FedUp-HefQuin/q01f.3.csv, output/rdfs/FedUp-HefQuin/q01g.1.csv, output/rdfs/FedUp-HefQuin/q01g.2.csv, output/rdfs/FedUp-HefQuin/q01g.3.csv, output/rdfs/FedUp-HefQuin/q01h.1.csv, output/rdfs/FedUp-HefQuin/q01h.2.csv, output/rdfs/FedUp-HefQuin/q01h.3.csv, output/rdfs/FedUp-HefQuin/q01i.1.csv, output/rdfs/FedUp-HefQuin/q01i.2.csv, output/rdfs/FedUp-HefQuin/q01i.3.csv, output/rdfs/FedUp-HefQuin/q01j.1.csv, output/rdfs/FedUp-HefQuin/q01j.2.csv, output/rdfs/FedUp-HefQuin/q01j.3.csv, output/rdfs/FedUp-Jena/q01a.1.csv, output/rdfs/FedUp-Jena/q01a.2.csv, output/rdfs/FedUp-Jena/q01a.3.csv, output/rdfs/FedUp-Jena/q01b.1.csv, output/rdfs/FedUp-Jena/q01b.2.csv, output/rdfs/FedUp-Jena/q01b.3.csv, output/rdfs/FedUp-Jena/q01c.1.csv, output/rdfs/FedUp-Jena/q01c.2.csv, output/rdfs/FedUp-Jena/q01c.3.csv, output/rdfs/FedUp-Jena/q01d.1.csv, output/rdfs/FedUp-Jena/q01d.2.csv, output/rdfs/FedUp-Jena/q01d.3.csv, output/rdfs/FedUp-Jena/q01e.1.csv, output/rdfs/FedUp-Jena/q01e.2.csv, output/rdfs/FedUp-Jena/q01e.3.csv, output/rdfs/FedUp-Jena/q01f.1.csv, output/rdfs/FedUp-Jena/q01f.2.csv, output/rdfs/FedUp-Jena/q01f.3.csv, output/rdfs/FedUp-Jena/q01g.1.csv, output/rdfs/FedUp-Jena/q01g.2.csv, output/rdfs/FedUp-Jena/q01g.3.csv, output/rdfs/FedUp-Jena/q01h.1.csv, output/rdfs/FedUp-Jena/q01h.2.csv, output/rdfs/FedUp-Jena/q01h.3.csv, output/rdfs/FedUp-Jena/q01i.1.csv, output/rdfs/FedUp-Jena/q01i.2.csv, output/rdfs/FedUp-Jena/q01i.3.csv, output/rdfs/FedUp-Jena/q01j.1.csv, output/rdfs/FedUp-Jena/q01j.2.csv, output/rdfs/FedUp-Jena/q01j.3.csv
    output: output/data.csv
    jobid: 0
    reason: Missing output files: output/data.csv; Input files updated by another job: output/rdfs/FedUp-Jena/q01j.2.csv, output/rdfs/FedUp-Jena/q01e.3.csv, output/rdfs/FedUp-Jena/q01g.1.csv, output/rdfs/FedUp-Jena/q01i.2.csv, output/rdfs/FedUp-Jena/q01e.1.csv, output/rdfs/FedUp-Jena/q01f.2.csv, output/rdfs/FedUp-Jena/q01a.2.csv, output/rdfs/FedUp-Jena/q01g.2.csv, output/rdfs/FedUp-Jena/q01i.1.csv, output/rdfs/FedUp-Jena/q01j.3.csv, output/rdfs/FedUp-Jena/q01d.1.csv, output/rdfs/FedUp-Jena/q01f.1.csv, output/rdfs/FedUp-Jena/q01f.3.csv, output/rdfs/FedUp-Jena/q01i.3.csv, output/rdfs/FedUp-Jena/q01h.1.csv, output/rdfs/FedUp-Jena/q01d.3.csv, output/rdfs/FedUp-Jena/q01d.2.csv, output/rdfs/FedUp-Jena/q01a.1.csv, output/rdfs/FedUp-Jena/q01e.2.csv, output/rdfs/FedUp-Jena/q01h.3.csv, output/rdfs/FedUp-Jena/q01j.1.csv, output/rdfs/FedUp-Jena/q01a.3.csv, output/rdfs/FedUp-Jena/q01h.2.csv, output/rdfs/FedUp-Jena/q01g.3.csv
    resources: tmpdir=/tmp

[Tue Mar 11 21:01:05 2025]
Finished job 0.
25 of 25 steps (100%) done
Complete log: .snakemake/log/2025-03-11T205740.355100.snakemake.log
