host: codespaces-b3f22d
Building DAG of jobs...
Using shell: /usr/bin/bash
Provided cores: 1 (use --cores to define parallelism)
Rules claiming more threads will be scaled down.
Job stats:
job                           count
--------------------------  -------
install_apache_jena_fuseki        1
total                             1

Select jobs to execute...
Execute 1 jobs...

[Tue Feb  4 21:54:38 2025]
localrule install_apache_jena_fuseki:
    output: /workspaces/P-TER/apache-jena-fuseki-4.9.0
    jobid: 0
    reason: Missing output files: /workspaces/P-TER/apache-jena-fuseki-4.9.0
    priority: 100
    resources: tmpdir=/tmp

[Tue Feb  4 21:54:39 2025]
Error in rule install_apache_jena_fuseki:
    jobid: 0
    output: /workspaces/P-TER/apache-jena-fuseki-4.9.0
    shell:
        
            echo "Downloading Apache Jena Fuseki..."
            wget https://archive.apache.org/dist/jena/binaries/apache-jena-fuseki-4.9.0.tar.gz
            echo "Extracting Apache Jena Fuseki..."
            tar -zxf apache-jena-fuseki-4.9.0.tar.gz -C /workspaces/P-TER/apache-jena-fuseki-4.9.0
            
        (one of the commands exited with non-zero exit code; note that snakemake uses bash strict mode!)

Shutting down, this might take some time.
Exiting because a job execution failed. Look above for error message
Complete log: .snakemake/log/2025-02-04T215438.036582.snakemake.log
WorkflowError:
At least one job did not complete successfully.
