host: codespaces-c89ec1
Building DAG of jobs...
Using shell: /usr/bin/bash
Provided cores: 1 (use --cores to define parallelism)
Rules claiming more threads will be scaled down.
Job stats:
job                     count
--------------------  -------
all                         1
run_Fedup_Jena_query        3
total                       4

Select jobs to execute...
Execute 1 jobs...

[Tue Mar 25 22:20:20 2025]
localrule run_Fedup_Jena_query:
    input: /workspaces/P-TER/virtuoso-opensource-7.2.7, /workspaces/P-TER/virtuoso-opensource-7.2.7/var/lib/virtuoso/db/fedup.ini, fedup-queries/q01a.sparql
    output: output/rdfs/FedUp-Jena/q01a.1.csv, output/rdfs/FedUp-Jena/q01a.1.json, output/rdfs/FedUp-Jena/q01a.1.txt
    jobid: 1
    reason: Missing output files: output/rdfs/FedUp-Jena/q01a.1.csv
    wildcards: workload=rdfs, query=q01a, run=1
    priority: 20
    resources: tmpdir=/tmp

[Tue Mar 25 22:20:24 2025]
Finished job 1.
1 of 4 steps (25%) done
Select jobs to execute...
Execute 1 jobs...

[Tue Mar 25 22:20:24 2025]
localrule run_Fedup_Jena_query:
    input: /workspaces/P-TER/virtuoso-opensource-7.2.7, /workspaces/P-TER/virtuoso-opensource-7.2.7/var/lib/virtuoso/db/fedup.ini, fedup-queries/q01a.sparql
    output: output/rdfs/FedUp-Jena/q01a.3.csv, output/rdfs/FedUp-Jena/q01a.3.json, output/rdfs/FedUp-Jena/q01a.3.txt
    jobid: 3
    reason: Missing output files: output/rdfs/FedUp-Jena/q01a.3.csv
    wildcards: workload=rdfs, query=q01a, run=3
    priority: 20
    resources: tmpdir=/tmp

[Tue Mar 25 22:20:28 2025]
Finished job 3.
2 of 4 steps (50%) done
Select jobs to execute...
Execute 1 jobs...

[Tue Mar 25 22:20:28 2025]
localrule run_Fedup_Jena_query:
    input: /workspaces/P-TER/virtuoso-opensource-7.2.7, /workspaces/P-TER/virtuoso-opensource-7.2.7/var/lib/virtuoso/db/fedup.ini, fedup-queries/q01a.sparql
    output: output/rdfs/FedUp-Jena/q01a.2.csv, output/rdfs/FedUp-Jena/q01a.2.json, output/rdfs/FedUp-Jena/q01a.2.txt
    jobid: 2
    reason: Missing output files: output/rdfs/FedUp-Jena/q01a.2.csv
    wildcards: workload=rdfs, query=q01a, run=2
    priority: 20
    resources: tmpdir=/tmp

[Tue Mar 25 22:20:32 2025]
Finished job 2.
3 of 4 steps (75%) done
Select jobs to execute...
Execute 1 jobs...

[Tue Mar 25 22:20:32 2025]
localrule all:
    input: config/largerdfbench/graphs.txt, config/rdfs/endpoints.txt, output/rdfs/FedUp-Jena/q01a.1.csv, output/rdfs/FedUp-Jena/q01a.2.csv, output/rdfs/FedUp-Jena/q01a.3.csv
    output: output/data.csv
    jobid: 0
    reason: Missing output files: output/data.csv; Input files updated by another job: output/rdfs/FedUp-Jena/q01a.3.csv, output/rdfs/FedUp-Jena/q01a.1.csv, output/rdfs/FedUp-Jena/q01a.2.csv
    resources: tmpdir=/tmp

[Tue Mar 25 22:20:33 2025]
Finished job 0.
4 of 4 steps (100%) done
Complete log: .snakemake/log/2025-03-25T222020.007790.snakemake.log
