host: codespaces-dfd9c6
Building DAG of jobs...
Using shell: /usr/bin/bash
Provided cores: 1 (use --cores to define parallelism)
Rules claiming more threads will be scaled down.
Job stats:
job                     count
--------------------  -------
all                         1
run_Fedup_FedX_query       84
run_Fedup_Jena_query       85
total                     170

Select jobs to execute...
Execute 1 jobs...

[Tue Mar  4 19:26:00 2025]
localrule run_Fedup_FedX_query:
    input: /workspaces/P-TER/virtuoso-opensource-7.2.7, /workspaces/P-TER/virtuoso-opensource-7.2.7/var/lib/virtuoso/db/fedup.ini, fedup-queries/q05d.sparql
    output: output/rdfs/FedUp-FedX/q05d.2.csv, output/rdfs/FedUp-FedX/q05d.2.json
    jobid: 88
    reason: Missing output files: output/rdfs/FedUp-FedX/q05d.2.csv
    wildcards: workload=rdfs, query=q05d, run=2
    priority: 50
    resources: tmpdir=/tmp

[Tue Mar  4 19:27:47 2025]
Finished job 88.
1 of 170 steps (1%) done
Select jobs to execute...
Execute 1 jobs...

[Tue Mar  4 19:27:47 2025]
localrule run_Fedup_Jena_query:
    input: /workspaces/P-TER/virtuoso-opensource-7.2.7, /workspaces/P-TER/virtuoso-opensource-7.2.7/var/lib/virtuoso/db/fedup.ini, fedup-queries/q05f.sparql
    output: output/rdfs/FedUp-Jena/q05f.2.csv, output/rdfs/FedUp-Jena/q05f.2.json
    jobid: 332
    reason: Missing output files: output/rdfs/FedUp-Jena/q05f.2.csv
    wildcards: workload=rdfs, query=q05f, run=2
    priority: 50
    resources: tmpdir=/tmp

[Tue Mar  4 19:31:46 2025]
Finished job 332.
2 of 170 steps (1%) done
Select jobs to execute...
Execute 1 jobs...

[Tue Mar  4 19:31:46 2025]
localrule run_Fedup_Jena_query:
    input: /workspaces/P-TER/virtuoso-opensource-7.2.7, /workspaces/P-TER/virtuoso-opensource-7.2.7/var/lib/virtuoso/db/fedup.ini, fedup-queries/q05h.sparql
    output: output/rdfs/FedUp-Jena/q05h.2.csv, output/rdfs/FedUp-Jena/q05h.2.json
    jobid: 336
    reason: Missing output files: output/rdfs/FedUp-Jena/q05h.2.csv
    wildcards: workload=rdfs, query=q05h, run=2
    priority: 50
    resources: tmpdir=/tmp

[Tue Mar  4 19:35:12 2025]
Finished job 336.
3 of 170 steps (2%) done
Select jobs to execute...
Execute 1 jobs...

[Tue Mar  4 19:35:12 2025]
localrule run_Fedup_FedX_query:
    input: /workspaces/P-TER/virtuoso-opensource-7.2.7, /workspaces/P-TER/virtuoso-opensource-7.2.7/var/lib/virtuoso/db/fedup.ini, fedup-queries/q05c.sparql
    output: output/rdfs/FedUp-FedX/q05c.2.csv, output/rdfs/FedUp-FedX/q05c.2.json
    jobid: 86
    reason: Missing output files: output/rdfs/FedUp-FedX/q05c.2.csv
    wildcards: workload=rdfs, query=q05c, run=2
    priority: 50
    resources: tmpdir=/tmp

[Tue Mar  4 19:36:38 2025]
Finished job 86.
4 of 170 steps (2%) done
Select jobs to execute...
Execute 1 jobs...

[Tue Mar  4 19:36:38 2025]
localrule run_Fedup_Jena_query:
    input: /workspaces/P-TER/virtuoso-opensource-7.2.7, /workspaces/P-TER/virtuoso-opensource-7.2.7/var/lib/virtuoso/db/fedup.ini, fedup-queries/q05c.sparql
    output: output/rdfs/FedUp-Jena/q05c.2.csv, output/rdfs/FedUp-Jena/q05c.2.json
    jobid: 326
    reason: Missing output files: output/rdfs/FedUp-Jena/q05c.2.csv
    wildcards: workload=rdfs, query=q05c, run=2
    priority: 50
    resources: tmpdir=/tmp

[Tue Mar  4 19:39:39 2025]
Finished job 326.
5 of 170 steps (3%) done
Select jobs to execute...
Execute 1 jobs...

[Tue Mar  4 19:39:39 2025]
localrule run_Fedup_FedX_query:
    input: /workspaces/P-TER/virtuoso-opensource-7.2.7, /workspaces/P-TER/virtuoso-opensource-7.2.7/var/lib/virtuoso/db/fedup.ini, fedup-queries/q05f.sparql
    output: output/rdfs/FedUp-FedX/q05f.2.csv, output/rdfs/FedUp-FedX/q05f.2.json
    jobid: 92
    reason: Missing output files: output/rdfs/FedUp-FedX/q05f.2.csv
    wildcards: workload=rdfs, query=q05f, run=2
    priority: 50
    resources: tmpdir=/tmp

Terminating processes on user request, this might take some time.
[Tue Mar  4 20:23:06 2025]
Error in rule run_Fedup_FedX_query:
    jobid: 92
    input: /workspaces/P-TER/virtuoso-opensource-7.2.7, /workspaces/P-TER/virtuoso-opensource-7.2.7/var/lib/virtuoso/db/fedup.ini, fedup-queries/q05f.sparql
    output: output/rdfs/FedUp-FedX/q05f.2.csv, output/rdfs/FedUp-FedX/q05f.2.json

Complete log: .snakemake/log/2025-03-04T192559.909614.snakemake.log
WorkflowError:
At least one job did not complete successfully.
