host: codespaces-c89ec1
Building DAG of jobs...
Using shell: /usr/bin/bash
Provided cores: 1 (use --cores to define parallelism)
Rules claiming more threads will be scaled down.
Job stats:
job                        count
-----------------------  -------
all                            1
run_Fedup_HefQuin_query       10
total                         11

Select jobs to execute...
Execute 1 jobs...

[Mon Mar 17 22:34:51 2025]
localrule run_Fedup_HefQuin_query:
    input: /workspaces/P-TER/virtuoso-opensource-7.2.7, /workspaces/P-TER/virtuoso-opensource-7.2.7/var/lib/virtuoso/db/fedup.ini, /workspaces/P-TER/fedup-queries/q01c.sparql
    output: output/rdfs/FedUp-HefQuin/q01c.1.csv, output/rdfs/FedUp-HefQuin/q01c.1.json, output/rdfs/FedUp-HefQuin/q01c.1.txt
    jobid: 3
    reason: Missing output files: output/rdfs/FedUp-HefQuin/q01c.1.csv
    wildcards: workload=rdfs, query=q01c, run=1
    priority: 50
    resources: tmpdir=/tmp

[Mon Mar 17 22:35:01 2025]
Finished job 3.
1 of 11 steps (9%) done
Select jobs to execute...
Execute 1 jobs...

[Mon Mar 17 22:35:01 2025]
localrule run_Fedup_HefQuin_query:
    input: /workspaces/P-TER/virtuoso-opensource-7.2.7, /workspaces/P-TER/virtuoso-opensource-7.2.7/var/lib/virtuoso/db/fedup.ini, /workspaces/P-TER/fedup-queries/q01b.sparql
    output: output/rdfs/FedUp-HefQuin/q01b.1.csv, output/rdfs/FedUp-HefQuin/q01b.1.json, output/rdfs/FedUp-HefQuin/q01b.1.txt
    jobid: 2
    reason: Missing output files: output/rdfs/FedUp-HefQuin/q01b.1.csv
    wildcards: workload=rdfs, query=q01b, run=1
    priority: 50
    resources: tmpdir=/tmp

[Mon Mar 17 22:35:11 2025]
Finished job 2.
2 of 11 steps (18%) done
Select jobs to execute...
Execute 1 jobs...

[Mon Mar 17 22:35:11 2025]
localrule run_Fedup_HefQuin_query:
    input: /workspaces/P-TER/virtuoso-opensource-7.2.7, /workspaces/P-TER/virtuoso-opensource-7.2.7/var/lib/virtuoso/db/fedup.ini, /workspaces/P-TER/fedup-queries/q01e.sparql
    output: output/rdfs/FedUp-HefQuin/q01e.1.csv, output/rdfs/FedUp-HefQuin/q01e.1.json, output/rdfs/FedUp-HefQuin/q01e.1.txt
    jobid: 5
    reason: Missing output files: output/rdfs/FedUp-HefQuin/q01e.1.csv
    wildcards: workload=rdfs, query=q01e, run=1
    priority: 50
    resources: tmpdir=/tmp

[Mon Mar 17 22:35:20 2025]
Finished job 5.
3 of 11 steps (27%) done
Select jobs to execute...
Execute 1 jobs...

[Mon Mar 17 22:35:20 2025]
localrule run_Fedup_HefQuin_query:
    input: /workspaces/P-TER/virtuoso-opensource-7.2.7, /workspaces/P-TER/virtuoso-opensource-7.2.7/var/lib/virtuoso/db/fedup.ini, /workspaces/P-TER/fedup-queries/q01d.sparql
    output: output/rdfs/FedUp-HefQuin/q01d.1.csv, output/rdfs/FedUp-HefQuin/q01d.1.json, output/rdfs/FedUp-HefQuin/q01d.1.txt
    jobid: 4
    reason: Missing output files: output/rdfs/FedUp-HefQuin/q01d.1.csv
    wildcards: workload=rdfs, query=q01d, run=1
    priority: 50
    resources: tmpdir=/tmp

[Mon Mar 17 22:35:29 2025]
Finished job 4.
4 of 11 steps (36%) done
Select jobs to execute...
Execute 1 jobs...

[Mon Mar 17 22:35:29 2025]
localrule run_Fedup_HefQuin_query:
    input: /workspaces/P-TER/virtuoso-opensource-7.2.7, /workspaces/P-TER/virtuoso-opensource-7.2.7/var/lib/virtuoso/db/fedup.ini, /workspaces/P-TER/fedup-queries/q01j.sparql
    output: output/rdfs/FedUp-HefQuin/q01j.1.csv, output/rdfs/FedUp-HefQuin/q01j.1.json, output/rdfs/FedUp-HefQuin/q01j.1.txt
    jobid: 10
    reason: Missing output files: output/rdfs/FedUp-HefQuin/q01j.1.csv
    wildcards: workload=rdfs, query=q01j, run=1
    priority: 50
    resources: tmpdir=/tmp

[Mon Mar 17 22:35:38 2025]
Finished job 10.
5 of 11 steps (45%) done
Select jobs to execute...
Execute 1 jobs...

[Mon Mar 17 22:35:38 2025]
localrule run_Fedup_HefQuin_query:
    input: /workspaces/P-TER/virtuoso-opensource-7.2.7, /workspaces/P-TER/virtuoso-opensource-7.2.7/var/lib/virtuoso/db/fedup.ini, /workspaces/P-TER/fedup-queries/q01i.sparql
    output: output/rdfs/FedUp-HefQuin/q01i.1.csv, output/rdfs/FedUp-HefQuin/q01i.1.json, output/rdfs/FedUp-HefQuin/q01i.1.txt
    jobid: 9
    reason: Missing output files: output/rdfs/FedUp-HefQuin/q01i.1.csv
    wildcards: workload=rdfs, query=q01i, run=1
    priority: 50
    resources: tmpdir=/tmp

[Mon Mar 17 22:35:48 2025]
Finished job 9.
6 of 11 steps (55%) done
Select jobs to execute...
Execute 1 jobs...

[Mon Mar 17 22:35:48 2025]
localrule run_Fedup_HefQuin_query:
    input: /workspaces/P-TER/virtuoso-opensource-7.2.7, /workspaces/P-TER/virtuoso-opensource-7.2.7/var/lib/virtuoso/db/fedup.ini, /workspaces/P-TER/fedup-queries/q01h.sparql
    output: output/rdfs/FedUp-HefQuin/q01h.1.csv, output/rdfs/FedUp-HefQuin/q01h.1.json, output/rdfs/FedUp-HefQuin/q01h.1.txt
    jobid: 8
    reason: Missing output files: output/rdfs/FedUp-HefQuin/q01h.1.csv
    wildcards: workload=rdfs, query=q01h, run=1
    priority: 50
    resources: tmpdir=/tmp

[Mon Mar 17 22:35:58 2025]
Finished job 8.
7 of 11 steps (64%) done
Select jobs to execute...
Execute 1 jobs...

[Mon Mar 17 22:35:58 2025]
localrule run_Fedup_HefQuin_query:
    input: /workspaces/P-TER/virtuoso-opensource-7.2.7, /workspaces/P-TER/virtuoso-opensource-7.2.7/var/lib/virtuoso/db/fedup.ini, /workspaces/P-TER/fedup-queries/q01g.sparql
    output: output/rdfs/FedUp-HefQuin/q01g.1.csv, output/rdfs/FedUp-HefQuin/q01g.1.json, output/rdfs/FedUp-HefQuin/q01g.1.txt
    jobid: 7
    reason: Missing output files: output/rdfs/FedUp-HefQuin/q01g.1.csv
    wildcards: workload=rdfs, query=q01g, run=1
    priority: 50
    resources: tmpdir=/tmp

[Mon Mar 17 22:36:09 2025]
Finished job 7.
8 of 11 steps (73%) done
Select jobs to execute...
Execute 1 jobs...

[Mon Mar 17 22:36:09 2025]
localrule run_Fedup_HefQuin_query:
    input: /workspaces/P-TER/virtuoso-opensource-7.2.7, /workspaces/P-TER/virtuoso-opensource-7.2.7/var/lib/virtuoso/db/fedup.ini, /workspaces/P-TER/fedup-queries/q01f.sparql
    output: output/rdfs/FedUp-HefQuin/q01f.1.csv, output/rdfs/FedUp-HefQuin/q01f.1.json, output/rdfs/FedUp-HefQuin/q01f.1.txt
    jobid: 6
    reason: Missing output files: output/rdfs/FedUp-HefQuin/q01f.1.csv
    wildcards: workload=rdfs, query=q01f, run=1
    priority: 50
    resources: tmpdir=/tmp

[Mon Mar 17 22:36:18 2025]
Finished job 6.
9 of 11 steps (82%) done
Select jobs to execute...
Execute 1 jobs...

[Mon Mar 17 22:36:18 2025]
localrule run_Fedup_HefQuin_query:
    input: /workspaces/P-TER/virtuoso-opensource-7.2.7, /workspaces/P-TER/virtuoso-opensource-7.2.7/var/lib/virtuoso/db/fedup.ini, /workspaces/P-TER/fedup-queries/q01a.sparql
    output: output/rdfs/FedUp-HefQuin/q01a.1.csv, output/rdfs/FedUp-HefQuin/q01a.1.json, output/rdfs/FedUp-HefQuin/q01a.1.txt
    jobid: 1
    reason: Missing output files: output/rdfs/FedUp-HefQuin/q01a.1.csv
    wildcards: workload=rdfs, query=q01a, run=1
    priority: 50
    resources: tmpdir=/tmp

[Mon Mar 17 22:36:25 2025]
Finished job 1.
10 of 11 steps (91%) done
Select jobs to execute...
Execute 1 jobs...

[Mon Mar 17 22:36:25 2025]
localrule all:
    input: config/largerdfbench/graphs.txt, config/rdfs/endpoints.txt, output/rdfs/FedUp-HefQuin/q01a.1.csv, output/rdfs/FedUp-HefQuin/q01b.1.csv, output/rdfs/FedUp-HefQuin/q01c.1.csv, output/rdfs/FedUp-HefQuin/q01d.1.csv, output/rdfs/FedUp-HefQuin/q01e.1.csv, output/rdfs/FedUp-HefQuin/q01f.1.csv, output/rdfs/FedUp-HefQuin/q01g.1.csv, output/rdfs/FedUp-HefQuin/q01h.1.csv, output/rdfs/FedUp-HefQuin/q01i.1.csv, output/rdfs/FedUp-HefQuin/q01j.1.csv
    output: output/data.csv
    jobid: 0
    reason: Input files updated by another job: output/rdfs/FedUp-HefQuin/q01g.1.csv, output/rdfs/FedUp-HefQuin/q01a.1.csv, output/rdfs/FedUp-HefQuin/q01h.1.csv, output/rdfs/FedUp-HefQuin/q01b.1.csv, output/rdfs/FedUp-HefQuin/q01c.1.csv, output/rdfs/FedUp-HefQuin/q01e.1.csv, output/rdfs/FedUp-HefQuin/q01i.1.csv, output/rdfs/FedUp-HefQuin/q01f.1.csv, output/rdfs/FedUp-HefQuin/q01d.1.csv, output/rdfs/FedUp-HefQuin/q01j.1.csv; Set of input files has changed since last execution
    resources: tmpdir=/tmp

[Mon Mar 17 22:36:26 2025]
Finished job 0.
11 of 11 steps (100%) done
Complete log: .snakemake/log/2025-03-17T223451.293896.snakemake.log
