host: codespaces-c89ec1
Building DAG of jobs...
Using shell: /usr/bin/bash
Provided cores: 4
Rules claiming more threads will be scaled down.
Job stats:
job                     count
--------------------  -------
all                         1
run_Fedup_Jena_query        1
total                       2

Select jobs to execute...
Execute 1 jobs...

[Tue Mar 25 22:15:44 2025]
localrule run_Fedup_Jena_query:
    input: /workspaces/P-TER/virtuoso-opensource-7.2.7, /workspaces/P-TER/virtuoso-opensource-7.2.7/var/lib/virtuoso/db/fedup.ini, fedup-queries/q05a.sparql
    output: output/rdfs/FedUp-Jena/q05a.2.csv, output/rdfs/FedUp-Jena/q05a.2.json, output/rdfs/FedUp-Jena/q05a.2.txt
    jobid: 2
    reason: Missing output files: output/rdfs/FedUp-Jena/q05a.2.csv
    wildcards: workload=rdfs, query=q05a, run=2
    priority: 20
    resources: tmpdir=/tmp

[Tue Mar 25 22:16:16 2025]
Finished job 2.
1 of 2 steps (50%) done
Select jobs to execute...
Execute 1 jobs...

[Tue Mar 25 22:16:16 2025]
localrule all:
    input: config/largerdfbench/graphs.txt, config/rdfs/endpoints.txt, output/rdfs/FedUp-Jena/q05a.1.csv, output/rdfs/FedUp-Jena/q05a.2.csv, output/rdfs/FedUp-Jena/q05a.3.csv
    output: output/data.csv
    jobid: 0
    reason: Missing output files: output/data.csv; Input files updated by another job: output/rdfs/FedUp-Jena/q05a.2.csv
    resources: tmpdir=/tmp

[Tue Mar 25 22:16:17 2025]
Finished job 0.
2 of 2 steps (100%) done
Complete log: .snakemake/log/2025-03-25T221544.502297.snakemake.log
