host: codespaces-dfd9c6
Building DAG of jobs...
Using shell: /usr/bin/bash
Provided cores: 1 (use --cores to define parallelism)
Rules claiming more threads will be scaled down.
Job stats:
job                        count
-----------------------  -------
all                            1
run_Fedup_FedX_query           3
run_Fedup_HefQuin_query        3
run_Fedup_Jena_query           3
run_fedX_query                 3
run_hefquin_query              3
run_sparql_query               3
total                         19

Select jobs to execute...
Execute 1 jobs...

[Tue Mar 11 21:01:59 2025]
localrule run_fedX_query:
    input: /workspaces/P-TER/virtuoso-opensource-7.2.7, /workspaces/P-TER/virtuoso-opensource-7.2.7/var/lib/virtuoso/db/fedup.ini, /workspaces/P-TER/apache-jena-fuseki-4.9.0, queries/q05b.sparql, config/rdfs/endpoints.txt
    output: output/rdfs/FedX/q05b.1.csv, output/rdfs/FedX/q05b.1.json
    jobid: 4
    reason: Missing output files: output/rdfs/FedX/q05b.1.csv
    wildcards: workload=rdfs, query=q05b, run=1
    priority: 50
    resources: tmpdir=/tmp

[Tue Mar 11 21:02:04 2025]
Finished job 4.
1 of 19 steps (5%) done
Select jobs to execute...
Execute 1 jobs...

[Tue Mar 11 21:02:04 2025]
localrule run_sparql_query:
    input: /workspaces/P-TER/virtuoso-opensource-7.2.7, /workspaces/P-TER/virtuoso-opensource-7.2.7/var/lib/virtuoso/db/fedup.ini, queries/q05b.sparql
    output: output/rdfs/Jena/q05b.1.csv, output/rdfs/Jena/q05b.1.json
    jobid: 1
    reason: Missing output files: output/rdfs/Jena/q05b.1.csv
    wildcards: workload=rdfs, query=q05b, run=1
    priority: 50
    resources: tmpdir=/tmp

[Tue Mar 11 21:02:10 2025]
Finished job 1.
2 of 19 steps (11%) done
Select jobs to execute...
Execute 1 jobs...

[Tue Mar 11 21:02:10 2025]
localrule run_hefquin_query:
    input: /workspaces/P-TER/virtuoso-opensource-7.2.7, /workspaces/P-TER/virtuoso-opensource-7.2.7/var/lib/virtuoso/db/fedup.ini, queries/q05b.sparql
    output: output/rdfs/HefQuin/q05b.1.csv, output/rdfs/HefQuin/q05b.1.json
    jobid: 7
    reason: Missing output files: output/rdfs/HefQuin/q05b.1.csv
    wildcards: workload=rdfs, query=q05b, run=1
    priority: 50
    resources: tmpdir=/tmp

[Tue Mar 11 21:02:15 2025]
Finished job 7.
3 of 19 steps (16%) done
Select jobs to execute...
Execute 1 jobs...

[Tue Mar 11 21:02:15 2025]
localrule run_fedX_query:
    input: /workspaces/P-TER/virtuoso-opensource-7.2.7, /workspaces/P-TER/virtuoso-opensource-7.2.7/var/lib/virtuoso/db/fedup.ini, /workspaces/P-TER/apache-jena-fuseki-4.9.0, queries/q05d.sparql, config/rdfs/endpoints.txt
    output: output/rdfs/FedX/q05d.1.csv, output/rdfs/FedX/q05d.1.json
    jobid: 5
    reason: Missing output files: output/rdfs/FedX/q05d.1.csv
    wildcards: workload=rdfs, query=q05d, run=1
    priority: 50
    resources: tmpdir=/tmp

[Tue Mar 11 21:02:18 2025]
Finished job 5.
4 of 19 steps (21%) done
Select jobs to execute...
Execute 1 jobs...

[Tue Mar 11 21:02:18 2025]
localrule run_fedX_query:
    input: /workspaces/P-TER/virtuoso-opensource-7.2.7, /workspaces/P-TER/virtuoso-opensource-7.2.7/var/lib/virtuoso/db/fedup.ini, /workspaces/P-TER/apache-jena-fuseki-4.9.0, queries/q05j.sparql, config/rdfs/endpoints.txt
    output: output/rdfs/FedX/q05j.1.csv, output/rdfs/FedX/q05j.1.json
    jobid: 6
    reason: Missing output files: output/rdfs/FedX/q05j.1.csv
    wildcards: workload=rdfs, query=q05j, run=1
    priority: 50
    resources: tmpdir=/tmp

[Tue Mar 11 21:02:21 2025]
Finished job 6.
5 of 19 steps (26%) done
Select jobs to execute...
Execute 1 jobs...

[Tue Mar 11 21:02:21 2025]
localrule run_sparql_query:
    input: /workspaces/P-TER/virtuoso-opensource-7.2.7, /workspaces/P-TER/virtuoso-opensource-7.2.7/var/lib/virtuoso/db/fedup.ini, queries/q05d.sparql
    output: output/rdfs/Jena/q05d.1.csv, output/rdfs/Jena/q05d.1.json
    jobid: 2
    reason: Missing output files: output/rdfs/Jena/q05d.1.csv
    wildcards: workload=rdfs, query=q05d, run=1
    priority: 50
    resources: tmpdir=/tmp

[Tue Mar 11 21:02:25 2025]
Finished job 2.
6 of 19 steps (32%) done
Select jobs to execute...
Execute 1 jobs...

[Tue Mar 11 21:02:25 2025]
localrule run_hefquin_query:
    input: /workspaces/P-TER/virtuoso-opensource-7.2.7, /workspaces/P-TER/virtuoso-opensource-7.2.7/var/lib/virtuoso/db/fedup.ini, queries/q05d.sparql
    output: output/rdfs/HefQuin/q05d.1.csv, output/rdfs/HefQuin/q05d.1.json
    jobid: 8
    reason: Missing output files: output/rdfs/HefQuin/q05d.1.csv
    wildcards: workload=rdfs, query=q05d, run=1
    priority: 50
    resources: tmpdir=/tmp

[Tue Mar 11 21:02:29 2025]
Finished job 8.
7 of 19 steps (37%) done
Select jobs to execute...
Execute 1 jobs...

[Tue Mar 11 21:02:29 2025]
localrule run_sparql_query:
    input: /workspaces/P-TER/virtuoso-opensource-7.2.7, /workspaces/P-TER/virtuoso-opensource-7.2.7/var/lib/virtuoso/db/fedup.ini, queries/q05j.sparql
    output: output/rdfs/Jena/q05j.1.csv, output/rdfs/Jena/q05j.1.json
    jobid: 3
    reason: Missing output files: output/rdfs/Jena/q05j.1.csv
    wildcards: workload=rdfs, query=q05j, run=1
    priority: 50
    resources: tmpdir=/tmp

[Tue Mar 11 21:02:33 2025]
Finished job 3.
8 of 19 steps (42%) done
Select jobs to execute...
Execute 1 jobs...

[Tue Mar 11 21:02:33 2025]
localrule run_hefquin_query:
    input: /workspaces/P-TER/virtuoso-opensource-7.2.7, /workspaces/P-TER/virtuoso-opensource-7.2.7/var/lib/virtuoso/db/fedup.ini, queries/q05j.sparql
    output: output/rdfs/HefQuin/q05j.1.csv, output/rdfs/HefQuin/q05j.1.json
    jobid: 9
    reason: Missing output files: output/rdfs/HefQuin/q05j.1.csv
    wildcards: workload=rdfs, query=q05j, run=1
    priority: 50
    resources: tmpdir=/tmp

[Tue Mar 11 21:02:37 2025]
Finished job 9.
9 of 19 steps (47%) done
Select jobs to execute...
Execute 1 jobs...

[Tue Mar 11 21:02:37 2025]
localrule run_Fedup_FedX_query:
    input: /workspaces/P-TER/virtuoso-opensource-7.2.7, /workspaces/P-TER/virtuoso-opensource-7.2.7/var/lib/virtuoso/db/fedup.ini, fedup-queries/q05j.sparql
    output: output/rdfs/FedUp-FedX/q05j.1.csv, output/rdfs/FedUp-FedX/q05j.1.json
    jobid: 12
    reason: Missing output files: output/rdfs/FedUp-FedX/q05j.1.csv
    wildcards: workload=rdfs, query=q05j, run=1
    priority: 50
    resources: tmpdir=/tmp

[Tue Mar 11 21:02:57 2025]
Finished job 12.
10 of 19 steps (53%) done
Select jobs to execute...
Execute 1 jobs...

[Tue Mar 11 21:02:57 2025]
localrule run_Fedup_HefQuin_query:
    input: /workspaces/P-TER/virtuoso-opensource-7.2.7, /workspaces/P-TER/virtuoso-opensource-7.2.7/var/lib/virtuoso/db/fedup.ini, /workspaces/P-TER/fedup-queries/q05j.sparql
    output: output/rdfs/FedUp-HefQuin/q05j.1.csv, output/rdfs/FedUp-HefQuin/q05j.1.json
    jobid: 15
    reason: Missing output files: output/rdfs/FedUp-HefQuin/q05j.1.csv
    wildcards: workload=rdfs, query=q05j, run=1
    priority: 50
    resources: tmpdir=/tmp

[Tue Mar 11 21:04:55 2025]
Error in rule run_Fedup_HefQuin_query:
    jobid: 15
    input: /workspaces/P-TER/virtuoso-opensource-7.2.7, /workspaces/P-TER/virtuoso-opensource-7.2.7/var/lib/virtuoso/db/fedup.ini, /workspaces/P-TER/fedup-queries/q05j.sparql
    output: output/rdfs/FedUp-HefQuin/q05j.1.csv, output/rdfs/FedUp-HefQuin/q05j.1.json

Shutting down, this might take some time.
Exiting because a job execution failed. Look above for error message
Complete log: .snakemake/log/2025-03-11T210159.410522.snakemake.log
WorkflowError:
At least one job did not complete successfully.
