host: codespaces-dfd9c6
Building DAG of jobs...
Using shell: /usr/bin/bash
Provided cores: 2
Rules claiming more threads will be scaled down.
Job stats:
job                   count
------------------  -------
all                       1
generate_endpoints        1
total                     2

Select jobs to execute...
Execute 1 jobs...

[Thu Feb  6 21:13:35 2025]
localrule generate_endpoints:
    input: config/largerdfbench/graphs.txt
    output: config/rdfs/endpoints.txt
    jobid: 1
    reason: Missing output files: config/rdfs/endpoints.txt
    resources: tmpdir=/tmp

[Thu Feb  6 21:13:35 2025]
Finished job 1.
1 of 2 steps (50%) done
Select jobs to execute...
Execute 1 jobs...

[Thu Feb  6 21:13:35 2025]
localrule all:
    input: config/rdfs/endpoints.txt
    jobid: 0
    reason: Input files updated by another job: config/rdfs/endpoints.txt
    resources: tmpdir=/tmp

[Thu Feb  6 21:13:35 2025]
Finished job 0.
2 of 2 steps (100%) done
Complete log: .snakemake/log/2025-02-06T211335.374829.snakemake.log
