host: codespaces-dfd9c6
Building DAG of jobs...
Using shell: /usr/bin/bash
Provided cores: 1 (use --cores to define parallelism)
Rules claiming more threads will be scaled down.
Job stats:
job                  count
-----------------  -------
all                      1
run_hefquin_query      153
run_sparql_query       153
total                  307

Select jobs to execute...
Execute 1 jobs...

[Tue Mar  4 08:07:51 2025]
localrule run_hefquin_query:
    input: /workspaces/P-TER/virtuoso-opensource-7.2.7, /workspaces/P-TER/virtuoso-opensource-7.2.7/var/lib/virtuoso/db/fedup.ini, queries/q08i.sparql
    output: output/rdfs/HefQuin/q08i.3.csv, output/rdfs/HefQuin/q08i.3.json
    jobid: 957
    reason: Missing output files: output/rdfs/HefQuin/q08i.3.csv
    wildcards: workload=rdfs, query=q08i, run=3
    priority: 50
    resources: tmpdir=/tmp

Terminating processes on user request, this might take some time.
[Tue Mar  4 08:08:04 2025]
Error in rule run_hefquin_query:
    jobid: 957
    input: /workspaces/P-TER/virtuoso-opensource-7.2.7, /workspaces/P-TER/virtuoso-opensource-7.2.7/var/lib/virtuoso/db/fedup.ini, queries/q08i.sparql
    output: output/rdfs/HefQuin/q08i.3.csv, output/rdfs/HefQuin/q08i.3.json

Complete log: .snakemake/log/2025-03-04T080751.151105.snakemake.log
WorkflowError:
At least one job did not complete successfully.
