host: codespaces-c89ec1
Building DAG of jobs...
Using shell: /usr/bin/bash
Provided cores: 1 (use --cores to define parallelism)
Rules claiming more threads will be scaled down.
Job stats:
job                     count
--------------------  -------
all                         1
run_Fedup_Jena_query        1
total                       2

Select jobs to execute...
Execute 1 jobs...

[Wed Mar 19 12:10:02 2025]
localrule run_Fedup_Jena_query:
    input: /workspaces/P-TER/virtuoso-opensource-7.2.7, /workspaces/P-TER/virtuoso-opensource-7.2.7/var/lib/virtuoso/db/fedup.ini, fedup-queries/q05b.sparql
    output: output/rdfs/FedUp-Jena/q05b.1.csv, output/rdfs/FedUp-Jena/q05b.1.json, output/rdfs/FedUp-Jena/q05b.1.txt
    jobid: 6
    reason: Missing output files: output/rdfs/FedUp-Jena/q05b.1.csv
    wildcards: workload=rdfs, query=q05b, run=1
    priority: 20
    resources: tmpdir=/tmp

[Wed Mar 19 12:17:34 2025]
Finished job 6.
1 of 2 steps (50%) done
Select jobs to execute...
Execute 1 jobs...

[Wed Mar 19 12:17:34 2025]
localrule all:
    input: config/largerdfbench/graphs.txt, config/rdfs/endpoints.txt, output/rdfs/Jena/q05b.1.csv, output/rdfs/FedX/q05b.1.csv, output/rdfs/HefQuin/q05b.1.csv, output/rdfs/FedUp-FedX/q05b.1.csv, output/rdfs/FedUp-HefQuin/q05b.1.csv, output/rdfs/FedUp-Jena/q05b.1.csv
    output: output/data.csv
    jobid: 0
    reason: Updated input files: output/rdfs/FedUp-HefQuin/q05b.1.csv, output/rdfs/FedUp-FedX/q05b.1.csv, output/rdfs/FedX/q05b.1.csv, output/rdfs/HefQuin/q05b.1.csv, output/rdfs/Jena/q05b.1.csv; Input files updated by another job: output/rdfs/FedUp-Jena/q05b.1.csv
    resources: tmpdir=/tmp

[Wed Mar 19 12:17:35 2025]
Finished job 0.
2 of 2 steps (100%) done
Complete log: .snakemake/log/2025-03-19T121002.741902.snakemake.log
