host: codespaces-dfd9c6
Building DAG of jobs...
Using shell: /usr/bin/bash
Provided cores: 4
Rules claiming more threads will be scaled down.
Job stats:
job               count
--------------  -------
all                   1
run_fedX_query        3
total                 4

Select jobs to execute...
Execute 3 jobs...

[Thu Mar 13 20:51:00 2025]
localrule run_fedX_query:
    input: /workspaces/P-TER/virtuoso-opensource-7.2.7, /workspaces/P-TER/virtuoso-opensource-7.2.7/var/lib/virtuoso/db/fedup.ini, /workspaces/P-TER/apache-jena-fuseki-4.9.0, queries/q04h.sparql, config/rdfs/endpoints.txt
    output: output/rdfs/FedX/q04h.1.csv, output/rdfs/FedX/q04h.1.json
    jobid: 1
    reason: Missing output files: output/rdfs/FedX/q04h.1.csv
    wildcards: workload=rdfs, query=q04h, run=1
    priority: 50
    resources: tmpdir=/tmp


[Thu Mar 13 20:51:00 2025]
localrule run_fedX_query:
    input: /workspaces/P-TER/virtuoso-opensource-7.2.7, /workspaces/P-TER/virtuoso-opensource-7.2.7/var/lib/virtuoso/db/fedup.ini, /workspaces/P-TER/apache-jena-fuseki-4.9.0, queries/q04h.sparql, config/rdfs/endpoints.txt
    output: output/rdfs/FedX/q04h.2.csv, output/rdfs/FedX/q04h.2.json
    jobid: 2
    reason: Missing output files: output/rdfs/FedX/q04h.2.csv
    wildcards: workload=rdfs, query=q04h, run=2
    priority: 50
    resources: tmpdir=/tmp


[Thu Mar 13 20:51:00 2025]
localrule run_fedX_query:
    input: /workspaces/P-TER/virtuoso-opensource-7.2.7, /workspaces/P-TER/virtuoso-opensource-7.2.7/var/lib/virtuoso/db/fedup.ini, /workspaces/P-TER/apache-jena-fuseki-4.9.0, queries/q04h.sparql, config/rdfs/endpoints.txt
    output: output/rdfs/FedX/q04h.3.csv, output/rdfs/FedX/q04h.3.json
    jobid: 3
    reason: Missing output files: output/rdfs/FedX/q04h.3.csv
    wildcards: workload=rdfs, query=q04h, run=3
    priority: 50
    resources: tmpdir=/tmp

[Thu Mar 13 20:51:02 2025]
Error in rule run_fedX_query:
    jobid: 3
    input: /workspaces/P-TER/virtuoso-opensource-7.2.7, /workspaces/P-TER/virtuoso-opensource-7.2.7/var/lib/virtuoso/db/fedup.ini, /workspaces/P-TER/apache-jena-fuseki-4.9.0, queries/q04h.sparql, config/rdfs/endpoints.txt
    output: output/rdfs/FedX/q04h.3.csv, output/rdfs/FedX/q04h.3.json

[Thu Mar 13 20:51:02 2025]
[Thu Mar 13 20:51:02 2025]
Error in rule run_fedX_query:
    jobid: 2
    input: /workspaces/P-TER/virtuoso-opensource-7.2.7, /workspaces/P-TER/virtuoso-opensource-7.2.7/var/lib/virtuoso/db/fedup.ini, /workspaces/P-TER/apache-jena-fuseki-4.9.0, queries/q04h.sparql, config/rdfs/endpoints.txt
    output: output/rdfs/FedX/q04h.2.csv, output/rdfs/FedX/q04h.2.json

Error in rule run_fedX_query:
    jobid: 1
    input: /workspaces/P-TER/virtuoso-opensource-7.2.7, /workspaces/P-TER/virtuoso-opensource-7.2.7/var/lib/virtuoso/db/fedup.ini, /workspaces/P-TER/apache-jena-fuseki-4.9.0, queries/q04h.sparql, config/rdfs/endpoints.txt
    output: output/rdfs/FedX/q04h.1.csv, output/rdfs/FedX/q04h.1.json

Shutting down, this might take some time.
Exiting because a job execution failed. Look above for error message
Complete log: .snakemake/log/2025-03-13T205100.610763.snakemake.log
WorkflowError:
At least one job did not complete successfully.
