host: codespaces-dfd9c6
Building DAG of jobs...
Using shell: /usr/bin/bash
Provided cores: 2
Rules claiming more threads will be scaled down.
Job stats:
job                 count
----------------  -------
all                     1
run_fedX_query          3
run_sparql_query        2
total                   6

Select jobs to execute...
Execute 2 jobs...

[Tue Feb 11 06:54:35 2025]
localrule run_fedX_query:
    input: /workspaces/P-TER/virtuoso-opensource-7.2.7, /workspaces/P-TER/virtuoso-opensource-7.2.7/var/lib/virtuoso/db/fedup.ini, /workspaces/P-TER/apache-jena-fuseki-4.9.0, queries/rdfs/Fuseki/q05-copy.sparql, config/rdfs/endpoints.txt
    output: output/rdfs/FedX/q05-copy.2.csv, output/rdfs/FedX/q05-copy.2.json
    jobid: 5
    reason: Missing output files: output/rdfs/FedX/q05-copy.2.csv
    wildcards: workload=rdfs, query=q05-copy, run=2
    priority: 50
    resources: tmpdir=/tmp


[Tue Feb 11 06:54:35 2025]
localrule run_fedX_query:
    input: /workspaces/P-TER/virtuoso-opensource-7.2.7, /workspaces/P-TER/virtuoso-opensource-7.2.7/var/lib/virtuoso/db/fedup.ini, /workspaces/P-TER/apache-jena-fuseki-4.9.0, queries/rdfs/Fuseki/q05-copy.sparql, config/rdfs/endpoints.txt
    output: output/rdfs/FedX/q05-copy.1.csv, output/rdfs/FedX/q05-copy.1.json
    jobid: 4
    reason: Missing output files: output/rdfs/FedX/q05-copy.1.csv
    wildcards: workload=rdfs, query=q05-copy, run=1
    priority: 50
    resources: tmpdir=/tmp

[Tue Feb 11 06:54:45 2025]
Finished job 5.
1 of 6 steps (17%) done
Select jobs to execute...
Execute 1 jobs...

[Tue Feb 11 06:54:45 2025]
localrule run_sparql_query:
    input: /workspaces/P-TER/virtuoso-opensource-7.2.7, /workspaces/P-TER/virtuoso-opensource-7.2.7/var/lib/virtuoso/db/fedup.ini, /workspaces/P-TER/apache-jena-fuseki-4.9.0, queries/rdfs/Fuseki/q05-copy.sparql, config/rdfs/endpoints.txt
    output: output/rdfs/Fuseki/q05-copy.1.csv, output/rdfs/Fuseki/q05-copy.1.json
    jobid: 1
    reason: Missing output files: output/rdfs/Fuseki/q05-copy.1.csv
    wildcards: workload=rdfs, query=q05-copy, run=1
    priority: 50
    resources: tmpdir=/tmp

[Tue Feb 11 06:54:45 2025]
Finished job 4.
2 of 6 steps (33%) done
Select jobs to execute...
Execute 1 jobs...

[Tue Feb 11 06:54:45 2025]
localrule run_sparql_query:
    input: /workspaces/P-TER/virtuoso-opensource-7.2.7, /workspaces/P-TER/virtuoso-opensource-7.2.7/var/lib/virtuoso/db/fedup.ini, /workspaces/P-TER/apache-jena-fuseki-4.9.0, queries/rdfs/Fuseki/q05-copy.sparql, config/rdfs/endpoints.txt
    output: output/rdfs/Fuseki/q05-copy.3.csv, output/rdfs/Fuseki/q05-copy.3.json
    jobid: 3
    reason: Missing output files: output/rdfs/Fuseki/q05-copy.3.csv
    wildcards: workload=rdfs, query=q05-copy, run=3
    priority: 50
    resources: tmpdir=/tmp

[Tue Feb 11 06:54:49 2025]
Finished job 1.
3 of 6 steps (50%) done
Select jobs to execute...
Execute 1 jobs...

[Tue Feb 11 06:54:49 2025]
localrule run_fedX_query:
    input: /workspaces/P-TER/virtuoso-opensource-7.2.7, /workspaces/P-TER/virtuoso-opensource-7.2.7/var/lib/virtuoso/db/fedup.ini, /workspaces/P-TER/apache-jena-fuseki-4.9.0, queries/rdfs/Fuseki/q05-copy.sparql, config/rdfs/endpoints.txt
    output: output/rdfs/FedX/q05-copy.3.csv, output/rdfs/FedX/q05-copy.3.json
    jobid: 6
    reason: Missing output files: output/rdfs/FedX/q05-copy.3.csv
    wildcards: workload=rdfs, query=q05-copy, run=3
    priority: 50
    resources: tmpdir=/tmp

[Tue Feb 11 06:54:49 2025]
Finished job 3.
4 of 6 steps (67%) done
[Tue Feb 11 06:54:55 2025]
Finished job 6.
5 of 6 steps (83%) done
Select jobs to execute...
Execute 1 jobs...

[Tue Feb 11 06:54:55 2025]
localrule all:
    input: /workspaces/P-TER/apache-jena-fuseki-4.9.0, /workspaces/P-TER/apache-jena-4.9.0, config/largerdfbench/graphs.txt, config/rdfs/endpoints.txt, output/rdfs/Fuseki/q05-copy.1.csv, output/rdfs/Fuseki/q05-copy.2.csv, output/rdfs/Fuseki/q05-copy.3.csv, output/rdfs/FedX/q05-copy.1.csv, output/rdfs/FedX/q05-copy.2.csv, output/rdfs/FedX/q05-copy.3.csv
    jobid: 0
    reason: Input files updated by another job: output/rdfs/FedX/q05-copy.3.csv, output/rdfs/Fuseki/q05-copy.1.csv, output/rdfs/FedX/q05-copy.1.csv, output/rdfs/FedX/q05-copy.2.csv, output/rdfs/Fuseki/q05-copy.3.csv
    resources: tmpdir=/tmp

[Tue Feb 11 06:54:55 2025]
Finished job 0.
6 of 6 steps (100%) done
Complete log: .snakemake/log/2025-02-11T065435.397068.snakemake.log
