host: codespaces-dfd9c6
Building DAG of jobs...
Using shell: /usr/bin/bash
Provided cores: 2
Rules claiming more threads will be scaled down.
Job stats:
job      count
-----  -------
all          1
total        1

Select jobs to execute...
Execute 1 jobs...

[Tue Feb  4 22:50:22 2025]
localrule all:
    input: output
    jobid: 0
    reason: Forced execution
    resources: tmpdir=/tmp

[Tue Feb  4 22:50:22 2025]
Finished job 0.
1 of 1 steps (100%) done
Complete log: .snakemake/log/2025-02-04T225022.028511.snakemake.log
