host: codespaces-dfd9c6
Building DAG of jobs...
Using shell: /usr/bin/bash
Provided cores: 1 (use --cores to define parallelism)
Rules claiming more threads will be scaled down.
Job stats:
job                     count
--------------------  -------
all                         1
run_Fedup_FedX_query        3
total                       4

Select jobs to execute...
Execute 1 jobs...

[Wed Mar  5 14:00:19 2025]
localrule run_Fedup_FedX_query:
    input: /workspaces/P-TER/virtuoso-opensource-7.2.7, /workspaces/P-TER/virtuoso-opensource-7.2.7/var/lib/virtuoso/db/fedup.ini, fedup-queries/q05i.sparql
    output: output/rdfs/FedUp-FedX/q05i.2.csv, output/rdfs/FedUp-FedX/q05i.2.json
    jobid: 11
    reason: Missing output files: output/rdfs/FedUp-FedX/q05i.2.csv
    wildcards: workload=rdfs, query=q05i, run=2
    priority: 50
    resources: tmpdir=/tmp

[Wed Mar  5 14:01:37 2025]
Finished job 11.
1 of 4 steps (25%) done
Select jobs to execute...
Execute 1 jobs...

[Wed Mar  5 14:01:37 2025]
localrule run_Fedup_FedX_query:
    input: /workspaces/P-TER/virtuoso-opensource-7.2.7, /workspaces/P-TER/virtuoso-opensource-7.2.7/var/lib/virtuoso/db/fedup.ini, fedup-queries/q05i.sparql
    output: output/rdfs/FedUp-FedX/q05i.3.csv, output/rdfs/FedUp-FedX/q05i.3.json
    jobid: 12
    reason: Missing output files: output/rdfs/FedUp-FedX/q05i.3.csv
    wildcards: workload=rdfs, query=q05i, run=3
    priority: 50
    resources: tmpdir=/tmp

[Wed Mar  5 14:02:50 2025]
Finished job 12.
2 of 4 steps (50%) done
Select jobs to execute...
Execute 1 jobs...

[Wed Mar  5 14:02:50 2025]
localrule run_Fedup_FedX_query:
    input: /workspaces/P-TER/virtuoso-opensource-7.2.7, /workspaces/P-TER/virtuoso-opensource-7.2.7/var/lib/virtuoso/db/fedup.ini, fedup-queries/q05i.sparql
    output: output/rdfs/FedUp-FedX/q05i.1.csv, output/rdfs/FedUp-FedX/q05i.1.json
    jobid: 10
    reason: Missing output files: output/rdfs/FedUp-FedX/q05i.1.csv
    wildcards: workload=rdfs, query=q05i, run=1
    priority: 50
    resources: tmpdir=/tmp

[Wed Mar  5 14:06:06 2025]
Finished job 10.
3 of 4 steps (75%) done
Select jobs to execute...
Execute 1 jobs...

[Wed Mar  5 14:06:06 2025]
localrule all:
    input: /workspaces/P-TER/apache-jena-fuseki-4.9.0, /workspaces/P-TER/apache-jena-4.9.0, config/largerdfbench/graphs.txt, config/rdfs/endpoints.txt, output/rdfs/Jena/q05i.1.csv, output/rdfs/Jena/q05i.2.csv, output/rdfs/Jena/q05i.3.csv, output/rdfs/FedX/q05i.1.csv, output/rdfs/FedX/q05i.2.csv, output/rdfs/FedX/q05i.3.csv, output/rdfs/HefQuin/q05i.1.csv, output/rdfs/HefQuin/q05i.2.csv, output/rdfs/HefQuin/q05i.3.csv, output/rdfs/FedUp-FedX/q05i.1.csv, output/rdfs/FedUp-FedX/q05i.2.csv, output/rdfs/FedUp-FedX/q05i.3.csv
    output: output/data.csv
    jobid: 0
    reason: Missing output files: output/data.csv; Input files updated by another job: output/rdfs/FedUp-FedX/q05i.1.csv, output/rdfs/FedUp-FedX/q05i.3.csv, output/rdfs/FedUp-FedX/q05i.2.csv
    resources: tmpdir=/tmp

[Wed Mar  5 14:06:06 2025]
Finished job 0.
4 of 4 steps (100%) done
Complete log: .snakemake/log/2025-03-05T140018.921210.snakemake.log
