host: codespaces-dfd9c6
Building DAG of jobs...
Using shell: /usr/bin/bash
Provided cores: 1 (use --cores to define parallelism)
Rules claiming more threads will be scaled down.
Job stats:
job                     count
--------------------  -------
all                         1
run_Fedup_Jena_query       22
total                      23

Select jobs to execute...
Execute 1 jobs...

[Wed Mar  5 22:16:26 2025]
localrule run_Fedup_Jena_query:
    input: /workspaces/P-TER/virtuoso-opensource-7.2.7, /workspaces/P-TER/virtuoso-opensource-7.2.7/var/lib/virtuoso/db/fedup.ini, fedup-queries/q07b.sparql
    output: output/rdfs/FedUp-Jena/q07b.1.csv, output/rdfs/FedUp-Jena/q07b.1.json
    jobid: 154
    reason: Missing output files: output/rdfs/FedUp-Jena/q07b.1.csv
    wildcards: workload=rdfs, query=q07b, run=1
    priority: 20
    resources: tmpdir=/tmp

Terminating processes on user request, this might take some time.
[Wed Mar  5 22:16:30 2025]
Error in rule run_Fedup_Jena_query:
    jobid: 154
    input: /workspaces/P-TER/virtuoso-opensource-7.2.7, /workspaces/P-TER/virtuoso-opensource-7.2.7/var/lib/virtuoso/db/fedup.ini, fedup-queries/q07b.sparql
    output: output/rdfs/FedUp-Jena/q07b.1.csv, output/rdfs/FedUp-Jena/q07b.1.json

Complete log: .snakemake/log/2025-03-05T221626.445194.snakemake.log
WorkflowError:
At least one job did not complete successfully.
