host: codespaces-c89ec1
Building DAG of jobs...
Using shell: /usr/bin/bash
Provided cores: 1 (use --cores to define parallelism)
Rules claiming more threads will be scaled down.
Job stats:
job                        count
-----------------------  -------
all                            1
run_Fedup_HefQuin_query        2
run_hefquin_query              2
total                          5

Select jobs to execute...
Execute 1 jobs...

[Wed Mar 26 10:25:54 2025]
localrule run_hefquin_query:
    input: /workspaces/P-TER/virtuoso-opensource-7.2.7, /workspaces/P-TER/virtuoso-opensource-7.2.7/var/lib/virtuoso/db/fedup.ini, /workspaces/P-TER/queries/q12j.sparql
    output: output/rdfs/HefQuin/q12j.3.csv, output/rdfs/HefQuin/q12j.3.json, output/rdfs/HefQuin/q12j.3.txt
    jobid: 3
    reason: Missing output files: output/rdfs/HefQuin/q12j.3.csv
    wildcards: workload=rdfs, query=q12j, run=3
    priority: 50
    resources: tmpdir=/tmp

[Wed Mar 26 10:25:57 2025]
Finished job 3.
1 of 5 steps (20%) done
Select jobs to execute...
Execute 1 jobs...

[Wed Mar 26 10:25:57 2025]
localrule run_hefquin_query:
    input: /workspaces/P-TER/virtuoso-opensource-7.2.7, /workspaces/P-TER/virtuoso-opensource-7.2.7/var/lib/virtuoso/db/fedup.ini, /workspaces/P-TER/queries/q12j.sparql
    output: output/rdfs/HefQuin/q12j.2.csv, output/rdfs/HefQuin/q12j.2.json, output/rdfs/HefQuin/q12j.2.txt
    jobid: 2
    reason: Missing output files: output/rdfs/HefQuin/q12j.2.csv
    wildcards: workload=rdfs, query=q12j, run=2
    priority: 50
    resources: tmpdir=/tmp

[Wed Mar 26 10:26:01 2025]
Finished job 2.
2 of 5 steps (40%) done
Select jobs to execute...
Execute 1 jobs...

[Wed Mar 26 10:26:01 2025]
localrule run_Fedup_HefQuin_query:
    input: /workspaces/P-TER/virtuoso-opensource-7.2.7, /workspaces/P-TER/virtuoso-opensource-7.2.7/var/lib/virtuoso/db/fedup.ini, /workspaces/P-TER/fedup-queries/q12j.sparql
    output: output/rdfs/FedUp-HefQuin/q12j.3.csv, output/rdfs/FedUp-HefQuin/q12j.3.json, output/rdfs/FedUp-HefQuin/q12j.3.txt
    jobid: 6
    reason: Missing output files: output/rdfs/FedUp-HefQuin/q12j.3.csv
    wildcards: workload=rdfs, query=q12j, run=3
    priority: 50
    resources: tmpdir=/tmp

[Wed Mar 26 10:26:07 2025]
Finished job 6.
3 of 5 steps (60%) done
Select jobs to execute...
Execute 1 jobs...

[Wed Mar 26 10:26:07 2025]
localrule run_Fedup_HefQuin_query:
    input: /workspaces/P-TER/virtuoso-opensource-7.2.7, /workspaces/P-TER/virtuoso-opensource-7.2.7/var/lib/virtuoso/db/fedup.ini, /workspaces/P-TER/fedup-queries/q12j.sparql
    output: output/rdfs/FedUp-HefQuin/q12j.2.csv, output/rdfs/FedUp-HefQuin/q12j.2.json, output/rdfs/FedUp-HefQuin/q12j.2.txt
    jobid: 5
    reason: Missing output files: output/rdfs/FedUp-HefQuin/q12j.2.csv
    wildcards: workload=rdfs, query=q12j, run=2
    priority: 50
    resources: tmpdir=/tmp

[Wed Mar 26 10:26:13 2025]
Finished job 5.
4 of 5 steps (80%) done
Select jobs to execute...
Execute 1 jobs...

[Wed Mar 26 10:26:13 2025]
localrule all:
    input: config/largerdfbench/graphs.txt, config/rdfs/endpoints.txt, output/rdfs/HefQuin/q12j.1.csv, output/rdfs/HefQuin/q12j.2.csv, output/rdfs/HefQuin/q12j.3.csv, output/rdfs/FedUp-HefQuin/q12j.1.csv, output/rdfs/FedUp-HefQuin/q12j.2.csv, output/rdfs/FedUp-HefQuin/q12j.3.csv
    output: output/data.csv
    jobid: 0
    reason: Input files updated by another job: output/rdfs/FedUp-HefQuin/q12j.2.csv, output/rdfs/FedUp-HefQuin/q12j.3.csv, output/rdfs/HefQuin/q12j.3.csv, output/rdfs/HefQuin/q12j.2.csv; Set of input files has changed since last execution
    resources: tmpdir=/tmp

[Wed Mar 26 10:26:14 2025]
Finished job 0.
5 of 5 steps (100%) done
Complete log: .snakemake/log/2025-03-26T102554.088337.snakemake.log
