host: codespaces-dfd9c6
Building DAG of jobs...
Using shell: /usr/bin/bash
Provided cores: 1 (use --cores to define parallelism)
Rules claiming more threads will be scaled down.
Job stats:
job                        count
-----------------------  -------
all                            1
run_Fedup_FedX_query          24
run_Fedup_HefQuin_query       24
total                         49

Select jobs to execute...
Execute 1 jobs...

[Thu Mar  6 14:01:13 2025]
localrule run_Fedup_FedX_query:
    input: /workspaces/P-TER/virtuoso-opensource-7.2.7, /workspaces/P-TER/virtuoso-opensource-7.2.7/var/lib/virtuoso/db/fedup.ini, fedup-queries/q05i.sparql
    output: output/rdfs/FedUp-FedX/q05i.2.csv, output/rdfs/FedUp-FedX/q05i.2.json
    jobid: 185
    reason: Missing output files: output/rdfs/FedUp-FedX/q05i.2.csv
    wildcards: workload=rdfs, query=q05i, run=2
    priority: 50
    resources: tmpdir=/tmp

[Thu Mar  6 14:01:50 2025]
Finished job 185.
1 of 49 steps (2%) done
Select jobs to execute...
Execute 1 jobs...

[Thu Mar  6 14:01:50 2025]
localrule run_Fedup_HefQuin_query:
    input: /workspaces/P-TER/virtuoso-opensource-7.2.7, /workspaces/P-TER/virtuoso-opensource-7.2.7/var/lib/virtuoso/db/fedup.ini, /workspaces/P-TER/fedup-queries/q05i.sparql
    output: output/rdfs/FedUp-HefQuin/q05i.2.csv, output/rdfs/FedUp-HefQuin/q05i.2.json
    jobid: 239
    reason: Missing output files: output/rdfs/FedUp-HefQuin/q05i.2.csv; Set of input files has changed since last execution
    wildcards: workload=rdfs, query=q05i, run=2
    priority: 50
    resources: tmpdir=/tmp

[Thu Mar  6 14:10:01 2025]
Error in rule run_Fedup_HefQuin_query:
    jobid: 239
    input: /workspaces/P-TER/virtuoso-opensource-7.2.7, /workspaces/P-TER/virtuoso-opensource-7.2.7/var/lib/virtuoso/db/fedup.ini, /workspaces/P-TER/fedup-queries/q05i.sparql
    output: output/rdfs/FedUp-HefQuin/q05i.2.csv, output/rdfs/FedUp-HefQuin/q05i.2.json

Shutting down, this might take some time.
Exiting because a job execution failed. Look above for error message
Complete log: .snakemake/log/2025-03-06T140113.464251.snakemake.log
WorkflowError:
At least one job did not complete successfully.
