host: codespaces-dfd9c6
Building DAG of jobs...
Using shell: /usr/bin/bash
Provided cores: 2
Rules claiming more threads will be scaled down.
Job stats:
job                 count
----------------  -------
all                     1
run_fedX_query          3
run_sparql_query        3
total                   7

Select jobs to execute...
Execute 2 jobs...

[Tue Feb 11 06:53:57 2025]
localrule run_sparql_query:
    input: /workspaces/P-TER/virtuoso-opensource-7.2.7, /workspaces/P-TER/virtuoso-opensource-7.2.7/var/lib/virtuoso/db/fedup.ini, /workspaces/P-TER/apache-jena-fuseki-4.9.0, queries/rdfs/Fuseki/q05-copy.sparql, config/rdfs/endpoints.txt
    output: output/rdfs/Fuseki/q05-copy.2.csv, output/rdfs/Fuseki/q05-copy.2.json
    jobid: 2
    reason: Missing output files: output/rdfs/Fuseki/q05-copy.2.csv; Params have changed since last execution: Union of exclusive params before and now across all output: before: ['Fuseki', 'FedX'] now: <nothing exclusive> 
    wildcards: workload=rdfs, query=q05-copy, run=2
    priority: 50
    resources: tmpdir=/tmp


[Tue Feb 11 06:53:58 2025]
localrule run_fedX_query:
    input: /workspaces/P-TER/virtuoso-opensource-7.2.7, /workspaces/P-TER/virtuoso-opensource-7.2.7/var/lib/virtuoso/db/fedup.ini, /workspaces/P-TER/apache-jena-fuseki-4.9.0, queries/rdfs/Fuseki/q05-copy.sparql, config/rdfs/endpoints.txt
    output: output/rdfs/FedX/q05-copy.1.csv, output/rdfs/FedX/q05-copy.1.json
    jobid: 4
    reason: Missing output files: output/rdfs/FedX/q05-copy.1.csv; Params have changed since last execution: Union of exclusive params before and now across all output: before: ['Fuseki', 'FedX'] now: <nothing exclusive> 
    wildcards: workload=rdfs, query=q05-copy, run=1
    priority: 50
    resources: tmpdir=/tmp

[Tue Feb 11 06:54:04 2025]
Finished job 2.
1 of 7 steps (14%) done
Select jobs to execute...
Execute 1 jobs...

[Tue Feb 11 06:54:04 2025]
localrule run_fedX_query:
    input: /workspaces/P-TER/virtuoso-opensource-7.2.7, /workspaces/P-TER/virtuoso-opensource-7.2.7/var/lib/virtuoso/db/fedup.ini, /workspaces/P-TER/apache-jena-fuseki-4.9.0, queries/rdfs/Fuseki/q05-copy.sparql, config/rdfs/endpoints.txt
    output: output/rdfs/FedX/q05-copy.3.csv, output/rdfs/FedX/q05-copy.3.json
    jobid: 6
    reason: Missing output files: output/rdfs/FedX/q05-copy.3.csv
    wildcards: workload=rdfs, query=q05-copy, run=3
    priority: 50
    resources: tmpdir=/tmp

[Tue Feb 11 06:54:05 2025]
Error in rule run_fedX_query:
    jobid: 4
    input: /workspaces/P-TER/virtuoso-opensource-7.2.7, /workspaces/P-TER/virtuoso-opensource-7.2.7/var/lib/virtuoso/db/fedup.ini, /workspaces/P-TER/apache-jena-fuseki-4.9.0, queries/rdfs/Fuseki/q05-copy.sparql, config/rdfs/endpoints.txt
    output: output/rdfs/FedX/q05-copy.1.csv, output/rdfs/FedX/q05-copy.1.json

[Tue Feb 11 06:54:09 2025]
Error in rule run_fedX_query:
    jobid: 6
    input: /workspaces/P-TER/virtuoso-opensource-7.2.7, /workspaces/P-TER/virtuoso-opensource-7.2.7/var/lib/virtuoso/db/fedup.ini, /workspaces/P-TER/apache-jena-fuseki-4.9.0, queries/rdfs/Fuseki/q05-copy.sparql, config/rdfs/endpoints.txt
    output: output/rdfs/FedX/q05-copy.3.csv, output/rdfs/FedX/q05-copy.3.json

Shutting down, this might take some time.
Exiting because a job execution failed. Look above for error message
Complete log: .snakemake/log/2025-02-11T065357.975878.snakemake.log
WorkflowError:
At least one job did not complete successfully.
