host: codespaces-dfd9c6
Building DAG of jobs...
Using shell: /usr/bin/bash
Provided cores: 2
Rules claiming more threads will be scaled down.
Job stats:
job                  count
-----------------  -------
all                      1
download_datasets        1
total                    2

Select jobs to execute...
Execute 1 jobs...

[Tue Feb  4 23:22:16 2025]
localrule download_datasets:
    output: datasets/fedshop-virtuoso.db
    jobid: 1
    reason: Forced execution
    resources: tmpdir=/tmp

[Tue Feb  4 23:22:38 2025]
Finished job 1.
1 of 2 steps (50%) done
Select jobs to execute...
Execute 1 jobs...

[Tue Feb  4 23:22:38 2025]
localrule all:
    input: datasets/fedshop-virtuoso.db
    jobid: 0
    reason: Forced execution
    resources: tmpdir=/tmp

[Tue Feb  4 23:22:38 2025]
Finished job 0.
2 of 2 steps (100%) done
Complete log: .snakemake/log/2025-02-04T232216.497946.snakemake.log
