host: codespaces-c89ec1
Building DAG of jobs...
Using shell: /usr/bin/bash
Provided cores: 1 (use --cores to define parallelism)
Rules claiming more threads will be scaled down.
Job stats:
job      count
-----  -------
all          1
total        1

Select jobs to execute...
Execute 1 jobs...

[Thu Mar 13 21:41:48 2025]
localrule all:
    input: config/largerdfbench/graphs.txt, config/rdfs/endpoints.txt, output/rdfs/HefQuin/q12b.1.csv, output/rdfs/HefQuin/q12b.2.csv, output/rdfs/HefQuin/q12b.3.csv
    output: output/data.csv
    jobid: 0
    reason: Set of input files has changed since last execution
    resources: tmpdir=/tmp

[Thu Mar 13 21:41:49 2025]
Finished job 0.
1 of 1 steps (100%) done
Complete log: .snakemake/log/2025-03-13T214148.212536.snakemake.log
