host: codespaces-dfd9c6
Building DAG of jobs...
Using shell: /usr/bin/bash
Provided cores: 1 (use --cores to define parallelism)
Rules claiming more threads will be scaled down.
Job stats:
job                        count
-----------------------  -------
all                            1
run_Fedup_FedX_query           3
run_Fedup_HefQuin_query        3
run_Fedup_Jena_query           3
run_hefquin_query              3
run_sparql_query               3
total                         16

Select jobs to execute...
Execute 1 jobs...

[Thu Mar 13 20:43:49 2025]
localrule run_hefquin_query:
    input: /workspaces/P-TER/virtuoso-opensource-7.2.7, /workspaces/P-TER/virtuoso-opensource-7.2.7/var/lib/virtuoso/db/fedup.ini, queries/q04h.sparql
    output: output/rdfs/HefQuin/q04h.2.csv, output/rdfs/HefQuin/q04h.2.json
    jobid: 5
    reason: Missing output files: output/rdfs/HefQuin/q04h.2.csv
    wildcards: workload=rdfs, query=q04h, run=2
    priority: 50
    resources: tmpdir=/tmp

[Thu Mar 13 20:43:53 2025]
Finished job 5.
1 of 16 steps (6%) done
Select jobs to execute...
Execute 1 jobs...

[Thu Mar 13 20:43:53 2025]
localrule run_sparql_query:
    input: /workspaces/P-TER/virtuoso-opensource-7.2.7, /workspaces/P-TER/virtuoso-opensource-7.2.7/var/lib/virtuoso/db/fedup.ini, queries/q04h.sparql
    output: output/rdfs/Jena/q04h.2.csv, output/rdfs/Jena/q04h.2.json
    jobid: 2
    reason: Missing output files: output/rdfs/Jena/q04h.2.csv
    wildcards: workload=rdfs, query=q04h, run=2
    priority: 50
    resources: tmpdir=/tmp

[Thu Mar 13 20:43:58 2025]
Finished job 2.
2 of 16 steps (12%) done
Select jobs to execute...
Execute 1 jobs...

[Thu Mar 13 20:43:58 2025]
localrule run_hefquin_query:
    input: /workspaces/P-TER/virtuoso-opensource-7.2.7, /workspaces/P-TER/virtuoso-opensource-7.2.7/var/lib/virtuoso/db/fedup.ini, queries/q04h.sparql
    output: output/rdfs/HefQuin/q04h.3.csv, output/rdfs/HefQuin/q04h.3.json
    jobid: 6
    reason: Missing output files: output/rdfs/HefQuin/q04h.3.csv
    wildcards: workload=rdfs, query=q04h, run=3
    priority: 50
    resources: tmpdir=/tmp

[Thu Mar 13 20:44:02 2025]
Finished job 6.
3 of 16 steps (19%) done
Select jobs to execute...
Execute 1 jobs...

[Thu Mar 13 20:44:02 2025]
localrule run_sparql_query:
    input: /workspaces/P-TER/virtuoso-opensource-7.2.7, /workspaces/P-TER/virtuoso-opensource-7.2.7/var/lib/virtuoso/db/fedup.ini, queries/q04h.sparql
    output: output/rdfs/Jena/q04h.3.csv, output/rdfs/Jena/q04h.3.json
    jobid: 3
    reason: Missing output files: output/rdfs/Jena/q04h.3.csv
    wildcards: workload=rdfs, query=q04h, run=3
    priority: 50
    resources: tmpdir=/tmp

[Thu Mar 13 20:44:05 2025]
Finished job 3.
4 of 16 steps (25%) done
Select jobs to execute...
Execute 1 jobs...

[Thu Mar 13 20:44:05 2025]
localrule run_hefquin_query:
    input: /workspaces/P-TER/virtuoso-opensource-7.2.7, /workspaces/P-TER/virtuoso-opensource-7.2.7/var/lib/virtuoso/db/fedup.ini, queries/q04h.sparql
    output: output/rdfs/HefQuin/q04h.1.csv, output/rdfs/HefQuin/q04h.1.json
    jobid: 4
    reason: Missing output files: output/rdfs/HefQuin/q04h.1.csv
    wildcards: workload=rdfs, query=q04h, run=1
    priority: 50
    resources: tmpdir=/tmp

[Thu Mar 13 20:44:09 2025]
Finished job 4.
5 of 16 steps (31%) done
Select jobs to execute...
Execute 1 jobs...

[Thu Mar 13 20:44:09 2025]
localrule run_sparql_query:
    input: /workspaces/P-TER/virtuoso-opensource-7.2.7, /workspaces/P-TER/virtuoso-opensource-7.2.7/var/lib/virtuoso/db/fedup.ini, queries/q04h.sparql
    output: output/rdfs/Jena/q04h.1.csv, output/rdfs/Jena/q04h.1.json
    jobid: 1
    reason: Missing output files: output/rdfs/Jena/q04h.1.csv
    wildcards: workload=rdfs, query=q04h, run=1
    priority: 50
    resources: tmpdir=/tmp

[Thu Mar 13 20:44:12 2025]
Finished job 1.
6 of 16 steps (38%) done
Select jobs to execute...
Execute 1 jobs...

[Thu Mar 13 20:44:12 2025]
localrule run_Fedup_FedX_query:
    input: /workspaces/P-TER/virtuoso-opensource-7.2.7, /workspaces/P-TER/virtuoso-opensource-7.2.7/var/lib/virtuoso/db/fedup.ini, fedup-queries/q04h.sparql
    output: output/rdfs/FedUp-FedX/q04h.1.csv, output/rdfs/FedUp-FedX/q04h.1.json
    jobid: 7
    reason: Missing output files: output/rdfs/FedUp-FedX/q04h.1.csv
    wildcards: workload=rdfs, query=q04h, run=1
    priority: 50
    resources: tmpdir=/tmp

[Thu Mar 13 20:44:26 2025]
Finished job 7.
7 of 16 steps (44%) done
Select jobs to execute...
Execute 1 jobs...

[Thu Mar 13 20:44:26 2025]
localrule run_Fedup_HefQuin_query:
    input: /workspaces/P-TER/virtuoso-opensource-7.2.7, /workspaces/P-TER/virtuoso-opensource-7.2.7/var/lib/virtuoso/db/fedup.ini, /workspaces/P-TER/fedup-queries/q04h.sparql
    output: output/rdfs/FedUp-HefQuin/q04h.2.csv, output/rdfs/FedUp-HefQuin/q04h.2.json
    jobid: 11
    reason: Missing output files: output/rdfs/FedUp-HefQuin/q04h.2.csv
    wildcards: workload=rdfs, query=q04h, run=2
    priority: 50
    resources: tmpdir=/tmp

[Thu Mar 13 20:44:40 2025]
Finished job 11.
8 of 16 steps (50%) done
Select jobs to execute...
Execute 1 jobs...

[Thu Mar 13 20:44:40 2025]
localrule run_Fedup_FedX_query:
    input: /workspaces/P-TER/virtuoso-opensource-7.2.7, /workspaces/P-TER/virtuoso-opensource-7.2.7/var/lib/virtuoso/db/fedup.ini, fedup-queries/q04h.sparql
    output: output/rdfs/FedUp-FedX/q04h.2.csv, output/rdfs/FedUp-FedX/q04h.2.json
    jobid: 8
    reason: Missing output files: output/rdfs/FedUp-FedX/q04h.2.csv
    wildcards: workload=rdfs, query=q04h, run=2
    priority: 50
    resources: tmpdir=/tmp

[Thu Mar 13 20:44:58 2025]
Finished job 8.
9 of 16 steps (56%) done
Select jobs to execute...
Execute 1 jobs...

[Thu Mar 13 20:44:58 2025]
localrule run_Fedup_HefQuin_query:
    input: /workspaces/P-TER/virtuoso-opensource-7.2.7, /workspaces/P-TER/virtuoso-opensource-7.2.7/var/lib/virtuoso/db/fedup.ini, /workspaces/P-TER/fedup-queries/q04h.sparql
    output: output/rdfs/FedUp-HefQuin/q04h.3.csv, output/rdfs/FedUp-HefQuin/q04h.3.json
    jobid: 12
    reason: Missing output files: output/rdfs/FedUp-HefQuin/q04h.3.csv
    wildcards: workload=rdfs, query=q04h, run=3
    priority: 50
    resources: tmpdir=/tmp

[Thu Mar 13 20:45:11 2025]
Finished job 12.
10 of 16 steps (62%) done
Select jobs to execute...
Execute 1 jobs...

[Thu Mar 13 20:45:11 2025]
localrule run_Fedup_FedX_query:
    input: /workspaces/P-TER/virtuoso-opensource-7.2.7, /workspaces/P-TER/virtuoso-opensource-7.2.7/var/lib/virtuoso/db/fedup.ini, fedup-queries/q04h.sparql
    output: output/rdfs/FedUp-FedX/q04h.3.csv, output/rdfs/FedUp-FedX/q04h.3.json
    jobid: 9
    reason: Missing output files: output/rdfs/FedUp-FedX/q04h.3.csv
    wildcards: workload=rdfs, query=q04h, run=3
    priority: 50
    resources: tmpdir=/tmp

[Thu Mar 13 20:45:23 2025]
Finished job 9.
11 of 16 steps (69%) done
Select jobs to execute...
Execute 1 jobs...

[Thu Mar 13 20:45:23 2025]
localrule run_Fedup_HefQuin_query:
    input: /workspaces/P-TER/virtuoso-opensource-7.2.7, /workspaces/P-TER/virtuoso-opensource-7.2.7/var/lib/virtuoso/db/fedup.ini, /workspaces/P-TER/fedup-queries/q04h.sparql
    output: output/rdfs/FedUp-HefQuin/q04h.1.csv, output/rdfs/FedUp-HefQuin/q04h.1.json
    jobid: 10
    reason: Missing output files: output/rdfs/FedUp-HefQuin/q04h.1.csv
    wildcards: workload=rdfs, query=q04h, run=1
    priority: 50
    resources: tmpdir=/tmp

[Thu Mar 13 20:45:35 2025]
Finished job 10.
12 of 16 steps (75%) done
Select jobs to execute...
Execute 1 jobs...

[Thu Mar 13 20:45:35 2025]
localrule run_Fedup_Jena_query:
    input: /workspaces/P-TER/virtuoso-opensource-7.2.7, /workspaces/P-TER/virtuoso-opensource-7.2.7/var/lib/virtuoso/db/fedup.ini, fedup-queries/q04h.sparql
    output: output/rdfs/FedUp-Jena/q04h.3.csv, output/rdfs/FedUp-Jena/q04h.3.json
    jobid: 15
    reason: Missing output files: output/rdfs/FedUp-Jena/q04h.3.csv
    wildcards: workload=rdfs, query=q04h, run=3
    priority: 20
    resources: tmpdir=/tmp

[Thu Mar 13 20:45:49 2025]
Finished job 15.
13 of 16 steps (81%) done
Select jobs to execute...
Execute 1 jobs...

[Thu Mar 13 20:45:49 2025]
localrule run_Fedup_Jena_query:
    input: /workspaces/P-TER/virtuoso-opensource-7.2.7, /workspaces/P-TER/virtuoso-opensource-7.2.7/var/lib/virtuoso/db/fedup.ini, fedup-queries/q04h.sparql
    output: output/rdfs/FedUp-Jena/q04h.1.csv, output/rdfs/FedUp-Jena/q04h.1.json
    jobid: 13
    reason: Missing output files: output/rdfs/FedUp-Jena/q04h.1.csv
    wildcards: workload=rdfs, query=q04h, run=1
    priority: 20
    resources: tmpdir=/tmp

[Thu Mar 13 20:46:02 2025]
Finished job 13.
14 of 16 steps (88%) done
Select jobs to execute...
Execute 1 jobs...

[Thu Mar 13 20:46:02 2025]
localrule run_Fedup_Jena_query:
    input: /workspaces/P-TER/virtuoso-opensource-7.2.7, /workspaces/P-TER/virtuoso-opensource-7.2.7/var/lib/virtuoso/db/fedup.ini, fedup-queries/q04h.sparql
    output: output/rdfs/FedUp-Jena/q04h.2.csv, output/rdfs/FedUp-Jena/q04h.2.json
    jobid: 14
    reason: Missing output files: output/rdfs/FedUp-Jena/q04h.2.csv
    wildcards: workload=rdfs, query=q04h, run=2
    priority: 20
    resources: tmpdir=/tmp

[Thu Mar 13 20:46:14 2025]
Finished job 14.
15 of 16 steps (94%) done
Select jobs to execute...
Execute 1 jobs...

[Thu Mar 13 20:46:14 2025]
localrule all:
    input: /workspaces/P-TER/apache-jena-fuseki-4.9.0, /workspaces/P-TER/apache-jena-4.9.0, config/largerdfbench/graphs.txt, config/rdfs/endpoints.txt, output/rdfs/Jena/q04h.1.csv, output/rdfs/Jena/q04h.2.csv, output/rdfs/Jena/q04h.3.csv, output/rdfs/HefQuin/q04h.1.csv, output/rdfs/HefQuin/q04h.2.csv, output/rdfs/HefQuin/q04h.3.csv, output/rdfs/FedUp-FedX/q04h.1.csv, output/rdfs/FedUp-FedX/q04h.2.csv, output/rdfs/FedUp-FedX/q04h.3.csv, output/rdfs/FedUp-HefQuin/q04h.1.csv, output/rdfs/FedUp-HefQuin/q04h.2.csv, output/rdfs/FedUp-HefQuin/q04h.3.csv, output/rdfs/FedUp-Jena/q04h.1.csv, output/rdfs/FedUp-Jena/q04h.2.csv, output/rdfs/FedUp-Jena/q04h.3.csv, output/rdfs/FedUp-HefQuin/q04h.1.csv, output/rdfs/FedUp-HefQuin/q04h.2.csv, output/rdfs/FedUp-HefQuin/q04h.3.csv
    output: output/data.csv
    jobid: 0
    reason: Missing output files: output/data.csv; Input files updated by another job: output/rdfs/HefQuin/q04h.3.csv, output/rdfs/Jena/q04h.1.csv, output/rdfs/FedUp-FedX/q04h.1.csv, output/rdfs/FedUp-Jena/q04h.1.csv, output/rdfs/Jena/q04h.2.csv, output/rdfs/FedUp-Jena/q04h.3.csv, output/rdfs/FedUp-HefQuin/q04h.1.csv, output/rdfs/HefQuin/q04h.1.csv, output/rdfs/HefQuin/q04h.2.csv, output/rdfs/FedUp-FedX/q04h.2.csv, output/rdfs/FedUp-Jena/q04h.2.csv, output/rdfs/Jena/q04h.3.csv, output/rdfs/FedUp-HefQuin/q04h.2.csv, output/rdfs/FedUp-HefQuin/q04h.3.csv, output/rdfs/FedUp-FedX/q04h.3.csv
    resources: tmpdir=/tmp

[Thu Mar 13 20:46:15 2025]
Finished job 0.
16 of 16 steps (100%) done
Complete log: .snakemake/log/2025-03-13T204349.651006.snakemake.log
