host: codespaces-dfd9c6
Building DAG of jobs...
Using shell: /usr/bin/bash
Provided cores: 2
Rules claiming more threads will be scaled down.
Job stats:
job               count
--------------  -------
all                   1
run_fedX_query        1
total                 2

Select jobs to execute...
Execute 1 jobs...

[Mon Feb 10 20:43:40 2025]
localrule run_fedX_query:
    input: /workspaces/P-TER/virtuoso-opensource-7.2.7, /workspaces/P-TER/virtuoso-opensource-7.2.7/var/lib/virtuoso/db/fedup.ini, /workspaces/P-TER/apache-jena-fuseki-4.9.0, config/rdfs/endpoints.txt
    output: hello.txt
    jobid: 1
    reason: Missing output files: hello.txt
    priority: 50
    resources: tmpdir=/tmp

[Mon Feb 10 20:43:42 2025]
Finished job 1.
1 of 2 steps (50%) done
Select jobs to execute...
Execute 1 jobs...

[Mon Feb 10 20:43:42 2025]
localrule all:
    input: /workspaces/P-TER/apache-jena-fuseki-4.9.0, /workspaces/P-TER/apache-jena-4.9.0, config/largerdfbench/graphs.txt, config/rdfs/endpoints.txt, hello.txt
    jobid: 0
    reason: Forced execution
    resources: tmpdir=/tmp

[Mon Feb 10 20:43:42 2025]
Finished job 0.
2 of 2 steps (100%) done
Complete log: .snakemake/log/2025-02-10T204340.735550.snakemake.log
