host: codespaces-c89ec1
Building DAG of jobs...
Using shell: /usr/bin/bash
Provided cores: 1 (use --cores to define parallelism)
Rules claiming more threads will be scaled down.
Job stats:
job                  count
-----------------  -------
all                      1
run_fedX_query           3
run_hefquin_query        3
run_jena_query           3
total                   10

Select jobs to execute...
Execute 1 jobs...

[Wed Mar 26 12:24:01 2025]
localrule run_fedX_query:
    input: /workspaces/P-TER/virtuoso-opensource-7.2.7, /workspaces/P-TER/virtuoso-opensource-7.2.7/var/lib/virtuoso/db/fedup.ini, /workspaces/P-TER/apache-jena-fuseki-4.9.0, queries/q12h.sparql, config/rdfs/endpoints.txt
    output: output/rdfs/FedX/q12h.1.csv, output/rdfs/FedX/q12h.1.json
    jobid: 4
    reason: Missing output files: output/rdfs/FedX/q12h.1.csv
    wildcards: workload=rdfs, query=q12h, run=1
    priority: 50
    resources: tmpdir=/tmp

[Wed Mar 26 12:24:04 2025]
Finished job 4.
1 of 10 steps (10%) done
Select jobs to execute...
Execute 1 jobs...

[Wed Mar 26 12:24:04 2025]
localrule run_fedX_query:
    input: /workspaces/P-TER/virtuoso-opensource-7.2.7, /workspaces/P-TER/virtuoso-opensource-7.2.7/var/lib/virtuoso/db/fedup.ini, /workspaces/P-TER/apache-jena-fuseki-4.9.0, queries/q12h.sparql, config/rdfs/endpoints.txt
    output: output/rdfs/FedX/q12h.2.csv, output/rdfs/FedX/q12h.2.json
    jobid: 5
    reason: Missing output files: output/rdfs/FedX/q12h.2.csv
    wildcards: workload=rdfs, query=q12h, run=2
    priority: 50
    resources: tmpdir=/tmp

[Wed Mar 26 12:24:07 2025]
Finished job 5.
2 of 10 steps (20%) done
Select jobs to execute...
Execute 1 jobs...

[Wed Mar 26 12:24:07 2025]
localrule run_fedX_query:
    input: /workspaces/P-TER/virtuoso-opensource-7.2.7, /workspaces/P-TER/virtuoso-opensource-7.2.7/var/lib/virtuoso/db/fedup.ini, /workspaces/P-TER/apache-jena-fuseki-4.9.0, queries/q12h.sparql, config/rdfs/endpoints.txt
    output: output/rdfs/FedX/q12h.3.csv, output/rdfs/FedX/q12h.3.json
    jobid: 6
    reason: Missing output files: output/rdfs/FedX/q12h.3.csv
    wildcards: workload=rdfs, query=q12h, run=3
    priority: 50
    resources: tmpdir=/tmp

[Wed Mar 26 12:24:09 2025]
Finished job 6.
3 of 10 steps (30%) done
Select jobs to execute...
Execute 1 jobs...

[Wed Mar 26 12:24:09 2025]
localrule run_jena_query:
    input: /workspaces/P-TER/virtuoso-opensource-7.2.7, /workspaces/P-TER/virtuoso-opensource-7.2.7/var/lib/virtuoso/db/fedup.ini, queries/q12h.sparql
    output: output/rdfs/Jena/q12h.1.csv, output/rdfs/Jena/q12h.1.json
    jobid: 1
    reason: Missing output files: output/rdfs/Jena/q12h.1.csv
    wildcards: workload=rdfs, query=q12h, run=1
    priority: 50
    resources: tmpdir=/tmp

[Wed Mar 26 12:24:14 2025]
Finished job 1.
4 of 10 steps (40%) done
Select jobs to execute...
Execute 1 jobs...

[Wed Mar 26 12:24:14 2025]
localrule run_hefquin_query:
    input: /workspaces/P-TER/virtuoso-opensource-7.2.7, /workspaces/P-TER/virtuoso-opensource-7.2.7/var/lib/virtuoso/db/fedup.ini, /workspaces/P-TER/queries/q12h.sparql
    output: output/rdfs/HefQuin/q12h.3.csv, output/rdfs/HefQuin/q12h.3.json, output/rdfs/HefQuin/q12h.3.txt
    jobid: 9
    reason: Missing output files: output/rdfs/HefQuin/q12h.3.csv
    wildcards: workload=rdfs, query=q12h, run=3
    priority: 50
    resources: tmpdir=/tmp

[Wed Mar 26 12:24:17 2025]
Finished job 9.
5 of 10 steps (50%) done
Select jobs to execute...
Execute 1 jobs...

[Wed Mar 26 12:24:17 2025]
localrule run_hefquin_query:
    input: /workspaces/P-TER/virtuoso-opensource-7.2.7, /workspaces/P-TER/virtuoso-opensource-7.2.7/var/lib/virtuoso/db/fedup.ini, /workspaces/P-TER/queries/q12h.sparql
    output: output/rdfs/HefQuin/q12h.1.csv, output/rdfs/HefQuin/q12h.1.json, output/rdfs/HefQuin/q12h.1.txt
    jobid: 7
    reason: Missing output files: output/rdfs/HefQuin/q12h.1.csv
    wildcards: workload=rdfs, query=q12h, run=1
    priority: 50
    resources: tmpdir=/tmp

[Wed Mar 26 12:24:20 2025]
Finished job 7.
6 of 10 steps (60%) done
Select jobs to execute...
Execute 1 jobs...

[Wed Mar 26 12:24:20 2025]
localrule run_jena_query:
    input: /workspaces/P-TER/virtuoso-opensource-7.2.7, /workspaces/P-TER/virtuoso-opensource-7.2.7/var/lib/virtuoso/db/fedup.ini, queries/q12h.sparql
    output: output/rdfs/Jena/q12h.3.csv, output/rdfs/Jena/q12h.3.json
    jobid: 3
    reason: Missing output files: output/rdfs/Jena/q12h.3.csv
    wildcards: workload=rdfs, query=q12h, run=3
    priority: 50
    resources: tmpdir=/tmp

[Wed Mar 26 12:24:24 2025]
Finished job 3.
7 of 10 steps (70%) done
Select jobs to execute...
Execute 1 jobs...

[Wed Mar 26 12:24:24 2025]
localrule run_jena_query:
    input: /workspaces/P-TER/virtuoso-opensource-7.2.7, /workspaces/P-TER/virtuoso-opensource-7.2.7/var/lib/virtuoso/db/fedup.ini, queries/q12h.sparql
    output: output/rdfs/Jena/q12h.2.csv, output/rdfs/Jena/q12h.2.json
    jobid: 2
    reason: Missing output files: output/rdfs/Jena/q12h.2.csv
    wildcards: workload=rdfs, query=q12h, run=2
    priority: 50
    resources: tmpdir=/tmp

[Wed Mar 26 12:24:28 2025]
Finished job 2.
8 of 10 steps (80%) done
Select jobs to execute...
Execute 1 jobs...

[Wed Mar 26 12:24:28 2025]
localrule run_hefquin_query:
    input: /workspaces/P-TER/virtuoso-opensource-7.2.7, /workspaces/P-TER/virtuoso-opensource-7.2.7/var/lib/virtuoso/db/fedup.ini, /workspaces/P-TER/queries/q12h.sparql
    output: output/rdfs/HefQuin/q12h.2.csv, output/rdfs/HefQuin/q12h.2.json, output/rdfs/HefQuin/q12h.2.txt
    jobid: 8
    reason: Missing output files: output/rdfs/HefQuin/q12h.2.csv
    wildcards: workload=rdfs, query=q12h, run=2
    priority: 50
    resources: tmpdir=/tmp

[Wed Mar 26 12:24:31 2025]
Finished job 8.
9 of 10 steps (90%) done
Select jobs to execute...
Execute 1 jobs...

[Wed Mar 26 12:24:31 2025]
localrule all:
    input: config/largerdfbench/graphs.txt, config/rdfs/endpoints.txt, output/rdfs/Jena/q12h.1.csv, output/rdfs/Jena/q12h.2.csv, output/rdfs/Jena/q12h.3.csv, output/rdfs/FedX/q12h.1.csv, output/rdfs/FedX/q12h.2.csv, output/rdfs/FedX/q12h.3.csv, output/rdfs/HefQuin/q12h.1.csv, output/rdfs/HefQuin/q12h.2.csv, output/rdfs/HefQuin/q12h.3.csv
    output: output/data.csv
    jobid: 0
    reason: Missing output files: output/data.csv; Input files updated by another job: output/rdfs/HefQuin/q12h.1.csv, output/rdfs/Jena/q12h.1.csv, output/rdfs/Jena/q12h.3.csv, output/rdfs/FedX/q12h.1.csv, output/rdfs/HefQuin/q12h.2.csv, output/rdfs/FedX/q12h.2.csv, output/rdfs/FedX/q12h.3.csv, output/rdfs/HefQuin/q12h.3.csv, output/rdfs/Jena/q12h.2.csv
    resources: tmpdir=/tmp

[Wed Mar 26 12:24:32 2025]
Finished job 0.
10 of 10 steps (100%) done
Complete log: .snakemake/log/2025-03-26T122401.274313.snakemake.log
