host: codespaces-dfd9c6
Building DAG of jobs...
Using shell: /usr/bin/bash
Provided cores: 1 (use --cores to define parallelism)
Rules claiming more threads will be scaled down.
Job stats:
job                        count
-----------------------  -------
all                            1
run_Fedup_HefQuin_query       20
total                         21

Select jobs to execute...
Execute 1 jobs...

[Thu Mar 13 19:00:03 2025]
localrule run_Fedup_HefQuin_query:
    input: /workspaces/P-TER/virtuoso-opensource-7.2.7, /workspaces/P-TER/virtuoso-opensource-7.2.7/var/lib/virtuoso/db/fedup.ini, /workspaces/P-TER/fedup-queries/q04h.sparql
    output: output/rdfs/FedUp-HefQuin/q04h.1.csv, output/rdfs/FedUp-HefQuin/q04h.1.json
    jobid: 8
    reason: Missing output files: output/rdfs/FedUp-HefQuin/q04h.1.csv
    wildcards: workload=rdfs, query=q04h, run=1
    priority: 50
    resources: tmpdir=/tmp

Terminating processes on user request, this might take some time.
[Thu Mar 13 19:00:12 2025]
Error in rule run_Fedup_HefQuin_query:
    jobid: 8
    input: /workspaces/P-TER/virtuoso-opensource-7.2.7, /workspaces/P-TER/virtuoso-opensource-7.2.7/var/lib/virtuoso/db/fedup.ini, /workspaces/P-TER/fedup-queries/q04h.sparql
    output: output/rdfs/FedUp-HefQuin/q04h.1.csv, output/rdfs/FedUp-HefQuin/q04h.1.json

Complete log: .snakemake/log/2025-03-13T190003.131171.snakemake.log
WorkflowError:
At least one job did not complete successfully.
