host: codespaces-dfd9c6
Building DAG of jobs...
Using shell: /usr/bin/bash
Provided cores: 2
Rules claiming more threads will be scaled down.
Job stats:
job                 count
----------------  -------
all                     1
run_fedX_query          3
run_sparql_query        3
total                   7

Select jobs to execute...
Execute 2 jobs...

[Wed Feb 12 09:48:49 2025]
localrule run_fedX_query:
    input: /workspaces/P-TER/virtuoso-opensource-7.2.7, /workspaces/P-TER/virtuoso-opensource-7.2.7/var/lib/virtuoso/db/fedup.ini, /workspaces/P-TER/apache-jena-fuseki-4.9.0, queries/q01a-copy.sparql, config/rdfs/endpoints.txt
    output: output/rdfs/FedX/q01a-copy.2.csv, output/rdfs/FedX/q01a-copy.2.json
    jobid: 5
    reason: Missing output files: output/rdfs/FedX/q01a-copy.2.csv
    wildcards: workload=rdfs, query=q01a-copy, run=2
    priority: 50
    resources: tmpdir=/tmp


[Wed Feb 12 09:48:49 2025]
localrule run_sparql_query:
    input: /workspaces/P-TER/virtuoso-opensource-7.2.7, /workspaces/P-TER/virtuoso-opensource-7.2.7/var/lib/virtuoso/db/fedup.ini, /workspaces/P-TER/apache-jena-fuseki-4.9.0, queries/q01a-copy.sparql, config/rdfs/endpoints.txt
    output: output/rdfs/Fuseki/q01a-copy.3.csv, output/rdfs/Fuseki/q01a-copy.3.json
    jobid: 3
    reason: Missing output files: output/rdfs/Fuseki/q01a-copy.3.csv
    wildcards: workload=rdfs, query=q01a-copy, run=3
    priority: 50
    resources: tmpdir=/tmp

[Wed Feb 12 09:48:53 2025]
Finished job 3.
1 of 7 steps (14%) done
Select jobs to execute...
Execute 1 jobs...

[Wed Feb 12 09:48:53 2025]
localrule run_sparql_query:
    input: /workspaces/P-TER/virtuoso-opensource-7.2.7, /workspaces/P-TER/virtuoso-opensource-7.2.7/var/lib/virtuoso/db/fedup.ini, /workspaces/P-TER/apache-jena-fuseki-4.9.0, queries/q01a-copy.sparql, config/rdfs/endpoints.txt
    output: output/rdfs/Fuseki/q01a-copy.2.csv, output/rdfs/Fuseki/q01a-copy.2.json
    jobid: 2
    reason: Missing output files: output/rdfs/Fuseki/q01a-copy.2.csv
    wildcards: workload=rdfs, query=q01a-copy, run=2
    priority: 50
    resources: tmpdir=/tmp

[Wed Feb 12 09:48:54 2025]
Finished job 5.
2 of 7 steps (29%) done
Select jobs to execute...
Execute 1 jobs...

[Wed Feb 12 09:48:54 2025]
localrule run_sparql_query:
    input: /workspaces/P-TER/virtuoso-opensource-7.2.7, /workspaces/P-TER/virtuoso-opensource-7.2.7/var/lib/virtuoso/db/fedup.ini, /workspaces/P-TER/apache-jena-fuseki-4.9.0, queries/q01a-copy.sparql, config/rdfs/endpoints.txt
    output: output/rdfs/Fuseki/q01a-copy.1.csv, output/rdfs/Fuseki/q01a-copy.1.json
    jobid: 1
    reason: Missing output files: output/rdfs/Fuseki/q01a-copy.1.csv
    wildcards: workload=rdfs, query=q01a-copy, run=1
    priority: 50
    resources: tmpdir=/tmp

[Wed Feb 12 09:48:58 2025]
Finished job 2.
3 of 7 steps (43%) done
Select jobs to execute...
Execute 1 jobs...

[Wed Feb 12 09:48:58 2025]
localrule run_fedX_query:
    input: /workspaces/P-TER/virtuoso-opensource-7.2.7, /workspaces/P-TER/virtuoso-opensource-7.2.7/var/lib/virtuoso/db/fedup.ini, /workspaces/P-TER/apache-jena-fuseki-4.9.0, queries/q01a-copy.sparql, config/rdfs/endpoints.txt
    output: output/rdfs/FedX/q01a-copy.3.csv, output/rdfs/FedX/q01a-copy.3.json
    jobid: 6
    reason: Missing output files: output/rdfs/FedX/q01a-copy.3.csv
    wildcards: workload=rdfs, query=q01a-copy, run=3
    priority: 50
    resources: tmpdir=/tmp

[Wed Feb 12 09:48:58 2025]
Finished job 1.
4 of 7 steps (57%) done
Select jobs to execute...
Execute 1 jobs...

[Wed Feb 12 09:48:58 2025]
localrule run_fedX_query:
    input: /workspaces/P-TER/virtuoso-opensource-7.2.7, /workspaces/P-TER/virtuoso-opensource-7.2.7/var/lib/virtuoso/db/fedup.ini, /workspaces/P-TER/apache-jena-fuseki-4.9.0, queries/q01a-copy.sparql, config/rdfs/endpoints.txt
    output: output/rdfs/FedX/q01a-copy.1.csv, output/rdfs/FedX/q01a-copy.1.json
    jobid: 4
    reason: Missing output files: output/rdfs/FedX/q01a-copy.1.csv
    wildcards: workload=rdfs, query=q01a-copy, run=1
    priority: 50
    resources: tmpdir=/tmp

[Wed Feb 12 09:49:03 2025]
Finished job 6.
5 of 7 steps (71%) done
[Wed Feb 12 09:49:04 2025]
Finished job 4.
6 of 7 steps (86%) done
Select jobs to execute...
Execute 1 jobs...

[Wed Feb 12 09:49:04 2025]
localrule all:
    input: /workspaces/P-TER/apache-jena-fuseki-4.9.0, /workspaces/P-TER/apache-jena-4.9.0, config/largerdfbench/graphs.txt, config/rdfs/endpoints.txt, output/rdfs/Fuseki/q01a-copy.1.csv, output/rdfs/Fuseki/q01a-copy.2.csv, output/rdfs/Fuseki/q01a-copy.3.csv, output/rdfs/FedX/q01a-copy.1.csv, output/rdfs/FedX/q01a-copy.2.csv, output/rdfs/FedX/q01a-copy.3.csv
    output: output/data.csv
    jobid: 0
    reason: Missing output files: output/data.csv; Input files updated by another job: output/rdfs/FedX/q01a-copy.3.csv, output/rdfs/Fuseki/q01a-copy.3.csv, output/rdfs/Fuseki/q01a-copy.2.csv, output/rdfs/FedX/q01a-copy.2.csv, output/rdfs/FedX/q01a-copy.1.csv, output/rdfs/Fuseki/q01a-copy.1.csv
    resources: tmpdir=/tmp

[Wed Feb 12 09:49:05 2025]
Finished job 0.
7 of 7 steps (100%) done
Complete log: .snakemake/log/2025-02-12T094849.058443.snakemake.log
