host: codespaces-dfd9c6
Building DAG of jobs...
Using shell: /usr/bin/bash
Provided cores: 2
Rules claiming more threads will be scaled down.
Job stats:
job      count
-----  -------
all          1
total        1

Select jobs to execute...
Execute 1 jobs...

[Wed Feb 26 13:26:05 2025]
localrule all:
    input: /workspaces/P-TER/apache-jena-fuseki-4.9.0, /workspaces/P-TER/apache-jena-4.9.0, config/largerdfbench/graphs.txt, config/rdfs/endpoints.txt, output/rdfs/Jena/q02e.1.csv, output/rdfs/Jena/q02e.2.csv, output/rdfs/Jena/q02e.3.csv, output/rdfs/FedX/q02e.1.csv, output/rdfs/FedX/q02e.2.csv, output/rdfs/FedX/q02e.3.csv, output/rdfs/HefQuin/q02e.1.csv, output/rdfs/HefQuin/q02e.2.csv, output/rdfs/HefQuin/q02e.3.csv
    output: output/data.csv
    jobid: 0
    reason: Set of input files has changed since last execution
    resources: tmpdir=/tmp

[Wed Feb 26 13:26:07 2025]
Finished job 0.
1 of 1 steps (100%) done
Complete log: .snakemake/log/2025-02-26T132603.759983.snakemake.log
