host: codespaces-dfd9c6
Building DAG of jobs...
Using shell: /usr/bin/bash
Provided cores: 1 (use --cores to define parallelism)
Rules claiming more threads will be scaled down.
Job stats:
job                     count
--------------------  -------
all                         1
run_Fedup_FedX_query       84
run_Fedup_Jena_query       80
total                     165

Select jobs to execute...
Execute 1 jobs...

[Tue Mar  4 16:02:06 2025]
localrule run_Fedup_FedX_query:
    input: /workspaces/P-TER/virtuoso-opensource-7.2.7, /workspaces/P-TER/virtuoso-opensource-7.2.7/var/lib/virtuoso/db/fedup.ini, fedup-queries/q05f.sparql
    output: output/rdfs/FedUp-FedX/q05f.1.csv, output/rdfs/FedUp-FedX/q05f.1.json
    jobid: 46
    reason: Missing output files: output/rdfs/FedUp-FedX/q05f.1.csv
    wildcards: workload=rdfs, query=q05f, run=1
    priority: 50
    resources: tmpdir=/tmp

[Tue Mar  4 16:03:19 2025]
Finished job 46.
1 of 165 steps (1%) done
Select jobs to execute...
Execute 1 jobs...

[Tue Mar  4 16:03:19 2025]
localrule run_Fedup_FedX_query:
    input: /workspaces/P-TER/virtuoso-opensource-7.2.7, /workspaces/P-TER/virtuoso-opensource-7.2.7/var/lib/virtuoso/db/fedup.ini, fedup-queries/q05h.sparql
    output: output/rdfs/FedUp-FedX/q05h.1.csv, output/rdfs/FedUp-FedX/q05h.1.json
    jobid: 48
    reason: Missing output files: output/rdfs/FedUp-FedX/q05h.1.csv
    wildcards: workload=rdfs, query=q05h, run=1
    priority: 50
    resources: tmpdir=/tmp

