host: codespaces-dfd9c6
Building DAG of jobs...
Using shell: /usr/bin/bash
Provided cores: 1 (use --cores to define parallelism)
Rules claiming more threads will be scaled down.
Job stats:
job                     count
--------------------  -------
all                         1
run_Fedup_FedX_query      360
run_Fedup_Jena_query      360
run_fedX_query            360
run_hefquin_query         360
run_sparql_query          360
total                    1801

Select jobs to execute...
Execute 1 jobs...

[Mon Mar  3 16:10:51 2025]
localrule run_fedX_query:
    input: /workspaces/P-TER/virtuoso-opensource-7.2.7, /workspaces/P-TER/virtuoso-opensource-7.2.7/var/lib/virtuoso/db/fedup.ini, /workspaces/P-TER/apache-jena-fuseki-4.9.0, queries/q07j.sparql, config/rdfs/endpoints.txt
    output: output/rdfs/FedX/q07j.1.csv, output/rdfs/FedX/q07j.1.json
    jobid: 568
    reason: Missing output files: output/rdfs/FedX/q07j.1.csv
    wildcards: workload=rdfs, query=q07j, run=1
    priority: 50
    resources: tmpdir=/tmp

[Mon Mar  3 16:10:52 2025]
Error in rule run_fedX_query:
    jobid: 568
    input: /workspaces/P-TER/virtuoso-opensource-7.2.7, /workspaces/P-TER/virtuoso-opensource-7.2.7/var/lib/virtuoso/db/fedup.ini, /workspaces/P-TER/apache-jena-fuseki-4.9.0, queries/q07j.sparql, config/rdfs/endpoints.txt
    output: output/rdfs/FedX/q07j.1.csv, output/rdfs/FedX/q07j.1.json

Shutting down, this might take some time.
Exiting because a job execution failed. Look above for error message
Complete log: .snakemake/log/2025-03-03T161049.088932.snakemake.log
WorkflowError:
At least one job did not complete successfully.
