host: codespaces-dfd9c6
Building DAG of jobs...
Using shell: /usr/bin/bash
Provided cores: 2
Rules claiming more threads will be scaled down.
Job stats:
job                           count
--------------------------  -------
all                               1
install_apache_jena_fuseki        1
total                             2

Select jobs to execute...
Execute 1 jobs...

[Tue Feb  4 22:39:56 2025]
localrule install_apache_jena_fuseki:
    output: /workspaces/P-TER/apache-jena-fuseki-4.9.0
    jobid: 1
    reason: Forced execution
    priority: 100
    resources: tmpdir=/tmp

[Tue Feb  4 22:39:57 2025]
Finished job 1.
1 of 2 steps (50%) done
Select jobs to execute...
Execute 1 jobs...

[Tue Feb  4 22:39:57 2025]
localrule all:
    input: /workspaces/P-TER/apache-jena-fuseki-4.9.0
    jobid: 0
    reason: Forced execution
    resources: tmpdir=/tmp

[Tue Feb  4 22:39:57 2025]
Finished job 0.
2 of 2 steps (100%) done
Complete log: .snakemake/log/2025-02-04T223956.004965.snakemake.log
