host: codespaces-dfd9c6
Building DAG of jobs...
Using shell: /usr/bin/bash
Provided cores: 1 (use --cores to define parallelism)
Rules claiming more threads will be scaled down.
Job stats:
job                     count
--------------------  -------
all                         1
run_Fedup_FedX_query       84
run_Fedup_Jena_query       82
total                     167

Select jobs to execute...
Execute 1 jobs...

[Tue Mar  4 12:48:15 2025]
localrule run_Fedup_Jena_query:
    input: /workspaces/P-TER/virtuoso-opensource-7.2.7, /workspaces/P-TER/virtuoso-opensource-7.2.7/var/lib/virtuoso/db/fedup.ini, fedup-queries/q05c.sparql
    output: output/rdfs/FedUp-Jena/q05c.1.csv, output/rdfs/FedUp-Jena/q05c.1.json
    jobid: 163
    reason: Missing output files: output/rdfs/FedUp-Jena/q05c.1.csv
    wildcards: workload=rdfs, query=q05c, run=1
    priority: 50
    resources: tmpdir=/tmp

[Tue Mar  4 12:54:35 2025]
Finished job 163.
1 of 167 steps (1%) done
Select jobs to execute...
Execute 1 jobs...

[Tue Mar  4 12:54:35 2025]
localrule run_Fedup_FedX_query:
    input: /workspaces/P-TER/virtuoso-opensource-7.2.7, /workspaces/P-TER/virtuoso-opensource-7.2.7/var/lib/virtuoso/db/fedup.ini, fedup-queries/q05h.sparql
    output: output/rdfs/FedUp-FedX/q05h.1.csv, output/rdfs/FedUp-FedX/q05h.1.json
    jobid: 48
    reason: Missing output files: output/rdfs/FedUp-FedX/q05h.1.csv
    wildcards: workload=rdfs, query=q05h, run=1
    priority: 50
    resources: tmpdir=/tmp

Terminating processes on user request, this might take some time.
[Tue Mar  4 13:01:10 2025]
Error in rule run_Fedup_FedX_query:
    jobid: 48
    input: /workspaces/P-TER/virtuoso-opensource-7.2.7, /workspaces/P-TER/virtuoso-opensource-7.2.7/var/lib/virtuoso/db/fedup.ini, fedup-queries/q05h.sparql
    output: output/rdfs/FedUp-FedX/q05h.1.csv, output/rdfs/FedUp-FedX/q05h.1.json

Complete log: .snakemake/log/2025-03-04T124815.235098.snakemake.log
WorkflowError:
At least one job did not complete successfully.
