host: codespaces-dfd9c6
Building DAG of jobs...
Using shell: /usr/bin/bash
Provided cores: 1 (use --cores to define parallelism)
Rules claiming more threads will be scaled down.
Job stats:
job                        count
-----------------------  -------
all                            1
run_Fedup_FedX_query           3
run_Fedup_HefQuin_query        3
run_Fedup_Jena_query           3
run_fedX_query                 3
run_hefquin_query              3
run_sparql_query               3
total                         19

Select jobs to execute...
Execute 1 jobs...

[Wed Mar  5 21:36:06 2025]
localrule run_fedX_query:
    input: /workspaces/P-TER/virtuoso-opensource-7.2.7, /workspaces/P-TER/virtuoso-opensource-7.2.7/var/lib/virtuoso/db/fedup.ini, /workspaces/P-TER/apache-jena-fuseki-4.9.0, queries/q07b.sparql, config/rdfs/endpoints.txt
    output: output/rdfs/FedX/q07b.2.csv, output/rdfs/FedX/q07b.2.json
    jobid: 5
    reason: Missing output files: output/rdfs/FedX/q07b.2.csv
    wildcards: workload=rdfs, query=q07b, run=2
    priority: 50
    resources: tmpdir=/tmp

[Wed Mar  5 21:36:07 2025]
Error in rule run_fedX_query:
    jobid: 5
    input: /workspaces/P-TER/virtuoso-opensource-7.2.7, /workspaces/P-TER/virtuoso-opensource-7.2.7/var/lib/virtuoso/db/fedup.ini, /workspaces/P-TER/apache-jena-fuseki-4.9.0, queries/q07b.sparql, config/rdfs/endpoints.txt
    output: output/rdfs/FedX/q07b.2.csv, output/rdfs/FedX/q07b.2.json

Shutting down, this might take some time.
Exiting because a job execution failed. Look above for error message
Complete log: .snakemake/log/2025-03-05T213606.044490.snakemake.log
WorkflowError:
At least one job did not complete successfully.
