host: codespaces-dfd9c6
Building DAG of jobs...
Using shell: /usr/bin/bash
Provided cores: 2
Rules claiming more threads will be scaled down.
Job stats:
job                           count
--------------------------  -------
all                               1
install_apache_jena               1
install_apache_jena_fuseki        1
total                             3

Select jobs to execute...
Execute 2 jobs...

[Tue Feb  4 23:05:20 2025]
localrule install_apache_jena:
    output: /workspaces/P-TER/apache-jena-4.9.0, /workspaces/P-TER/apache-jena-4.9.0/bin/tdb2.xloader
    jobid: 2
    reason: Forced execution
    priority: 100
    resources: tmpdir=/tmp


[Tue Feb  4 23:05:20 2025]
localrule install_apache_jena_fuseki:
    output: /workspaces/P-TER/apache-jena-fuseki-4.9.0
    jobid: 1
    reason: Forced execution
    priority: 100
    resources: tmpdir=/tmp

[Tue Feb  4 23:05:23 2025]
Finished job 2.
1 of 3 steps (33%) done
[Tue Feb  4 23:05:30 2025]
Finished job 1.
2 of 3 steps (67%) done
Select jobs to execute...
Execute 1 jobs...

[Tue Feb  4 23:05:30 2025]
localrule all:
    input: /workspaces/P-TER/apache-jena-fuseki-4.9.0, /workspaces/P-TER/apache-jena-4.9.0
    jobid: 0
    reason: Forced execution
    resources: tmpdir=/tmp

[Tue Feb  4 23:05:30 2025]
Finished job 0.
3 of 3 steps (100%) done
Complete log: .snakemake/log/2025-02-04T230520.445155.snakemake.log
