host: codespaces-dfd9c6
Building DAG of jobs...
Using shell: /usr/bin/bash
Provided cores: 1 (use --cores to define parallelism)
Rules claiming more threads will be scaled down.
Job stats:
job                     count
--------------------  -------
all                         1
run_Fedup_Jena_query        3
total                       4

Select jobs to execute...
Execute 1 jobs...

[Tue Mar 11 21:31:40 2025]
localrule run_Fedup_Jena_query:
    input: /workspaces/P-TER/virtuoso-opensource-7.2.7, /workspaces/P-TER/virtuoso-opensource-7.2.7/var/lib/virtuoso/db/fedup.ini, fedup-queries/q05j.sparql
    output: output/rdfs/FedUp-Jena/q05j.1.csv, output/rdfs/FedUp-Jena/q05j.1.json
    jobid: 18
    reason: Missing output files: output/rdfs/FedUp-Jena/q05j.1.csv
    wildcards: workload=rdfs, query=q05j, run=1
    priority: 20
    resources: tmpdir=/tmp

Terminating processes on user request, this might take some time.
[Tue Mar 11 21:40:17 2025]
Error in rule run_Fedup_Jena_query:
    jobid: 18
    input: /workspaces/P-TER/virtuoso-opensource-7.2.7, /workspaces/P-TER/virtuoso-opensource-7.2.7/var/lib/virtuoso/db/fedup.ini, fedup-queries/q05j.sparql
    output: output/rdfs/FedUp-Jena/q05j.1.csv, output/rdfs/FedUp-Jena/q05j.1.json

Complete log: .snakemake/log/2025-03-11T213140.181406.snakemake.log
WorkflowError:
At least one job did not complete successfully.
