host: Air-de-Anthony.lan
Building DAG of jobs...
Using shell: /bin/bash
Provided cores: 8
Rules claiming more threads will be scaled down.
Job stats:
job                 count
----------------  -------
all                     1
run_sparql_query        3
total                   4

Select jobs to execute...
Execute 3 jobs...

[Wed Feb  5 09:34:40 2025]
localrule run_sparql_query:
    input: queries/rdfs/Fuseki/q05.sparql
    output: output/rdfs/Fuseki/q05.1.csv, output/rdfs/Fuseki/q05.1.json
    jobid: 1
    reason: Updated input files: queries/rdfs/Fuseki/q05.sparql
    wildcards: workload=rdfs, approach=Fuseki, query=q05, run=1
    priority: 50
    resources: tmpdir=/var/folders/00/05wy_tcj17z1wd7_gmtxy24h0000gn/T


[Wed Feb  5 09:34:40 2025]
localrule run_sparql_query:
    input: queries/rdfs/Fuseki/q05.sparql
    output: output/rdfs/Fuseki/q05.2.csv, output/rdfs/Fuseki/q05.2.json
    jobid: 2
    reason: Updated input files: queries/rdfs/Fuseki/q05.sparql
    wildcards: workload=rdfs, approach=Fuseki, query=q05, run=2
    priority: 50
    resources: tmpdir=/var/folders/00/05wy_tcj17z1wd7_gmtxy24h0000gn/T


[Wed Feb  5 09:34:40 2025]
localrule run_sparql_query:
    input: queries/rdfs/Fuseki/q05.sparql
    output: output/rdfs/Fuseki/q05.3.csv, output/rdfs/Fuseki/q05.3.json
    jobid: 3
    reason: Updated input files: queries/rdfs/Fuseki/q05.sparql
    wildcards: workload=rdfs, approach=Fuseki, query=q05, run=3
    priority: 50
    resources: tmpdir=/var/folders/00/05wy_tcj17z1wd7_gmtxy24h0000gn/T

[Wed Feb  5 09:34:42 2025]
Finished job 1.
1 of 4 steps (25%) done
[Wed Feb  5 09:34:42 2025]
Finished job 3.
2 of 4 steps (50%) done
[Wed Feb  5 09:34:42 2025]
Finished job 2.
3 of 4 steps (75%) done
Select jobs to execute...
Execute 1 jobs...

[Wed Feb  5 09:34:42 2025]
localrule all:
    input: output/rdfs/Fuseki/q05.1.csv, output/rdfs/Fuseki/q05.2.csv, output/rdfs/Fuseki/q05.3.csv
    jobid: 0
    reason: Input files updated by another job: output/rdfs/Fuseki/q05.2.csv, output/rdfs/Fuseki/q05.1.csv, output/rdfs/Fuseki/q05.3.csv
    resources: tmpdir=/var/folders/00/05wy_tcj17z1wd7_gmtxy24h0000gn/T

[Wed Feb  5 09:34:42 2025]
Finished job 0.
4 of 4 steps (100%) done
Complete log: .snakemake/log/2025-02-05T093440.918887.snakemake.log
