host: codespaces-c89ec1
Building DAG of jobs...
Using shell: /usr/bin/bash
Provided cores: 4
Rules claiming more threads will be scaled down.
Job stats:
job                  count
-----------------  -------
all                      1
run_hefquin_query        1
total                    2

Select jobs to execute...
Execute 1 jobs...

[Mon Mar 17 21:17:28 2025]
localrule run_hefquin_query:
    input: /workspaces/P-TER/virtuoso-opensource-7.2.7, /workspaces/P-TER/virtuoso-opensource-7.2.7/var/lib/virtuoso/db/fedup.ini, queries/q07h.sparql
    output: output/rdfs/HefQuin/q07h.1.csv, output/rdfs/HefQuin/q07h.1.json, output/rdfs/HefQuin/q07h.1.txt
    jobid: 1
    reason: Missing output files: output/rdfs/HefQuin/q07h.1.csv
    wildcards: workload=rdfs, query=q07h, run=1
    priority: 50
    resources: tmpdir=/tmp

[Mon Mar 17 21:17:31 2025]
Finished job 1.
1 of 2 steps (50%) done
Select jobs to execute...
Execute 1 jobs...

[Mon Mar 17 21:17:31 2025]
localrule all:
    input: config/largerdfbench/graphs.txt, config/rdfs/endpoints.txt, output/rdfs/HefQuin/q07h.1.csv
    output: output/data.csv
    jobid: 0
    reason: Missing output files: output/data.csv; Input files updated by another job: output/rdfs/HefQuin/q07h.1.csv
    resources: tmpdir=/tmp

[Mon Mar 17 21:17:32 2025]
Finished job 0.
2 of 2 steps (100%) done
Complete log: .snakemake/log/2025-03-17T211728.061727.snakemake.log
