host: codespaces-dfd9c6
Building DAG of jobs...
Using shell: /usr/bin/bash
Provided cores: 1 (use --cores to define parallelism)
Rules claiming more threads will be scaled down.
Job stats:
job                        count
-----------------------  -------
all                            1
run_Fedup_FedX_query           2
run_Fedup_HefQuin_query        3
total                          6

Select jobs to execute...
Execute 1 jobs...

[Wed Mar  5 15:56:30 2025]
localrule run_Fedup_HefQuin_query:
    input: /workspaces/P-TER/virtuoso-opensource-7.2.7, /workspaces/P-TER/virtuoso-opensource-7.2.7/var/lib/virtuoso/db/fedup.ini, /workspaces/P-TER/fedup-queries/q10a.sparql
    output: output/rdfs/FedUp-HefQuin/q10a.3.csv, output/rdfs/FedUp-HefQuin/q10a.3.json
    jobid: 15
    reason: Missing output files: output/rdfs/FedUp-HefQuin/q10a.3.csv
    wildcards: workload=rdfs, query=q10a, run=3
    priority: 50
    resources: tmpdir=/tmp

[Wed Mar  5 15:56:37 2025]
Finished job 15.
1 of 6 steps (17%) done
Select jobs to execute...
Execute 1 jobs...

[Wed Mar  5 15:56:37 2025]
localrule run_Fedup_FedX_query:
    input: /workspaces/P-TER/virtuoso-opensource-7.2.7, /workspaces/P-TER/virtuoso-opensource-7.2.7/var/lib/virtuoso/db/fedup.ini, fedup-queries/q10a.sparql
    output: output/rdfs/FedUp-FedX/q10a.2.csv, output/rdfs/FedUp-FedX/q10a.2.json
    jobid: 11
    reason: Updated input files: /workspaces/P-TER/virtuoso-opensource-7.2.7/var/lib/virtuoso/db/fedup.ini
    wildcards: workload=rdfs, query=q10a, run=2
    priority: 50
    resources: tmpdir=/tmp

[Wed Mar  5 15:56:45 2025]
Finished job 11.
2 of 6 steps (33%) done
Select jobs to execute...
Execute 1 jobs...

[Wed Mar  5 15:56:45 2025]
localrule run_Fedup_HefQuin_query:
    input: /workspaces/P-TER/virtuoso-opensource-7.2.7, /workspaces/P-TER/virtuoso-opensource-7.2.7/var/lib/virtuoso/db/fedup.ini, /workspaces/P-TER/fedup-queries/q10a.sparql
    output: output/rdfs/FedUp-HefQuin/q10a.2.csv, output/rdfs/FedUp-HefQuin/q10a.2.json
    jobid: 14
    reason: Missing output files: output/rdfs/FedUp-HefQuin/q10a.2.csv
    wildcards: workload=rdfs, query=q10a, run=2
    priority: 50
    resources: tmpdir=/tmp

[Wed Mar  5 15:56:52 2025]
Finished job 14.
3 of 6 steps (50%) done
Select jobs to execute...
Execute 1 jobs...

[Wed Mar  5 15:56:52 2025]
localrule run_Fedup_HefQuin_query:
    input: /workspaces/P-TER/virtuoso-opensource-7.2.7, /workspaces/P-TER/virtuoso-opensource-7.2.7/var/lib/virtuoso/db/fedup.ini, /workspaces/P-TER/fedup-queries/q10a.sparql
    output: output/rdfs/FedUp-HefQuin/q10a.1.csv, output/rdfs/FedUp-HefQuin/q10a.1.json
    jobid: 13
    reason: Missing output files: output/rdfs/FedUp-HefQuin/q10a.1.csv
    wildcards: workload=rdfs, query=q10a, run=1
    priority: 50
    resources: tmpdir=/tmp

[Wed Mar  5 15:56:59 2025]
Finished job 13.
4 of 6 steps (67%) done
Select jobs to execute...
Execute 1 jobs...

[Wed Mar  5 15:56:59 2025]
localrule run_Fedup_FedX_query:
    input: /workspaces/P-TER/virtuoso-opensource-7.2.7, /workspaces/P-TER/virtuoso-opensource-7.2.7/var/lib/virtuoso/db/fedup.ini, fedup-queries/q10a.sparql
    output: output/rdfs/FedUp-FedX/q10a.1.csv, output/rdfs/FedUp-FedX/q10a.1.json
    jobid: 10
    reason: Updated input files: /workspaces/P-TER/virtuoso-opensource-7.2.7/var/lib/virtuoso/db/fedup.ini
    wildcards: workload=rdfs, query=q10a, run=1
    priority: 50
    resources: tmpdir=/tmp

[Wed Mar  5 15:57:07 2025]
Finished job 10.
5 of 6 steps (83%) done
Select jobs to execute...
Execute 1 jobs...

[Wed Mar  5 15:57:07 2025]
localrule all:
    input: /workspaces/P-TER/apache-jena-fuseki-4.9.0, /workspaces/P-TER/apache-jena-4.9.0, config/largerdfbench/graphs.txt, config/rdfs/endpoints.txt, output/rdfs/Jena/q10a.1.csv, output/rdfs/Jena/q10a.2.csv, output/rdfs/Jena/q10a.3.csv, output/rdfs/FedX/q10a.1.csv, output/rdfs/FedX/q10a.2.csv, output/rdfs/FedX/q10a.3.csv, output/rdfs/HefQuin/q10a.1.csv, output/rdfs/HefQuin/q10a.2.csv, output/rdfs/HefQuin/q10a.3.csv, output/rdfs/FedUp-FedX/q10a.1.csv, output/rdfs/FedUp-FedX/q10a.2.csv, output/rdfs/FedUp-FedX/q10a.3.csv, output/rdfs/FedUp-HefQuin/q10a.1.csv, output/rdfs/FedUp-HefQuin/q10a.2.csv, output/rdfs/FedUp-HefQuin/q10a.3.csv
    output: output/data.csv
    jobid: 0
    reason: Input files updated by another job: output/rdfs/FedUp-HefQuin/q10a.2.csv, output/rdfs/FedUp-HefQuin/q10a.3.csv, output/rdfs/FedUp-FedX/q10a.2.csv, output/rdfs/FedUp-HefQuin/q10a.1.csv, output/rdfs/FedUp-FedX/q10a.1.csv
    resources: tmpdir=/tmp

[Wed Mar  5 15:57:08 2025]
Finished job 0.
6 of 6 steps (100%) done
Complete log: .snakemake/log/2025-03-05T155630.305978.snakemake.log
