host: codespaces-c89ec1
Building DAG of jobs...
Using shell: /usr/bin/bash
Provided cores: 1 (use --cores to define parallelism)
Rules claiming more threads will be scaled down.
Job stats:
job                  count
-----------------  -------
all                      1
run_hefquin_query       10
total                   11

Select jobs to execute...
Execute 1 jobs...

[Mon Mar 17 22:26:41 2025]
localrule run_hefquin_query:
    input: /workspaces/P-TER/virtuoso-opensource-7.2.7, /workspaces/P-TER/virtuoso-opensource-7.2.7/var/lib/virtuoso/db/fedup.ini, /workspaces/P-TER/queries/q07j.sparql
    output: output/rdfs/HefQuin/q07j.1.csv, output/rdfs/HefQuin/q07j.1.json, output/rdfs/HefQuin/q07j.1.txt
    jobid: 10
    reason: Missing output files: output/rdfs/HefQuin/q07j.1.csv; Set of input files has changed since last execution
    wildcards: workload=rdfs, query=q07j, run=1
    priority: 50
    resources: tmpdir=/tmp

[Mon Mar 17 22:26:45 2025]
Finished job 10.
1 of 11 steps (9%) done
Select jobs to execute...
Execute 1 jobs...

[Mon Mar 17 22:26:45 2025]
localrule run_hefquin_query:
    input: /workspaces/P-TER/virtuoso-opensource-7.2.7, /workspaces/P-TER/virtuoso-opensource-7.2.7/var/lib/virtuoso/db/fedup.ini, /workspaces/P-TER/queries/q07a.sparql
    output: output/rdfs/HefQuin/q07a.1.csv, output/rdfs/HefQuin/q07a.1.json, output/rdfs/HefQuin/q07a.1.txt
    jobid: 1
    reason: Missing output files: output/rdfs/HefQuin/q07a.1.csv; Set of input files has changed since last execution
    wildcards: workload=rdfs, query=q07a, run=1
    priority: 50
    resources: tmpdir=/tmp

[Mon Mar 17 22:26:49 2025]
Finished job 1.
2 of 11 steps (18%) done
Select jobs to execute...
Execute 1 jobs...

[Mon Mar 17 22:26:49 2025]
localrule run_hefquin_query:
    input: /workspaces/P-TER/virtuoso-opensource-7.2.7, /workspaces/P-TER/virtuoso-opensource-7.2.7/var/lib/virtuoso/db/fedup.ini, /workspaces/P-TER/queries/q07d.sparql
    output: output/rdfs/HefQuin/q07d.1.csv, output/rdfs/HefQuin/q07d.1.json, output/rdfs/HefQuin/q07d.1.txt
    jobid: 4
    reason: Missing output files: output/rdfs/HefQuin/q07d.1.csv; Set of input files has changed since last execution
    wildcards: workload=rdfs, query=q07d, run=1
    priority: 50
    resources: tmpdir=/tmp

[Mon Mar 17 22:26:53 2025]
Finished job 4.
3 of 11 steps (27%) done
Select jobs to execute...
Execute 1 jobs...

[Mon Mar 17 22:26:53 2025]
localrule run_hefquin_query:
    input: /workspaces/P-TER/virtuoso-opensource-7.2.7, /workspaces/P-TER/virtuoso-opensource-7.2.7/var/lib/virtuoso/db/fedup.ini, /workspaces/P-TER/queries/q07g.sparql
    output: output/rdfs/HefQuin/q07g.1.csv, output/rdfs/HefQuin/q07g.1.json, output/rdfs/HefQuin/q07g.1.txt
    jobid: 7
    reason: Missing output files: output/rdfs/HefQuin/q07g.1.csv; Set of input files has changed since last execution
    wildcards: workload=rdfs, query=q07g, run=1
    priority: 50
    resources: tmpdir=/tmp

[Mon Mar 17 22:26:56 2025]
Finished job 7.
4 of 11 steps (36%) done
Select jobs to execute...
Execute 1 jobs...

[Mon Mar 17 22:26:56 2025]
localrule run_hefquin_query:
    input: /workspaces/P-TER/virtuoso-opensource-7.2.7, /workspaces/P-TER/virtuoso-opensource-7.2.7/var/lib/virtuoso/db/fedup.ini, /workspaces/P-TER/queries/q07c.sparql
    output: output/rdfs/HefQuin/q07c.1.csv, output/rdfs/HefQuin/q07c.1.json, output/rdfs/HefQuin/q07c.1.txt
    jobid: 3
    reason: Missing output files: output/rdfs/HefQuin/q07c.1.csv; Set of input files has changed since last execution
    wildcards: workload=rdfs, query=q07c, run=1
    priority: 50
    resources: tmpdir=/tmp

[Mon Mar 17 22:27:00 2025]
Finished job 3.
5 of 11 steps (45%) done
Select jobs to execute...
Execute 1 jobs...

[Mon Mar 17 22:27:00 2025]
localrule run_hefquin_query:
    input: /workspaces/P-TER/virtuoso-opensource-7.2.7, /workspaces/P-TER/virtuoso-opensource-7.2.7/var/lib/virtuoso/db/fedup.ini, /workspaces/P-TER/queries/q07i.sparql
    output: output/rdfs/HefQuin/q07i.1.csv, output/rdfs/HefQuin/q07i.1.json, output/rdfs/HefQuin/q07i.1.txt
    jobid: 9
    reason: Missing output files: output/rdfs/HefQuin/q07i.1.csv; Set of input files has changed since last execution
    wildcards: workload=rdfs, query=q07i, run=1
    priority: 50
    resources: tmpdir=/tmp

[Mon Mar 17 22:27:04 2025]
Finished job 9.
6 of 11 steps (55%) done
Select jobs to execute...
Execute 1 jobs...

[Mon Mar 17 22:27:04 2025]
localrule run_hefquin_query:
    input: /workspaces/P-TER/virtuoso-opensource-7.2.7, /workspaces/P-TER/virtuoso-opensource-7.2.7/var/lib/virtuoso/db/fedup.ini, /workspaces/P-TER/queries/q07f.sparql
    output: output/rdfs/HefQuin/q07f.1.csv, output/rdfs/HefQuin/q07f.1.json, output/rdfs/HefQuin/q07f.1.txt
    jobid: 6
    reason: Missing output files: output/rdfs/HefQuin/q07f.1.csv; Set of input files has changed since last execution
    wildcards: workload=rdfs, query=q07f, run=1
    priority: 50
    resources: tmpdir=/tmp

[Mon Mar 17 22:27:08 2025]
Finished job 6.
7 of 11 steps (64%) done
Select jobs to execute...
Execute 1 jobs...

[Mon Mar 17 22:27:08 2025]
localrule run_hefquin_query:
    input: /workspaces/P-TER/virtuoso-opensource-7.2.7, /workspaces/P-TER/virtuoso-opensource-7.2.7/var/lib/virtuoso/db/fedup.ini, /workspaces/P-TER/queries/q07h.sparql
    output: output/rdfs/HefQuin/q07h.1.csv, output/rdfs/HefQuin/q07h.1.json, output/rdfs/HefQuin/q07h.1.txt
    jobid: 8
    reason: Missing output files: output/rdfs/HefQuin/q07h.1.csv; Set of input files has changed since last execution
    wildcards: workload=rdfs, query=q07h, run=1
    priority: 50
    resources: tmpdir=/tmp

[Mon Mar 17 22:27:11 2025]
Finished job 8.
8 of 11 steps (73%) done
Select jobs to execute...
Execute 1 jobs...

[Mon Mar 17 22:27:11 2025]
localrule run_hefquin_query:
    input: /workspaces/P-TER/virtuoso-opensource-7.2.7, /workspaces/P-TER/virtuoso-opensource-7.2.7/var/lib/virtuoso/db/fedup.ini, /workspaces/P-TER/queries/q07b.sparql
    output: output/rdfs/HefQuin/q07b.1.csv, output/rdfs/HefQuin/q07b.1.json, output/rdfs/HefQuin/q07b.1.txt
    jobid: 2
    reason: Missing output files: output/rdfs/HefQuin/q07b.1.csv; Set of input files has changed since last execution
    wildcards: workload=rdfs, query=q07b, run=1
    priority: 50
    resources: tmpdir=/tmp

[Mon Mar 17 22:27:15 2025]
Finished job 2.
9 of 11 steps (82%) done
Select jobs to execute...
Execute 1 jobs...

[Mon Mar 17 22:27:15 2025]
localrule run_hefquin_query:
    input: /workspaces/P-TER/virtuoso-opensource-7.2.7, /workspaces/P-TER/virtuoso-opensource-7.2.7/var/lib/virtuoso/db/fedup.ini, /workspaces/P-TER/queries/q07e.sparql
    output: output/rdfs/HefQuin/q07e.1.csv, output/rdfs/HefQuin/q07e.1.json, output/rdfs/HefQuin/q07e.1.txt
    jobid: 5
    reason: Missing output files: output/rdfs/HefQuin/q07e.1.csv; Set of input files has changed since last execution
    wildcards: workload=rdfs, query=q07e, run=1
    priority: 50
    resources: tmpdir=/tmp

[Mon Mar 17 22:27:18 2025]
Finished job 5.
10 of 11 steps (91%) done
Select jobs to execute...
Execute 1 jobs...

[Mon Mar 17 22:27:18 2025]
localrule all:
    input: config/largerdfbench/graphs.txt, config/rdfs/endpoints.txt, output/rdfs/HefQuin/q07a.1.csv, output/rdfs/HefQuin/q07b.1.csv, output/rdfs/HefQuin/q07c.1.csv, output/rdfs/HefQuin/q07d.1.csv, output/rdfs/HefQuin/q07e.1.csv, output/rdfs/HefQuin/q07f.1.csv, output/rdfs/HefQuin/q07g.1.csv, output/rdfs/HefQuin/q07h.1.csv, output/rdfs/HefQuin/q07i.1.csv, output/rdfs/HefQuin/q07j.1.csv
    output: output/data.csv
    jobid: 0
    reason: Input files updated by another job: output/rdfs/HefQuin/q07j.1.csv, output/rdfs/HefQuin/q07c.1.csv, output/rdfs/HefQuin/q07h.1.csv, output/rdfs/HefQuin/q07b.1.csv, output/rdfs/HefQuin/q07g.1.csv, output/rdfs/HefQuin/q07d.1.csv, output/rdfs/HefQuin/q07e.1.csv, output/rdfs/HefQuin/q07f.1.csv, output/rdfs/HefQuin/q07a.1.csv, output/rdfs/HefQuin/q07i.1.csv
    resources: tmpdir=/tmp

[Mon Mar 17 22:27:19 2025]
Finished job 0.
11 of 11 steps (100%) done
Complete log: .snakemake/log/2025-03-17T222641.191625.snakemake.log
