host: codespaces-c89ec1
Building DAG of jobs...
Using shell: /usr/bin/bash
Provided cores: 1 (use --cores to define parallelism)
Rules claiming more threads will be scaled down.
Job stats:
job                        count
-----------------------  -------
all                            1
run_Fedup_FedX_query           1
run_Fedup_HefQuin_query        1
run_Fedup_Jena_query           1
total                          4

Select jobs to execute...
Execute 1 jobs...

[Wed Mar 19 11:00:43 2025]
localrule run_Fedup_FedX_query:
    input: /workspaces/P-TER/virtuoso-opensource-7.2.7, /workspaces/P-TER/virtuoso-opensource-7.2.7/var/lib/virtuoso/db/fedup.ini, fedup-queries/q09a.sparql
    output: output/rdfs/FedUp-FedX/q09a.1.csv, output/rdfs/FedUp-FedX/q09a.1.json, output/rdfs/FedUp-FedX/q09a.1.txt
    jobid: 1
    reason: Missing output files: output/rdfs/FedUp-FedX/q09a.1.csv
    wildcards: workload=rdfs, query=q09a, run=1
    priority: 50
    resources: tmpdir=/tmp

[Wed Mar 19 11:00:48 2025]
Finished job 1.
1 of 4 steps (25%) done
Select jobs to execute...
Execute 1 jobs...

[Wed Mar 19 11:00:48 2025]
localrule run_Fedup_HefQuin_query:
    input: /workspaces/P-TER/virtuoso-opensource-7.2.7, /workspaces/P-TER/virtuoso-opensource-7.2.7/var/lib/virtuoso/db/fedup.ini, /workspaces/P-TER/fedup-queries/q09a.sparql
    output: output/rdfs/FedUp-HefQuin/q09a.1.csv, output/rdfs/FedUp-HefQuin/q09a.1.json, output/rdfs/FedUp-HefQuin/q09a.1.txt
    jobid: 2
    reason: Missing output files: output/rdfs/FedUp-HefQuin/q09a.1.csv
    wildcards: workload=rdfs, query=q09a, run=1
    priority: 50
    resources: tmpdir=/tmp

[Wed Mar 19 11:00:53 2025]
Finished job 2.
2 of 4 steps (50%) done
Select jobs to execute...
Execute 1 jobs...

[Wed Mar 19 11:00:53 2025]
localrule run_Fedup_Jena_query:
    input: /workspaces/P-TER/virtuoso-opensource-7.2.7, /workspaces/P-TER/virtuoso-opensource-7.2.7/var/lib/virtuoso/db/fedup.ini, fedup-queries/q09a.sparql
    output: output/rdfs/FedUp-Jena/q09a.1.csv, output/rdfs/FedUp-Jena/q09a.1.json, output/rdfs/FedUp-Jena/q09a.1.txt
    jobid: 3
    reason: Missing output files: output/rdfs/FedUp-Jena/q09a.1.csv
    wildcards: workload=rdfs, query=q09a, run=1
    priority: 20
    resources: tmpdir=/tmp

[Wed Mar 19 11:00:58 2025]
Finished job 3.
3 of 4 steps (75%) done
Select jobs to execute...
Execute 1 jobs...

[Wed Mar 19 11:00:58 2025]
localrule all:
    input: config/largerdfbench/graphs.txt, config/rdfs/endpoints.txt, output/rdfs/FedUp-FedX/q09a.1.csv, output/rdfs/FedUp-HefQuin/q09a.1.csv, output/rdfs/FedUp-Jena/q09a.1.csv
    output: output/data.csv
    jobid: 0
    reason: Missing output files: output/data.csv; Input files updated by another job: output/rdfs/FedUp-FedX/q09a.1.csv, output/rdfs/FedUp-Jena/q09a.1.csv, output/rdfs/FedUp-HefQuin/q09a.1.csv
    resources: tmpdir=/tmp

[Wed Mar 19 11:00:59 2025]
Finished job 0.
4 of 4 steps (100%) done
Complete log: .snakemake/log/2025-03-19T110043.835982.snakemake.log
