host: codespaces-dfd9c6
Building DAG of jobs...
Using shell: /usr/bin/bash
Provided cores: 2
Rules claiming more threads will be scaled down.
Job stats:
job                  count
-----------------  -------
all                      1
run_hefquin_query        3
run_sparql_query         3
total                    7

Select jobs to execute...
Execute 2 jobs...

[Wed Feb 26 15:57:30 2025]
localrule run_hefquin_query:
    input: /workspaces/P-TER/virtuoso-opensource-7.2.7, /workspaces/P-TER/virtuoso-opensource-7.2.7/var/lib/virtuoso/db/fedup.ini, queries/q02e.sparql
    output: output/rdfs/HefQuin/q02e.2.csv
    jobid: 8
    reason: Missing output files: output/rdfs/HefQuin/q02e.2.csv
    wildcards: workload=rdfs, query=q02e, run=2
    priority: 50
    resources: tmpdir=/tmp


[Wed Feb 26 15:57:30 2025]
localrule run_sparql_query:
    input: /workspaces/P-TER/virtuoso-opensource-7.2.7, /workspaces/P-TER/virtuoso-opensource-7.2.7/var/lib/virtuoso/db/fedup.ini, queries/q02e.sparql
    output: output/rdfs/Jena/q02e.3.csv
    jobid: 3
    reason: Missing output files: output/rdfs/Jena/q02e.3.csv
    wildcards: workload=rdfs, query=q02e, run=3
    priority: 50
    resources: tmpdir=/tmp

[Wed Feb 26 15:57:56 2025]
Finished job 8.
1 of 7 steps (14%) done
Select jobs to execute...
Execute 1 jobs...

[Wed Feb 26 15:57:56 2025]
localrule run_hefquin_query:
    input: /workspaces/P-TER/virtuoso-opensource-7.2.7, /workspaces/P-TER/virtuoso-opensource-7.2.7/var/lib/virtuoso/db/fedup.ini, queries/q02e.sparql
    output: output/rdfs/HefQuin/q02e.3.csv
    jobid: 9
    reason: Missing output files: output/rdfs/HefQuin/q02e.3.csv
    wildcards: workload=rdfs, query=q02e, run=3
    priority: 50
    resources: tmpdir=/tmp

[Wed Feb 26 15:58:02 2025]
Finished job 9.
2 of 7 steps (29%) done
Select jobs to execute...
Execute 1 jobs...

[Wed Feb 26 15:58:02 2025]
localrule run_sparql_query:
    input: /workspaces/P-TER/virtuoso-opensource-7.2.7, /workspaces/P-TER/virtuoso-opensource-7.2.7/var/lib/virtuoso/db/fedup.ini, queries/q02e.sparql
    output: output/rdfs/Jena/q02e.1.csv
    jobid: 1
    reason: Missing output files: output/rdfs/Jena/q02e.1.csv
    wildcards: workload=rdfs, query=q02e, run=1
    priority: 50
    resources: tmpdir=/tmp

[Wed Feb 26 15:58:19 2025]
Finished job 1.
3 of 7 steps (43%) done
Select jobs to execute...
Execute 1 jobs...

[Wed Feb 26 15:58:19 2025]
localrule run_sparql_query:
    input: /workspaces/P-TER/virtuoso-opensource-7.2.7, /workspaces/P-TER/virtuoso-opensource-7.2.7/var/lib/virtuoso/db/fedup.ini, queries/q02e.sparql
    output: output/rdfs/Jena/q02e.2.csv
    jobid: 2
    reason: Missing output files: output/rdfs/Jena/q02e.2.csv
    wildcards: workload=rdfs, query=q02e, run=2
    priority: 50
    resources: tmpdir=/tmp

[Wed Feb 26 15:58:19 2025]
Finished job 3.
4 of 7 steps (57%) done
Select jobs to execute...
Execute 1 jobs...

[Wed Feb 26 15:58:19 2025]
localrule run_hefquin_query:
    input: /workspaces/P-TER/virtuoso-opensource-7.2.7, /workspaces/P-TER/virtuoso-opensource-7.2.7/var/lib/virtuoso/db/fedup.ini, queries/q02e.sparql
    output: output/rdfs/HefQuin/q02e.1.csv
    jobid: 7
    reason: Missing output files: output/rdfs/HefQuin/q02e.1.csv
    wildcards: workload=rdfs, query=q02e, run=1
    priority: 50
    resources: tmpdir=/tmp

[Wed Feb 26 15:58:26 2025]
Finished job 7.
5 of 7 steps (71%) done
[Wed Feb 26 15:58:26 2025]
Finished job 2.
6 of 7 steps (86%) done
Select jobs to execute...
Execute 1 jobs...

[Wed Feb 26 15:58:26 2025]
localrule all:
    input: /workspaces/P-TER/apache-jena-fuseki-4.9.0, /workspaces/P-TER/apache-jena-4.9.0, config/largerdfbench/graphs.txt, config/rdfs/endpoints.txt, output/rdfs/Jena/q02e.1.csv, output/rdfs/Jena/q02e.2.csv, output/rdfs/Jena/q02e.3.csv, output/rdfs/FedX/q02e.1.csv, output/rdfs/FedX/q02e.2.csv, output/rdfs/FedX/q02e.3.csv, output/rdfs/HefQuin/q02e.1.csv, output/rdfs/HefQuin/q02e.2.csv, output/rdfs/HefQuin/q02e.3.csv
    output: output/data.csv
    jobid: 0
    reason: Input files updated by another job: output/rdfs/Jena/q02e.1.csv, output/rdfs/HefQuin/q02e.1.csv, output/rdfs/HefQuin/q02e.2.csv, output/rdfs/Jena/q02e.2.csv, output/rdfs/HefQuin/q02e.3.csv, output/rdfs/Jena/q02e.3.csv; Set of input files has changed since last execution
    resources: tmpdir=/tmp

[Wed Feb 26 15:58:33 2025]
Error in rule all:
    jobid: 0
    input: /workspaces/P-TER/apache-jena-fuseki-4.9.0, /workspaces/P-TER/apache-jena-4.9.0, config/largerdfbench/graphs.txt, config/rdfs/endpoints.txt, output/rdfs/Jena/q02e.1.csv, output/rdfs/Jena/q02e.2.csv, output/rdfs/Jena/q02e.3.csv, output/rdfs/FedX/q02e.1.csv, output/rdfs/FedX/q02e.2.csv, output/rdfs/FedX/q02e.3.csv, output/rdfs/HefQuin/q02e.1.csv, output/rdfs/HefQuin/q02e.2.csv, output/rdfs/HefQuin/q02e.3.csv
    output: output/data.csv

Shutting down, this might take some time.
Exiting because a job execution failed. Look above for error message
Complete log: .snakemake/log/2025-02-26T155730.241294.snakemake.log
WorkflowError:
At least one job did not complete successfully.
