host: codespaces-dfd9c6
Building DAG of jobs...
Using shell: /usr/bin/bash
Provided cores: 2
Rules claiming more threads will be scaled down.
Job stats:
job               count
--------------  -------
setup_virtuoso        1
total                 1

Select jobs to execute...
Execute 1 jobs...

[Wed Feb  5 01:40:22 2025]
localrule setup_virtuoso:
    input: /workspaces/P-TER/virtuoso-opensource-7.2.7/var/lib/virtuoso/db/virtuoso.ini
    output: /workspaces/P-TER/virtuoso-opensource-7.2.7/var/lib/virtuoso/db/fedup.ini
    jobid: 4
    reason: Code has changed since last execution
    priority: 100
    resources: tmpdir=/tmp


            cp <function RuleItemProxy._deferred_get.<locals>.inner at 0x795d668d7420> <function RuleItemProxy._deferred_get.<locals>.inner at 0x795d668d72e0>
            sed -i -E 's@(^ServerPort.*?= [^(1111)].*?$)@ServerPort = 8890@g' <function RuleItemProxy._deferred_get.<locals>.inner at 0x795d668d7420>
            sed -i -E 's@(^DefaultHost.*$)@DefaultHost = localhost:8890@g' <function RuleItemProxy._deferred_get.<locals>.inner at 0x795d668d72e0>
            sed -i -E 's@DirsAllowed(.*)$@DirsAllowed\1, /workspaces/P-TER@g' <function RuleItemProxy._deferred_get.<locals>.inner at 0x795d668d7420>
            sed -i -E 's@(^ResultSetMaxRows.*$)@;\1@g' <function RuleItemProxy._deferred_get.<locals>.inner at 0x795d668d72e0>
            sed -i -E 's@(^MaxQueryCostEstimationTime.*$)@;\1@g' <function RuleItemProxy._deferred_get.<locals>.inner at 0x795d668d7420>
            sed -i -E 's@(^MaxQueryExecutionTime.*$)@;\1@g' <function RuleItemProxy._deferred_get.<locals>.inner at 0x795d668d72e0>
            sed -i -E 's@(^NumberOfBuffers.*$)@;\1@g' <function RuleItemProxy._deferred_get.<locals>.inner at 0x795d668d7420>
            sed -i -E 's@(^MaxDirtyBuffers.*$)@;\1@g' <function RuleItemProxy._deferred_get.<locals>.inner at 0x795d668d72e0>
            sed -i -E 's@^;(NumberOfBuffers.*?= 2720000.*$)@\1@g' <function RuleItemProxy._deferred_get.<locals>.inner at 0x795d668d7420>
            sed -i -E 's@^;(MaxDirtyBuffers.*?= 2000000.*$)@\1@g' <function RuleItemProxy._deferred_get.<locals>.inner at 0x795d668d72e0>
            sed -i -E 's@(^MaxQueryMem.*)@MaxQueryMem = 8G@g' <function RuleItemProxy._deferred_get.<locals>.inner at 0x795d668d7420>
            
[Wed Feb  5 01:40:22 2025]
Finished job 4.
1 of 1 steps (100%) done
Complete log: .snakemake/log/2025-02-05T014022.756365.snakemake.log
