host: codespaces-c89ec1
Building DAG of jobs...
Using shell: /usr/bin/bash
Provided cores: 1 (use --cores to define parallelism)
Rules claiming more threads will be scaled down.
Job stats:
job                        count
-----------------------  -------
all                            1
run_Fedup_HefQuin_query        2
total                          3

Select jobs to execute...
Execute 1 jobs...

[Wed Mar 26 10:15:00 2025]
localrule run_Fedup_HefQuin_query:
    input: /workspaces/P-TER/virtuoso-opensource-7.2.7, /workspaces/P-TER/virtuoso-opensource-7.2.7/var/lib/virtuoso/db/fedup.ini, /workspaces/P-TER/fedup-queries/q01a.sparql
    output: output/rdfs/FedUp-HefQuin/q01a.3.csv, output/rdfs/FedUp-HefQuin/q01a.3.json, output/rdfs/FedUp-HefQuin/q01a.3.txt
    jobid: 3
    reason: Missing output files: output/rdfs/FedUp-HefQuin/q01a.3.csv
    wildcards: workload=rdfs, query=q01a, run=3
    priority: 50
    resources: tmpdir=/tmp

[Wed Mar 26 10:15:06 2025]
Finished job 3.
1 of 3 steps (33%) done
Select jobs to execute...
Execute 1 jobs...

[Wed Mar 26 10:15:06 2025]
localrule run_Fedup_HefQuin_query:
    input: /workspaces/P-TER/virtuoso-opensource-7.2.7, /workspaces/P-TER/virtuoso-opensource-7.2.7/var/lib/virtuoso/db/fedup.ini, /workspaces/P-TER/fedup-queries/q01a.sparql
    output: output/rdfs/FedUp-HefQuin/q01a.2.csv, output/rdfs/FedUp-HefQuin/q01a.2.json, output/rdfs/FedUp-HefQuin/q01a.2.txt
    jobid: 2
    reason: Missing output files: output/rdfs/FedUp-HefQuin/q01a.2.csv
    wildcards: workload=rdfs, query=q01a, run=2
    priority: 50
    resources: tmpdir=/tmp

[Wed Mar 26 10:15:11 2025]
Finished job 2.
2 of 3 steps (67%) done
Select jobs to execute...
Execute 1 jobs...

[Wed Mar 26 10:15:11 2025]
localrule all:
    input: config/largerdfbench/graphs.txt, config/rdfs/endpoints.txt, output/rdfs/FedUp-HefQuin/q01a.1.csv, output/rdfs/FedUp-HefQuin/q01a.2.csv, output/rdfs/FedUp-HefQuin/q01a.3.csv
    output: output/data.csv
    jobid: 0
    reason: Input files updated by another job: output/rdfs/FedUp-HefQuin/q01a.2.csv, output/rdfs/FedUp-HefQuin/q01a.3.csv; Set of input files has changed since last execution
    resources: tmpdir=/tmp

[Wed Mar 26 10:15:12 2025]
Finished job 0.
3 of 3 steps (100%) done
Complete log: .snakemake/log/2025-03-26T101500.627988.snakemake.log
