host: codespaces-dfd9c6
Building DAG of jobs...
Using shell: /usr/bin/bash
Provided cores: 2
Rules claiming more threads will be scaled down.
Job stats:
job                           count
--------------------------  -------
all                               1
download_datasets                 1
install_virtuoso                  1
load_FedShop_into_Virtuoso        1
setup_virtuoso                    1
total                             5

Select jobs to execute...
Execute 2 jobs...

[Tue Feb  4 23:25:36 2025]
localrule install_virtuoso:
    output: /workspaces/P-TER/virtuoso-opensource-7.2.7, /workspaces/P-TER/virtuoso-opensource-7.2.7/bin/isql, /workspaces/P-TER/virtuoso-opensource-7.2.7/var/lib/virtuoso/db/virtuoso.ini
    jobid: 3
    reason: Forced execution
    priority: 100
    resources: tmpdir=/tmp


[Tue Feb  4 23:25:36 2025]
localrule download_datasets:
    output: datasets/fedshop-virtuoso.db
    jobid: 2
    reason: Forced execution
    resources: tmpdir=/tmp

[Tue Feb  4 23:26:25 2025]
Finished job 2.
1 of 5 steps (20%) done
[Tue Feb  4 23:39:10 2025]
Finished job 3.
2 of 5 steps (40%) done
Select jobs to execute...
Execute 1 jobs...

[Tue Feb  4 23:39:10 2025]
localrule setup_virtuoso:
    input: /workspaces/P-TER/virtuoso-opensource-7.2.7/var/lib/virtuoso/db/virtuoso.ini
    output: /workspaces/P-TER/virtuoso-opensource-7.2.7/var/lib/virtuoso/db/fedup.ini
    jobid: 4
    reason: Forced execution
    priority: 100
    resources: tmpdir=/tmp

[Tue Feb  4 23:39:10 2025]
Finished job 4.
3 of 5 steps (60%) done
Select jobs to execute...
Execute 1 jobs...

[Tue Feb  4 23:39:10 2025]
localrule load_FedShop_into_Virtuoso:
    input: datasets/fedshop-virtuoso.db, /workspaces/P-TER/virtuoso-opensource-7.2.7, /workspaces/P-TER/virtuoso-opensource-7.2.7/bin/isql, /workspaces/P-TER/virtuoso-opensource-7.2.7/var/lib/virtuoso/db/fedup.ini
    output: config/rdfs/graphs.txt
    jobid: 1
    reason: Forced execution
    priority: 100
    resources: tmpdir=/tmp

[Tue Feb  4 23:39:32 2025]
Error in rule load_FedShop_into_Virtuoso:
    jobid: 1
    input: datasets/fedshop-virtuoso.db, /workspaces/P-TER/virtuoso-opensource-7.2.7, /workspaces/P-TER/virtuoso-opensource-7.2.7/bin/isql, /workspaces/P-TER/virtuoso-opensource-7.2.7/var/lib/virtuoso/db/fedup.ini
    output: config/rdfs/graphs.txt
    shell:
        
            python commons.py start-virtuoso --home /workspaces/P-TER/virtuoso-opensource-7.2.7 --config /workspaces/P-TER/virtuoso-opensource-7.2.7/var/lib/virtuoso/db/fedup.ini
            /workspaces/P-TER/virtuoso-opensource-7.2.7/bin/isql "EXEC=ld_dir('`pwd`/datasets', 'fedshop-virtuoso.db', 'NULL');"
            /workspaces/P-TER/virtuoso-opensource-7.2.7/bin/isql "EXEC=rdf_loader_run();"
            /workspaces/P-TER/virtuoso-opensource-7.2.7/bin/isql "EXEC=checkpoint;"
            /workspaces/P-TER/virtuoso-opensource-7.2.7/bin/isql "EXEC=SPARQL SELECT DISTINCT ?g WHERE { GRAPH ?g { ?s a ?c } };" | egrep "(ratingsite|vendor)[0-9]*" > config/rdfs/graphs.txt
            
        (one of the commands exited with non-zero exit code; note that snakemake uses bash strict mode!)

Shutting down, this might take some time.
Exiting because a job execution failed. Look above for error message
Complete log: .snakemake/log/2025-02-04T232536.154834.snakemake.log
WorkflowError:
At least one job did not complete successfully.
