host: codespaces-dfd9c6
Building DAG of jobs...
Using shell: /usr/bin/bash
Provided cores: 1 (use --cores to define parallelism)
Rules claiming more threads will be scaled down.
Job stats:
job                     count
--------------------  -------
all                         1
run_Fedup_FedX_query       84
run_Fedup_Jena_query       81
total                     166

Select jobs to execute...
Execute 1 jobs...

[Tue Mar  4 13:01:13 2025]
localrule run_Fedup_FedX_query:
    input: /workspaces/P-TER/virtuoso-opensource-7.2.7, /workspaces/P-TER/virtuoso-opensource-7.2.7/var/lib/virtuoso/db/fedup.ini, fedup-queries/q05f.sparql
    output: output/rdfs/FedUp-FedX/q05f.1.csv, output/rdfs/FedUp-FedX/q05f.1.json
    jobid: 46
    reason: Missing output files: output/rdfs/FedUp-FedX/q05f.1.csv
    wildcards: workload=rdfs, query=q05f, run=1
    priority: 50
    resources: tmpdir=/tmp

Terminating processes on user request, this might take some time.
[Tue Mar  4 13:40:29 2025]
Error in rule run_Fedup_FedX_query:
    jobid: 46
    input: /workspaces/P-TER/virtuoso-opensource-7.2.7, /workspaces/P-TER/virtuoso-opensource-7.2.7/var/lib/virtuoso/db/fedup.ini, fedup-queries/q05f.sparql
    output: output/rdfs/FedUp-FedX/q05f.1.csv, output/rdfs/FedUp-FedX/q05f.1.json

Complete log: .snakemake/log/2025-03-04T130112.489069.snakemake.log
WorkflowError:
At least one job did not complete successfully.
