host: codespaces-dfd9c6
Building DAG of jobs...
Using shell: /usr/bin/bash
Provided cores: 1 (use --cores to define parallelism)
Rules claiming more threads will be scaled down.
Job stats:
job                  count
-----------------  -------
all                      1
run_fedX_query           3
run_hefquin_query        3
run_sparql_query         3
total                   10

Select jobs to execute...
Execute 1 jobs...

[Wed Mar  5 16:07:40 2025]
localrule run_fedX_query:
    input: /workspaces/P-TER/virtuoso-opensource-7.2.7, /workspaces/P-TER/virtuoso-opensource-7.2.7/var/lib/virtuoso/db/fedup.ini, /workspaces/P-TER/apache-jena-fuseki-4.9.0, queries/q10a.sparql, config/rdfs/endpoints.txt
    output: output/rdfs/FedX/q10a.3.csv, output/rdfs/FedX/q10a.3.json
    jobid: 6
    reason: Missing output files: output/rdfs/FedX/q10a.3.csv
    wildcards: workload=rdfs, query=q10a, run=3
    priority: 50
    resources: tmpdir=/tmp

[Wed Mar  5 16:07:43 2025]
Finished job 6.
1 of 10 steps (10%) done
Select jobs to execute...
Execute 1 jobs...

[Wed Mar  5 16:07:43 2025]
localrule run_fedX_query:
    input: /workspaces/P-TER/virtuoso-opensource-7.2.7, /workspaces/P-TER/virtuoso-opensource-7.2.7/var/lib/virtuoso/db/fedup.ini, /workspaces/P-TER/apache-jena-fuseki-4.9.0, queries/q10a.sparql, config/rdfs/endpoints.txt
    output: output/rdfs/FedX/q10a.1.csv, output/rdfs/FedX/q10a.1.json
    jobid: 4
    reason: Missing output files: output/rdfs/FedX/q10a.1.csv
    wildcards: workload=rdfs, query=q10a, run=1
    priority: 50
    resources: tmpdir=/tmp

[Wed Mar  5 16:07:47 2025]
Finished job 4.
2 of 10 steps (20%) done
Select jobs to execute...
Execute 1 jobs...

[Wed Mar  5 16:07:47 2025]
localrule run_fedX_query:
    input: /workspaces/P-TER/virtuoso-opensource-7.2.7, /workspaces/P-TER/virtuoso-opensource-7.2.7/var/lib/virtuoso/db/fedup.ini, /workspaces/P-TER/apache-jena-fuseki-4.9.0, queries/q10a.sparql, config/rdfs/endpoints.txt
    output: output/rdfs/FedX/q10a.2.csv, output/rdfs/FedX/q10a.2.json
    jobid: 5
    reason: Missing output files: output/rdfs/FedX/q10a.2.csv
    wildcards: workload=rdfs, query=q10a, run=2
    priority: 50
    resources: tmpdir=/tmp

[Wed Mar  5 16:07:51 2025]
Finished job 5.
3 of 10 steps (30%) done
Select jobs to execute...
Execute 1 jobs...

[Wed Mar  5 16:07:51 2025]
localrule run_hefquin_query:
    input: /workspaces/P-TER/virtuoso-opensource-7.2.7, /workspaces/P-TER/virtuoso-opensource-7.2.7/var/lib/virtuoso/db/fedup.ini, queries/q10a.sparql
    output: output/rdfs/HefQuin/q10a.3.csv, output/rdfs/HefQuin/q10a.3.json
    jobid: 9
    reason: Missing output files: output/rdfs/HefQuin/q10a.3.csv
    wildcards: workload=rdfs, query=q10a, run=3
    priority: 50
    resources: tmpdir=/tmp

[Wed Mar  5 16:07:55 2025]
Finished job 9.
4 of 10 steps (40%) done
Select jobs to execute...
Execute 1 jobs...

[Wed Mar  5 16:07:55 2025]
localrule run_sparql_query:
    input: /workspaces/P-TER/virtuoso-opensource-7.2.7, /workspaces/P-TER/virtuoso-opensource-7.2.7/var/lib/virtuoso/db/fedup.ini, queries/q10a.sparql
    output: output/rdfs/Jena/q10a.1.csv, output/rdfs/Jena/q10a.1.json
    jobid: 1
    reason: Missing output files: output/rdfs/Jena/q10a.1.csv
    wildcards: workload=rdfs, query=q10a, run=1
    priority: 50
    resources: tmpdir=/tmp

[Wed Mar  5 16:08:00 2025]
Finished job 1.
5 of 10 steps (50%) done
Select jobs to execute...
Execute 1 jobs...

[Wed Mar  5 16:08:00 2025]
localrule run_sparql_query:
    input: /workspaces/P-TER/virtuoso-opensource-7.2.7, /workspaces/P-TER/virtuoso-opensource-7.2.7/var/lib/virtuoso/db/fedup.ini, queries/q10a.sparql
    output: output/rdfs/Jena/q10a.2.csv, output/rdfs/Jena/q10a.2.json
    jobid: 2
    reason: Missing output files: output/rdfs/Jena/q10a.2.csv
    wildcards: workload=rdfs, query=q10a, run=2
    priority: 50
    resources: tmpdir=/tmp

[Wed Mar  5 16:08:05 2025]
Finished job 2.
6 of 10 steps (60%) done
Select jobs to execute...
Execute 1 jobs...

[Wed Mar  5 16:08:05 2025]
localrule run_hefquin_query:
    input: /workspaces/P-TER/virtuoso-opensource-7.2.7, /workspaces/P-TER/virtuoso-opensource-7.2.7/var/lib/virtuoso/db/fedup.ini, queries/q10a.sparql
    output: output/rdfs/HefQuin/q10a.2.csv, output/rdfs/HefQuin/q10a.2.json
    jobid: 8
    reason: Missing output files: output/rdfs/HefQuin/q10a.2.csv
    wildcards: workload=rdfs, query=q10a, run=2
    priority: 50
    resources: tmpdir=/tmp

[Wed Mar  5 16:08:09 2025]
Finished job 8.
7 of 10 steps (70%) done
Select jobs to execute...
Execute 1 jobs...

[Wed Mar  5 16:08:09 2025]
localrule run_hefquin_query:
    input: /workspaces/P-TER/virtuoso-opensource-7.2.7, /workspaces/P-TER/virtuoso-opensource-7.2.7/var/lib/virtuoso/db/fedup.ini, queries/q10a.sparql
    output: output/rdfs/HefQuin/q10a.1.csv, output/rdfs/HefQuin/q10a.1.json
    jobid: 7
    reason: Missing output files: output/rdfs/HefQuin/q10a.1.csv
    wildcards: workload=rdfs, query=q10a, run=1
    priority: 50
    resources: tmpdir=/tmp

[Wed Mar  5 16:08:13 2025]
Finished job 7.
8 of 10 steps (80%) done
Select jobs to execute...
Execute 1 jobs...

[Wed Mar  5 16:08:13 2025]
localrule run_sparql_query:
    input: /workspaces/P-TER/virtuoso-opensource-7.2.7, /workspaces/P-TER/virtuoso-opensource-7.2.7/var/lib/virtuoso/db/fedup.ini, queries/q10a.sparql
    output: output/rdfs/Jena/q10a.3.csv, output/rdfs/Jena/q10a.3.json
    jobid: 3
    reason: Missing output files: output/rdfs/Jena/q10a.3.csv
    wildcards: workload=rdfs, query=q10a, run=3
    priority: 50
    resources: tmpdir=/tmp

[Wed Mar  5 16:08:18 2025]
Finished job 3.
9 of 10 steps (90%) done
Select jobs to execute...
Execute 1 jobs...

[Wed Mar  5 16:08:18 2025]
localrule all:
    input: /workspaces/P-TER/apache-jena-fuseki-4.9.0, /workspaces/P-TER/apache-jena-4.9.0, config/largerdfbench/graphs.txt, config/rdfs/endpoints.txt, output/rdfs/Jena/q10a.1.csv, output/rdfs/Jena/q10a.2.csv, output/rdfs/Jena/q10a.3.csv, output/rdfs/FedX/q10a.1.csv, output/rdfs/FedX/q10a.2.csv, output/rdfs/FedX/q10a.3.csv, output/rdfs/HefQuin/q10a.1.csv, output/rdfs/HefQuin/q10a.2.csv, output/rdfs/HefQuin/q10a.3.csv, output/rdfs/FedUp-FedX/q10a.1.csv, output/rdfs/FedUp-FedX/q10a.2.csv, output/rdfs/FedUp-FedX/q10a.3.csv, output/rdfs/FedUp-HefQuin/q10a.1.csv, output/rdfs/FedUp-HefQuin/q10a.2.csv, output/rdfs/FedUp-HefQuin/q10a.3.csv
    output: output/data.csv
    jobid: 0
    reason: Missing output files: output/data.csv; Input files updated by another job: output/rdfs/HefQuin/q10a.1.csv, output/rdfs/FedX/q10a.1.csv, output/rdfs/Jena/q10a.1.csv, output/rdfs/HefQuin/q10a.2.csv, output/rdfs/FedX/q10a.2.csv, output/rdfs/Jena/q10a.3.csv, output/rdfs/FedX/q10a.3.csv, output/rdfs/HefQuin/q10a.3.csv, output/rdfs/Jena/q10a.2.csv
    resources: tmpdir=/tmp

[Wed Mar  5 16:08:19 2025]
Finished job 0.
10 of 10 steps (100%) done
Complete log: .snakemake/log/2025-03-05T160740.138361.snakemake.log
