host: codespaces-dfd9c6
Building DAG of jobs...
Using shell: /usr/bin/bash
Provided cores: 2
Rules claiming more threads will be scaled down.
Job stats:
job                 count
----------------  -------
all                     1
run_fedX_query          1
run_sparql_query        3
total                   5

Select jobs to execute...
Execute 2 jobs...

[Mon Feb 10 23:10:13 2025]
localrule run_sparql_query:
    input: /workspaces/P-TER/virtuoso-opensource-7.2.7, /workspaces/P-TER/virtuoso-opensource-7.2.7/var/lib/virtuoso/db/fedup.ini, /workspaces/P-TER/apache-jena-fuseki-4.9.0, queries/rdfs/Fuseki/q05-copy.sparql, config/rdfs/endpoints.txt
    output: output/rdfs/Fuseki/q05-copy.2.csv, output/rdfs/Fuseki/q05-copy.2.json
    jobid: 3
    reason: Missing output files: output/rdfs/Fuseki/q05-copy.2.csv
    wildcards: workload=rdfs, query=q05-copy, run=2
    priority: 50
    resources: tmpdir=/tmp


[Mon Feb 10 23:10:13 2025]
localrule run_sparql_query:
    input: /workspaces/P-TER/virtuoso-opensource-7.2.7, /workspaces/P-TER/virtuoso-opensource-7.2.7/var/lib/virtuoso/db/fedup.ini, /workspaces/P-TER/apache-jena-fuseki-4.9.0, queries/rdfs/Fuseki/q05-copy.sparql, config/rdfs/endpoints.txt
    output: output/rdfs/Fuseki/q05-copy.1.csv, output/rdfs/Fuseki/q05-copy.1.json
    jobid: 2
    reason: Missing output files: output/rdfs/Fuseki/q05-copy.1.csv
    wildcards: workload=rdfs, query=q05-copy, run=1
    priority: 50
    resources: tmpdir=/tmp

[Mon Feb 10 23:10:18 2025]
Finished job 2.
1 of 5 steps (20%) done
Select jobs to execute...
Execute 1 jobs...

[Mon Feb 10 23:10:18 2025]
localrule run_sparql_query:
    input: /workspaces/P-TER/virtuoso-opensource-7.2.7, /workspaces/P-TER/virtuoso-opensource-7.2.7/var/lib/virtuoso/db/fedup.ini, /workspaces/P-TER/apache-jena-fuseki-4.9.0, queries/rdfs/Fuseki/q05-copy.sparql, config/rdfs/endpoints.txt
    output: output/rdfs/Fuseki/q05-copy.3.csv, output/rdfs/Fuseki/q05-copy.3.json
    jobid: 4
    reason: Missing output files: output/rdfs/Fuseki/q05-copy.3.csv
    wildcards: workload=rdfs, query=q05-copy, run=3
    priority: 50
    resources: tmpdir=/tmp

[Mon Feb 10 23:10:18 2025]
Finished job 3.
2 of 5 steps (40%) done
Select jobs to execute...
Execute 1 jobs...

[Mon Feb 10 23:10:18 2025]
localrule run_fedX_query:
    input: /workspaces/P-TER/virtuoso-opensource-7.2.7, /workspaces/P-TER/virtuoso-opensource-7.2.7/var/lib/virtuoso/db/fedup.ini, /workspaces/P-TER/apache-jena-fuseki-4.9.0, config/rdfs/endpoints.txt
    output: hello.txt, output/query_results.json, output/metrics.csv
    jobid: 1
    reason: Missing output files: hello.txt
    priority: 50
    resources: tmpdir=/tmp

[Mon Feb 10 23:10:24 2025]
Finished job 4.
3 of 5 steps (60%) done
[Mon Feb 10 23:10:26 2025]
Finished job 1.
4 of 5 steps (80%) done
Select jobs to execute...
Execute 1 jobs...

[Mon Feb 10 23:10:26 2025]
localrule all:
    input: /workspaces/P-TER/apache-jena-fuseki-4.9.0, /workspaces/P-TER/apache-jena-4.9.0, config/largerdfbench/graphs.txt, config/rdfs/endpoints.txt, hello.txt, output/rdfs/Fuseki/q05-copy.1.csv, output/rdfs/Fuseki/q05-copy.2.csv, output/rdfs/Fuseki/q05-copy.3.csv
    jobid: 0
    reason: Input files updated by another job: output/rdfs/Fuseki/q05-copy.1.csv, output/rdfs/Fuseki/q05-copy.2.csv, hello.txt, output/rdfs/Fuseki/q05-copy.3.csv
    resources: tmpdir=/tmp

[Mon Feb 10 23:10:26 2025]
Finished job 0.
5 of 5 steps (100%) done
Complete log: .snakemake/log/2025-02-10T231013.865802.snakemake.log
