host: codespaces-c89ec1
Building DAG of jobs...
Using shell: /usr/bin/bash
Provided cores: 1 (use --cores to define parallelism)
Rules claiming more threads will be scaled down.
Job stats:
job      count
-----  -------
all          1
total        1

Select jobs to execute...
Execute 1 jobs...

[Wed Mar 26 13:53:58 2025]
localrule all:
    input: config/largerdfbench/graphs.txt, config/rdfs/endpoints.txt, output/rdfs/FedUp-HefQuin/q05a.1.csv, output/rdfs/FedUp-HefQuin/q05a.2.csv, output/rdfs/FedUp-HefQuin/q05a.3.csv
    output: output/data.csv
    jobid: 0
    reason: Set of input files has changed since last execution
    resources: tmpdir=/tmp

[Wed Mar 26 13:53:59 2025]
Finished job 0.
1 of 1 steps (100%) done
Complete log: .snakemake/log/2025-03-26T135358.683130.snakemake.log
