host: codespaces-dfd9c6
Building DAG of jobs...
Using shell: /usr/bin/bash
Provided cores: 2
Rules claiming more threads will be scaled down.
Job stats:
job                  count
-----------------  -------
all                      1
run_fedX_query           1
run_hefquin_query        1
run_sparql_query         1
total                    4

Select jobs to execute...
Execute 2 jobs...

[Thu Feb 13 17:24:58 2025]
localrule run_hefquin_query:
    input: /workspaces/P-TER/virtuoso-opensource-7.2.7, /workspaces/P-TER/virtuoso-opensource-7.2.7/var/lib/virtuoso/db/fedup.ini, queries/q01a.sparql
    output: output/rdfs/HefQuin/q01a.1.csv
    jobid: 3
    reason: Missing output files: output/rdfs/HefQuin/q01a.1.csv
    wildcards: workload=rdfs, query=q01a, run=1
    priority: 50
    resources: tmpdir=/tmp


[Thu Feb 13 17:24:58 2025]
localrule run_fedX_query:
    input: /workspaces/P-TER/virtuoso-opensource-7.2.7, /workspaces/P-TER/virtuoso-opensource-7.2.7/var/lib/virtuoso/db/fedup.ini, /workspaces/P-TER/apache-jena-fuseki-4.9.0, queries/q01a.sparql, config/rdfs/endpoints.txt
    output: output/rdfs/FedX/q01a.1.csv, output/rdfs/FedX/q01a.1.json
    jobid: 2
    reason: Missing output files: output/rdfs/FedX/q01a.1.csv
    wildcards: workload=rdfs, query=q01a, run=1
    priority: 50
    resources: tmpdir=/tmp

[Thu Feb 13 17:25:03 2025]
Finished job 2.
1 of 4 steps (25%) done
Select jobs to execute...
Execute 1 jobs...

[Thu Feb 13 17:25:03 2025]
localrule run_sparql_query:
    input: /workspaces/P-TER/virtuoso-opensource-7.2.7, /workspaces/P-TER/virtuoso-opensource-7.2.7/var/lib/virtuoso/db/fedup.ini, queries/q01a.sparql
    output: output/rdfs/Jena/q01a.1.csv
    jobid: 1
    reason: Missing output files: output/rdfs/Jena/q01a.1.csv
    wildcards: workload=rdfs, query=q01a, run=1
    priority: 50
    resources: tmpdir=/tmp

[Thu Feb 13 17:25:04 2025]
Finished job 3.
2 of 4 steps (50%) done
[Thu Feb 13 17:25:07 2025]
Finished job 1.
3 of 4 steps (75%) done
Select jobs to execute...
Execute 1 jobs...

[Thu Feb 13 17:25:07 2025]
localrule all:
    input: /workspaces/P-TER/apache-jena-fuseki-4.9.0, /workspaces/P-TER/apache-jena-4.9.0, config/largerdfbench/graphs.txt, config/rdfs/endpoints.txt, output/rdfs/Jena/q01a.1.csv, output/rdfs/FedX/q01a.1.csv, output/rdfs/HefQuin/q01a.1.csv
    output: output/data.csv
    jobid: 0
    reason: Missing output files: output/data.csv; Input files updated by another job: output/rdfs/Jena/q01a.1.csv, output/rdfs/HefQuin/q01a.1.csv, output/rdfs/FedX/q01a.1.csv
    resources: tmpdir=/tmp

[Thu Feb 13 17:25:08 2025]
Finished job 0.
4 of 4 steps (100%) done
Complete log: .snakemake/log/2025-02-13T172458.424854.snakemake.log
