host: codespaces-dfd9c6
Building DAG of jobs...
Using shell: /usr/bin/bash
Provided cores: 2
Rules claiming more threads will be scaled down.
Job stats:
job                     count
--------------------  -------
all                         1
run_Fedup_FedX_query        3
run_Fedup_Jena_query        2
total                       6

Select jobs to execute...
Execute 2 jobs...

[Wed Mar  5 07:41:49 2025]
localrule run_Fedup_Jena_query:
    input: /workspaces/P-TER/virtuoso-opensource-7.2.7, /workspaces/P-TER/virtuoso-opensource-7.2.7/var/lib/virtuoso/db/fedup.ini, fedup-queries/q05b.sparql
    output: output/rdfs/FedUp-Jena/q05b.3.csv, output/rdfs/FedUp-Jena/q05b.3.json
    jobid: 486
    reason: Missing output files: output/rdfs/FedUp-Jena/q05b.3.csv
    wildcards: workload=rdfs, query=q05b, run=3
    priority: 50
    resources: tmpdir=/tmp


[Wed Mar  5 07:41:49 2025]
localrule run_Fedup_FedX_query:
    input: /workspaces/P-TER/virtuoso-opensource-7.2.7, /workspaces/P-TER/virtuoso-opensource-7.2.7/var/lib/virtuoso/db/fedup.ini, fedup-queries/q05h.sparql
    output: output/rdfs/FedUp-FedX/q05h.2.csv, output/rdfs/FedUp-FedX/q05h.2.json
    jobid: 143
    reason: Missing output files: output/rdfs/FedUp-FedX/q05h.2.csv
    wildcards: workload=rdfs, query=q05h, run=2
    priority: 50
    resources: tmpdir=/tmp

Terminating processes on user request, this might take some time.
[Wed Mar  5 07:42:12 2025]
Error in rule run_Fedup_Jena_query:
    jobid: 486
    input: /workspaces/P-TER/virtuoso-opensource-7.2.7, /workspaces/P-TER/virtuoso-opensource-7.2.7/var/lib/virtuoso/db/fedup.ini, fedup-queries/q05b.sparql
    output: output/rdfs/FedUp-Jena/q05b.3.csv, output/rdfs/FedUp-Jena/q05b.3.json

[Wed Mar  5 07:42:12 2025]
Error in rule run_Fedup_FedX_query:
    jobid: 143
    input: /workspaces/P-TER/virtuoso-opensource-7.2.7, /workspaces/P-TER/virtuoso-opensource-7.2.7/var/lib/virtuoso/db/fedup.ini, fedup-queries/q05h.sparql
    output: output/rdfs/FedUp-FedX/q05h.2.csv, output/rdfs/FedUp-FedX/q05h.2.json

Complete log: .snakemake/log/2025-03-05T074147.883356.snakemake.log
WorkflowError:
At least one job did not complete successfully.
