host: codespaces-dfd9c6
Building DAG of jobs...
Using shell: /usr/bin/bash
Provided cores: 2
Rules claiming more threads will be scaled down.
Job stats:
job                  count
-----------------  -------
all                      1
run_hefquin_query        1
run_sparql_query         1
total                    3

Select jobs to execute...
Execute 2 jobs...

[Thu Feb 13 17:23:34 2025]
localrule run_hefquin_query:
    input: /workspaces/P-TER/virtuoso-opensource-7.2.7, /workspaces/P-TER/virtuoso-opensource-7.2.7/var/lib/virtuoso/db/fedup.ini, queries/q01a.sparql
    output: output/rdfs/HefQuin/q01a.1.csv
    jobid: 3
    reason: Missing output files: output/rdfs/HefQuin/q01a.1.csv
    wildcards: workload=rdfs, query=q01a, run=1
    priority: 50
    resources: tmpdir=/tmp


[Thu Feb 13 17:23:34 2025]
localrule run_sparql_query:
    input: /workspaces/P-TER/virtuoso-opensource-7.2.7, /workspaces/P-TER/virtuoso-opensource-7.2.7/var/lib/virtuoso/db/fedup.ini, queries/q01a.sparql
    output: output/rdfs/Jena/q01a.1.csv
    jobid: 1
    reason: Set of input files has changed since last execution; Params have changed since last execution: Union of exclusive params before and now across all output: before: 1200 now: <nothing exclusive> 
    wildcards: workload=rdfs, query=q01a, run=1
    priority: 50
    resources: tmpdir=/tmp

[Thu Feb 13 17:23:39 2025]
Finished job 3.
1 of 3 steps (33%) done
[Thu Feb 13 17:23:40 2025]
Finished job 1.
2 of 3 steps (67%) done
Select jobs to execute...
Execute 1 jobs...

[Thu Feb 13 17:23:40 2025]
localrule all:
    input: /workspaces/P-TER/apache-jena-fuseki-4.9.0, /workspaces/P-TER/apache-jena-4.9.0, config/largerdfbench/graphs.txt, config/rdfs/endpoints.txt, output/rdfs/Jena/q01a.1.csv, output/rdfs/FedX/q01a.1.csv, output/rdfs/HefQuin/q01a.1.csv
    output: output/data.csv
    jobid: 0
    reason: Input files updated by another job: output/rdfs/HefQuin/q01a.1.csv, output/rdfs/Jena/q01a.1.csv
    resources: tmpdir=/tmp

[Thu Feb 13 17:23:40 2025]
Finished job 0.
3 of 3 steps (100%) done
Complete log: .snakemake/log/2025-02-13T172334.325645.snakemake.log
