host: codespaces-c89ec1
Building DAG of jobs...
Using shell: /usr/bin/bash
Provided cores: 1 (use --cores to define parallelism)
Rules claiming more threads will be scaled down.
Job stats:
job                        count
-----------------------  -------
all                            1
run_Fedup_HefQuin_query       27
run_fedX_query                 1
total                         29

Select jobs to execute...
Execute 1 jobs...

[Tue Apr  8 13:41:30 2025]
localrule run_fedX_query:
    input: /workspaces/P-TER/virtuoso-opensource-7.2.7, /workspaces/P-TER/virtuoso-opensource-7.2.7/var/lib/virtuoso/db/fedup.ini, /workspaces/P-TER/apache-jena-fuseki-4.9.0, queries/q07a.sparql, config/rdfs/endpoints.txt
    output: output/rdfs/FedX/q07a.2.csv, output/rdfs/FedX/q07a.2.json
    jobid: 542
    reason: Missing output files: output/rdfs/FedX/q07a.2.csv
    wildcards: workload=rdfs, query=q07a, run=2
    priority: 50
    resources: tmpdir=/tmp

[Tue Apr  8 13:41:33 2025]
Finished job 542.
1 of 29 steps (3%) done
Select jobs to execute...
Execute 1 jobs...

[Tue Apr  8 13:41:33 2025]
localrule run_Fedup_HefQuin_query:
    input: /workspaces/P-TER/virtuoso-opensource-7.2.7, /workspaces/P-TER/virtuoso-opensource-7.2.7/var/lib/virtuoso/db/fedup.ini, /workspaces/P-TER/fedup-queries/q07h.sparql
    output: output/rdfs/FedUp-HefQuin/q07h.2.csv, output/rdfs/FedUp-HefQuin/q07h.2.json, output/rdfs/FedUp-HefQuin/q07h.2.txt
    jobid: 1643
    reason: Missing output files: output/rdfs/FedUp-HefQuin/q07h.2.csv
    wildcards: workload=rdfs, query=q07h, run=2
    priority: 50
    resources: tmpdir=/tmp

[Tue Apr  8 13:41:43 2025]
Finished job 1643.
2 of 29 steps (7%) done
Select jobs to execute...
Execute 1 jobs...

[Tue Apr  8 13:41:43 2025]
localrule run_Fedup_HefQuin_query:
    input: /workspaces/P-TER/virtuoso-opensource-7.2.7, /workspaces/P-TER/virtuoso-opensource-7.2.7/var/lib/virtuoso/db/fedup.ini, /workspaces/P-TER/fedup-queries/q07b.sparql
    output: output/rdfs/FedUp-HefQuin/q07b.3.csv, output/rdfs/FedUp-HefQuin/q07b.3.json, output/rdfs/FedUp-HefQuin/q07b.3.txt
    jobid: 1626
    reason: Missing output files: output/rdfs/FedUp-HefQuin/q07b.3.csv
    wildcards: workload=rdfs, query=q07b, run=3
    priority: 50
    resources: tmpdir=/tmp

[Tue Apr  8 13:41:52 2025]
Finished job 1626.
3 of 29 steps (10%) done
Select jobs to execute...
Execute 1 jobs...

[Tue Apr  8 13:41:52 2025]
localrule run_Fedup_HefQuin_query:
    input: /workspaces/P-TER/virtuoso-opensource-7.2.7, /workspaces/P-TER/virtuoso-opensource-7.2.7/var/lib/virtuoso/db/fedup.ini, /workspaces/P-TER/fedup-queries/q07b.sparql
    output: output/rdfs/FedUp-HefQuin/q07b.1.csv, output/rdfs/FedUp-HefQuin/q07b.1.json, output/rdfs/FedUp-HefQuin/q07b.1.txt
    jobid: 1624
    reason: Missing output files: output/rdfs/FedUp-HefQuin/q07b.1.csv
    wildcards: workload=rdfs, query=q07b, run=1
    priority: 50
    resources: tmpdir=/tmp

[Tue Apr  8 13:42:01 2025]
Finished job 1624.
4 of 29 steps (14%) done
Select jobs to execute...
Execute 1 jobs...

[Tue Apr  8 13:42:01 2025]
localrule run_Fedup_HefQuin_query:
    input: /workspaces/P-TER/virtuoso-opensource-7.2.7, /workspaces/P-TER/virtuoso-opensource-7.2.7/var/lib/virtuoso/db/fedup.ini, /workspaces/P-TER/fedup-queries/q07j.sparql
    output: output/rdfs/FedUp-HefQuin/q07j.3.csv, output/rdfs/FedUp-HefQuin/q07j.3.json, output/rdfs/FedUp-HefQuin/q07j.3.txt
    jobid: 1650
    reason: Missing output files: output/rdfs/FedUp-HefQuin/q07j.3.csv
    wildcards: workload=rdfs, query=q07j, run=3
    priority: 50
    resources: tmpdir=/tmp

[Tue Apr  8 13:42:14 2025]
Finished job 1650.
5 of 29 steps (17%) done
Select jobs to execute...
Execute 1 jobs...

[Tue Apr  8 13:42:14 2025]
localrule run_Fedup_HefQuin_query:
    input: /workspaces/P-TER/virtuoso-opensource-7.2.7, /workspaces/P-TER/virtuoso-opensource-7.2.7/var/lib/virtuoso/db/fedup.ini, /workspaces/P-TER/fedup-queries/q07e.sparql
    output: output/rdfs/FedUp-HefQuin/q07e.3.csv, output/rdfs/FedUp-HefQuin/q07e.3.json, output/rdfs/FedUp-HefQuin/q07e.3.txt
    jobid: 1635
    reason: Missing output files: output/rdfs/FedUp-HefQuin/q07e.3.csv
    wildcards: workload=rdfs, query=q07e, run=3
    priority: 50
    resources: tmpdir=/tmp

[Tue Apr  8 13:42:21 2025]
Finished job 1635.
6 of 29 steps (21%) done
Select jobs to execute...
Execute 1 jobs...

[Tue Apr  8 13:42:21 2025]
localrule run_Fedup_HefQuin_query:
    input: /workspaces/P-TER/virtuoso-opensource-7.2.7, /workspaces/P-TER/virtuoso-opensource-7.2.7/var/lib/virtuoso/db/fedup.ini, /workspaces/P-TER/fedup-queries/q07e.sparql
    output: output/rdfs/FedUp-HefQuin/q07e.1.csv, output/rdfs/FedUp-HefQuin/q07e.1.json, output/rdfs/FedUp-HefQuin/q07e.1.txt
    jobid: 1633
    reason: Missing output files: output/rdfs/FedUp-HefQuin/q07e.1.csv
    wildcards: workload=rdfs, query=q07e, run=1
    priority: 50
    resources: tmpdir=/tmp

[Tue Apr  8 13:42:29 2025]
Finished job 1633.
7 of 29 steps (24%) done
Select jobs to execute...
Execute 1 jobs...

[Tue Apr  8 13:42:29 2025]
localrule run_Fedup_HefQuin_query:
    input: /workspaces/P-TER/virtuoso-opensource-7.2.7, /workspaces/P-TER/virtuoso-opensource-7.2.7/var/lib/virtuoso/db/fedup.ini, /workspaces/P-TER/fedup-queries/q07j.sparql
    output: output/rdfs/FedUp-HefQuin/q07j.1.csv, output/rdfs/FedUp-HefQuin/q07j.1.json, output/rdfs/FedUp-HefQuin/q07j.1.txt
    jobid: 1648
    reason: Missing output files: output/rdfs/FedUp-HefQuin/q07j.1.csv
    wildcards: workload=rdfs, query=q07j, run=1
    priority: 50
    resources: tmpdir=/tmp

[Tue Apr  8 13:42:41 2025]
Finished job 1648.
8 of 29 steps (28%) done
Select jobs to execute...
Execute 1 jobs...

[Tue Apr  8 13:42:41 2025]
localrule run_Fedup_HefQuin_query:
    input: /workspaces/P-TER/virtuoso-opensource-7.2.7, /workspaces/P-TER/virtuoso-opensource-7.2.7/var/lib/virtuoso/db/fedup.ini, /workspaces/P-TER/fedup-queries/q07h.sparql
    output: output/rdfs/FedUp-HefQuin/q07h.3.csv, output/rdfs/FedUp-HefQuin/q07h.3.json, output/rdfs/FedUp-HefQuin/q07h.3.txt
    jobid: 1644
    reason: Missing output files: output/rdfs/FedUp-HefQuin/q07h.3.csv
    wildcards: workload=rdfs, query=q07h, run=3
    priority: 50
    resources: tmpdir=/tmp

[Tue Apr  8 13:42:51 2025]
Finished job 1644.
9 of 29 steps (31%) done
Select jobs to execute...
Execute 1 jobs...

[Tue Apr  8 13:42:51 2025]
localrule run_Fedup_HefQuin_query:
    input: /workspaces/P-TER/virtuoso-opensource-7.2.7, /workspaces/P-TER/virtuoso-opensource-7.2.7/var/lib/virtuoso/db/fedup.ini, /workspaces/P-TER/fedup-queries/q07h.sparql
    output: output/rdfs/FedUp-HefQuin/q07h.1.csv, output/rdfs/FedUp-HefQuin/q07h.1.json, output/rdfs/FedUp-HefQuin/q07h.1.txt
    jobid: 1642
    reason: Missing output files: output/rdfs/FedUp-HefQuin/q07h.1.csv
    wildcards: workload=rdfs, query=q07h, run=1
    priority: 50
    resources: tmpdir=/tmp

[Tue Apr  8 13:43:00 2025]
Finished job 1642.
10 of 29 steps (34%) done
Select jobs to execute...
Execute 1 jobs...

[Tue Apr  8 13:43:00 2025]
localrule run_Fedup_HefQuin_query:
    input: /workspaces/P-TER/virtuoso-opensource-7.2.7, /workspaces/P-TER/virtuoso-opensource-7.2.7/var/lib/virtuoso/db/fedup.ini, /workspaces/P-TER/fedup-queries/q07e.sparql
    output: output/rdfs/FedUp-HefQuin/q07e.2.csv, output/rdfs/FedUp-HefQuin/q07e.2.json, output/rdfs/FedUp-HefQuin/q07e.2.txt
    jobid: 1634
    reason: Missing output files: output/rdfs/FedUp-HefQuin/q07e.2.csv
    wildcards: workload=rdfs, query=q07e, run=2
    priority: 50
    resources: tmpdir=/tmp

[Tue Apr  8 13:43:07 2025]
Finished job 1634.
11 of 29 steps (38%) done
Select jobs to execute...
Execute 1 jobs...

[Tue Apr  8 13:43:07 2025]
localrule run_Fedup_HefQuin_query:
    input: /workspaces/P-TER/virtuoso-opensource-7.2.7, /workspaces/P-TER/virtuoso-opensource-7.2.7/var/lib/virtuoso/db/fedup.ini, /workspaces/P-TER/fedup-queries/q07j.sparql
    output: output/rdfs/FedUp-HefQuin/q07j.2.csv, output/rdfs/FedUp-HefQuin/q07j.2.json, output/rdfs/FedUp-HefQuin/q07j.2.txt
    jobid: 1649
    reason: Missing output files: output/rdfs/FedUp-HefQuin/q07j.2.csv
    wildcards: workload=rdfs, query=q07j, run=2
    priority: 50
    resources: tmpdir=/tmp

[Tue Apr  8 13:43:19 2025]
Finished job 1649.
12 of 29 steps (41%) done
Select jobs to execute...
Execute 1 jobs...

[Tue Apr  8 13:43:19 2025]
localrule run_Fedup_HefQuin_query:
    input: /workspaces/P-TER/virtuoso-opensource-7.2.7, /workspaces/P-TER/virtuoso-opensource-7.2.7/var/lib/virtuoso/db/fedup.ini, /workspaces/P-TER/fedup-queries/q07b.sparql
    output: output/rdfs/FedUp-HefQuin/q07b.2.csv, output/rdfs/FedUp-HefQuin/q07b.2.json, output/rdfs/FedUp-HefQuin/q07b.2.txt
    jobid: 1625
    reason: Missing output files: output/rdfs/FedUp-HefQuin/q07b.2.csv
    wildcards: workload=rdfs, query=q07b, run=2
    priority: 50
    resources: tmpdir=/tmp

[Tue Apr  8 13:43:28 2025]
Finished job 1625.
13 of 29 steps (45%) done
Select jobs to execute...
Execute 1 jobs...

[Tue Apr  8 13:43:28 2025]
localrule run_Fedup_HefQuin_query:
    input: /workspaces/P-TER/virtuoso-opensource-7.2.7, /workspaces/P-TER/virtuoso-opensource-7.2.7/var/lib/virtuoso/db/fedup.ini, /workspaces/P-TER/fedup-queries/q07i.sparql
    output: output/rdfs/FedUp-HefQuin/q07i.2.csv, output/rdfs/FedUp-HefQuin/q07i.2.json, output/rdfs/FedUp-HefQuin/q07i.2.txt
    jobid: 1646
    reason: Missing output files: output/rdfs/FedUp-HefQuin/q07i.2.csv
    wildcards: workload=rdfs, query=q07i, run=2
    priority: 50
    resources: tmpdir=/tmp

[Tue Apr  8 13:43:40 2025]
Finished job 1646.
14 of 29 steps (48%) done
Select jobs to execute...
Execute 1 jobs...

[Tue Apr  8 13:43:40 2025]
localrule run_Fedup_HefQuin_query:
    input: /workspaces/P-TER/virtuoso-opensource-7.2.7, /workspaces/P-TER/virtuoso-opensource-7.2.7/var/lib/virtuoso/db/fedup.ini, /workspaces/P-TER/fedup-queries/q07f.sparql
    output: output/rdfs/FedUp-HefQuin/q07f.3.csv, output/rdfs/FedUp-HefQuin/q07f.3.json, output/rdfs/FedUp-HefQuin/q07f.3.txt
    jobid: 1638
    reason: Missing output files: output/rdfs/FedUp-HefQuin/q07f.3.csv
    wildcards: workload=rdfs, query=q07f, run=3
    priority: 50
    resources: tmpdir=/tmp

[Tue Apr  8 13:43:51 2025]
Finished job 1638.
15 of 29 steps (52%) done
Select jobs to execute...
Execute 1 jobs...

[Tue Apr  8 13:43:51 2025]
localrule run_Fedup_HefQuin_query:
    input: /workspaces/P-TER/virtuoso-opensource-7.2.7, /workspaces/P-TER/virtuoso-opensource-7.2.7/var/lib/virtuoso/db/fedup.ini, /workspaces/P-TER/fedup-queries/q07d.sparql
    output: output/rdfs/FedUp-HefQuin/q07d.1.csv, output/rdfs/FedUp-HefQuin/q07d.1.json, output/rdfs/FedUp-HefQuin/q07d.1.txt
    jobid: 1630
    reason: Missing output files: output/rdfs/FedUp-HefQuin/q07d.1.csv
    wildcards: workload=rdfs, query=q07d, run=1
    priority: 50
    resources: tmpdir=/tmp

[Tue Apr  8 13:44:10 2025]
Finished job 1630.
16 of 29 steps (55%) done
Select jobs to execute...
Execute 1 jobs...

[Tue Apr  8 13:44:10 2025]
localrule run_Fedup_HefQuin_query:
    input: /workspaces/P-TER/virtuoso-opensource-7.2.7, /workspaces/P-TER/virtuoso-opensource-7.2.7/var/lib/virtuoso/db/fedup.ini, /workspaces/P-TER/fedup-queries/q07f.sparql
    output: output/rdfs/FedUp-HefQuin/q07f.2.csv, output/rdfs/FedUp-HefQuin/q07f.2.json, output/rdfs/FedUp-HefQuin/q07f.2.txt
    jobid: 1637
    reason: Missing output files: output/rdfs/FedUp-HefQuin/q07f.2.csv
    wildcards: workload=rdfs, query=q07f, run=2
    priority: 50
    resources: tmpdir=/tmp

[Tue Apr  8 13:44:21 2025]
Finished job 1637.
17 of 29 steps (59%) done
Select jobs to execute...
Execute 1 jobs...

[Tue Apr  8 13:44:21 2025]
localrule run_Fedup_HefQuin_query:
    input: /workspaces/P-TER/virtuoso-opensource-7.2.7, /workspaces/P-TER/virtuoso-opensource-7.2.7/var/lib/virtuoso/db/fedup.ini, /workspaces/P-TER/fedup-queries/q07i.sparql
    output: output/rdfs/FedUp-HefQuin/q07i.1.csv, output/rdfs/FedUp-HefQuin/q07i.1.json, output/rdfs/FedUp-HefQuin/q07i.1.txt
    jobid: 1645
    reason: Missing output files: output/rdfs/FedUp-HefQuin/q07i.1.csv
    wildcards: workload=rdfs, query=q07i, run=1
    priority: 50
    resources: tmpdir=/tmp

[Tue Apr  8 13:44:32 2025]
Finished job 1645.
18 of 29 steps (62%) done
Select jobs to execute...
Execute 1 jobs...

[Tue Apr  8 13:44:32 2025]
localrule run_Fedup_HefQuin_query:
    input: /workspaces/P-TER/virtuoso-opensource-7.2.7, /workspaces/P-TER/virtuoso-opensource-7.2.7/var/lib/virtuoso/db/fedup.ini, /workspaces/P-TER/fedup-queries/q07c.sparql
    output: output/rdfs/FedUp-HefQuin/q07c.3.csv, output/rdfs/FedUp-HefQuin/q07c.3.json, output/rdfs/FedUp-HefQuin/q07c.3.txt
    jobid: 1629
    reason: Missing output files: output/rdfs/FedUp-HefQuin/q07c.3.csv
    wildcards: workload=rdfs, query=q07c, run=3
    priority: 50
    resources: tmpdir=/tmp

[Tue Apr  8 13:44:46 2025]
Finished job 1629.
19 of 29 steps (66%) done
Select jobs to execute...
Execute 1 jobs...

[Tue Apr  8 13:44:46 2025]
localrule run_Fedup_HefQuin_query:
    input: /workspaces/P-TER/virtuoso-opensource-7.2.7, /workspaces/P-TER/virtuoso-opensource-7.2.7/var/lib/virtuoso/db/fedup.ini, /workspaces/P-TER/fedup-queries/q07c.sparql
    output: output/rdfs/FedUp-HefQuin/q07c.2.csv, output/rdfs/FedUp-HefQuin/q07c.2.json, output/rdfs/FedUp-HefQuin/q07c.2.txt
    jobid: 1628
    reason: Missing output files: output/rdfs/FedUp-HefQuin/q07c.2.csv
    wildcards: workload=rdfs, query=q07c, run=2
    priority: 50
    resources: tmpdir=/tmp

[Tue Apr  8 13:45:00 2025]
Finished job 1628.
20 of 29 steps (69%) done
Select jobs to execute...
Execute 1 jobs...

[Tue Apr  8 13:45:00 2025]
localrule run_Fedup_HefQuin_query:
    input: /workspaces/P-TER/virtuoso-opensource-7.2.7, /workspaces/P-TER/virtuoso-opensource-7.2.7/var/lib/virtuoso/db/fedup.ini, /workspaces/P-TER/fedup-queries/q07f.sparql
    output: output/rdfs/FedUp-HefQuin/q07f.1.csv, output/rdfs/FedUp-HefQuin/q07f.1.json, output/rdfs/FedUp-HefQuin/q07f.1.txt
    jobid: 1636
    reason: Missing output files: output/rdfs/FedUp-HefQuin/q07f.1.csv
    wildcards: workload=rdfs, query=q07f, run=1
    priority: 50
    resources: tmpdir=/tmp

[Tue Apr  8 13:45:10 2025]
Finished job 1636.
21 of 29 steps (72%) done
Select jobs to execute...
Execute 1 jobs...

[Tue Apr  8 13:45:10 2025]
localrule run_Fedup_HefQuin_query:
    input: /workspaces/P-TER/virtuoso-opensource-7.2.7, /workspaces/P-TER/virtuoso-opensource-7.2.7/var/lib/virtuoso/db/fedup.ini, /workspaces/P-TER/fedup-queries/q07c.sparql
    output: output/rdfs/FedUp-HefQuin/q07c.1.csv, output/rdfs/FedUp-HefQuin/q07c.1.json, output/rdfs/FedUp-HefQuin/q07c.1.txt
    jobid: 1627
    reason: Missing output files: output/rdfs/FedUp-HefQuin/q07c.1.csv
    wildcards: workload=rdfs, query=q07c, run=1
    priority: 50
    resources: tmpdir=/tmp

[Tue Apr  8 13:45:25 2025]
Finished job 1627.
22 of 29 steps (76%) done
Select jobs to execute...
Execute 1 jobs...

[Tue Apr  8 13:45:25 2025]
localrule run_Fedup_HefQuin_query:
    input: /workspaces/P-TER/virtuoso-opensource-7.2.7, /workspaces/P-TER/virtuoso-opensource-7.2.7/var/lib/virtuoso/db/fedup.ini, /workspaces/P-TER/fedup-queries/q07i.sparql
    output: output/rdfs/FedUp-HefQuin/q07i.3.csv, output/rdfs/FedUp-HefQuin/q07i.3.json, output/rdfs/FedUp-HefQuin/q07i.3.txt
    jobid: 1647
    reason: Missing output files: output/rdfs/FedUp-HefQuin/q07i.3.csv
    wildcards: workload=rdfs, query=q07i, run=3
    priority: 50
    resources: tmpdir=/tmp

[Tue Apr  8 13:45:36 2025]
Finished job 1647.
23 of 29 steps (79%) done
Select jobs to execute...
Execute 1 jobs...

[Tue Apr  8 13:45:36 2025]
localrule run_Fedup_HefQuin_query:
    input: /workspaces/P-TER/virtuoso-opensource-7.2.7, /workspaces/P-TER/virtuoso-opensource-7.2.7/var/lib/virtuoso/db/fedup.ini, /workspaces/P-TER/fedup-queries/q07g.sparql
    output: output/rdfs/FedUp-HefQuin/q07g.3.csv, output/rdfs/FedUp-HefQuin/q07g.3.json, output/rdfs/FedUp-HefQuin/q07g.3.txt
    jobid: 1641
    reason: Missing output files: output/rdfs/FedUp-HefQuin/q07g.3.csv
    wildcards: workload=rdfs, query=q07g, run=3
    priority: 50
    resources: tmpdir=/tmp

[Tue Apr  8 13:45:50 2025]
Finished job 1641.
24 of 29 steps (83%) done
Select jobs to execute...
Execute 1 jobs...

[Tue Apr  8 13:45:50 2025]
localrule run_Fedup_HefQuin_query:
    input: /workspaces/P-TER/virtuoso-opensource-7.2.7, /workspaces/P-TER/virtuoso-opensource-7.2.7/var/lib/virtuoso/db/fedup.ini, /workspaces/P-TER/fedup-queries/q07g.sparql
    output: output/rdfs/FedUp-HefQuin/q07g.2.csv, output/rdfs/FedUp-HefQuin/q07g.2.json, output/rdfs/FedUp-HefQuin/q07g.2.txt
    jobid: 1640
    reason: Missing output files: output/rdfs/FedUp-HefQuin/q07g.2.csv
    wildcards: workload=rdfs, query=q07g, run=2
    priority: 50
    resources: tmpdir=/tmp

[Tue Apr  8 13:46:03 2025]
Finished job 1640.
25 of 29 steps (86%) done
Select jobs to execute...
Execute 1 jobs...

[Tue Apr  8 13:46:03 2025]
localrule run_Fedup_HefQuin_query:
    input: /workspaces/P-TER/virtuoso-opensource-7.2.7, /workspaces/P-TER/virtuoso-opensource-7.2.7/var/lib/virtuoso/db/fedup.ini, /workspaces/P-TER/fedup-queries/q07d.sparql
    output: output/rdfs/FedUp-HefQuin/q07d.3.csv, output/rdfs/FedUp-HefQuin/q07d.3.json, output/rdfs/FedUp-HefQuin/q07d.3.txt
    jobid: 1632
    reason: Missing output files: output/rdfs/FedUp-HefQuin/q07d.3.csv
    wildcards: workload=rdfs, query=q07d, run=3
    priority: 50
    resources: tmpdir=/tmp

[Tue Apr  8 13:46:21 2025]
Finished job 1632.
26 of 29 steps (90%) done
Select jobs to execute...
Execute 1 jobs...

[Tue Apr  8 13:46:21 2025]
localrule run_Fedup_HefQuin_query:
    input: /workspaces/P-TER/virtuoso-opensource-7.2.7, /workspaces/P-TER/virtuoso-opensource-7.2.7/var/lib/virtuoso/db/fedup.ini, /workspaces/P-TER/fedup-queries/q07g.sparql
    output: output/rdfs/FedUp-HefQuin/q07g.1.csv, output/rdfs/FedUp-HefQuin/q07g.1.json, output/rdfs/FedUp-HefQuin/q07g.1.txt
    jobid: 1639
    reason: Missing output files: output/rdfs/FedUp-HefQuin/q07g.1.csv
    wildcards: workload=rdfs, query=q07g, run=1
    priority: 50
    resources: tmpdir=/tmp

[Tue Apr  8 13:46:35 2025]
Finished job 1639.
27 of 29 steps (93%) done
Select jobs to execute...
Execute 1 jobs...

[Tue Apr  8 13:46:35 2025]
localrule run_Fedup_HefQuin_query:
    input: /workspaces/P-TER/virtuoso-opensource-7.2.7, /workspaces/P-TER/virtuoso-opensource-7.2.7/var/lib/virtuoso/db/fedup.ini, /workspaces/P-TER/fedup-queries/q07d.sparql
    output: output/rdfs/FedUp-HefQuin/q07d.2.csv, output/rdfs/FedUp-HefQuin/q07d.2.json, output/rdfs/FedUp-HefQuin/q07d.2.txt
    jobid: 1631
    reason: Missing output files: output/rdfs/FedUp-HefQuin/q07d.2.csv
    wildcards: workload=rdfs, query=q07d, run=2
    priority: 50
    resources: tmpdir=/tmp

[Tue Apr  8 13:46:53 2025]
Finished job 1631.
28 of 29 steps (97%) done
Select jobs to execute...
Execute 1 jobs...

[Tue Apr  8 13:46:53 2025]
localrule all:
    input: config/largerdfbench/graphs.txt, config/rdfs/endpoints.txt, output/rdfs/Jena/q01a.1.csv, output/rdfs/Jena/q01a.2.csv, output/rdfs/Jena/q01a.3.csv, output/rdfs/Jena/q01b.1.csv, output/rdfs/Jena/q01b.2.csv, output/rdfs/Jena/q01b.3.csv, output/rdfs/Jena/q01c.1.csv, output/rdfs/Jena/q01c.2.csv, output/rdfs/Jena/q01c.3.csv, output/rdfs/Jena/q01d.1.csv, output/rdfs/Jena/q01d.2.csv, output/rdfs/Jena/q01d.3.csv, output/rdfs/Jena/q01e.1.csv, output/rdfs/Jena/q01e.2.csv, output/rdfs/Jena/q01e.3.csv, output/rdfs/Jena/q01f.1.csv, output/rdfs/Jena/q01f.2.csv, output/rdfs/Jena/q01f.3.csv, output/rdfs/Jena/q01g.1.csv, output/rdfs/Jena/q01g.2.csv, output/rdfs/Jena/q01g.3.csv, output/rdfs/Jena/q01h.1.csv, output/rdfs/Jena/q01h.2.csv, output/rdfs/Jena/q01h.3.csv, output/rdfs/Jena/q01i.1.csv, output/rdfs/Jena/q01i.2.csv, output/rdfs/Jena/q01i.3.csv, output/rdfs/Jena/q01j.1.csv, output/rdfs/Jena/q01j.2.csv, output/rdfs/Jena/q01j.3.csv, output/rdfs/Jena/q02a.1.csv, output/rdfs/Jena/q02a.2.csv, output/rdfs/Jena/q02a.3.csv, output/rdfs/Jena/q02b.1.csv, output/rdfs/Jena/q02b.2.csv, output/rdfs/Jena/q02b.3.csv, output/rdfs/Jena/q02c.1.csv, output/rdfs/Jena/q02c.2.csv, output/rdfs/Jena/q02c.3.csv, output/rdfs/Jena/q02d.1.csv, output/rdfs/Jena/q02d.2.csv, output/rdfs/Jena/q02d.3.csv, output/rdfs/Jena/q02e.1.csv, output/rdfs/Jena/q02e.2.csv, output/rdfs/Jena/q02e.3.csv, output/rdfs/Jena/q02f.1.csv, output/rdfs/Jena/q02f.2.csv, output/rdfs/Jena/q02f.3.csv, output/rdfs/Jena/q02g.1.csv, output/rdfs/Jena/q02g.2.csv, output/rdfs/Jena/q02g.3.csv, output/rdfs/Jena/q02h.1.csv, output/rdfs/Jena/q02h.2.csv, output/rdfs/Jena/q02h.3.csv, output/rdfs/Jena/q02i.1.csv, output/rdfs/Jena/q02i.2.csv, output/rdfs/Jena/q02i.3.csv, output/rdfs/Jena/q02j.1.csv, output/rdfs/Jena/q02j.2.csv, output/rdfs/Jena/q02j.3.csv, output/rdfs/Jena/q03a.1.csv, output/rdfs/Jena/q03a.2.csv, output/rdfs/Jena/q03a.3.csv, output/rdfs/Jena/q03b.1.csv, output/rdfs/Jena/q03b.2.csv, output/rdfs/Jena/q03b.3.csv, output/rdfs/Jena/q03c.1.csv, output/rdfs/Jena/q03c.2.csv, output/rdfs/Jena/q03c.3.csv, output/rdfs/Jena/q03d.1.csv, output/rdfs/Jena/q03d.2.csv, output/rdfs/Jena/q03d.3.csv, output/rdfs/Jena/q03e.1.csv, output/rdfs/Jena/q03e.2.csv, output/rdfs/Jena/q03e.3.csv, output/rdfs/Jena/q03f.1.csv, output/rdfs/Jena/q03f.2.csv, output/rdfs/Jena/q03f.3.csv, output/rdfs/Jena/q03g.1.csv, output/rdfs/Jena/q03g.2.csv, output/rdfs/Jena/q03g.3.csv, output/rdfs/Jena/q03h.1.csv, output/rdfs/Jena/q03h.2.csv, output/rdfs/Jena/q03h.3.csv, output/rdfs/Jena/q03i.1.csv, output/rdfs/Jena/q03i.2.csv, output/rdfs/Jena/q03i.3.csv, output/rdfs/Jena/q03j.1.csv, output/rdfs/Jena/q03j.2.csv, output/rdfs/Jena/q03j.3.csv, output/rdfs/Jena/q04a.1.csv, output/rdfs/Jena/q04a.2.csv, output/rdfs/Jena/q04a.3.csv, output/rdfs/Jena/q04b.1.csv, output/rdfs/Jena/q04b.2.csv, output/rdfs/Jena/q04b.3.csv, output/rdfs/Jena/q04c.1.csv, output/rdfs/Jena/q04c.2.csv, output/rdfs/Jena/q04c.3.csv, output/rdfs/Jena/q04d.1.csv, output/rdfs/Jena/q04d.2.csv, output/rdfs/Jena/q04d.3.csv, output/rdfs/Jena/q04e.1.csv, output/rdfs/Jena/q04e.2.csv, output/rdfs/Jena/q04e.3.csv, output/rdfs/Jena/q04f.1.csv, output/rdfs/Jena/q04f.2.csv, output/rdfs/Jena/q04f.3.csv, output/rdfs/Jena/q04g.1.csv, output/rdfs/Jena/q04g.2.csv, output/rdfs/Jena/q04g.3.csv, output/rdfs/Jena/q04h.1.csv, output/rdfs/Jena/q04h.2.csv, output/rdfs/Jena/q04h.3.csv, output/rdfs/Jena/q04i.1.csv, output/rdfs/Jena/q04i.2.csv, output/rdfs/Jena/q04i.3.csv, output/rdfs/Jena/q04j.1.csv, output/rdfs/Jena/q04j.2.csv, output/rdfs/Jena/q04j.3.csv, output/rdfs/Jena/q05a.1.csv, output/rdfs/Jena/q05a.2.csv, output/rdfs/Jena/q05a.3.csv, output/rdfs/Jena/q05b.1.csv, output/rdfs/Jena/q05b.2.csv, output/rdfs/Jena/q05b.3.csv, output/rdfs/Jena/q05c.1.csv, output/rdfs/Jena/q05c.2.csv, output/rdfs/Jena/q05c.3.csv, output/rdfs/Jena/q05d.1.csv, output/rdfs/Jena/q05d.2.csv, output/rdfs/Jena/q05d.3.csv, output/rdfs/Jena/q05e.1.csv, output/rdfs/Jena/q05e.2.csv, output/rdfs/Jena/q05e.3.csv, output/rdfs/Jena/q05f.1.csv, output/rdfs/Jena/q05f.2.csv, output/rdfs/Jena/q05f.3.csv, output/rdfs/Jena/q05g.1.csv, output/rdfs/Jena/q05g.2.csv, output/rdfs/Jena/q05g.3.csv, output/rdfs/Jena/q05h.1.csv, output/rdfs/Jena/q05h.2.csv, output/rdfs/Jena/q05h.3.csv, output/rdfs/Jena/q05i.1.csv, output/rdfs/Jena/q05i.2.csv, output/rdfs/Jena/q05i.3.csv, output/rdfs/Jena/q05j.1.csv, output/rdfs/Jena/q05j.2.csv, output/rdfs/Jena/q05j.3.csv, output/rdfs/Jena/q06a.1.csv, output/rdfs/Jena/q06a.2.csv, output/rdfs/Jena/q06a.3.csv, output/rdfs/Jena/q06b.1.csv, output/rdfs/Jena/q06b.2.csv, output/rdfs/Jena/q06b.3.csv, output/rdfs/Jena/q06c.1.csv, output/rdfs/Jena/q06c.2.csv, output/rdfs/Jena/q06c.3.csv, output/rdfs/Jena/q06d.1.csv, output/rdfs/Jena/q06d.2.csv, output/rdfs/Jena/q06d.3.csv, output/rdfs/Jena/q06e.1.csv, output/rdfs/Jena/q06e.2.csv, output/rdfs/Jena/q06e.3.csv, output/rdfs/Jena/q06f.1.csv, output/rdfs/Jena/q06f.2.csv, output/rdfs/Jena/q06f.3.csv, output/rdfs/Jena/q06g.1.csv, output/rdfs/Jena/q06g.2.csv, output/rdfs/Jena/q06g.3.csv, output/rdfs/Jena/q06h.1.csv, output/rdfs/Jena/q06h.2.csv, output/rdfs/Jena/q06h.3.csv, output/rdfs/Jena/q06i.1.csv, output/rdfs/Jena/q06i.2.csv, output/rdfs/Jena/q06i.3.csv, output/rdfs/Jena/q06j.1.csv, output/rdfs/Jena/q06j.2.csv, output/rdfs/Jena/q06j.3.csv, output/rdfs/Jena/q07a.1.csv, output/rdfs/Jena/q07a.2.csv, output/rdfs/Jena/q07a.3.csv, output/rdfs/Jena/q07b.1.csv, output/rdfs/Jena/q07b.2.csv, output/rdfs/Jena/q07b.3.csv, output/rdfs/Jena/q07c.1.csv, output/rdfs/Jena/q07c.2.csv, output/rdfs/Jena/q07c.3.csv, output/rdfs/Jena/q07d.1.csv, output/rdfs/Jena/q07d.2.csv, output/rdfs/Jena/q07d.3.csv, output/rdfs/Jena/q07e.1.csv, output/rdfs/Jena/q07e.2.csv, output/rdfs/Jena/q07e.3.csv, output/rdfs/Jena/q07f.1.csv, output/rdfs/Jena/q07f.2.csv, output/rdfs/Jena/q07f.3.csv, output/rdfs/Jena/q07g.1.csv, output/rdfs/Jena/q07g.2.csv, output/rdfs/Jena/q07g.3.csv, output/rdfs/Jena/q07h.1.csv, output/rdfs/Jena/q07h.2.csv, output/rdfs/Jena/q07h.3.csv, output/rdfs/Jena/q07i.1.csv, output/rdfs/Jena/q07i.2.csv, output/rdfs/Jena/q07i.3.csv, output/rdfs/Jena/q07j.1.csv, output/rdfs/Jena/q07j.2.csv, output/rdfs/Jena/q07j.3.csv, output/rdfs/Jena/q08a.1.csv, output/rdfs/Jena/q08a.2.csv, output/rdfs/Jena/q08a.3.csv, output/rdfs/Jena/q08b.1.csv, output/rdfs/Jena/q08b.2.csv, output/rdfs/Jena/q08b.3.csv, output/rdfs/Jena/q08c.1.csv, output/rdfs/Jena/q08c.2.csv, output/rdfs/Jena/q08c.3.csv, output/rdfs/Jena/q08d.1.csv, output/rdfs/Jena/q08d.2.csv, output/rdfs/Jena/q08d.3.csv, output/rdfs/Jena/q08e.1.csv, output/rdfs/Jena/q08e.2.csv, output/rdfs/Jena/q08e.3.csv, output/rdfs/Jena/q08f.1.csv, output/rdfs/Jena/q08f.2.csv, output/rdfs/Jena/q08f.3.csv, output/rdfs/Jena/q08g.1.csv, output/rdfs/Jena/q08g.2.csv, output/rdfs/Jena/q08g.3.csv, output/rdfs/Jena/q08h.1.csv, output/rdfs/Jena/q08h.2.csv, output/rdfs/Jena/q08h.3.csv, output/rdfs/Jena/q08i.1.csv, output/rdfs/Jena/q08i.2.csv, output/rdfs/Jena/q08i.3.csv, output/rdfs/Jena/q08j.1.csv, output/rdfs/Jena/q08j.2.csv, output/rdfs/Jena/q08j.3.csv, output/rdfs/Jena/q09a.1.csv, output/rdfs/Jena/q09a.2.csv, output/rdfs/Jena/q09a.3.csv, output/rdfs/Jena/q09b.1.csv, output/rdfs/Jena/q09b.2.csv, output/rdfs/Jena/q09b.3.csv, output/rdfs/Jena/q09c.1.csv, output/rdfs/Jena/q09c.2.csv, output/rdfs/Jena/q09c.3.csv, output/rdfs/Jena/q09d.1.csv, output/rdfs/Jena/q09d.2.csv, output/rdfs/Jena/q09d.3.csv, output/rdfs/Jena/q09e.1.csv, output/rdfs/Jena/q09e.2.csv, output/rdfs/Jena/q09e.3.csv, output/rdfs/Jena/q09f.1.csv, output/rdfs/Jena/q09f.2.csv, output/rdfs/Jena/q09f.3.csv, output/rdfs/Jena/q09g.1.csv, output/rdfs/Jena/q09g.2.csv, output/rdfs/Jena/q09g.3.csv, output/rdfs/Jena/q09h.1.csv, output/rdfs/Jena/q09h.2.csv, output/rdfs/Jena/q09h.3.csv, output/rdfs/Jena/q09i.1.csv, output/rdfs/Jena/q09i.2.csv, output/rdfs/Jena/q09i.3.csv, output/rdfs/Jena/q09j.1.csv, output/rdfs/Jena/q09j.2.csv, output/rdfs/Jena/q09j.3.csv, output/rdfs/Jena/q10a.1.csv, output/rdfs/Jena/q10a.2.csv, output/rdfs/Jena/q10a.3.csv, output/rdfs/Jena/q10b.1.csv, output/rdfs/Jena/q10b.2.csv, output/rdfs/Jena/q10b.3.csv, output/rdfs/Jena/q10c.1.csv, output/rdfs/Jena/q10c.2.csv, output/rdfs/Jena/q10c.3.csv, output/rdfs/Jena/q10d.1.csv, output/rdfs/Jena/q10d.2.csv, output/rdfs/Jena/q10d.3.csv, output/rdfs/Jena/q10e.1.csv, output/rdfs/Jena/q10e.2.csv, output/rdfs/Jena/q10e.3.csv, output/rdfs/Jena/q10f.1.csv, output/rdfs/Jena/q10f.2.csv, output/rdfs/Jena/q10f.3.csv, output/rdfs/Jena/q10g.1.csv, output/rdfs/Jena/q10g.2.csv, output/rdfs/Jena/q10g.3.csv, output/rdfs/Jena/q10h.1.csv, output/rdfs/Jena/q10h.2.csv, output/rdfs/Jena/q10h.3.csv, output/rdfs/Jena/q10i.1.csv, output/rdfs/Jena/q10i.2.csv, output/rdfs/Jena/q10i.3.csv, output/rdfs/Jena/q10j.1.csv, output/rdfs/Jena/q10j.2.csv, output/rdfs/Jena/q10j.3.csv, output/rdfs/Jena/q11a.1.csv, output/rdfs/Jena/q11a.2.csv, output/rdfs/Jena/q11a.3.csv, output/rdfs/Jena/q11b.1.csv, output/rdfs/Jena/q11b.2.csv, output/rdfs/Jena/q11b.3.csv, output/rdfs/Jena/q11c.1.csv, output/rdfs/Jena/q11c.2.csv, output/rdfs/Jena/q11c.3.csv, output/rdfs/Jena/q11d.1.csv, output/rdfs/Jena/q11d.2.csv, output/rdfs/Jena/q11d.3.csv, output/rdfs/Jena/q11e.1.csv, output/rdfs/Jena/q11e.2.csv, output/rdfs/Jena/q11e.3.csv, output/rdfs/Jena/q11f.1.csv, output/rdfs/Jena/q11f.2.csv, output/rdfs/Jena/q11f.3.csv, output/rdfs/Jena/q11g.1.csv, output/rdfs/Jena/q11g.2.csv, output/rdfs/Jena/q11g.3.csv, output/rdfs/Jena/q11h.1.csv, output/rdfs/Jena/q11h.2.csv, output/rdfs/Jena/q11h.3.csv, output/rdfs/Jena/q11i.1.csv, output/rdfs/Jena/q11i.2.csv, output/rdfs/Jena/q11i.3.csv, output/rdfs/Jena/q11j.1.csv, output/rdfs/Jena/q11j.2.csv, output/rdfs/Jena/q11j.3.csv, output/rdfs/Jena/q12a.1.csv, output/rdfs/Jena/q12a.2.csv, output/rdfs/Jena/q12a.3.csv, output/rdfs/Jena/q12b.1.csv, output/rdfs/Jena/q12b.2.csv, output/rdfs/Jena/q12b.3.csv, output/rdfs/Jena/q12c.1.csv, output/rdfs/Jena/q12c.2.csv, output/rdfs/Jena/q12c.3.csv, output/rdfs/Jena/q12d.1.csv, output/rdfs/Jena/q12d.2.csv, output/rdfs/Jena/q12d.3.csv, output/rdfs/Jena/q12e.1.csv, output/rdfs/Jena/q12e.2.csv, output/rdfs/Jena/q12e.3.csv, output/rdfs/Jena/q12f.1.csv, output/rdfs/Jena/q12f.2.csv, output/rdfs/Jena/q12f.3.csv, output/rdfs/Jena/q12g.1.csv, output/rdfs/Jena/q12g.2.csv, output/rdfs/Jena/q12g.3.csv, output/rdfs/Jena/q12h.1.csv, output/rdfs/Jena/q12h.2.csv, output/rdfs/Jena/q12h.3.csv, output/rdfs/Jena/q12i.1.csv, output/rdfs/Jena/q12i.2.csv, output/rdfs/Jena/q12i.3.csv, output/rdfs/Jena/q12j.1.csv, output/rdfs/Jena/q12j.2.csv, output/rdfs/Jena/q12j.3.csv, output/rdfs/FedX/q01a.1.csv, output/rdfs/FedX/q01a.2.csv, output/rdfs/FedX/q01a.3.csv, output/rdfs/FedX/q01b.1.csv, output/rdfs/FedX/q01b.2.csv, output/rdfs/FedX/q01b.3.csv, output/rdfs/FedX/q01c.1.csv, output/rdfs/FedX/q01c.2.csv, output/rdfs/FedX/q01c.3.csv, output/rdfs/FedX/q01d.1.csv, output/rdfs/FedX/q01d.2.csv, output/rdfs/FedX/q01d.3.csv, output/rdfs/FedX/q01e.1.csv, output/rdfs/FedX/q01e.2.csv, output/rdfs/FedX/q01e.3.csv, output/rdfs/FedX/q01f.1.csv, output/rdfs/FedX/q01f.2.csv, output/rdfs/FedX/q01f.3.csv, output/rdfs/FedX/q01g.1.csv, output/rdfs/FedX/q01g.2.csv, output/rdfs/FedX/q01g.3.csv, output/rdfs/FedX/q01h.1.csv, output/rdfs/FedX/q01h.2.csv, output/rdfs/FedX/q01h.3.csv, output/rdfs/FedX/q01i.1.csv, output/rdfs/FedX/q01i.2.csv, output/rdfs/FedX/q01i.3.csv, output/rdfs/FedX/q01j.1.csv, output/rdfs/FedX/q01j.2.csv, output/rdfs/FedX/q01j.3.csv, output/rdfs/FedX/q02a.1.csv, output/rdfs/FedX/q02a.2.csv, output/rdfs/FedX/q02a.3.csv, output/rdfs/FedX/q02b.1.csv, output/rdfs/FedX/q02b.2.csv, output/rdfs/FedX/q02b.3.csv, output/rdfs/FedX/q02c.1.csv, output/rdfs/FedX/q02c.2.csv, output/rdfs/FedX/q02c.3.csv, output/rdfs/FedX/q02d.1.csv, output/rdfs/FedX/q02d.2.csv, output/rdfs/FedX/q02d.3.csv, output/rdfs/FedX/q02e.1.csv, output/rdfs/FedX/q02e.2.csv, output/rdfs/FedX/q02e.3.csv, output/rdfs/FedX/q02f.1.csv, output/rdfs/FedX/q02f.2.csv, output/rdfs/FedX/q02f.3.csv, output/rdfs/FedX/q02g.1.csv, output/rdfs/FedX/q02g.2.csv, output/rdfs/FedX/q02g.3.csv, output/rdfs/FedX/q02h.1.csv, output/rdfs/FedX/q02h.2.csv, output/rdfs/FedX/q02h.3.csv, output/rdfs/FedX/q02i.1.csv, output/rdfs/FedX/q02i.2.csv, output/rdfs/FedX/q02i.3.csv, output/rdfs/FedX/q02j.1.csv, output/rdfs/FedX/q02j.2.csv, output/rdfs/FedX/q02j.3.csv, output/rdfs/FedX/q03a.1.csv, output/rdfs/FedX/q03a.2.csv, output/rdfs/FedX/q03a.3.csv, output/rdfs/FedX/q03b.1.csv, output/rdfs/FedX/q03b.2.csv, output/rdfs/FedX/q03b.3.csv, output/rdfs/FedX/q03c.1.csv, output/rdfs/FedX/q03c.2.csv, output/rdfs/FedX/q03c.3.csv, output/rdfs/FedX/q03d.1.csv, output/rdfs/FedX/q03d.2.csv, output/rdfs/FedX/q03d.3.csv, output/rdfs/FedX/q03e.1.csv, output/rdfs/FedX/q03e.2.csv, output/rdfs/FedX/q03e.3.csv, output/rdfs/FedX/q03f.1.csv, output/rdfs/FedX/q03f.2.csv, output/rdfs/FedX/q03f.3.csv, output/rdfs/FedX/q03g.1.csv, output/rdfs/FedX/q03g.2.csv, output/rdfs/FedX/q03g.3.csv, output/rdfs/FedX/q03h.1.csv, output/rdfs/FedX/q03h.2.csv, output/rdfs/FedX/q03h.3.csv, output/rdfs/FedX/q03i.1.csv, output/rdfs/FedX/q03i.2.csv, output/rdfs/FedX/q03i.3.csv, output/rdfs/FedX/q03j.1.csv, output/rdfs/FedX/q03j.2.csv, output/rdfs/FedX/q03j.3.csv, output/rdfs/FedX/q04a.1.csv, output/rdfs/FedX/q04a.2.csv, output/rdfs/FedX/q04a.3.csv, output/rdfs/FedX/q04b.1.csv, output/rdfs/FedX/q04b.2.csv, output/rdfs/FedX/q04b.3.csv, output/rdfs/FedX/q04c.1.csv, output/rdfs/FedX/q04c.2.csv, output/rdfs/FedX/q04c.3.csv, output/rdfs/FedX/q04d.1.csv, output/rdfs/FedX/q04d.2.csv, output/rdfs/FedX/q04d.3.csv, output/rdfs/FedX/q04e.1.csv, output/rdfs/FedX/q04e.2.csv, output/rdfs/FedX/q04e.3.csv, output/rdfs/FedX/q04f.1.csv, output/rdfs/FedX/q04f.2.csv, output/rdfs/FedX/q04f.3.csv, output/rdfs/FedX/q04g.1.csv, output/rdfs/FedX/q04g.2.csv, output/rdfs/FedX/q04g.3.csv, output/rdfs/FedX/q04h.1.csv, output/rdfs/FedX/q04h.2.csv, output/rdfs/FedX/q04h.3.csv, output/rdfs/FedX/q04i.1.csv, output/rdfs/FedX/q04i.2.csv, output/rdfs/FedX/q04i.3.csv, output/rdfs/FedX/q04j.1.csv, output/rdfs/FedX/q04j.2.csv, output/rdfs/FedX/q04j.3.csv, output/rdfs/FedX/q05a.1.csv, output/rdfs/FedX/q05a.2.csv, output/rdfs/FedX/q05a.3.csv, output/rdfs/FedX/q05b.1.csv, output/rdfs/FedX/q05b.2.csv, output/rdfs/FedX/q05b.3.csv, output/rdfs/FedX/q05c.1.csv, output/rdfs/FedX/q05c.2.csv, output/rdfs/FedX/q05c.3.csv, output/rdfs/FedX/q05d.1.csv, output/rdfs/FedX/q05d.2.csv, output/rdfs/FedX/q05d.3.csv, output/rdfs/FedX/q05e.1.csv, output/rdfs/FedX/q05e.2.csv, output/rdfs/FedX/q05e.3.csv, output/rdfs/FedX/q05f.1.csv, output/rdfs/FedX/q05f.2.csv, output/rdfs/FedX/q05f.3.csv, output/rdfs/FedX/q05g.1.csv, output/rdfs/FedX/q05g.2.csv, output/rdfs/FedX/q05g.3.csv, output/rdfs/FedX/q05h.1.csv, output/rdfs/FedX/q05h.2.csv, output/rdfs/FedX/q05h.3.csv, output/rdfs/FedX/q05i.1.csv, output/rdfs/FedX/q05i.2.csv, output/rdfs/FedX/q05i.3.csv, output/rdfs/FedX/q05j.1.csv, output/rdfs/FedX/q05j.2.csv, output/rdfs/FedX/q05j.3.csv, output/rdfs/FedX/q06a.1.csv, output/rdfs/FedX/q06a.2.csv, output/rdfs/FedX/q06a.3.csv, output/rdfs/FedX/q06b.1.csv, output/rdfs/FedX/q06b.2.csv, output/rdfs/FedX/q06b.3.csv, output/rdfs/FedX/q06c.1.csv, output/rdfs/FedX/q06c.2.csv, output/rdfs/FedX/q06c.3.csv, output/rdfs/FedX/q06d.1.csv, output/rdfs/FedX/q06d.2.csv, output/rdfs/FedX/q06d.3.csv, output/rdfs/FedX/q06e.1.csv, output/rdfs/FedX/q06e.2.csv, output/rdfs/FedX/q06e.3.csv, output/rdfs/FedX/q06f.1.csv, output/rdfs/FedX/q06f.2.csv, output/rdfs/FedX/q06f.3.csv, output/rdfs/FedX/q06g.1.csv, output/rdfs/FedX/q06g.2.csv, output/rdfs/FedX/q06g.3.csv, output/rdfs/FedX/q06h.1.csv, output/rdfs/FedX/q06h.2.csv, output/rdfs/FedX/q06h.3.csv, output/rdfs/FedX/q06i.1.csv, output/rdfs/FedX/q06i.2.csv, output/rdfs/FedX/q06i.3.csv, output/rdfs/FedX/q06j.1.csv, output/rdfs/FedX/q06j.2.csv, output/rdfs/FedX/q06j.3.csv, output/rdfs/FedX/q07a.1.csv, output/rdfs/FedX/q07a.2.csv, output/rdfs/FedX/q07a.3.csv, output/rdfs/FedX/q07b.1.csv, output/rdfs/FedX/q07b.2.csv, output/rdfs/FedX/q07b.3.csv, output/rdfs/FedX/q07c.1.csv, output/rdfs/FedX/q07c.2.csv, output/rdfs/FedX/q07c.3.csv, output/rdfs/FedX/q07d.1.csv, output/rdfs/FedX/q07d.2.csv, output/rdfs/FedX/q07d.3.csv, output/rdfs/FedX/q07e.1.csv, output/rdfs/FedX/q07e.2.csv, output/rdfs/FedX/q07e.3.csv, output/rdfs/FedX/q07f.1.csv, output/rdfs/FedX/q07f.2.csv, output/rdfs/FedX/q07f.3.csv, output/rdfs/FedX/q07g.1.csv, output/rdfs/FedX/q07g.2.csv, output/rdfs/FedX/q07g.3.csv, output/rdfs/FedX/q07h.1.csv, output/rdfs/FedX/q07h.2.csv, output/rdfs/FedX/q07h.3.csv, output/rdfs/FedX/q07i.1.csv, output/rdfs/FedX/q07i.2.csv, output/rdfs/FedX/q07i.3.csv, output/rdfs/FedX/q07j.1.csv, output/rdfs/FedX/q07j.2.csv, output/rdfs/FedX/q07j.3.csv, output/rdfs/FedX/q08a.1.csv, output/rdfs/FedX/q08a.2.csv, output/rdfs/FedX/q08a.3.csv, output/rdfs/FedX/q08b.1.csv, output/rdfs/FedX/q08b.2.csv, output/rdfs/FedX/q08b.3.csv, output/rdfs/FedX/q08c.1.csv, output/rdfs/FedX/q08c.2.csv, output/rdfs/FedX/q08c.3.csv, output/rdfs/FedX/q08d.1.csv, output/rdfs/FedX/q08d.2.csv, output/rdfs/FedX/q08d.3.csv, output/rdfs/FedX/q08e.1.csv, output/rdfs/FedX/q08e.2.csv, output/rdfs/FedX/q08e.3.csv, output/rdfs/FedX/q08f.1.csv, output/rdfs/FedX/q08f.2.csv, output/rdfs/FedX/q08f.3.csv, output/rdfs/FedX/q08g.1.csv, output/rdfs/FedX/q08g.2.csv, output/rdfs/FedX/q08g.3.csv, output/rdfs/FedX/q08h.1.csv, output/rdfs/FedX/q08h.2.csv, output/rdfs/FedX/q08h.3.csv, output/rdfs/FedX/q08i.1.csv, output/rdfs/FedX/q08i.2.csv, output/rdfs/FedX/q08i.3.csv, output/rdfs/FedX/q08j.1.csv, output/rdfs/FedX/q08j.2.csv, output/rdfs/FedX/q08j.3.csv, output/rdfs/FedX/q09a.1.csv, output/rdfs/FedX/q09a.2.csv, output/rdfs/FedX/q09a.3.csv, output/rdfs/FedX/q09b.1.csv, output/rdfs/FedX/q09b.2.csv, output/rdfs/FedX/q09b.3.csv, output/rdfs/FedX/q09c.1.csv, output/rdfs/FedX/q09c.2.csv, output/rdfs/FedX/q09c.3.csv, output/rdfs/FedX/q09d.1.csv, output/rdfs/FedX/q09d.2.csv, output/rdfs/FedX/q09d.3.csv, output/rdfs/FedX/q09e.1.csv, output/rdfs/FedX/q09e.2.csv, output/rdfs/FedX/q09e.3.csv, output/rdfs/FedX/q09f.1.csv, output/rdfs/FedX/q09f.2.csv, output/rdfs/FedX/q09f.3.csv, output/rdfs/FedX/q09g.1.csv, output/rdfs/FedX/q09g.2.csv, output/rdfs/FedX/q09g.3.csv, output/rdfs/FedX/q09h.1.csv, output/rdfs/FedX/q09h.2.csv, output/rdfs/FedX/q09h.3.csv, output/rdfs/FedX/q09i.1.csv, output/rdfs/FedX/q09i.2.csv, output/rdfs/FedX/q09i.3.csv, output/rdfs/FedX/q09j.1.csv, output/rdfs/FedX/q09j.2.csv, output/rdfs/FedX/q09j.3.csv, output/rdfs/FedX/q10a.1.csv, output/rdfs/FedX/q10a.2.csv, output/rdfs/FedX/q10a.3.csv, output/rdfs/FedX/q10b.1.csv, output/rdfs/FedX/q10b.2.csv, output/rdfs/FedX/q10b.3.csv, output/rdfs/FedX/q10c.1.csv, output/rdfs/FedX/q10c.2.csv, output/rdfs/FedX/q10c.3.csv, output/rdfs/FedX/q10d.1.csv, output/rdfs/FedX/q10d.2.csv, output/rdfs/FedX/q10d.3.csv, output/rdfs/FedX/q10e.1.csv, output/rdfs/FedX/q10e.2.csv, output/rdfs/FedX/q10e.3.csv, output/rdfs/FedX/q10f.1.csv, output/rdfs/FedX/q10f.2.csv, output/rdfs/FedX/q10f.3.csv, output/rdfs/FedX/q10g.1.csv, output/rdfs/FedX/q10g.2.csv, output/rdfs/FedX/q10g.3.csv, output/rdfs/FedX/q10h.1.csv, output/rdfs/FedX/q10h.2.csv, output/rdfs/FedX/q10h.3.csv, output/rdfs/FedX/q10i.1.csv, output/rdfs/FedX/q10i.2.csv, output/rdfs/FedX/q10i.3.csv, output/rdfs/FedX/q10j.1.csv, output/rdfs/FedX/q10j.2.csv, output/rdfs/FedX/q10j.3.csv, output/rdfs/FedX/q11a.1.csv, output/rdfs/FedX/q11a.2.csv, output/rdfs/FedX/q11a.3.csv, output/rdfs/FedX/q11b.1.csv, output/rdfs/FedX/q11b.2.csv, output/rdfs/FedX/q11b.3.csv, output/rdfs/FedX/q11c.1.csv, output/rdfs/FedX/q11c.2.csv, output/rdfs/FedX/q11c.3.csv, output/rdfs/FedX/q11d.1.csv, output/rdfs/FedX/q11d.2.csv, output/rdfs/FedX/q11d.3.csv, output/rdfs/FedX/q11e.1.csv, output/rdfs/FedX/q11e.2.csv, output/rdfs/FedX/q11e.3.csv, output/rdfs/FedX/q11f.1.csv, output/rdfs/FedX/q11f.2.csv, output/rdfs/FedX/q11f.3.csv, output/rdfs/FedX/q11g.1.csv, output/rdfs/FedX/q11g.2.csv, output/rdfs/FedX/q11g.3.csv, output/rdfs/FedX/q11h.1.csv, output/rdfs/FedX/q11h.2.csv, output/rdfs/FedX/q11h.3.csv, output/rdfs/FedX/q11i.1.csv, output/rdfs/FedX/q11i.2.csv, output/rdfs/FedX/q11i.3.csv, output/rdfs/FedX/q11j.1.csv, output/rdfs/FedX/q11j.2.csv, output/rdfs/FedX/q11j.3.csv, output/rdfs/FedX/q12a.1.csv, output/rdfs/FedX/q12a.2.csv, output/rdfs/FedX/q12a.3.csv, output/rdfs/FedX/q12b.1.csv, output/rdfs/FedX/q12b.2.csv, output/rdfs/FedX/q12b.3.csv, output/rdfs/FedX/q12c.1.csv, output/rdfs/FedX/q12c.2.csv, output/rdfs/FedX/q12c.3.csv, output/rdfs/FedX/q12d.1.csv, output/rdfs/FedX/q12d.2.csv, output/rdfs/FedX/q12d.3.csv, output/rdfs/FedX/q12e.1.csv, output/rdfs/FedX/q12e.2.csv, output/rdfs/FedX/q12e.3.csv, output/rdfs/FedX/q12f.1.csv, output/rdfs/FedX/q12f.2.csv, output/rdfs/FedX/q12f.3.csv, output/rdfs/FedX/q12g.1.csv, output/rdfs/FedX/q12g.2.csv, output/rdfs/FedX/q12g.3.csv, output/rdfs/FedX/q12h.1.csv, output/rdfs/FedX/q12h.2.csv, output/rdfs/FedX/q12h.3.csv, output/rdfs/FedX/q12i.1.csv, output/rdfs/FedX/q12i.2.csv, output/rdfs/FedX/q12i.3.csv, output/rdfs/FedX/q12j.1.csv, output/rdfs/FedX/q12j.2.csv, output/rdfs/FedX/q12j.3.csv, output/rdfs/HefQuin/q01a.1.csv, output/rdfs/HefQuin/q01a.2.csv, output/rdfs/HefQuin/q01a.3.csv, output/rdfs/HefQuin/q01b.1.csv, output/rdfs/HefQuin/q01b.2.csv, output/rdfs/HefQuin/q01b.3.csv, output/rdfs/HefQuin/q01c.1.csv, output/rdfs/HefQuin/q01c.2.csv, output/rdfs/HefQuin/q01c.3.csv, output/rdfs/HefQuin/q01d.1.csv, output/rdfs/HefQuin/q01d.2.csv, output/rdfs/HefQuin/q01d.3.csv, output/rdfs/HefQuin/q01e.1.csv, output/rdfs/HefQuin/q01e.2.csv, output/rdfs/HefQuin/q01e.3.csv, output/rdfs/HefQuin/q01f.1.csv, output/rdfs/HefQuin/q01f.2.csv, output/rdfs/HefQuin/q01f.3.csv, output/rdfs/HefQuin/q01g.1.csv, output/rdfs/HefQuin/q01g.2.csv, output/rdfs/HefQuin/q01g.3.csv, output/rdfs/HefQuin/q01h.1.csv, output/rdfs/HefQuin/q01h.2.csv, output/rdfs/HefQuin/q01h.3.csv, output/rdfs/HefQuin/q01i.1.csv, output/rdfs/HefQuin/q01i.2.csv, output/rdfs/HefQuin/q01i.3.csv, output/rdfs/HefQuin/q01j.1.csv, output/rdfs/HefQuin/q01j.2.csv, output/rdfs/HefQuin/q01j.3.csv, output/rdfs/HefQuin/q02a.1.csv, output/rdfs/HefQuin/q02a.2.csv, output/rdfs/HefQuin/q02a.3.csv, output/rdfs/HefQuin/q02b.1.csv, output/rdfs/HefQuin/q02b.2.csv, output/rdfs/HefQuin/q02b.3.csv, output/rdfs/HefQuin/q02c.1.csv, output/rdfs/HefQuin/q02c.2.csv, output/rdfs/HefQuin/q02c.3.csv, output/rdfs/HefQuin/q02d.1.csv, output/rdfs/HefQuin/q02d.2.csv, output/rdfs/HefQuin/q02d.3.csv, output/rdfs/HefQuin/q02e.1.csv, output/rdfs/HefQuin/q02e.2.csv, output/rdfs/HefQuin/q02e.3.csv, output/rdfs/HefQuin/q02f.1.csv, output/rdfs/HefQuin/q02f.2.csv, output/rdfs/HefQuin/q02f.3.csv, output/rdfs/HefQuin/q02g.1.csv, output/rdfs/HefQuin/q02g.2.csv, output/rdfs/HefQuin/q02g.3.csv, output/rdfs/HefQuin/q02h.1.csv, output/rdfs/HefQuin/q02h.2.csv, output/rdfs/HefQuin/q02h.3.csv, output/rdfs/HefQuin/q02i.1.csv, output/rdfs/HefQuin/q02i.2.csv, output/rdfs/HefQuin/q02i.3.csv, output/rdfs/HefQuin/q02j.1.csv, output/rdfs/HefQuin/q02j.2.csv, output/rdfs/HefQuin/q02j.3.csv, output/rdfs/HefQuin/q03a.1.csv, output/rdfs/HefQuin/q03a.2.csv, output/rdfs/HefQuin/q03a.3.csv, output/rdfs/HefQuin/q03b.1.csv, output/rdfs/HefQuin/q03b.2.csv, output/rdfs/HefQuin/q03b.3.csv, output/rdfs/HefQuin/q03c.1.csv, output/rdfs/HefQuin/q03c.2.csv, output/rdfs/HefQuin/q03c.3.csv, output/rdfs/HefQuin/q03d.1.csv, output/rdfs/HefQuin/q03d.2.csv, output/rdfs/HefQuin/q03d.3.csv, output/rdfs/HefQuin/q03e.1.csv, output/rdfs/HefQuin/q03e.2.csv, output/rdfs/HefQuin/q03e.3.csv, output/rdfs/HefQuin/q03f.1.csv, output/rdfs/HefQuin/q03f.2.csv, output/rdfs/HefQuin/q03f.3.csv, output/rdfs/HefQuin/q03g.1.csv, output/rdfs/HefQuin/q03g.2.csv, output/rdfs/HefQuin/q03g.3.csv, output/rdfs/HefQuin/q03h.1.csv, output/rdfs/HefQuin/q03h.2.csv, output/rdfs/HefQuin/q03h.3.csv, output/rdfs/HefQuin/q03i.1.csv, output/rdfs/HefQuin/q03i.2.csv, output/rdfs/HefQuin/q03i.3.csv, output/rdfs/HefQuin/q03j.1.csv, output/rdfs/HefQuin/q03j.2.csv, output/rdfs/HefQuin/q03j.3.csv, output/rdfs/HefQuin/q04a.1.csv, output/rdfs/HefQuin/q04a.2.csv, output/rdfs/HefQuin/q04a.3.csv, output/rdfs/HefQuin/q04b.1.csv, output/rdfs/HefQuin/q04b.2.csv, output/rdfs/HefQuin/q04b.3.csv, output/rdfs/HefQuin/q04c.1.csv, output/rdfs/HefQuin/q04c.2.csv, output/rdfs/HefQuin/q04c.3.csv, output/rdfs/HefQuin/q04d.1.csv, output/rdfs/HefQuin/q04d.2.csv, output/rdfs/HefQuin/q04d.3.csv, output/rdfs/HefQuin/q04e.1.csv, output/rdfs/HefQuin/q04e.2.csv, output/rdfs/HefQuin/q04e.3.csv, output/rdfs/HefQuin/q04f.1.csv, output/rdfs/HefQuin/q04f.2.csv, output/rdfs/HefQuin/q04f.3.csv, output/rdfs/HefQuin/q04g.1.csv, output/rdfs/HefQuin/q04g.2.csv, output/rdfs/HefQuin/q04g.3.csv, output/rdfs/HefQuin/q04h.1.csv, output/rdfs/HefQuin/q04h.2.csv, output/rdfs/HefQuin/q04h.3.csv, output/rdfs/HefQuin/q04i.1.csv, output/rdfs/HefQuin/q04i.2.csv, output/rdfs/HefQuin/q04i.3.csv, output/rdfs/HefQuin/q04j.1.csv, output/rdfs/HefQuin/q04j.2.csv, output/rdfs/HefQuin/q04j.3.csv, output/rdfs/HefQuin/q05a.1.csv, output/rdfs/HefQuin/q05a.2.csv, output/rdfs/HefQuin/q05a.3.csv, output/rdfs/HefQuin/q05b.1.csv, output/rdfs/HefQuin/q05b.2.csv, output/rdfs/HefQuin/q05b.3.csv, output/rdfs/HefQuin/q05c.1.csv, output/rdfs/HefQuin/q05c.2.csv, output/rdfs/HefQuin/q05c.3.csv, output/rdfs/HefQuin/q05d.1.csv, output/rdfs/HefQuin/q05d.2.csv, output/rdfs/HefQuin/q05d.3.csv, output/rdfs/HefQuin/q05e.1.csv, output/rdfs/HefQuin/q05e.2.csv, output/rdfs/HefQuin/q05e.3.csv, output/rdfs/HefQuin/q05f.1.csv, output/rdfs/HefQuin/q05f.2.csv, output/rdfs/HefQuin/q05f.3.csv, output/rdfs/HefQuin/q05g.1.csv, output/rdfs/HefQuin/q05g.2.csv, output/rdfs/HefQuin/q05g.3.csv, output/rdfs/HefQuin/q05h.1.csv, output/rdfs/HefQuin/q05h.2.csv, output/rdfs/HefQuin/q05h.3.csv, output/rdfs/HefQuin/q05i.1.csv, output/rdfs/HefQuin/q05i.2.csv, output/rdfs/HefQuin/q05i.3.csv, output/rdfs/HefQuin/q05j.1.csv, output/rdfs/HefQuin/q05j.2.csv, output/rdfs/HefQuin/q05j.3.csv, output/rdfs/HefQuin/q06a.1.csv, output/rdfs/HefQuin/q06a.2.csv, output/rdfs/HefQuin/q06a.3.csv, output/rdfs/HefQuin/q06b.1.csv, output/rdfs/HefQuin/q06b.2.csv, output/rdfs/HefQuin/q06b.3.csv, output/rdfs/HefQuin/q06c.1.csv, output/rdfs/HefQuin/q06c.2.csv, output/rdfs/HefQuin/q06c.3.csv, output/rdfs/HefQuin/q06d.1.csv, output/rdfs/HefQuin/q06d.2.csv, output/rdfs/HefQuin/q06d.3.csv, output/rdfs/HefQuin/q06e.1.csv, output/rdfs/HefQuin/q06e.2.csv, output/rdfs/HefQuin/q06e.3.csv, output/rdfs/HefQuin/q06f.1.csv, output/rdfs/HefQuin/q06f.2.csv, output/rdfs/HefQuin/q06f.3.csv, output/rdfs/HefQuin/q06g.1.csv, output/rdfs/HefQuin/q06g.2.csv, output/rdfs/HefQuin/q06g.3.csv, output/rdfs/HefQuin/q06h.1.csv, output/rdfs/HefQuin/q06h.2.csv, output/rdfs/HefQuin/q06h.3.csv, output/rdfs/HefQuin/q06i.1.csv, output/rdfs/HefQuin/q06i.2.csv, output/rdfs/HefQuin/q06i.3.csv, output/rdfs/HefQuin/q06j.1.csv, output/rdfs/HefQuin/q06j.2.csv, output/rdfs/HefQuin/q06j.3.csv, output/rdfs/HefQuin/q07a.1.csv, output/rdfs/HefQuin/q07a.2.csv, output/rdfs/HefQuin/q07a.3.csv, output/rdfs/HefQuin/q07b.1.csv, output/rdfs/HefQuin/q07b.2.csv, output/rdfs/HefQuin/q07b.3.csv, output/rdfs/HefQuin/q07c.1.csv, output/rdfs/HefQuin/q07c.2.csv, output/rdfs/HefQuin/q07c.3.csv, output/rdfs/HefQuin/q07d.1.csv, output/rdfs/HefQuin/q07d.2.csv, output/rdfs/HefQuin/q07d.3.csv, output/rdfs/HefQuin/q07e.1.csv, output/rdfs/HefQuin/q07e.2.csv, output/rdfs/HefQuin/q07e.3.csv, output/rdfs/HefQuin/q07f.1.csv, output/rdfs/HefQuin/q07f.2.csv, output/rdfs/HefQuin/q07f.3.csv, output/rdfs/HefQuin/q07g.1.csv, output/rdfs/HefQuin/q07g.2.csv, output/rdfs/HefQuin/q07g.3.csv, output/rdfs/HefQuin/q07h.1.csv, output/rdfs/HefQuin/q07h.2.csv, output/rdfs/HefQuin/q07h.3.csv, output/rdfs/HefQuin/q07i.1.csv, output/rdfs/HefQuin/q07i.2.csv, output/rdfs/HefQuin/q07i.3.csv, output/rdfs/HefQuin/q07j.1.csv, output/rdfs/HefQuin/q07j.2.csv, output/rdfs/HefQuin/q07j.3.csv, output/rdfs/HefQuin/q08a.1.csv, output/rdfs/HefQuin/q08a.2.csv, output/rdfs/HefQuin/q08a.3.csv, output/rdfs/HefQuin/q08b.1.csv, output/rdfs/HefQuin/q08b.2.csv, output/rdfs/HefQuin/q08b.3.csv, output/rdfs/HefQuin/q08c.1.csv, output/rdfs/HefQuin/q08c.2.csv, output/rdfs/HefQuin/q08c.3.csv, output/rdfs/HefQuin/q08d.1.csv, output/rdfs/HefQuin/q08d.2.csv, output/rdfs/HefQuin/q08d.3.csv, output/rdfs/HefQuin/q08e.1.csv, output/rdfs/HefQuin/q08e.2.csv, output/rdfs/HefQuin/q08e.3.csv, output/rdfs/HefQuin/q08f.1.csv, output/rdfs/HefQuin/q08f.2.csv, output/rdfs/HefQuin/q08f.3.csv, output/rdfs/HefQuin/q08g.1.csv, output/rdfs/HefQuin/q08g.2.csv, output/rdfs/HefQuin/q08g.3.csv, output/rdfs/HefQuin/q08h.1.csv, output/rdfs/HefQuin/q08h.2.csv, output/rdfs/HefQuin/q08h.3.csv, output/rdfs/HefQuin/q08i.1.csv, output/rdfs/HefQuin/q08i.2.csv, output/rdfs/HefQuin/q08i.3.csv, output/rdfs/HefQuin/q08j.1.csv, output/rdfs/HefQuin/q08j.2.csv, output/rdfs/HefQuin/q08j.3.csv, output/rdfs/HefQuin/q09a.1.csv, output/rdfs/HefQuin/q09a.2.csv, output/rdfs/HefQuin/q09a.3.csv, output/rdfs/HefQuin/q09b.1.csv, output/rdfs/HefQuin/q09b.2.csv, output/rdfs/HefQuin/q09b.3.csv, output/rdfs/HefQuin/q09c.1.csv, output/rdfs/HefQuin/q09c.2.csv, output/rdfs/HefQuin/q09c.3.csv, output/rdfs/HefQuin/q09d.1.csv, output/rdfs/HefQuin/q09d.2.csv, output/rdfs/HefQuin/q09d.3.csv, output/rdfs/HefQuin/q09e.1.csv, output/rdfs/HefQuin/q09e.2.csv, output/rdfs/HefQuin/q09e.3.csv, output/rdfs/HefQuin/q09f.1.csv, output/rdfs/HefQuin/q09f.2.csv, output/rdfs/HefQuin/q09f.3.csv, output/rdfs/HefQuin/q09g.1.csv, output/rdfs/HefQuin/q09g.2.csv, output/rdfs/HefQuin/q09g.3.csv, output/rdfs/HefQuin/q09h.1.csv, output/rdfs/HefQuin/q09h.2.csv, output/rdfs/HefQuin/q09h.3.csv, output/rdfs/HefQuin/q09i.1.csv, output/rdfs/HefQuin/q09i.2.csv, output/rdfs/HefQuin/q09i.3.csv, output/rdfs/HefQuin/q09j.1.csv, output/rdfs/HefQuin/q09j.2.csv, output/rdfs/HefQuin/q09j.3.csv, output/rdfs/HefQuin/q10a.1.csv, output/rdfs/HefQuin/q10a.2.csv, output/rdfs/HefQuin/q10a.3.csv, output/rdfs/HefQuin/q10b.1.csv, output/rdfs/HefQuin/q10b.2.csv, output/rdfs/HefQuin/q10b.3.csv, output/rdfs/HefQuin/q10c.1.csv, output/rdfs/HefQuin/q10c.2.csv, output/rdfs/HefQuin/q10c.3.csv, output/rdfs/HefQuin/q10d.1.csv, output/rdfs/HefQuin/q10d.2.csv, output/rdfs/HefQuin/q10d.3.csv, output/rdfs/HefQuin/q10e.1.csv, output/rdfs/HefQuin/q10e.2.csv, output/rdfs/HefQuin/q10e.3.csv, output/rdfs/HefQuin/q10f.1.csv, output/rdfs/HefQuin/q10f.2.csv, output/rdfs/HefQuin/q10f.3.csv, output/rdfs/HefQuin/q10g.1.csv, output/rdfs/HefQuin/q10g.2.csv, output/rdfs/HefQuin/q10g.3.csv, output/rdfs/HefQuin/q10h.1.csv, output/rdfs/HefQuin/q10h.2.csv, output/rdfs/HefQuin/q10h.3.csv, output/rdfs/HefQuin/q10i.1.csv, output/rdfs/HefQuin/q10i.2.csv, output/rdfs/HefQuin/q10i.3.csv, output/rdfs/HefQuin/q10j.1.csv, output/rdfs/HefQuin/q10j.2.csv, output/rdfs/HefQuin/q10j.3.csv, output/rdfs/HefQuin/q11a.1.csv, output/rdfs/HefQuin/q11a.2.csv, output/rdfs/HefQuin/q11a.3.csv, output/rdfs/HefQuin/q11b.1.csv, output/rdfs/HefQuin/q11b.2.csv, output/rdfs/HefQuin/q11b.3.csv, output/rdfs/HefQuin/q11c.1.csv, output/rdfs/HefQuin/q11c.2.csv, output/rdfs/HefQuin/q11c.3.csv, output/rdfs/HefQuin/q11d.1.csv, output/rdfs/HefQuin/q11d.2.csv, output/rdfs/HefQuin/q11d.3.csv, output/rdfs/HefQuin/q11e.1.csv, output/rdfs/HefQuin/q11e.2.csv, output/rdfs/HefQuin/q11e.3.csv, output/rdfs/HefQuin/q11f.1.csv, output/rdfs/HefQuin/q11f.2.csv, output/rdfs/HefQuin/q11f.3.csv, output/rdfs/HefQuin/q11g.1.csv, output/rdfs/HefQuin/q11g.2.csv, output/rdfs/HefQuin/q11g.3.csv, output/rdfs/HefQuin/q11h.1.csv, output/rdfs/HefQuin/q11h.2.csv, output/rdfs/HefQuin/q11h.3.csv, output/rdfs/HefQuin/q11i.1.csv, output/rdfs/HefQuin/q11i.2.csv, output/rdfs/HefQuin/q11i.3.csv, output/rdfs/HefQuin/q11j.1.csv, output/rdfs/HefQuin/q11j.2.csv, output/rdfs/HefQuin/q11j.3.csv, output/rdfs/HefQuin/q12a.1.csv, output/rdfs/HefQuin/q12a.2.csv, output/rdfs/HefQuin/q12a.3.csv, output/rdfs/HefQuin/q12b.1.csv, output/rdfs/HefQuin/q12b.2.csv, output/rdfs/HefQuin/q12b.3.csv, output/rdfs/HefQuin/q12c.1.csv, output/rdfs/HefQuin/q12c.2.csv, output/rdfs/HefQuin/q12c.3.csv, output/rdfs/HefQuin/q12d.1.csv, output/rdfs/HefQuin/q12d.2.csv, output/rdfs/HefQuin/q12d.3.csv, output/rdfs/HefQuin/q12e.1.csv, output/rdfs/HefQuin/q12e.2.csv, output/rdfs/HefQuin/q12e.3.csv, output/rdfs/HefQuin/q12f.1.csv, output/rdfs/HefQuin/q12f.2.csv, output/rdfs/HefQuin/q12f.3.csv, output/rdfs/HefQuin/q12g.1.csv, output/rdfs/HefQuin/q12g.2.csv, output/rdfs/HefQuin/q12g.3.csv, output/rdfs/HefQuin/q12h.1.csv, output/rdfs/HefQuin/q12h.2.csv, output/rdfs/HefQuin/q12h.3.csv, output/rdfs/HefQuin/q12i.1.csv, output/rdfs/HefQuin/q12i.2.csv, output/rdfs/HefQuin/q12i.3.csv, output/rdfs/HefQuin/q12j.1.csv, output/rdfs/HefQuin/q12j.2.csv, output/rdfs/HefQuin/q12j.3.csv, output/rdfs/FedUp-FedX/q01a.1.csv, output/rdfs/FedUp-FedX/q01a.2.csv, output/rdfs/FedUp-FedX/q01a.3.csv, output/rdfs/FedUp-FedX/q01b.1.csv, output/rdfs/FedUp-FedX/q01b.2.csv, output/rdfs/FedUp-FedX/q01b.3.csv, output/rdfs/FedUp-FedX/q01c.1.csv, output/rdfs/FedUp-FedX/q01c.2.csv, output/rdfs/FedUp-FedX/q01c.3.csv, output/rdfs/FedUp-FedX/q01d.1.csv, output/rdfs/FedUp-FedX/q01d.2.csv, output/rdfs/FedUp-FedX/q01d.3.csv, output/rdfs/FedUp-FedX/q01e.1.csv, output/rdfs/FedUp-FedX/q01e.2.csv, output/rdfs/FedUp-FedX/q01e.3.csv, output/rdfs/FedUp-FedX/q01f.1.csv, output/rdfs/FedUp-FedX/q01f.2.csv, output/rdfs/FedUp-FedX/q01f.3.csv, output/rdfs/FedUp-FedX/q01g.1.csv, output/rdfs/FedUp-FedX/q01g.2.csv, output/rdfs/FedUp-FedX/q01g.3.csv, output/rdfs/FedUp-FedX/q01h.1.csv, output/rdfs/FedUp-FedX/q01h.2.csv, output/rdfs/FedUp-FedX/q01h.3.csv, output/rdfs/FedUp-FedX/q01i.1.csv, output/rdfs/FedUp-FedX/q01i.2.csv, output/rdfs/FedUp-FedX/q01i.3.csv, output/rdfs/FedUp-FedX/q01j.1.csv, output/rdfs/FedUp-FedX/q01j.2.csv, output/rdfs/FedUp-FedX/q01j.3.csv, output/rdfs/FedUp-FedX/q02a.1.csv, output/rdfs/FedUp-FedX/q02a.2.csv, output/rdfs/FedUp-FedX/q02a.3.csv, output/rdfs/FedUp-FedX/q02b.1.csv, output/rdfs/FedUp-FedX/q02b.2.csv, output/rdfs/FedUp-FedX/q02b.3.csv, output/rdfs/FedUp-FedX/q02c.1.csv, output/rdfs/FedUp-FedX/q02c.2.csv, output/rdfs/FedUp-FedX/q02c.3.csv, output/rdfs/FedUp-FedX/q02d.1.csv, output/rdfs/FedUp-FedX/q02d.2.csv, output/rdfs/FedUp-FedX/q02d.3.csv, output/rdfs/FedUp-FedX/q02e.1.csv, output/rdfs/FedUp-FedX/q02e.2.csv, output/rdfs/FedUp-FedX/q02e.3.csv, output/rdfs/FedUp-FedX/q02f.1.csv, output/rdfs/FedUp-FedX/q02f.2.csv, output/rdfs/FedUp-FedX/q02f.3.csv, output/rdfs/FedUp-FedX/q02g.1.csv, output/rdfs/FedUp-FedX/q02g.2.csv, output/rdfs/FedUp-FedX/q02g.3.csv, output/rdfs/FedUp-FedX/q02h.1.csv, output/rdfs/FedUp-FedX/q02h.2.csv, output/rdfs/FedUp-FedX/q02h.3.csv, output/rdfs/FedUp-FedX/q02i.1.csv, output/rdfs/FedUp-FedX/q02i.2.csv, output/rdfs/FedUp-FedX/q02i.3.csv, output/rdfs/FedUp-FedX/q02j.1.csv, output/rdfs/FedUp-FedX/q02j.2.csv, output/rdfs/FedUp-FedX/q02j.3.csv, output/rdfs/FedUp-FedX/q03a.1.csv, output/rdfs/FedUp-FedX/q03a.2.csv, output/rdfs/FedUp-FedX/q03a.3.csv, output/rdfs/FedUp-FedX/q03b.1.csv, output/rdfs/FedUp-FedX/q03b.2.csv, output/rdfs/FedUp-FedX/q03b.3.csv, output/rdfs/FedUp-FedX/q03c.1.csv, output/rdfs/FedUp-FedX/q03c.2.csv, output/rdfs/FedUp-FedX/q03c.3.csv, output/rdfs/FedUp-FedX/q03d.1.csv, output/rdfs/FedUp-FedX/q03d.2.csv, output/rdfs/FedUp-FedX/q03d.3.csv, output/rdfs/FedUp-FedX/q03e.1.csv, output/rdfs/FedUp-FedX/q03e.2.csv, output/rdfs/FedUp-FedX/q03e.3.csv, output/rdfs/FedUp-FedX/q03f.1.csv, output/rdfs/FedUp-FedX/q03f.2.csv, output/rdfs/FedUp-FedX/q03f.3.csv, output/rdfs/FedUp-FedX/q03g.1.csv, output/rdfs/FedUp-FedX/q03g.2.csv, output/rdfs/FedUp-FedX/q03g.3.csv, output/rdfs/FedUp-FedX/q03h.1.csv, output/rdfs/FedUp-FedX/q03h.2.csv, output/rdfs/FedUp-FedX/q03h.3.csv, output/rdfs/FedUp-FedX/q03i.1.csv, output/rdfs/FedUp-FedX/q03i.2.csv, output/rdfs/FedUp-FedX/q03i.3.csv, output/rdfs/FedUp-FedX/q03j.1.csv, output/rdfs/FedUp-FedX/q03j.2.csv, output/rdfs/FedUp-FedX/q03j.3.csv, output/rdfs/FedUp-FedX/q04a.1.csv, output/rdfs/FedUp-FedX/q04a.2.csv, output/rdfs/FedUp-FedX/q04a.3.csv, output/rdfs/FedUp-FedX/q04b.1.csv, output/rdfs/FedUp-FedX/q04b.2.csv, output/rdfs/FedUp-FedX/q04b.3.csv, output/rdfs/FedUp-FedX/q04c.1.csv, output/rdfs/FedUp-FedX/q04c.2.csv, output/rdfs/FedUp-FedX/q04c.3.csv, output/rdfs/FedUp-FedX/q04d.1.csv, output/rdfs/FedUp-FedX/q04d.2.csv, output/rdfs/FedUp-FedX/q04d.3.csv, output/rdfs/FedUp-FedX/q04e.1.csv, output/rdfs/FedUp-FedX/q04e.2.csv, output/rdfs/FedUp-FedX/q04e.3.csv, output/rdfs/FedUp-FedX/q04f.1.csv, output/rdfs/FedUp-FedX/q04f.2.csv, output/rdfs/FedUp-FedX/q04f.3.csv, output/rdfs/FedUp-FedX/q04g.1.csv, output/rdfs/FedUp-FedX/q04g.2.csv, output/rdfs/FedUp-FedX/q04g.3.csv, output/rdfs/FedUp-FedX/q04h.1.csv, output/rdfs/FedUp-FedX/q04h.2.csv, output/rdfs/FedUp-FedX/q04h.3.csv, output/rdfs/FedUp-FedX/q04i.1.csv, output/rdfs/FedUp-FedX/q04i.2.csv, output/rdfs/FedUp-FedX/q04i.3.csv, output/rdfs/FedUp-FedX/q04j.1.csv, output/rdfs/FedUp-FedX/q04j.2.csv, output/rdfs/FedUp-FedX/q04j.3.csv, output/rdfs/FedUp-FedX/q05a.1.csv, output/rdfs/FedUp-FedX/q05a.2.csv, output/rdfs/FedUp-FedX/q05a.3.csv, output/rdfs/FedUp-FedX/q05b.1.csv, output/rdfs/FedUp-FedX/q05b.2.csv, output/rdfs/FedUp-FedX/q05b.3.csv, output/rdfs/FedUp-FedX/q05c.1.csv, output/rdfs/FedUp-FedX/q05c.2.csv, output/rdfs/FedUp-FedX/q05c.3.csv, output/rdfs/FedUp-FedX/q05d.1.csv, output/rdfs/FedUp-FedX/q05d.2.csv, output/rdfs/FedUp-FedX/q05d.3.csv, output/rdfs/FedUp-FedX/q05e.1.csv, output/rdfs/FedUp-FedX/q05e.2.csv, output/rdfs/FedUp-FedX/q05e.3.csv, output/rdfs/FedUp-FedX/q05f.1.csv, output/rdfs/FedUp-FedX/q05f.2.csv, output/rdfs/FedUp-FedX/q05f.3.csv, output/rdfs/FedUp-FedX/q05g.1.csv, output/rdfs/FedUp-FedX/q05g.2.csv, output/rdfs/FedUp-FedX/q05g.3.csv, output/rdfs/FedUp-FedX/q05h.1.csv, output/rdfs/FedUp-FedX/q05h.2.csv, output/rdfs/FedUp-FedX/q05h.3.csv, output/rdfs/FedUp-FedX/q05i.1.csv, output/rdfs/FedUp-FedX/q05i.2.csv, output/rdfs/FedUp-FedX/q05i.3.csv, output/rdfs/FedUp-FedX/q05j.1.csv, output/rdfs/FedUp-FedX/q05j.2.csv, output/rdfs/FedUp-FedX/q05j.3.csv, output/rdfs/FedUp-FedX/q06a.1.csv, output/rdfs/FedUp-FedX/q06a.2.csv, output/rdfs/FedUp-FedX/q06a.3.csv, output/rdfs/FedUp-FedX/q06b.1.csv, output/rdfs/FedUp-FedX/q06b.2.csv, output/rdfs/FedUp-FedX/q06b.3.csv, output/rdfs/FedUp-FedX/q06c.1.csv, output/rdfs/FedUp-FedX/q06c.2.csv, output/rdfs/FedUp-FedX/q06c.3.csv, output/rdfs/FedUp-FedX/q06d.1.csv, output/rdfs/FedUp-FedX/q06d.2.csv, output/rdfs/FedUp-FedX/q06d.3.csv, output/rdfs/FedUp-FedX/q06e.1.csv, output/rdfs/FedUp-FedX/q06e.2.csv, output/rdfs/FedUp-FedX/q06e.3.csv, output/rdfs/FedUp-FedX/q06f.1.csv, output/rdfs/FedUp-FedX/q06f.2.csv, output/rdfs/FedUp-FedX/q06f.3.csv, output/rdfs/FedUp-FedX/q06g.1.csv, output/rdfs/FedUp-FedX/q06g.2.csv, output/rdfs/FedUp-FedX/q06g.3.csv, output/rdfs/FedUp-FedX/q06h.1.csv, output/rdfs/FedUp-FedX/q06h.2.csv, output/rdfs/FedUp-FedX/q06h.3.csv, output/rdfs/FedUp-FedX/q06i.1.csv, output/rdfs/FedUp-FedX/q06i.2.csv, output/rdfs/FedUp-FedX/q06i.3.csv, output/rdfs/FedUp-FedX/q06j.1.csv, output/rdfs/FedUp-FedX/q06j.2.csv, output/rdfs/FedUp-FedX/q06j.3.csv, output/rdfs/FedUp-FedX/q07a.1.csv, output/rdfs/FedUp-FedX/q07a.2.csv, output/rdfs/FedUp-FedX/q07a.3.csv, output/rdfs/FedUp-FedX/q07b.1.csv, output/rdfs/FedUp-FedX/q07b.2.csv, output/rdfs/FedUp-FedX/q07b.3.csv, output/rdfs/FedUp-FedX/q07c.1.csv, output/rdfs/FedUp-FedX/q07c.2.csv, output/rdfs/FedUp-FedX/q07c.3.csv, output/rdfs/FedUp-FedX/q07d.1.csv, output/rdfs/FedUp-FedX/q07d.2.csv, output/rdfs/FedUp-FedX/q07d.3.csv, output/rdfs/FedUp-FedX/q07e.1.csv, output/rdfs/FedUp-FedX/q07e.2.csv, output/rdfs/FedUp-FedX/q07e.3.csv, output/rdfs/FedUp-FedX/q07f.1.csv, output/rdfs/FedUp-FedX/q07f.2.csv, output/rdfs/FedUp-FedX/q07f.3.csv, output/rdfs/FedUp-FedX/q07g.1.csv, output/rdfs/FedUp-FedX/q07g.2.csv, output/rdfs/FedUp-FedX/q07g.3.csv, output/rdfs/FedUp-FedX/q07h.1.csv, output/rdfs/FedUp-FedX/q07h.2.csv, output/rdfs/FedUp-FedX/q07h.3.csv, output/rdfs/FedUp-FedX/q07i.1.csv, output/rdfs/FedUp-FedX/q07i.2.csv, output/rdfs/FedUp-FedX/q07i.3.csv, output/rdfs/FedUp-FedX/q07j.1.csv, output/rdfs/FedUp-FedX/q07j.2.csv, output/rdfs/FedUp-FedX/q07j.3.csv, output/rdfs/FedUp-FedX/q08a.1.csv, output/rdfs/FedUp-FedX/q08a.2.csv, output/rdfs/FedUp-FedX/q08a.3.csv, output/rdfs/FedUp-FedX/q08b.1.csv, output/rdfs/FedUp-FedX/q08b.2.csv, output/rdfs/FedUp-FedX/q08b.3.csv, output/rdfs/FedUp-FedX/q08c.1.csv, output/rdfs/FedUp-FedX/q08c.2.csv, output/rdfs/FedUp-FedX/q08c.3.csv, output/rdfs/FedUp-FedX/q08d.1.csv, output/rdfs/FedUp-FedX/q08d.2.csv, output/rdfs/FedUp-FedX/q08d.3.csv, output/rdfs/FedUp-FedX/q08e.1.csv, output/rdfs/FedUp-FedX/q08e.2.csv, output/rdfs/FedUp-FedX/q08e.3.csv, output/rdfs/FedUp-FedX/q08f.1.csv, output/rdfs/FedUp-FedX/q08f.2.csv, output/rdfs/FedUp-FedX/q08f.3.csv, output/rdfs/FedUp-FedX/q08g.1.csv, output/rdfs/FedUp-FedX/q08g.2.csv, output/rdfs/FedUp-FedX/q08g.3.csv, output/rdfs/FedUp-FedX/q08h.1.csv, output/rdfs/FedUp-FedX/q08h.2.csv, output/rdfs/FedUp-FedX/q08h.3.csv, output/rdfs/FedUp-FedX/q08i.1.csv, output/rdfs/FedUp-FedX/q08i.2.csv, output/rdfs/FedUp-FedX/q08i.3.csv, output/rdfs/FedUp-FedX/q08j.1.csv, output/rdfs/FedUp-FedX/q08j.2.csv, output/rdfs/FedUp-FedX/q08j.3.csv, output/rdfs/FedUp-FedX/q09a.1.csv, output/rdfs/FedUp-FedX/q09a.2.csv, output/rdfs/FedUp-FedX/q09a.3.csv, output/rdfs/FedUp-FedX/q09b.1.csv, output/rdfs/FedUp-FedX/q09b.2.csv, output/rdfs/FedUp-FedX/q09b.3.csv, output/rdfs/FedUp-FedX/q09c.1.csv, output/rdfs/FedUp-FedX/q09c.2.csv, output/rdfs/FedUp-FedX/q09c.3.csv, output/rdfs/FedUp-FedX/q09d.1.csv, output/rdfs/FedUp-FedX/q09d.2.csv, output/rdfs/FedUp-FedX/q09d.3.csv, output/rdfs/FedUp-FedX/q09e.1.csv, output/rdfs/FedUp-FedX/q09e.2.csv, output/rdfs/FedUp-FedX/q09e.3.csv, output/rdfs/FedUp-FedX/q09f.1.csv, output/rdfs/FedUp-FedX/q09f.2.csv, output/rdfs/FedUp-FedX/q09f.3.csv, output/rdfs/FedUp-FedX/q09g.1.csv, output/rdfs/FedUp-FedX/q09g.2.csv, output/rdfs/FedUp-FedX/q09g.3.csv, output/rdfs/FedUp-FedX/q09h.1.csv, output/rdfs/FedUp-FedX/q09h.2.csv, output/rdfs/FedUp-FedX/q09h.3.csv, output/rdfs/FedUp-FedX/q09i.1.csv, output/rdfs/FedUp-FedX/q09i.2.csv, output/rdfs/FedUp-FedX/q09i.3.csv, output/rdfs/FedUp-FedX/q09j.1.csv, output/rdfs/FedUp-FedX/q09j.2.csv, output/rdfs/FedUp-FedX/q09j.3.csv, output/rdfs/FedUp-FedX/q10a.1.csv, output/rdfs/FedUp-FedX/q10a.2.csv, output/rdfs/FedUp-FedX/q10a.3.csv, output/rdfs/FedUp-FedX/q10b.1.csv, output/rdfs/FedUp-FedX/q10b.2.csv, output/rdfs/FedUp-FedX/q10b.3.csv, output/rdfs/FedUp-FedX/q10c.1.csv, output/rdfs/FedUp-FedX/q10c.2.csv, output/rdfs/FedUp-FedX/q10c.3.csv, output/rdfs/FedUp-FedX/q10d.1.csv, output/rdfs/FedUp-FedX/q10d.2.csv, output/rdfs/FedUp-FedX/q10d.3.csv, output/rdfs/FedUp-FedX/q10e.1.csv, output/rdfs/FedUp-FedX/q10e.2.csv, output/rdfs/FedUp-FedX/q10e.3.csv, output/rdfs/FedUp-FedX/q10f.1.csv, output/rdfs/FedUp-FedX/q10f.2.csv, output/rdfs/FedUp-FedX/q10f.3.csv, output/rdfs/FedUp-FedX/q10g.1.csv, output/rdfs/FedUp-FedX/q10g.2.csv, output/rdfs/FedUp-FedX/q10g.3.csv, output/rdfs/FedUp-FedX/q10h.1.csv, output/rdfs/FedUp-FedX/q10h.2.csv, output/rdfs/FedUp-FedX/q10h.3.csv, output/rdfs/FedUp-FedX/q10i.1.csv, output/rdfs/FedUp-FedX/q10i.2.csv, output/rdfs/FedUp-FedX/q10i.3.csv, output/rdfs/FedUp-FedX/q10j.1.csv, output/rdfs/FedUp-FedX/q10j.2.csv, output/rdfs/FedUp-FedX/q10j.3.csv, output/rdfs/FedUp-FedX/q11a.1.csv, output/rdfs/FedUp-FedX/q11a.2.csv, output/rdfs/FedUp-FedX/q11a.3.csv, output/rdfs/FedUp-FedX/q11b.1.csv, output/rdfs/FedUp-FedX/q11b.2.csv, output/rdfs/FedUp-FedX/q11b.3.csv, output/rdfs/FedUp-FedX/q11c.1.csv, output/rdfs/FedUp-FedX/q11c.2.csv, output/rdfs/FedUp-FedX/q11c.3.csv, output/rdfs/FedUp-FedX/q11d.1.csv, output/rdfs/FedUp-FedX/q11d.2.csv, output/rdfs/FedUp-FedX/q11d.3.csv, output/rdfs/FedUp-FedX/q11e.1.csv, output/rdfs/FedUp-FedX/q11e.2.csv, output/rdfs/FedUp-FedX/q11e.3.csv, output/rdfs/FedUp-FedX/q11f.1.csv, output/rdfs/FedUp-FedX/q11f.2.csv, output/rdfs/FedUp-FedX/q11f.3.csv, output/rdfs/FedUp-FedX/q11g.1.csv, output/rdfs/FedUp-FedX/q11g.2.csv, output/rdfs/FedUp-FedX/q11g.3.csv, output/rdfs/FedUp-FedX/q11h.1.csv, output/rdfs/FedUp-FedX/q11h.2.csv, output/rdfs/FedUp-FedX/q11h.3.csv, output/rdfs/FedUp-FedX/q11i.1.csv, output/rdfs/FedUp-FedX/q11i.2.csv, output/rdfs/FedUp-FedX/q11i.3.csv, output/rdfs/FedUp-FedX/q11j.1.csv, output/rdfs/FedUp-FedX/q11j.2.csv, output/rdfs/FedUp-FedX/q11j.3.csv, output/rdfs/FedUp-FedX/q12a.1.csv, output/rdfs/FedUp-FedX/q12a.2.csv, output/rdfs/FedUp-FedX/q12a.3.csv, output/rdfs/FedUp-FedX/q12b.1.csv, output/rdfs/FedUp-FedX/q12b.2.csv, output/rdfs/FedUp-FedX/q12b.3.csv, output/rdfs/FedUp-FedX/q12c.1.csv, output/rdfs/FedUp-FedX/q12c.2.csv, output/rdfs/FedUp-FedX/q12c.3.csv, output/rdfs/FedUp-FedX/q12d.1.csv, output/rdfs/FedUp-FedX/q12d.2.csv, output/rdfs/FedUp-FedX/q12d.3.csv, output/rdfs/FedUp-FedX/q12e.1.csv, output/rdfs/FedUp-FedX/q12e.2.csv, output/rdfs/FedUp-FedX/q12e.3.csv, output/rdfs/FedUp-FedX/q12f.1.csv, output/rdfs/FedUp-FedX/q12f.2.csv, output/rdfs/FedUp-FedX/q12f.3.csv, output/rdfs/FedUp-FedX/q12g.1.csv, output/rdfs/FedUp-FedX/q12g.2.csv, output/rdfs/FedUp-FedX/q12g.3.csv, output/rdfs/FedUp-FedX/q12h.1.csv, output/rdfs/FedUp-FedX/q12h.2.csv, output/rdfs/FedUp-FedX/q12h.3.csv, output/rdfs/FedUp-FedX/q12i.1.csv, output/rdfs/FedUp-FedX/q12i.2.csv, output/rdfs/FedUp-FedX/q12i.3.csv, output/rdfs/FedUp-FedX/q12j.1.csv, output/rdfs/FedUp-FedX/q12j.2.csv, output/rdfs/FedUp-FedX/q12j.3.csv, output/rdfs/FedUp-HefQuin/q01a.1.csv, output/rdfs/FedUp-HefQuin/q01a.2.csv, output/rdfs/FedUp-HefQuin/q01a.3.csv, output/rdfs/FedUp-HefQuin/q01b.1.csv, output/rdfs/FedUp-HefQuin/q01b.2.csv, output/rdfs/FedUp-HefQuin/q01b.3.csv, output/rdfs/FedUp-HefQuin/q01c.1.csv, output/rdfs/FedUp-HefQuin/q01c.2.csv, output/rdfs/FedUp-HefQuin/q01c.3.csv, output/rdfs/FedUp-HefQuin/q01d.1.csv, output/rdfs/FedUp-HefQuin/q01d.2.csv, output/rdfs/FedUp-HefQuin/q01d.3.csv, output/rdfs/FedUp-HefQuin/q01e.1.csv, output/rdfs/FedUp-HefQuin/q01e.2.csv, output/rdfs/FedUp-HefQuin/q01e.3.csv, output/rdfs/FedUp-HefQuin/q01f.1.csv, output/rdfs/FedUp-HefQuin/q01f.2.csv, output/rdfs/FedUp-HefQuin/q01f.3.csv, output/rdfs/FedUp-HefQuin/q01g.1.csv, output/rdfs/FedUp-HefQuin/q01g.2.csv, output/rdfs/FedUp-HefQuin/q01g.3.csv, output/rdfs/FedUp-HefQuin/q01h.1.csv, output/rdfs/FedUp-HefQuin/q01h.2.csv, output/rdfs/FedUp-HefQuin/q01h.3.csv, output/rdfs/FedUp-HefQuin/q01i.1.csv, output/rdfs/FedUp-HefQuin/q01i.2.csv, output/rdfs/FedUp-HefQuin/q01i.3.csv, output/rdfs/FedUp-HefQuin/q01j.1.csv, output/rdfs/FedUp-HefQuin/q01j.2.csv, output/rdfs/FedUp-HefQuin/q01j.3.csv, output/rdfs/FedUp-HefQuin/q02a.1.csv, output/rdfs/FedUp-HefQuin/q02a.2.csv, output/rdfs/FedUp-HefQuin/q02a.3.csv, output/rdfs/FedUp-HefQuin/q02b.1.csv, output/rdfs/FedUp-HefQuin/q02b.2.csv, output/rdfs/FedUp-HefQuin/q02b.3.csv, output/rdfs/FedUp-HefQuin/q02c.1.csv, output/rdfs/FedUp-HefQuin/q02c.2.csv, output/rdfs/FedUp-HefQuin/q02c.3.csv, output/rdfs/FedUp-HefQuin/q02d.1.csv, output/rdfs/FedUp-HefQuin/q02d.2.csv, output/rdfs/FedUp-HefQuin/q02d.3.csv, output/rdfs/FedUp-HefQuin/q02e.1.csv, output/rdfs/FedUp-HefQuin/q02e.2.csv, output/rdfs/FedUp-HefQuin/q02e.3.csv, output/rdfs/FedUp-HefQuin/q02f.1.csv, output/rdfs/FedUp-HefQuin/q02f.2.csv, output/rdfs/FedUp-HefQuin/q02f.3.csv, output/rdfs/FedUp-HefQuin/q02g.1.csv, output/rdfs/FedUp-HefQuin/q02g.2.csv, output/rdfs/FedUp-HefQuin/q02g.3.csv, output/rdfs/FedUp-HefQuin/q02h.1.csv, output/rdfs/FedUp-HefQuin/q02h.2.csv, output/rdfs/FedUp-HefQuin/q02h.3.csv, output/rdfs/FedUp-HefQuin/q02i.1.csv, output/rdfs/FedUp-HefQuin/q02i.2.csv, output/rdfs/FedUp-HefQuin/q02i.3.csv, output/rdfs/FedUp-HefQuin/q02j.1.csv, output/rdfs/FedUp-HefQuin/q02j.2.csv, output/rdfs/FedUp-HefQuin/q02j.3.csv, output/rdfs/FedUp-HefQuin/q03a.1.csv, output/rdfs/FedUp-HefQuin/q03a.2.csv, output/rdfs/FedUp-HefQuin/q03a.3.csv, output/rdfs/FedUp-HefQuin/q03b.1.csv, output/rdfs/FedUp-HefQuin/q03b.2.csv, output/rdfs/FedUp-HefQuin/q03b.3.csv, output/rdfs/FedUp-HefQuin/q03c.1.csv, output/rdfs/FedUp-HefQuin/q03c.2.csv, output/rdfs/FedUp-HefQuin/q03c.3.csv, output/rdfs/FedUp-HefQuin/q03d.1.csv, output/rdfs/FedUp-HefQuin/q03d.2.csv, output/rdfs/FedUp-HefQuin/q03d.3.csv, output/rdfs/FedUp-HefQuin/q03e.1.csv, output/rdfs/FedUp-HefQuin/q03e.2.csv, output/rdfs/FedUp-HefQuin/q03e.3.csv, output/rdfs/FedUp-HefQuin/q03f.1.csv, output/rdfs/FedUp-HefQuin/q03f.2.csv, output/rdfs/FedUp-HefQuin/q03f.3.csv, output/rdfs/FedUp-HefQuin/q03g.1.csv, output/rdfs/FedUp-HefQuin/q03g.2.csv, output/rdfs/FedUp-HefQuin/q03g.3.csv, output/rdfs/FedUp-HefQuin/q03h.1.csv, output/rdfs/FedUp-HefQuin/q03h.2.csv, output/rdfs/FedUp-HefQuin/q03h.3.csv, output/rdfs/FedUp-HefQuin/q03i.1.csv, output/rdfs/FedUp-HefQuin/q03i.2.csv, output/rdfs/FedUp-HefQuin/q03i.3.csv, output/rdfs/FedUp-HefQuin/q03j.1.csv, output/rdfs/FedUp-HefQuin/q03j.2.csv, output/rdfs/FedUp-HefQuin/q03j.3.csv, output/rdfs/FedUp-HefQuin/q04a.1.csv, output/rdfs/FedUp-HefQuin/q04a.2.csv, output/rdfs/FedUp-HefQuin/q04a.3.csv, output/rdfs/FedUp-HefQuin/q04b.1.csv, output/rdfs/FedUp-HefQuin/q04b.2.csv, output/rdfs/FedUp-HefQuin/q04b.3.csv, output/rdfs/FedUp-HefQuin/q04c.1.csv, output/rdfs/FedUp-HefQuin/q04c.2.csv, output/rdfs/FedUp-HefQuin/q04c.3.csv, output/rdfs/FedUp-HefQuin/q04d.1.csv, output/rdfs/FedUp-HefQuin/q04d.2.csv, output/rdfs/FedUp-HefQuin/q04d.3.csv, output/rdfs/FedUp-HefQuin/q04e.1.csv, output/rdfs/FedUp-HefQuin/q04e.2.csv, output/rdfs/FedUp-HefQuin/q04e.3.csv, output/rdfs/FedUp-HefQuin/q04f.1.csv, output/rdfs/FedUp-HefQuin/q04f.2.csv, output/rdfs/FedUp-HefQuin/q04f.3.csv, output/rdfs/FedUp-HefQuin/q04g.1.csv, output/rdfs/FedUp-HefQuin/q04g.2.csv, output/rdfs/FedUp-HefQuin/q04g.3.csv, output/rdfs/FedUp-HefQuin/q04h.1.csv, output/rdfs/FedUp-HefQuin/q04h.2.csv, output/rdfs/FedUp-HefQuin/q04h.3.csv, output/rdfs/FedUp-HefQuin/q04i.1.csv, output/rdfs/FedUp-HefQuin/q04i.2.csv, output/rdfs/FedUp-HefQuin/q04i.3.csv, output/rdfs/FedUp-HefQuin/q04j.1.csv, output/rdfs/FedUp-HefQuin/q04j.2.csv, output/rdfs/FedUp-HefQuin/q04j.3.csv, output/rdfs/FedUp-HefQuin/q05a.1.csv, output/rdfs/FedUp-HefQuin/q05a.2.csv, output/rdfs/FedUp-HefQuin/q05a.3.csv, output/rdfs/FedUp-HefQuin/q05b.1.csv, output/rdfs/FedUp-HefQuin/q05b.2.csv, output/rdfs/FedUp-HefQuin/q05b.3.csv, output/rdfs/FedUp-HefQuin/q05c.1.csv, output/rdfs/FedUp-HefQuin/q05c.2.csv, output/rdfs/FedUp-HefQuin/q05c.3.csv, output/rdfs/FedUp-HefQuin/q05d.1.csv, output/rdfs/FedUp-HefQuin/q05d.2.csv, output/rdfs/FedUp-HefQuin/q05d.3.csv, output/rdfs/FedUp-HefQuin/q05e.1.csv, output/rdfs/FedUp-HefQuin/q05e.2.csv, output/rdfs/FedUp-HefQuin/q05e.3.csv, output/rdfs/FedUp-HefQuin/q05f.1.csv, output/rdfs/FedUp-HefQuin/q05f.2.csv, output/rdfs/FedUp-HefQuin/q05f.3.csv, output/rdfs/FedUp-HefQuin/q05g.1.csv, output/rdfs/FedUp-HefQuin/q05g.2.csv, output/rdfs/FedUp-HefQuin/q05g.3.csv, output/rdfs/FedUp-HefQuin/q05h.1.csv, output/rdfs/FedUp-HefQuin/q05h.2.csv, output/rdfs/FedUp-HefQuin/q05h.3.csv, output/rdfs/FedUp-HefQuin/q05i.1.csv, output/rdfs/FedUp-HefQuin/q05i.2.csv, output/rdfs/FedUp-HefQuin/q05i.3.csv, output/rdfs/FedUp-HefQuin/q05j.1.csv, output/rdfs/FedUp-HefQuin/q05j.2.csv, output/rdfs/FedUp-HefQuin/q05j.3.csv, output/rdfs/FedUp-HefQuin/q06a.1.csv, output/rdfs/FedUp-HefQuin/q06a.2.csv, output/rdfs/FedUp-HefQuin/q06a.3.csv, output/rdfs/FedUp-HefQuin/q06b.1.csv, output/rdfs/FedUp-HefQuin/q06b.2.csv, output/rdfs/FedUp-HefQuin/q06b.3.csv, output/rdfs/FedUp-HefQuin/q06c.1.csv, output/rdfs/FedUp-HefQuin/q06c.2.csv, output/rdfs/FedUp-HefQuin/q06c.3.csv, output/rdfs/FedUp-HefQuin/q06d.1.csv, output/rdfs/FedUp-HefQuin/q06d.2.csv, output/rdfs/FedUp-HefQuin/q06d.3.csv, output/rdfs/FedUp-HefQuin/q06e.1.csv, output/rdfs/FedUp-HefQuin/q06e.2.csv, output/rdfs/FedUp-HefQuin/q06e.3.csv, output/rdfs/FedUp-HefQuin/q06f.1.csv, output/rdfs/FedUp-HefQuin/q06f.2.csv, output/rdfs/FedUp-HefQuin/q06f.3.csv, output/rdfs/FedUp-HefQuin/q06g.1.csv, output/rdfs/FedUp-HefQuin/q06g.2.csv, output/rdfs/FedUp-HefQuin/q06g.3.csv, output/rdfs/FedUp-HefQuin/q06h.1.csv, output/rdfs/FedUp-HefQuin/q06h.2.csv, output/rdfs/FedUp-HefQuin/q06h.3.csv, output/rdfs/FedUp-HefQuin/q06i.1.csv, output/rdfs/FedUp-HefQuin/q06i.2.csv, output/rdfs/FedUp-HefQuin/q06i.3.csv, output/rdfs/FedUp-HefQuin/q06j.1.csv, output/rdfs/FedUp-HefQuin/q06j.2.csv, output/rdfs/FedUp-HefQuin/q06j.3.csv, output/rdfs/FedUp-HefQuin/q07a.1.csv, output/rdfs/FedUp-HefQuin/q07a.2.csv, output/rdfs/FedUp-HefQuin/q07a.3.csv, output/rdfs/FedUp-HefQuin/q07b.1.csv, output/rdfs/FedUp-HefQuin/q07b.2.csv, output/rdfs/FedUp-HefQuin/q07b.3.csv, output/rdfs/FedUp-HefQuin/q07c.1.csv, output/rdfs/FedUp-HefQuin/q07c.2.csv, output/rdfs/FedUp-HefQuin/q07c.3.csv, output/rdfs/FedUp-HefQuin/q07d.1.csv, output/rdfs/FedUp-HefQuin/q07d.2.csv, output/rdfs/FedUp-HefQuin/q07d.3.csv, output/rdfs/FedUp-HefQuin/q07e.1.csv, output/rdfs/FedUp-HefQuin/q07e.2.csv, output/rdfs/FedUp-HefQuin/q07e.3.csv, output/rdfs/FedUp-HefQuin/q07f.1.csv, output/rdfs/FedUp-HefQuin/q07f.2.csv, output/rdfs/FedUp-HefQuin/q07f.3.csv, output/rdfs/FedUp-HefQuin/q07g.1.csv, output/rdfs/FedUp-HefQuin/q07g.2.csv, output/rdfs/FedUp-HefQuin/q07g.3.csv, output/rdfs/FedUp-HefQuin/q07h.1.csv, output/rdfs/FedUp-HefQuin/q07h.2.csv, output/rdfs/FedUp-HefQuin/q07h.3.csv, output/rdfs/FedUp-HefQuin/q07i.1.csv, output/rdfs/FedUp-HefQuin/q07i.2.csv, output/rdfs/FedUp-HefQuin/q07i.3.csv, output/rdfs/FedUp-HefQuin/q07j.1.csv, output/rdfs/FedUp-HefQuin/q07j.2.csv, output/rdfs/FedUp-HefQuin/q07j.3.csv, output/rdfs/FedUp-HefQuin/q08a.1.csv, output/rdfs/FedUp-HefQuin/q08a.2.csv, output/rdfs/FedUp-HefQuin/q08a.3.csv, output/rdfs/FedUp-HefQuin/q08b.1.csv, output/rdfs/FedUp-HefQuin/q08b.2.csv, output/rdfs/FedUp-HefQuin/q08b.3.csv, output/rdfs/FedUp-HefQuin/q08c.1.csv, output/rdfs/FedUp-HefQuin/q08c.2.csv, output/rdfs/FedUp-HefQuin/q08c.3.csv, output/rdfs/FedUp-HefQuin/q08d.1.csv, output/rdfs/FedUp-HefQuin/q08d.2.csv, output/rdfs/FedUp-HefQuin/q08d.3.csv, output/rdfs/FedUp-HefQuin/q08e.1.csv, output/rdfs/FedUp-HefQuin/q08e.2.csv, output/rdfs/FedUp-HefQuin/q08e.3.csv, output/rdfs/FedUp-HefQuin/q08f.1.csv, output/rdfs/FedUp-HefQuin/q08f.2.csv, output/rdfs/FedUp-HefQuin/q08f.3.csv, output/rdfs/FedUp-HefQuin/q08g.1.csv, output/rdfs/FedUp-HefQuin/q08g.2.csv, output/rdfs/FedUp-HefQuin/q08g.3.csv, output/rdfs/FedUp-HefQuin/q08h.1.csv, output/rdfs/FedUp-HefQuin/q08h.2.csv, output/rdfs/FedUp-HefQuin/q08h.3.csv, output/rdfs/FedUp-HefQuin/q08i.1.csv, output/rdfs/FedUp-HefQuin/q08i.2.csv, output/rdfs/FedUp-HefQuin/q08i.3.csv, output/rdfs/FedUp-HefQuin/q08j.1.csv, output/rdfs/FedUp-HefQuin/q08j.2.csv, output/rdfs/FedUp-HefQuin/q08j.3.csv, output/rdfs/FedUp-HefQuin/q09a.1.csv, output/rdfs/FedUp-HefQuin/q09a.2.csv, output/rdfs/FedUp-HefQuin/q09a.3.csv, output/rdfs/FedUp-HefQuin/q09b.1.csv, output/rdfs/FedUp-HefQuin/q09b.2.csv, output/rdfs/FedUp-HefQuin/q09b.3.csv, output/rdfs/FedUp-HefQuin/q09c.1.csv, output/rdfs/FedUp-HefQuin/q09c.2.csv, output/rdfs/FedUp-HefQuin/q09c.3.csv, output/rdfs/FedUp-HefQuin/q09d.1.csv, output/rdfs/FedUp-HefQuin/q09d.2.csv, output/rdfs/FedUp-HefQuin/q09d.3.csv, output/rdfs/FedUp-HefQuin/q09e.1.csv, output/rdfs/FedUp-HefQuin/q09e.2.csv, output/rdfs/FedUp-HefQuin/q09e.3.csv, output/rdfs/FedUp-HefQuin/q09f.1.csv, output/rdfs/FedUp-HefQuin/q09f.2.csv, output/rdfs/FedUp-HefQuin/q09f.3.csv, output/rdfs/FedUp-HefQuin/q09g.1.csv, output/rdfs/FedUp-HefQuin/q09g.2.csv, output/rdfs/FedUp-HefQuin/q09g.3.csv, output/rdfs/FedUp-HefQuin/q09h.1.csv, output/rdfs/FedUp-HefQuin/q09h.2.csv, output/rdfs/FedUp-HefQuin/q09h.3.csv, output/rdfs/FedUp-HefQuin/q09i.1.csv, output/rdfs/FedUp-HefQuin/q09i.2.csv, output/rdfs/FedUp-HefQuin/q09i.3.csv, output/rdfs/FedUp-HefQuin/q09j.1.csv, output/rdfs/FedUp-HefQuin/q09j.2.csv, output/rdfs/FedUp-HefQuin/q09j.3.csv, output/rdfs/FedUp-HefQuin/q10a.1.csv, output/rdfs/FedUp-HefQuin/q10a.2.csv, output/rdfs/FedUp-HefQuin/q10a.3.csv, output/rdfs/FedUp-HefQuin/q10b.1.csv, output/rdfs/FedUp-HefQuin/q10b.2.csv, output/rdfs/FedUp-HefQuin/q10b.3.csv, output/rdfs/FedUp-HefQuin/q10c.1.csv, output/rdfs/FedUp-HefQuin/q10c.2.csv, output/rdfs/FedUp-HefQuin/q10c.3.csv, output/rdfs/FedUp-HefQuin/q10d.1.csv, output/rdfs/FedUp-HefQuin/q10d.2.csv, output/rdfs/FedUp-HefQuin/q10d.3.csv, output/rdfs/FedUp-HefQuin/q10e.1.csv, output/rdfs/FedUp-HefQuin/q10e.2.csv, output/rdfs/FedUp-HefQuin/q10e.3.csv, output/rdfs/FedUp-HefQuin/q10f.1.csv, output/rdfs/FedUp-HefQuin/q10f.2.csv, output/rdfs/FedUp-HefQuin/q10f.3.csv, output/rdfs/FedUp-HefQuin/q10g.1.csv, output/rdfs/FedUp-HefQuin/q10g.2.csv, output/rdfs/FedUp-HefQuin/q10g.3.csv, output/rdfs/FedUp-HefQuin/q10h.1.csv, output/rdfs/FedUp-HefQuin/q10h.2.csv, output/rdfs/FedUp-HefQuin/q10h.3.csv, output/rdfs/FedUp-HefQuin/q10i.1.csv, output/rdfs/FedUp-HefQuin/q10i.2.csv, output/rdfs/FedUp-HefQuin/q10i.3.csv, output/rdfs/FedUp-HefQuin/q10j.1.csv, output/rdfs/FedUp-HefQuin/q10j.2.csv, output/rdfs/FedUp-HefQuin/q10j.3.csv, output/rdfs/FedUp-HefQuin/q11a.1.csv, output/rdfs/FedUp-HefQuin/q11a.2.csv, output/rdfs/FedUp-HefQuin/q11a.3.csv, output/rdfs/FedUp-HefQuin/q11b.1.csv, output/rdfs/FedUp-HefQuin/q11b.2.csv, output/rdfs/FedUp-HefQuin/q11b.3.csv, output/rdfs/FedUp-HefQuin/q11c.1.csv, output/rdfs/FedUp-HefQuin/q11c.2.csv, output/rdfs/FedUp-HefQuin/q11c.3.csv, output/rdfs/FedUp-HefQuin/q11d.1.csv, output/rdfs/FedUp-HefQuin/q11d.2.csv, output/rdfs/FedUp-HefQuin/q11d.3.csv, output/rdfs/FedUp-HefQuin/q11e.1.csv, output/rdfs/FedUp-HefQuin/q11e.2.csv, output/rdfs/FedUp-HefQuin/q11e.3.csv, output/rdfs/FedUp-HefQuin/q11f.1.csv, output/rdfs/FedUp-HefQuin/q11f.2.csv, output/rdfs/FedUp-HefQuin/q11f.3.csv, output/rdfs/FedUp-HefQuin/q11g.1.csv, output/rdfs/FedUp-HefQuin/q11g.2.csv, output/rdfs/FedUp-HefQuin/q11g.3.csv, output/rdfs/FedUp-HefQuin/q11h.1.csv, output/rdfs/FedUp-HefQuin/q11h.2.csv, output/rdfs/FedUp-HefQuin/q11h.3.csv, output/rdfs/FedUp-HefQuin/q11i.1.csv, output/rdfs/FedUp-HefQuin/q11i.2.csv, output/rdfs/FedUp-HefQuin/q11i.3.csv, output/rdfs/FedUp-HefQuin/q11j.1.csv, output/rdfs/FedUp-HefQuin/q11j.2.csv, output/rdfs/FedUp-HefQuin/q11j.3.csv, output/rdfs/FedUp-HefQuin/q12a.1.csv, output/rdfs/FedUp-HefQuin/q12a.2.csv, output/rdfs/FedUp-HefQuin/q12a.3.csv, output/rdfs/FedUp-HefQuin/q12b.1.csv, output/rdfs/FedUp-HefQuin/q12b.2.csv, output/rdfs/FedUp-HefQuin/q12b.3.csv, output/rdfs/FedUp-HefQuin/q12c.1.csv, output/rdfs/FedUp-HefQuin/q12c.2.csv, output/rdfs/FedUp-HefQuin/q12c.3.csv, output/rdfs/FedUp-HefQuin/q12d.1.csv, output/rdfs/FedUp-HefQuin/q12d.2.csv, output/rdfs/FedUp-HefQuin/q12d.3.csv, output/rdfs/FedUp-HefQuin/q12e.1.csv, output/rdfs/FedUp-HefQuin/q12e.2.csv, output/rdfs/FedUp-HefQuin/q12e.3.csv, output/rdfs/FedUp-HefQuin/q12f.1.csv, output/rdfs/FedUp-HefQuin/q12f.2.csv, output/rdfs/FedUp-HefQuin/q12f.3.csv, output/rdfs/FedUp-HefQuin/q12g.1.csv, output/rdfs/FedUp-HefQuin/q12g.2.csv, output/rdfs/FedUp-HefQuin/q12g.3.csv, output/rdfs/FedUp-HefQuin/q12h.1.csv, output/rdfs/FedUp-HefQuin/q12h.2.csv, output/rdfs/FedUp-HefQuin/q12h.3.csv, output/rdfs/FedUp-HefQuin/q12i.1.csv, output/rdfs/FedUp-HefQuin/q12i.2.csv, output/rdfs/FedUp-HefQuin/q12i.3.csv, output/rdfs/FedUp-HefQuin/q12j.1.csv, output/rdfs/FedUp-HefQuin/q12j.2.csv, output/rdfs/FedUp-HefQuin/q12j.3.csv, output/rdfs/FedUp-Jena/q01a.1.csv, output/rdfs/FedUp-Jena/q01a.2.csv, output/rdfs/FedUp-Jena/q01a.3.csv, output/rdfs/FedUp-Jena/q01b.1.csv, output/rdfs/FedUp-Jena/q01b.2.csv, output/rdfs/FedUp-Jena/q01b.3.csv, output/rdfs/FedUp-Jena/q01c.1.csv, output/rdfs/FedUp-Jena/q01c.2.csv, output/rdfs/FedUp-Jena/q01c.3.csv, output/rdfs/FedUp-Jena/q01d.1.csv, output/rdfs/FedUp-Jena/q01d.2.csv, output/rdfs/FedUp-Jena/q01d.3.csv, output/rdfs/FedUp-Jena/q01e.1.csv, output/rdfs/FedUp-Jena/q01e.2.csv, output/rdfs/FedUp-Jena/q01e.3.csv, output/rdfs/FedUp-Jena/q01f.1.csv, output/rdfs/FedUp-Jena/q01f.2.csv, output/rdfs/FedUp-Jena/q01f.3.csv, output/rdfs/FedUp-Jena/q01g.1.csv, output/rdfs/FedUp-Jena/q01g.2.csv, output/rdfs/FedUp-Jena/q01g.3.csv, output/rdfs/FedUp-Jena/q01h.1.csv, output/rdfs/FedUp-Jena/q01h.2.csv, output/rdfs/FedUp-Jena/q01h.3.csv, output/rdfs/FedUp-Jena/q01i.1.csv, output/rdfs/FedUp-Jena/q01i.2.csv, output/rdfs/FedUp-Jena/q01i.3.csv, output/rdfs/FedUp-Jena/q01j.1.csv, output/rdfs/FedUp-Jena/q01j.2.csv, output/rdfs/FedUp-Jena/q01j.3.csv, output/rdfs/FedUp-Jena/q02a.1.csv, output/rdfs/FedUp-Jena/q02a.2.csv, output/rdfs/FedUp-Jena/q02a.3.csv, output/rdfs/FedUp-Jena/q02b.1.csv, output/rdfs/FedUp-Jena/q02b.2.csv, output/rdfs/FedUp-Jena/q02b.3.csv, output/rdfs/FedUp-Jena/q02c.1.csv, output/rdfs/FedUp-Jena/q02c.2.csv, output/rdfs/FedUp-Jena/q02c.3.csv, output/rdfs/FedUp-Jena/q02d.1.csv, output/rdfs/FedUp-Jena/q02d.2.csv, output/rdfs/FedUp-Jena/q02d.3.csv, output/rdfs/FedUp-Jena/q02e.1.csv, output/rdfs/FedUp-Jena/q02e.2.csv, output/rdfs/FedUp-Jena/q02e.3.csv, output/rdfs/FedUp-Jena/q02f.1.csv, output/rdfs/FedUp-Jena/q02f.2.csv, output/rdfs/FedUp-Jena/q02f.3.csv, output/rdfs/FedUp-Jena/q02g.1.csv, output/rdfs/FedUp-Jena/q02g.2.csv, output/rdfs/FedUp-Jena/q02g.3.csv, output/rdfs/FedUp-Jena/q02h.1.csv, output/rdfs/FedUp-Jena/q02h.2.csv, output/rdfs/FedUp-Jena/q02h.3.csv, output/rdfs/FedUp-Jena/q02i.1.csv, output/rdfs/FedUp-Jena/q02i.2.csv, output/rdfs/FedUp-Jena/q02i.3.csv, output/rdfs/FedUp-Jena/q02j.1.csv, output/rdfs/FedUp-Jena/q02j.2.csv, output/rdfs/FedUp-Jena/q02j.3.csv, output/rdfs/FedUp-Jena/q03a.1.csv, output/rdfs/FedUp-Jena/q03a.2.csv, output/rdfs/FedUp-Jena/q03a.3.csv, output/rdfs/FedUp-Jena/q03b.1.csv, output/rdfs/FedUp-Jena/q03b.2.csv, output/rdfs/FedUp-Jena/q03b.3.csv, output/rdfs/FedUp-Jena/q03c.1.csv, output/rdfs/FedUp-Jena/q03c.2.csv, output/rdfs/FedUp-Jena/q03c.3.csv, output/rdfs/FedUp-Jena/q03d.1.csv, output/rdfs/FedUp-Jena/q03d.2.csv, output/rdfs/FedUp-Jena/q03d.3.csv, output/rdfs/FedUp-Jena/q03e.1.csv, output/rdfs/FedUp-Jena/q03e.2.csv, output/rdfs/FedUp-Jena/q03e.3.csv, output/rdfs/FedUp-Jena/q03f.1.csv, output/rdfs/FedUp-Jena/q03f.2.csv, output/rdfs/FedUp-Jena/q03f.3.csv, output/rdfs/FedUp-Jena/q03g.1.csv, output/rdfs/FedUp-Jena/q03g.2.csv, output/rdfs/FedUp-Jena/q03g.3.csv, output/rdfs/FedUp-Jena/q03h.1.csv, output/rdfs/FedUp-Jena/q03h.2.csv, output/rdfs/FedUp-Jena/q03h.3.csv, output/rdfs/FedUp-Jena/q03i.1.csv, output/rdfs/FedUp-Jena/q03i.2.csv, output/rdfs/FedUp-Jena/q03i.3.csv, output/rdfs/FedUp-Jena/q03j.1.csv, output/rdfs/FedUp-Jena/q03j.2.csv, output/rdfs/FedUp-Jena/q03j.3.csv, output/rdfs/FedUp-Jena/q04a.1.csv, output/rdfs/FedUp-Jena/q04a.2.csv, output/rdfs/FedUp-Jena/q04a.3.csv, output/rdfs/FedUp-Jena/q04b.1.csv, output/rdfs/FedUp-Jena/q04b.2.csv, output/rdfs/FedUp-Jena/q04b.3.csv, output/rdfs/FedUp-Jena/q04c.1.csv, output/rdfs/FedUp-Jena/q04c.2.csv, output/rdfs/FedUp-Jena/q04c.3.csv, output/rdfs/FedUp-Jena/q04d.1.csv, output/rdfs/FedUp-Jena/q04d.2.csv, output/rdfs/FedUp-Jena/q04d.3.csv, output/rdfs/FedUp-Jena/q04e.1.csv, output/rdfs/FedUp-Jena/q04e.2.csv, output/rdfs/FedUp-Jena/q04e.3.csv, output/rdfs/FedUp-Jena/q04f.1.csv, output/rdfs/FedUp-Jena/q04f.2.csv, output/rdfs/FedUp-Jena/q04f.3.csv, output/rdfs/FedUp-Jena/q04g.1.csv, output/rdfs/FedUp-Jena/q04g.2.csv, output/rdfs/FedUp-Jena/q04g.3.csv, output/rdfs/FedUp-Jena/q04h.1.csv, output/rdfs/FedUp-Jena/q04h.2.csv, output/rdfs/FedUp-Jena/q04h.3.csv, output/rdfs/FedUp-Jena/q04i.1.csv, output/rdfs/FedUp-Jena/q04i.2.csv, output/rdfs/FedUp-Jena/q04i.3.csv, output/rdfs/FedUp-Jena/q04j.1.csv, output/rdfs/FedUp-Jena/q04j.2.csv, output/rdfs/FedUp-Jena/q04j.3.csv, output/rdfs/FedUp-Jena/q05a.1.csv, output/rdfs/FedUp-Jena/q05a.2.csv, output/rdfs/FedUp-Jena/q05a.3.csv, output/rdfs/FedUp-Jena/q05b.1.csv, output/rdfs/FedUp-Jena/q05b.2.csv, output/rdfs/FedUp-Jena/q05b.3.csv, output/rdfs/FedUp-Jena/q05c.1.csv, output/rdfs/FedUp-Jena/q05c.2.csv, output/rdfs/FedUp-Jena/q05c.3.csv, output/rdfs/FedUp-Jena/q05d.1.csv, output/rdfs/FedUp-Jena/q05d.2.csv, output/rdfs/FedUp-Jena/q05d.3.csv, output/rdfs/FedUp-Jena/q05e.1.csv, output/rdfs/FedUp-Jena/q05e.2.csv, output/rdfs/FedUp-Jena/q05e.3.csv, output/rdfs/FedUp-Jena/q05f.1.csv, output/rdfs/FedUp-Jena/q05f.2.csv, output/rdfs/FedUp-Jena/q05f.3.csv, output/rdfs/FedUp-Jena/q05g.1.csv, output/rdfs/FedUp-Jena/q05g.2.csv, output/rdfs/FedUp-Jena/q05g.3.csv, output/rdfs/FedUp-Jena/q05h.1.csv, output/rdfs/FedUp-Jena/q05h.2.csv, output/rdfs/FedUp-Jena/q05h.3.csv, output/rdfs/FedUp-Jena/q05i.1.csv, output/rdfs/FedUp-Jena/q05i.2.csv, output/rdfs/FedUp-Jena/q05i.3.csv, output/rdfs/FedUp-Jena/q05j.1.csv, output/rdfs/FedUp-Jena/q05j.2.csv, output/rdfs/FedUp-Jena/q05j.3.csv, output/rdfs/FedUp-Jena/q06a.1.csv, output/rdfs/FedUp-Jena/q06a.2.csv, output/rdfs/FedUp-Jena/q06a.3.csv, output/rdfs/FedUp-Jena/q06b.1.csv, output/rdfs/FedUp-Jena/q06b.2.csv, output/rdfs/FedUp-Jena/q06b.3.csv, output/rdfs/FedUp-Jena/q06c.1.csv, output/rdfs/FedUp-Jena/q06c.2.csv, output/rdfs/FedUp-Jena/q06c.3.csv, output/rdfs/FedUp-Jena/q06d.1.csv, output/rdfs/FedUp-Jena/q06d.2.csv, output/rdfs/FedUp-Jena/q06d.3.csv, output/rdfs/FedUp-Jena/q06e.1.csv, output/rdfs/FedUp-Jena/q06e.2.csv, output/rdfs/FedUp-Jena/q06e.3.csv, output/rdfs/FedUp-Jena/q06f.1.csv, output/rdfs/FedUp-Jena/q06f.2.csv, output/rdfs/FedUp-Jena/q06f.3.csv, output/rdfs/FedUp-Jena/q06g.1.csv, output/rdfs/FedUp-Jena/q06g.2.csv, output/rdfs/FedUp-Jena/q06g.3.csv, output/rdfs/FedUp-Jena/q06h.1.csv, output/rdfs/FedUp-Jena/q06h.2.csv, output/rdfs/FedUp-Jena/q06h.3.csv, output/rdfs/FedUp-Jena/q06i.1.csv, output/rdfs/FedUp-Jena/q06i.2.csv, output/rdfs/FedUp-Jena/q06i.3.csv, output/rdfs/FedUp-Jena/q06j.1.csv, output/rdfs/FedUp-Jena/q06j.2.csv, output/rdfs/FedUp-Jena/q06j.3.csv, output/rdfs/FedUp-Jena/q07a.1.csv, output/rdfs/FedUp-Jena/q07a.2.csv, output/rdfs/FedUp-Jena/q07a.3.csv, output/rdfs/FedUp-Jena/q07b.1.csv, output/rdfs/FedUp-Jena/q07b.2.csv, output/rdfs/FedUp-Jena/q07b.3.csv, output/rdfs/FedUp-Jena/q07c.1.csv, output/rdfs/FedUp-Jena/q07c.2.csv, output/rdfs/FedUp-Jena/q07c.3.csv, output/rdfs/FedUp-Jena/q07d.1.csv, output/rdfs/FedUp-Jena/q07d.2.csv, output/rdfs/FedUp-Jena/q07d.3.csv, output/rdfs/FedUp-Jena/q07e.1.csv, output/rdfs/FedUp-Jena/q07e.2.csv, output/rdfs/FedUp-Jena/q07e.3.csv, output/rdfs/FedUp-Jena/q07f.1.csv, output/rdfs/FedUp-Jena/q07f.2.csv, output/rdfs/FedUp-Jena/q07f.3.csv, output/rdfs/FedUp-Jena/q07g.1.csv, output/rdfs/FedUp-Jena/q07g.2.csv, output/rdfs/FedUp-Jena/q07g.3.csv, output/rdfs/FedUp-Jena/q07h.1.csv, output/rdfs/FedUp-Jena/q07h.2.csv, output/rdfs/FedUp-Jena/q07h.3.csv, output/rdfs/FedUp-Jena/q07i.1.csv, output/rdfs/FedUp-Jena/q07i.2.csv, output/rdfs/FedUp-Jena/q07i.3.csv, output/rdfs/FedUp-Jena/q07j.1.csv, output/rdfs/FedUp-Jena/q07j.2.csv, output/rdfs/FedUp-Jena/q07j.3.csv, output/rdfs/FedUp-Jena/q08a.1.csv, output/rdfs/FedUp-Jena/q08a.2.csv, output/rdfs/FedUp-Jena/q08a.3.csv, output/rdfs/FedUp-Jena/q08b.1.csv, output/rdfs/FedUp-Jena/q08b.2.csv, output/rdfs/FedUp-Jena/q08b.3.csv, output/rdfs/FedUp-Jena/q08c.1.csv, output/rdfs/FedUp-Jena/q08c.2.csv, output/rdfs/FedUp-Jena/q08c.3.csv, output/rdfs/FedUp-Jena/q08d.1.csv, output/rdfs/FedUp-Jena/q08d.2.csv, output/rdfs/FedUp-Jena/q08d.3.csv, output/rdfs/FedUp-Jena/q08e.1.csv, output/rdfs/FedUp-Jena/q08e.2.csv, output/rdfs/FedUp-Jena/q08e.3.csv, output/rdfs/FedUp-Jena/q08f.1.csv, output/rdfs/FedUp-Jena/q08f.2.csv, output/rdfs/FedUp-Jena/q08f.3.csv, output/rdfs/FedUp-Jena/q08g.1.csv, output/rdfs/FedUp-Jena/q08g.2.csv, output/rdfs/FedUp-Jena/q08g.3.csv, output/rdfs/FedUp-Jena/q08h.1.csv, output/rdfs/FedUp-Jena/q08h.2.csv, output/rdfs/FedUp-Jena/q08h.3.csv, output/rdfs/FedUp-Jena/q08i.1.csv, output/rdfs/FedUp-Jena/q08i.2.csv, output/rdfs/FedUp-Jena/q08i.3.csv, output/rdfs/FedUp-Jena/q08j.1.csv, output/rdfs/FedUp-Jena/q08j.2.csv, output/rdfs/FedUp-Jena/q08j.3.csv, output/rdfs/FedUp-Jena/q09a.1.csv, output/rdfs/FedUp-Jena/q09a.2.csv, output/rdfs/FedUp-Jena/q09a.3.csv, output/rdfs/FedUp-Jena/q09b.1.csv, output/rdfs/FedUp-Jena/q09b.2.csv, output/rdfs/FedUp-Jena/q09b.3.csv, output/rdfs/FedUp-Jena/q09c.1.csv, output/rdfs/FedUp-Jena/q09c.2.csv, output/rdfs/FedUp-Jena/q09c.3.csv, output/rdfs/FedUp-Jena/q09d.1.csv, output/rdfs/FedUp-Jena/q09d.2.csv, output/rdfs/FedUp-Jena/q09d.3.csv, output/rdfs/FedUp-Jena/q09e.1.csv, output/rdfs/FedUp-Jena/q09e.2.csv, output/rdfs/FedUp-Jena/q09e.3.csv, output/rdfs/FedUp-Jena/q09f.1.csv, output/rdfs/FedUp-Jena/q09f.2.csv, output/rdfs/FedUp-Jena/q09f.3.csv, output/rdfs/FedUp-Jena/q09g.1.csv, output/rdfs/FedUp-Jena/q09g.2.csv, output/rdfs/FedUp-Jena/q09g.3.csv, output/rdfs/FedUp-Jena/q09h.1.csv, output/rdfs/FedUp-Jena/q09h.2.csv, output/rdfs/FedUp-Jena/q09h.3.csv, output/rdfs/FedUp-Jena/q09i.1.csv, output/rdfs/FedUp-Jena/q09i.2.csv, output/rdfs/FedUp-Jena/q09i.3.csv, output/rdfs/FedUp-Jena/q09j.1.csv, output/rdfs/FedUp-Jena/q09j.2.csv, output/rdfs/FedUp-Jena/q09j.3.csv, output/rdfs/FedUp-Jena/q10a.1.csv, output/rdfs/FedUp-Jena/q10a.2.csv, output/rdfs/FedUp-Jena/q10a.3.csv, output/rdfs/FedUp-Jena/q10b.1.csv, output/rdfs/FedUp-Jena/q10b.2.csv, output/rdfs/FedUp-Jena/q10b.3.csv, output/rdfs/FedUp-Jena/q10c.1.csv, output/rdfs/FedUp-Jena/q10c.2.csv, output/rdfs/FedUp-Jena/q10c.3.csv, output/rdfs/FedUp-Jena/q10d.1.csv, output/rdfs/FedUp-Jena/q10d.2.csv, output/rdfs/FedUp-Jena/q10d.3.csv, output/rdfs/FedUp-Jena/q10e.1.csv, output/rdfs/FedUp-Jena/q10e.2.csv, output/rdfs/FedUp-Jena/q10e.3.csv, output/rdfs/FedUp-Jena/q10f.1.csv, output/rdfs/FedUp-Jena/q10f.2.csv, output/rdfs/FedUp-Jena/q10f.3.csv, output/rdfs/FedUp-Jena/q10g.1.csv, output/rdfs/FedUp-Jena/q10g.2.csv, output/rdfs/FedUp-Jena/q10g.3.csv, output/rdfs/FedUp-Jena/q10h.1.csv, output/rdfs/FedUp-Jena/q10h.2.csv, output/rdfs/FedUp-Jena/q10h.3.csv, output/rdfs/FedUp-Jena/q10i.1.csv, output/rdfs/FedUp-Jena/q10i.2.csv, output/rdfs/FedUp-Jena/q10i.3.csv, output/rdfs/FedUp-Jena/q10j.1.csv, output/rdfs/FedUp-Jena/q10j.2.csv, output/rdfs/FedUp-Jena/q10j.3.csv, output/rdfs/FedUp-Jena/q11a.1.csv, output/rdfs/FedUp-Jena/q11a.2.csv, output/rdfs/FedUp-Jena/q11a.3.csv, output/rdfs/FedUp-Jena/q11b.1.csv, output/rdfs/FedUp-Jena/q11b.2.csv, output/rdfs/FedUp-Jena/q11b.3.csv, output/rdfs/FedUp-Jena/q11c.1.csv, output/rdfs/FedUp-Jena/q11c.2.csv, output/rdfs/FedUp-Jena/q11c.3.csv, output/rdfs/FedUp-Jena/q11d.1.csv, output/rdfs/FedUp-Jena/q11d.2.csv, output/rdfs/FedUp-Jena/q11d.3.csv, output/rdfs/FedUp-Jena/q11e.1.csv, output/rdfs/FedUp-Jena/q11e.2.csv, output/rdfs/FedUp-Jena/q11e.3.csv, output/rdfs/FedUp-Jena/q11f.1.csv, output/rdfs/FedUp-Jena/q11f.2.csv, output/rdfs/FedUp-Jena/q11f.3.csv, output/rdfs/FedUp-Jena/q11g.1.csv, output/rdfs/FedUp-Jena/q11g.2.csv, output/rdfs/FedUp-Jena/q11g.3.csv, output/rdfs/FedUp-Jena/q11h.1.csv, output/rdfs/FedUp-Jena/q11h.2.csv, output/rdfs/FedUp-Jena/q11h.3.csv, output/rdfs/FedUp-Jena/q11i.1.csv, output/rdfs/FedUp-Jena/q11i.2.csv, output/rdfs/FedUp-Jena/q11i.3.csv, output/rdfs/FedUp-Jena/q11j.1.csv, output/rdfs/FedUp-Jena/q11j.2.csv, output/rdfs/FedUp-Jena/q11j.3.csv, output/rdfs/FedUp-Jena/q12a.1.csv, output/rdfs/FedUp-Jena/q12a.2.csv, output/rdfs/FedUp-Jena/q12a.3.csv, output/rdfs/FedUp-Jena/q12b.1.csv, output/rdfs/FedUp-Jena/q12b.2.csv, output/rdfs/FedUp-Jena/q12b.3.csv, output/rdfs/FedUp-Jena/q12c.1.csv, output/rdfs/FedUp-Jena/q12c.2.csv, output/rdfs/FedUp-Jena/q12c.3.csv, output/rdfs/FedUp-Jena/q12d.1.csv, output/rdfs/FedUp-Jena/q12d.2.csv, output/rdfs/FedUp-Jena/q12d.3.csv, output/rdfs/FedUp-Jena/q12e.1.csv, output/rdfs/FedUp-Jena/q12e.2.csv, output/rdfs/FedUp-Jena/q12e.3.csv, output/rdfs/FedUp-Jena/q12f.1.csv, output/rdfs/FedUp-Jena/q12f.2.csv, output/rdfs/FedUp-Jena/q12f.3.csv, output/rdfs/FedUp-Jena/q12g.1.csv, output/rdfs/FedUp-Jena/q12g.2.csv, output/rdfs/FedUp-Jena/q12g.3.csv, output/rdfs/FedUp-Jena/q12h.1.csv, output/rdfs/FedUp-Jena/q12h.2.csv, output/rdfs/FedUp-Jena/q12h.3.csv, output/rdfs/FedUp-Jena/q12i.1.csv, output/rdfs/FedUp-Jena/q12i.2.csv, output/rdfs/FedUp-Jena/q12i.3.csv, output/rdfs/FedUp-Jena/q12j.1.csv, output/rdfs/FedUp-Jena/q12j.2.csv, output/rdfs/FedUp-Jena/q12j.3.csv
    output: output/data.csv
    jobid: 0
    reason: Missing output files: output/data.csv; Input files updated by another job: output/rdfs/FedUp-HefQuin/q07g.3.csv, output/rdfs/FedUp-HefQuin/q07f.1.csv, output/rdfs/FedUp-HefQuin/q07g.1.csv, output/rdfs/FedUp-HefQuin/q07b.1.csv, output/rdfs/FedUp-HefQuin/q07c.1.csv, output/rdfs/FedUp-HefQuin/q07j.1.csv, output/rdfs/FedUp-HefQuin/q07i.1.csv, output/rdfs/FedUp-HefQuin/q07e.3.csv, output/rdfs/FedUp-HefQuin/q07i.2.csv, output/rdfs/FedUp-HefQuin/q07h.3.csv, output/rdfs/FedUp-HefQuin/q07j.3.csv, output/rdfs/FedUp-HefQuin/q07b.3.csv, output/rdfs/FedUp-HefQuin/q07c.3.csv, output/rdfs/FedUp-HefQuin/q07h.1.csv, output/rdfs/FedUp-HefQuin/q07h.2.csv, output/rdfs/FedUp-HefQuin/q07j.2.csv, output/rdfs/FedUp-HefQuin/q07e.1.csv, output/rdfs/FedUp-HefQuin/q07b.2.csv, output/rdfs/FedUp-HefQuin/q07i.3.csv, output/rdfs/FedUp-HefQuin/q07e.2.csv, output/rdfs/FedUp-HefQuin/q07c.2.csv, output/rdfs/FedUp-HefQuin/q07f.2.csv, output/rdfs/FedUp-HefQuin/q07f.3.csv, output/rdfs/FedUp-HefQuin/q07d.1.csv, output/rdfs/FedUp-HefQuin/q07d.2.csv, output/rdfs/FedUp-HefQuin/q07d.3.csv, output/rdfs/FedX/q07a.2.csv, output/rdfs/FedUp-HefQuin/q07g.2.csv
    resources: tmpdir=/tmp

[Tue Apr  8 13:46:57 2025]
Finished job 0.
29 of 29 steps (100%) done
Complete log: .snakemake/log/2025-04-08T134128.499072.snakemake.log
