host: codespaces-dfd9c6
Building DAG of jobs...
Using shell: /usr/bin/bash
Provided cores: 1 (use --cores to define parallelism)
Rules claiming more threads will be scaled down.
Job stats:
job                     count
--------------------  -------
all                         1
run_Fedup_FedX_query      270
run_Fedup_Jena_query      269
run_hefquin_query         153
run_sparql_query          153
total                     846

Select jobs to execute...
Execute 1 jobs...

[Mon Mar  3 18:01:24 2025]
localrule run_Fedup_FedX_query:
    input: /workspaces/P-TER/virtuoso-opensource-7.2.7, /workspaces/P-TER/virtuoso-opensource-7.2.7/var/lib/virtuoso/db/fedup.ini, fedup-queries/q05a.sparql
    output: output/rdfs/FedUp-FedX/q05a.3.csv, output/rdfs/FedUp-FedX/q05a.3.json
    jobid: 1203
    reason: Missing output files: output/rdfs/FedUp-FedX/q05a.3.csv
    wildcards: workload=rdfs, query=q05a, run=3
    priority: 50
    resources: tmpdir=/tmp

Terminating processes on user request, this might take some time.
[Mon Mar  3 18:01:33 2025]
Error in rule run_Fedup_FedX_query:
    jobid: 1203
    input: /workspaces/P-TER/virtuoso-opensource-7.2.7, /workspaces/P-TER/virtuoso-opensource-7.2.7/var/lib/virtuoso/db/fedup.ini, fedup-queries/q05a.sparql
    output: output/rdfs/FedUp-FedX/q05a.3.csv, output/rdfs/FedUp-FedX/q05a.3.json

Complete log: .snakemake/log/2025-03-03T180122.506515.snakemake.log
WorkflowError:
At least one job did not complete successfully.
