host: codespaces-dfd9c6
Building DAG of jobs...
Using shell: /usr/bin/bash
Provided cores: 1 (use --cores to define parallelism)
Rules claiming more threads will be scaled down.
Job stats:
job                     count
--------------------  -------
all                         1
run_Fedup_Jena_query        6
total                       7

Select jobs to execute...
Execute 1 jobs...

[Mon Mar  3 13:42:39 2025]
localrule run_Fedup_Jena_query:
    input: /workspaces/P-TER/virtuoso-opensource-7.2.7, /workspaces/P-TER/virtuoso-opensource-7.2.7/var/lib/virtuoso/db/fedup.ini, fedup-queries/q01b.sparql
    output: output/rdfs/FedUp-Jena/q01b.1.csv, output/rdfs/FedUp-Jena/q01b.1.json
    jobid: 10
    reason: Missing output files: output/rdfs/FedUp-Jena/q01b.1.csv
    wildcards: workload=rdfs, query=q01b, run=1
    priority: 50
    resources: tmpdir=/tmp

[Mon Mar  3 13:42:51 2025]
Finished job 10.
1 of 7 steps (14%) done
Select jobs to execute...
Execute 1 jobs...

[Mon Mar  3 13:42:51 2025]
localrule run_Fedup_Jena_query:
    input: /workspaces/P-TER/virtuoso-opensource-7.2.7, /workspaces/P-TER/virtuoso-opensource-7.2.7/var/lib/virtuoso/db/fedup.ini, fedup-queries/q01b.sparql
    output: output/rdfs/FedUp-Jena/q01b.2.csv, output/rdfs/FedUp-Jena/q01b.2.json
    jobid: 11
    reason: Missing output files: output/rdfs/FedUp-Jena/q01b.2.csv
    wildcards: workload=rdfs, query=q01b, run=2
    priority: 50
    resources: tmpdir=/tmp

[Mon Mar  3 13:43:03 2025]
Finished job 11.
2 of 7 steps (29%) done
Select jobs to execute...
Execute 1 jobs...

[Mon Mar  3 13:43:03 2025]
localrule run_Fedup_Jena_query:
    input: /workspaces/P-TER/virtuoso-opensource-7.2.7, /workspaces/P-TER/virtuoso-opensource-7.2.7/var/lib/virtuoso/db/fedup.ini, fedup-queries/q01b.sparql
    output: output/rdfs/FedUp-Jena/q01b.3.csv, output/rdfs/FedUp-Jena/q01b.3.json
    jobid: 12
    reason: Missing output files: output/rdfs/FedUp-Jena/q01b.3.csv
    wildcards: workload=rdfs, query=q01b, run=3
    priority: 50
    resources: tmpdir=/tmp

[Mon Mar  3 13:43:16 2025]
Finished job 12.
3 of 7 steps (43%) done
Select jobs to execute...
Execute 1 jobs...

[Mon Mar  3 13:43:16 2025]
localrule run_Fedup_Jena_query:
    input: /workspaces/P-TER/virtuoso-opensource-7.2.7, /workspaces/P-TER/virtuoso-opensource-7.2.7/var/lib/virtuoso/db/fedup.ini, fedup-queries/q01a.sparql
    output: output/rdfs/FedUp-Jena/q01a.1.csv, output/rdfs/FedUp-Jena/q01a.1.json
    jobid: 7
    reason: Missing output files: output/rdfs/FedUp-Jena/q01a.1.csv
    wildcards: workload=rdfs, query=q01a, run=1
    priority: 50
    resources: tmpdir=/tmp

[Mon Mar  3 13:43:23 2025]
Finished job 7.
4 of 7 steps (57%) done
Select jobs to execute...
Execute 1 jobs...

[Mon Mar  3 13:43:23 2025]
localrule run_Fedup_Jena_query:
    input: /workspaces/P-TER/virtuoso-opensource-7.2.7, /workspaces/P-TER/virtuoso-opensource-7.2.7/var/lib/virtuoso/db/fedup.ini, fedup-queries/q01a.sparql
    output: output/rdfs/FedUp-Jena/q01a.2.csv, output/rdfs/FedUp-Jena/q01a.2.json
    jobid: 8
    reason: Missing output files: output/rdfs/FedUp-Jena/q01a.2.csv
    wildcards: workload=rdfs, query=q01a, run=2
    priority: 50
    resources: tmpdir=/tmp

[Mon Mar  3 13:43:30 2025]
Finished job 8.
5 of 7 steps (71%) done
Select jobs to execute...
Execute 1 jobs...

[Mon Mar  3 13:43:30 2025]
localrule run_Fedup_Jena_query:
    input: /workspaces/P-TER/virtuoso-opensource-7.2.7, /workspaces/P-TER/virtuoso-opensource-7.2.7/var/lib/virtuoso/db/fedup.ini, fedup-queries/q01a.sparql
    output: output/rdfs/FedUp-Jena/q01a.3.csv, output/rdfs/FedUp-Jena/q01a.3.json
    jobid: 9
    reason: Missing output files: output/rdfs/FedUp-Jena/q01a.3.csv
    wildcards: workload=rdfs, query=q01a, run=3
    priority: 50
    resources: tmpdir=/tmp

[Mon Mar  3 13:43:36 2025]
Finished job 9.
6 of 7 steps (86%) done
Select jobs to execute...
Execute 1 jobs...

[Mon Mar  3 13:43:36 2025]
localrule all:
    input: /workspaces/P-TER/apache-jena-fuseki-4.9.0, /workspaces/P-TER/apache-jena-4.9.0, config/largerdfbench/graphs.txt, config/rdfs/endpoints.txt, output/rdfs/FedUp-FedX/q01a.1.csv, output/rdfs/FedUp-FedX/q01a.2.csv, output/rdfs/FedUp-FedX/q01a.3.csv, output/rdfs/FedUp-FedX/q01b.1.csv, output/rdfs/FedUp-FedX/q01b.2.csv, output/rdfs/FedUp-FedX/q01b.3.csv, output/rdfs/FedUp-Jena/q01a.1.csv, output/rdfs/FedUp-Jena/q01a.2.csv, output/rdfs/FedUp-Jena/q01a.3.csv, output/rdfs/FedUp-Jena/q01b.1.csv, output/rdfs/FedUp-Jena/q01b.2.csv, output/rdfs/FedUp-Jena/q01b.3.csv
    output: output/data.csv
    jobid: 0
    reason: Input files updated by another job: output/rdfs/FedUp-Jena/q01a.2.csv, output/rdfs/FedUp-Jena/q01a.1.csv, output/rdfs/FedUp-Jena/q01a.3.csv, output/rdfs/FedUp-Jena/q01b.1.csv, output/rdfs/FedUp-Jena/q01b.3.csv, output/rdfs/FedUp-Jena/q01b.2.csv; Set of input files has changed since last execution
    resources: tmpdir=/tmp

[Mon Mar  3 13:43:37 2025]
Finished job 0.
7 of 7 steps (100%) done
Complete log: .snakemake/log/2025-03-03T134239.010556.snakemake.log
