host: codespaces-dfd9c6
Building DAG of jobs...
Using shell: /usr/bin/bash
Provided cores: 1 (use --cores to define parallelism)
Rules claiming more threads will be scaled down.
Job stats:
job      count
-----  -------
all          1
total        1

Select jobs to execute...
Execute 1 jobs...

[Wed Mar  5 22:16:50 2025]
localrule all:
    input: /workspaces/P-TER/apache-jena-fuseki-4.9.0, /workspaces/P-TER/apache-jena-4.9.0, config/largerdfbench/graphs.txt, config/rdfs/endpoints.txt, output/rdfs/Jena/q07a.1.csv, output/rdfs/Jena/q07a.2.csv, output/rdfs/Jena/q07a.3.csv, output/rdfs/Jena/q07b.1.csv, output/rdfs/Jena/q07b.2.csv, output/rdfs/Jena/q07b.3.csv, output/rdfs/Jena/q07c.1.csv, output/rdfs/Jena/q07c.2.csv, output/rdfs/Jena/q07c.3.csv, output/rdfs/Jena/q07d.1.csv, output/rdfs/Jena/q07d.2.csv, output/rdfs/Jena/q07d.3.csv, output/rdfs/Jena/q07e.1.csv, output/rdfs/Jena/q07e.2.csv, output/rdfs/Jena/q07e.3.csv, output/rdfs/Jena/q07f.1.csv, output/rdfs/Jena/q07f.2.csv, output/rdfs/Jena/q07f.3.csv, output/rdfs/Jena/q07g.1.csv, output/rdfs/Jena/q07g.2.csv, output/rdfs/Jena/q07g.3.csv, output/rdfs/Jena/q07h.1.csv, output/rdfs/Jena/q07h.2.csv, output/rdfs/Jena/q07h.3.csv, output/rdfs/Jena/q07i.1.csv, output/rdfs/Jena/q07i.2.csv, output/rdfs/Jena/q07i.3.csv, output/rdfs/Jena/q07j.1.csv, output/rdfs/Jena/q07j.2.csv, output/rdfs/Jena/q07j.3.csv, output/rdfs/FedX/q07a.1.csv, output/rdfs/FedX/q07a.2.csv, output/rdfs/FedX/q07a.3.csv, output/rdfs/FedX/q07b.1.csv, output/rdfs/FedX/q07b.2.csv, output/rdfs/FedX/q07b.3.csv, output/rdfs/FedX/q07c.1.csv, output/rdfs/FedX/q07c.2.csv, output/rdfs/FedX/q07c.3.csv, output/rdfs/FedX/q07d.1.csv, output/rdfs/FedX/q07d.2.csv, output/rdfs/FedX/q07d.3.csv, output/rdfs/FedX/q07e.1.csv, output/rdfs/FedX/q07e.2.csv, output/rdfs/FedX/q07e.3.csv, output/rdfs/FedX/q07f.1.csv, output/rdfs/FedX/q07f.2.csv, output/rdfs/FedX/q07f.3.csv, output/rdfs/FedX/q07g.1.csv, output/rdfs/FedX/q07g.2.csv, output/rdfs/FedX/q07g.3.csv, output/rdfs/FedX/q07h.1.csv, output/rdfs/FedX/q07h.2.csv, output/rdfs/FedX/q07h.3.csv, output/rdfs/FedX/q07i.1.csv, output/rdfs/FedX/q07i.2.csv, output/rdfs/FedX/q07i.3.csv, output/rdfs/FedX/q07j.1.csv, output/rdfs/FedX/q07j.2.csv, output/rdfs/FedX/q07j.3.csv, output/rdfs/HefQuin/q07a.1.csv, output/rdfs/HefQuin/q07a.2.csv, output/rdfs/HefQuin/q07a.3.csv, output/rdfs/HefQuin/q07b.1.csv, output/rdfs/HefQuin/q07b.2.csv, output/rdfs/HefQuin/q07b.3.csv, output/rdfs/HefQuin/q07c.1.csv, output/rdfs/HefQuin/q07c.2.csv, output/rdfs/HefQuin/q07c.3.csv, output/rdfs/HefQuin/q07d.1.csv, output/rdfs/HefQuin/q07d.2.csv, output/rdfs/HefQuin/q07d.3.csv, output/rdfs/HefQuin/q07e.1.csv, output/rdfs/HefQuin/q07e.2.csv, output/rdfs/HefQuin/q07e.3.csv, output/rdfs/HefQuin/q07f.1.csv, output/rdfs/HefQuin/q07f.2.csv, output/rdfs/HefQuin/q07f.3.csv, output/rdfs/HefQuin/q07g.1.csv, output/rdfs/HefQuin/q07g.2.csv, output/rdfs/HefQuin/q07g.3.csv, output/rdfs/HefQuin/q07h.1.csv, output/rdfs/HefQuin/q07h.2.csv, output/rdfs/HefQuin/q07h.3.csv, output/rdfs/HefQuin/q07i.1.csv, output/rdfs/HefQuin/q07i.2.csv, output/rdfs/HefQuin/q07i.3.csv, output/rdfs/HefQuin/q07j.1.csv, output/rdfs/HefQuin/q07j.2.csv, output/rdfs/HefQuin/q07j.3.csv, output/rdfs/FedUp-FedX/q07a.1.csv, output/rdfs/FedUp-FedX/q07a.2.csv, output/rdfs/FedUp-FedX/q07a.3.csv, output/rdfs/FedUp-FedX/q07b.1.csv, output/rdfs/FedUp-FedX/q07b.2.csv, output/rdfs/FedUp-FedX/q07b.3.csv, output/rdfs/FedUp-FedX/q07c.1.csv, output/rdfs/FedUp-FedX/q07c.2.csv, output/rdfs/FedUp-FedX/q07c.3.csv, output/rdfs/FedUp-FedX/q07d.1.csv, output/rdfs/FedUp-FedX/q07d.2.csv, output/rdfs/FedUp-FedX/q07d.3.csv, output/rdfs/FedUp-FedX/q07e.1.csv, output/rdfs/FedUp-FedX/q07e.2.csv, output/rdfs/FedUp-FedX/q07e.3.csv, output/rdfs/FedUp-FedX/q07f.1.csv, output/rdfs/FedUp-FedX/q07f.2.csv, output/rdfs/FedUp-FedX/q07f.3.csv, output/rdfs/FedUp-FedX/q07g.1.csv, output/rdfs/FedUp-FedX/q07g.2.csv, output/rdfs/FedUp-FedX/q07g.3.csv, output/rdfs/FedUp-FedX/q07h.1.csv, output/rdfs/FedUp-FedX/q07h.2.csv, output/rdfs/FedUp-FedX/q07h.3.csv, output/rdfs/FedUp-FedX/q07i.1.csv, output/rdfs/FedUp-FedX/q07i.2.csv, output/rdfs/FedUp-FedX/q07i.3.csv, output/rdfs/FedUp-FedX/q07j.1.csv, output/rdfs/FedUp-FedX/q07j.2.csv, output/rdfs/FedUp-FedX/q07j.3.csv, output/rdfs/FedUp-HefQuin/q07a.1.csv, output/rdfs/FedUp-HefQuin/q07a.2.csv, output/rdfs/FedUp-HefQuin/q07a.3.csv, output/rdfs/FedUp-HefQuin/q07b.1.csv, output/rdfs/FedUp-HefQuin/q07b.2.csv, output/rdfs/FedUp-HefQuin/q07b.3.csv, output/rdfs/FedUp-HefQuin/q07c.1.csv, output/rdfs/FedUp-HefQuin/q07c.2.csv, output/rdfs/FedUp-HefQuin/q07c.3.csv, output/rdfs/FedUp-HefQuin/q07d.1.csv, output/rdfs/FedUp-HefQuin/q07d.2.csv, output/rdfs/FedUp-HefQuin/q07d.3.csv, output/rdfs/FedUp-HefQuin/q07e.1.csv, output/rdfs/FedUp-HefQuin/q07e.2.csv, output/rdfs/FedUp-HefQuin/q07e.3.csv, output/rdfs/FedUp-HefQuin/q07f.1.csv, output/rdfs/FedUp-HefQuin/q07f.2.csv, output/rdfs/FedUp-HefQuin/q07f.3.csv, output/rdfs/FedUp-HefQuin/q07g.1.csv, output/rdfs/FedUp-HefQuin/q07g.2.csv, output/rdfs/FedUp-HefQuin/q07g.3.csv, output/rdfs/FedUp-HefQuin/q07h.1.csv, output/rdfs/FedUp-HefQuin/q07h.2.csv, output/rdfs/FedUp-HefQuin/q07h.3.csv, output/rdfs/FedUp-HefQuin/q07i.1.csv, output/rdfs/FedUp-HefQuin/q07i.2.csv, output/rdfs/FedUp-HefQuin/q07i.3.csv, output/rdfs/FedUp-HefQuin/q07j.1.csv, output/rdfs/FedUp-HefQuin/q07j.2.csv, output/rdfs/FedUp-HefQuin/q07j.3.csv
    output: output/data.csv
    jobid: 0
    reason: Missing output files: output/data.csv
    resources: tmpdir=/tmp

[Wed Mar  5 22:16:51 2025]
Finished job 0.
1 of 1 steps (100%) done
Complete log: .snakemake/log/2025-03-05T221650.108145.snakemake.log
