host: codespaces-dfd9c6
Building DAG of jobs...
Using shell: /usr/bin/bash
Provided cores: 2
Rules claiming more threads will be scaled down.
Job stats:
job                 count
----------------  -------
all                     1
run_fedX_query          3
run_sparql_query        3
total                   7

Select jobs to execute...
Execute 2 jobs...

[Wed Feb 12 12:35:38 2025]
localrule run_fedX_query:
    input: /workspaces/P-TER/virtuoso-opensource-7.2.7, /workspaces/P-TER/virtuoso-opensource-7.2.7/var/lib/virtuoso/db/fedup.ini, /workspaces/P-TER/apache-jena-fuseki-4.9.0, queries/q01a-copy.sparql, config/rdfs/endpoints.txt
    output: output/rdfs/FedX/q01a-copy.2.csv, output/rdfs/FedX/q01a-copy.2.json
    jobid: 5
    reason: Missing output files: output/rdfs/FedX/q01a-copy.2.csv
    wildcards: workload=rdfs, query=q01a-copy, run=2
    priority: 50
    resources: tmpdir=/tmp


[Wed Feb 12 12:35:38 2025]
localrule run_sparql_query:
    input: /workspaces/P-TER/virtuoso-opensource-7.2.7, /workspaces/P-TER/virtuoso-opensource-7.2.7/var/lib/virtuoso/db/fedup.ini, /workspaces/P-TER/apache-jena-fuseki-4.9.0, queries/q01a-copy.sparql, config/rdfs/endpoints.txt
    output: output/rdfs/Fuseki/q01a-copy.3.csv, output/rdfs/Fuseki/q01a-copy.3.json
    jobid: 3
    reason: Missing output files: output/rdfs/Fuseki/q01a-copy.3.csv
    wildcards: workload=rdfs, query=q01a-copy, run=3
    priority: 50
    resources: tmpdir=/tmp

[Wed Feb 12 12:36:13 2025]
Finished job 3.
1 of 7 steps (14%) done
Select jobs to execute...
Execute 1 jobs...

[Wed Feb 12 12:36:13 2025]
localrule run_sparql_query:
    input: /workspaces/P-TER/virtuoso-opensource-7.2.7, /workspaces/P-TER/virtuoso-opensource-7.2.7/var/lib/virtuoso/db/fedup.ini, /workspaces/P-TER/apache-jena-fuseki-4.9.0, queries/q01a-copy.sparql, config/rdfs/endpoints.txt
    output: output/rdfs/Fuseki/q01a-copy.2.csv, output/rdfs/Fuseki/q01a-copy.2.json
    jobid: 2
    reason: Missing output files: output/rdfs/Fuseki/q01a-copy.2.csv
    wildcards: workload=rdfs, query=q01a-copy, run=2
    priority: 50
    resources: tmpdir=/tmp

[Wed Feb 12 12:36:37 2025]
Finished job 2.
2 of 7 steps (29%) done
Select jobs to execute...
Execute 1 jobs...

[Wed Feb 12 12:36:37 2025]
localrule run_sparql_query:
    input: /workspaces/P-TER/virtuoso-opensource-7.2.7, /workspaces/P-TER/virtuoso-opensource-7.2.7/var/lib/virtuoso/db/fedup.ini, /workspaces/P-TER/apache-jena-fuseki-4.9.0, queries/q01a-copy.sparql, config/rdfs/endpoints.txt
    output: output/rdfs/Fuseki/q01a-copy.1.csv, output/rdfs/Fuseki/q01a-copy.1.json
    jobid: 1
    reason: Missing output files: output/rdfs/Fuseki/q01a-copy.1.csv
    wildcards: workload=rdfs, query=q01a-copy, run=1
    priority: 50
    resources: tmpdir=/tmp

[Wed Feb 12 12:36:41 2025]
Finished job 1.
3 of 7 steps (43%) done
Select jobs to execute...
Execute 1 jobs...

[Wed Feb 12 12:36:41 2025]
localrule run_fedX_query:
    input: /workspaces/P-TER/virtuoso-opensource-7.2.7, /workspaces/P-TER/virtuoso-opensource-7.2.7/var/lib/virtuoso/db/fedup.ini, /workspaces/P-TER/apache-jena-fuseki-4.9.0, queries/q01a-copy.sparql, config/rdfs/endpoints.txt
    output: output/rdfs/FedX/q01a-copy.3.csv, output/rdfs/FedX/q01a-copy.3.json
    jobid: 6
    reason: Missing output files: output/rdfs/FedX/q01a-copy.3.csv
    wildcards: workload=rdfs, query=q01a-copy, run=3
    priority: 50
    resources: tmpdir=/tmp

[Wed Feb 12 12:36:51 2025]
Finished job 6.
4 of 7 steps (57%) done
Select jobs to execute...
Execute 1 jobs...

[Wed Feb 12 12:36:51 2025]
localrule run_fedX_query:
    input: /workspaces/P-TER/virtuoso-opensource-7.2.7, /workspaces/P-TER/virtuoso-opensource-7.2.7/var/lib/virtuoso/db/fedup.ini, /workspaces/P-TER/apache-jena-fuseki-4.9.0, queries/q01a-copy.sparql, config/rdfs/endpoints.txt
    output: output/rdfs/FedX/q01a-copy.1.csv, output/rdfs/FedX/q01a-copy.1.json
    jobid: 4
    reason: Missing output files: output/rdfs/FedX/q01a-copy.1.csv
    wildcards: workload=rdfs, query=q01a-copy, run=1
    priority: 50
    resources: tmpdir=/tmp

[Wed Feb 12 12:36:56 2025]
Finished job 4.
5 of 7 steps (71%) done
[Wed Feb 12 12:37:12 2025]
Error in rule run_fedX_query:
    jobid: 5
    input: /workspaces/P-TER/virtuoso-opensource-7.2.7, /workspaces/P-TER/virtuoso-opensource-7.2.7/var/lib/virtuoso/db/fedup.ini, /workspaces/P-TER/apache-jena-fuseki-4.9.0, queries/q01a-copy.sparql, config/rdfs/endpoints.txt
    output: output/rdfs/FedX/q01a-copy.2.csv, output/rdfs/FedX/q01a-copy.2.json

Shutting down, this might take some time.
Exiting because a job execution failed. Look above for error message
Complete log: .snakemake/log/2025-02-12T123538.904630.snakemake.log
WorkflowError:
At least one job did not complete successfully.
