host: codespaces-dfd9c6
Building DAG of jobs...
Using shell: /usr/bin/bash
Provided cores: 1 (use --cores to define parallelism)
Rules claiming more threads will be scaled down.
Job stats:
job                        count
-----------------------  -------
all                            1
run_Fedup_FedX_query          57
run_Fedup_HefQuin_query       57
run_fedX_query                57
run_hefquin_query             57
run_sparql_query              57
total                        286

Select jobs to execute...
Execute 1 jobs...

[Thu Mar  6 13:22:37 2025]
localrule run_fedX_query:
    input: /workspaces/P-TER/virtuoso-opensource-7.2.7, /workspaces/P-TER/virtuoso-opensource-7.2.7/var/lib/virtuoso/db/fedup.ini, /workspaces/P-TER/apache-jena-fuseki-4.9.0, queries/q07j.sparql, config/rdfs/endpoints.txt
    output: output/rdfs/FedX/q07j.1.csv, output/rdfs/FedX/q07j.1.json
    jobid: 112
    reason: Missing output files: output/rdfs/FedX/q07j.1.csv
    wildcards: workload=rdfs, query=q07j, run=1
    priority: 50
    resources: tmpdir=/tmp

[Thu Mar  6 13:23:03 2025]
Finished job 112.
1 of 286 steps (0.3%) done
Select jobs to execute...
Execute 1 jobs...

[Thu Mar  6 13:23:03 2025]
localrule run_fedX_query:
    input: /workspaces/P-TER/virtuoso-opensource-7.2.7, /workspaces/P-TER/virtuoso-opensource-7.2.7/var/lib/virtuoso/db/fedup.ini, /workspaces/P-TER/apache-jena-fuseki-4.9.0, queries/q07j.sparql, config/rdfs/endpoints.txt
    output: output/rdfs/FedX/q07j.2.csv, output/rdfs/FedX/q07j.2.json
    jobid: 113
    reason: Missing output files: output/rdfs/FedX/q07j.2.csv
    wildcards: workload=rdfs, query=q07j, run=2
    priority: 50
    resources: tmpdir=/tmp

Terminating processes on user request, this might take some time.
[Thu Mar  6 13:23:03 2025]
Error in rule run_fedX_query:
    jobid: 113
    input: /workspaces/P-TER/virtuoso-opensource-7.2.7, /workspaces/P-TER/virtuoso-opensource-7.2.7/var/lib/virtuoso/db/fedup.ini, /workspaces/P-TER/apache-jena-fuseki-4.9.0, queries/q07j.sparql, config/rdfs/endpoints.txt
    output: output/rdfs/FedX/q07j.2.csv, output/rdfs/FedX/q07j.2.json

Complete log: .snakemake/log/2025-03-06T132237.103450.snakemake.log
WorkflowError:
At least one job did not complete successfully.
