host: codespaces-c89ec1
Building DAG of jobs...
Using shell: /usr/bin/bash
Provided cores: 1 (use --cores to define parallelism)
Rules claiming more threads will be scaled down.
Job stats:
job                     count
--------------------  -------
all                         1
run_Fedup_Jena_query       11
total                      12

Select jobs to execute...
Execute 1 jobs...

[Thu Mar 20 14:05:33 2025]
localrule run_Fedup_Jena_query:
    input: /workspaces/P-TER/virtuoso-opensource-7.2.7, /workspaces/P-TER/virtuoso-opensource-7.2.7/var/lib/virtuoso/db/fedup.ini, fedup-queries/q04d.sparql
    output: output/rdfs/FedUp-Jena/q04d.1.csv, output/rdfs/FedUp-Jena/q04d.1.json, output/rdfs/FedUp-Jena/q04d.1.txt
    jobid: 4
    reason: Missing output files: output/rdfs/FedUp-Jena/q04d.1.csv
    wildcards: workload=rdfs, query=q04d, run=1
    priority: 20
    resources: tmpdir=/tmp

[Thu Mar 20 14:05:47 2025]
Finished job 4.
1 of 12 steps (8%) done
Select jobs to execute...
Execute 1 jobs...

[Thu Mar 20 14:05:47 2025]
localrule run_Fedup_Jena_query:
    input: /workspaces/P-TER/virtuoso-opensource-7.2.7, /workspaces/P-TER/virtuoso-opensource-7.2.7/var/lib/virtuoso/db/fedup.ini, fedup-queries/q02b.sparql
    output: output/rdfs/FedUp-Jena/q02b.1.csv, output/rdfs/FedUp-Jena/q02b.1.json, output/rdfs/FedUp-Jena/q02b.1.txt
    jobid: 2
    reason: Missing output files: output/rdfs/FedUp-Jena/q02b.1.csv
    wildcards: workload=rdfs, query=q02b, run=1
    priority: 20
    resources: tmpdir=/tmp

[Thu Mar 20 14:06:12 2025]
Finished job 2.
2 of 12 steps (17%) done
Select jobs to execute...
Execute 1 jobs...

[Thu Mar 20 14:06:12 2025]
localrule run_Fedup_Jena_query:
    input: /workspaces/P-TER/virtuoso-opensource-7.2.7, /workspaces/P-TER/virtuoso-opensource-7.2.7/var/lib/virtuoso/db/fedup.ini, fedup-queries/q07f.sparql
    output: output/rdfs/FedUp-Jena/q07f.1.csv, output/rdfs/FedUp-Jena/q07f.1.json, output/rdfs/FedUp-Jena/q07f.1.txt
    jobid: 6
    reason: Missing output files: output/rdfs/FedUp-Jena/q07f.1.csv
    wildcards: workload=rdfs, query=q07f, run=1
    priority: 20
    resources: tmpdir=/tmp

[Thu Mar 20 14:06:50 2025]
Finished job 6.
3 of 12 steps (25%) done
Select jobs to execute...
Execute 1 jobs...

[Thu Mar 20 14:06:50 2025]
localrule run_Fedup_Jena_query:
    input: /workspaces/P-TER/virtuoso-opensource-7.2.7, /workspaces/P-TER/virtuoso-opensource-7.2.7/var/lib/virtuoso/db/fedup.ini, fedup-queries/q03a.sparql
    output: output/rdfs/FedUp-Jena/q03a.1.csv, output/rdfs/FedUp-Jena/q03a.1.json, output/rdfs/FedUp-Jena/q03a.1.txt
    jobid: 3
    reason: Missing output files: output/rdfs/FedUp-Jena/q03a.1.csv
    wildcards: workload=rdfs, query=q03a, run=1
    priority: 20
    resources: tmpdir=/tmp

[Thu Mar 20 14:07:14 2025]
Finished job 3.
4 of 12 steps (33%) done
Select jobs to execute...
Execute 1 jobs...

[Thu Mar 20 14:07:14 2025]
localrule run_Fedup_Jena_query:
    input: /workspaces/P-TER/virtuoso-opensource-7.2.7, /workspaces/P-TER/virtuoso-opensource-7.2.7/var/lib/virtuoso/db/fedup.ini, fedup-queries/q12a.sparql
    output: output/rdfs/FedUp-Jena/q12a.1.csv, output/rdfs/FedUp-Jena/q12a.1.json, output/rdfs/FedUp-Jena/q12a.1.txt
    jobid: 11
    reason: Missing output files: output/rdfs/FedUp-Jena/q12a.1.csv
    wildcards: workload=rdfs, query=q12a, run=1
    priority: 20
    resources: tmpdir=/tmp

[Thu Mar 20 14:07:20 2025]
Finished job 11.
5 of 12 steps (42%) done
Select jobs to execute...
Execute 1 jobs...

[Thu Mar 20 14:07:20 2025]
localrule run_Fedup_Jena_query:
    input: /workspaces/P-TER/virtuoso-opensource-7.2.7, /workspaces/P-TER/virtuoso-opensource-7.2.7/var/lib/virtuoso/db/fedup.ini, fedup-queries/q08g.sparql
    output: output/rdfs/FedUp-Jena/q08g.1.csv, output/rdfs/FedUp-Jena/q08g.1.json, output/rdfs/FedUp-Jena/q08g.1.txt
    jobid: 7
    reason: Missing output files: output/rdfs/FedUp-Jena/q08g.1.csv
    wildcards: workload=rdfs, query=q08g, run=1
    priority: 20
    resources: tmpdir=/tmp

[Thu Mar 20 14:07:38 2025]
Finished job 7.
6 of 12 steps (50%) done
Select jobs to execute...
Execute 1 jobs...

[Thu Mar 20 14:07:38 2025]
localrule run_Fedup_Jena_query:
    input: /workspaces/P-TER/virtuoso-opensource-7.2.7, /workspaces/P-TER/virtuoso-opensource-7.2.7/var/lib/virtuoso/db/fedup.ini, fedup-queries/q10i.sparql
    output: output/rdfs/FedUp-Jena/q10i.1.csv, output/rdfs/FedUp-Jena/q10i.1.json, output/rdfs/FedUp-Jena/q10i.1.txt
    jobid: 9
    reason: Missing output files: output/rdfs/FedUp-Jena/q10i.1.csv
    wildcards: workload=rdfs, query=q10i, run=1
    priority: 20
    resources: tmpdir=/tmp

[Thu Mar 20 14:07:43 2025]
Finished job 9.
7 of 12 steps (58%) done
Select jobs to execute...
Execute 1 jobs...

[Thu Mar 20 14:07:43 2025]
localrule run_Fedup_Jena_query:
    input: /workspaces/P-TER/virtuoso-opensource-7.2.7, /workspaces/P-TER/virtuoso-opensource-7.2.7/var/lib/virtuoso/db/fedup.ini, fedup-queries/q01a.sparql
    output: output/rdfs/FedUp-Jena/q01a.1.csv, output/rdfs/FedUp-Jena/q01a.1.json, output/rdfs/FedUp-Jena/q01a.1.txt
    jobid: 1
    reason: Missing output files: output/rdfs/FedUp-Jena/q01a.1.csv
    wildcards: workload=rdfs, query=q01a, run=1
    priority: 20
    resources: tmpdir=/tmp

[Thu Mar 20 14:07:49 2025]
Finished job 1.
8 of 12 steps (67%) done
Select jobs to execute...
Execute 1 jobs...

[Thu Mar 20 14:07:49 2025]
localrule run_Fedup_Jena_query:
    input: /workspaces/P-TER/virtuoso-opensource-7.2.7, /workspaces/P-TER/virtuoso-opensource-7.2.7/var/lib/virtuoso/db/fedup.ini, fedup-queries/q06e.sparql
    output: output/rdfs/FedUp-Jena/q06e.1.csv, output/rdfs/FedUp-Jena/q06e.1.json, output/rdfs/FedUp-Jena/q06e.1.txt
    jobid: 5
    reason: Missing output files: output/rdfs/FedUp-Jena/q06e.1.csv
    wildcards: workload=rdfs, query=q06e, run=1
    priority: 20
    resources: tmpdir=/tmp

[Thu Mar 20 14:08:07 2025]
Finished job 5.
9 of 12 steps (75%) done
Select jobs to execute...
Execute 1 jobs...

[Thu Mar 20 14:08:07 2025]
localrule run_Fedup_Jena_query:
    input: /workspaces/P-TER/virtuoso-opensource-7.2.7, /workspaces/P-TER/virtuoso-opensource-7.2.7/var/lib/virtuoso/db/fedup.ini, fedup-queries/q11j.sparql
    output: output/rdfs/FedUp-Jena/q11j.1.csv, output/rdfs/FedUp-Jena/q11j.1.json, output/rdfs/FedUp-Jena/q11j.1.txt
    jobid: 10
    reason: Missing output files: output/rdfs/FedUp-Jena/q11j.1.csv
    wildcards: workload=rdfs, query=q11j, run=1
    priority: 20
    resources: tmpdir=/tmp

[Thu Mar 20 14:08:13 2025]
Finished job 10.
10 of 12 steps (83%) done
Select jobs to execute...
Execute 1 jobs...

[Thu Mar 20 14:08:13 2025]
localrule run_Fedup_Jena_query:
    input: /workspaces/P-TER/virtuoso-opensource-7.2.7, /workspaces/P-TER/virtuoso-opensource-7.2.7/var/lib/virtuoso/db/fedup.ini, fedup-queries/q09h.sparql
    output: output/rdfs/FedUp-Jena/q09h.1.csv, output/rdfs/FedUp-Jena/q09h.1.json, output/rdfs/FedUp-Jena/q09h.1.txt
    jobid: 8
    reason: Missing output files: output/rdfs/FedUp-Jena/q09h.1.csv
    wildcards: workload=rdfs, query=q09h, run=1
    priority: 20
    resources: tmpdir=/tmp

[Thu Mar 20 14:08:18 2025]
Finished job 8.
11 of 12 steps (92%) done
Select jobs to execute...
Execute 1 jobs...

[Thu Mar 20 14:08:18 2025]
localrule all:
    input: config/largerdfbench/graphs.txt, config/rdfs/endpoints.txt, output/rdfs/FedUp-Jena/q01a.1.csv, output/rdfs/FedUp-Jena/q02b.1.csv, output/rdfs/FedUp-Jena/q03a.1.csv, output/rdfs/FedUp-Jena/q04d.1.csv, output/rdfs/FedUp-Jena/q06e.1.csv, output/rdfs/FedUp-Jena/q07f.1.csv, output/rdfs/FedUp-Jena/q08g.1.csv, output/rdfs/FedUp-Jena/q09h.1.csv, output/rdfs/FedUp-Jena/q10i.1.csv, output/rdfs/FedUp-Jena/q11j.1.csv, output/rdfs/FedUp-Jena/q12a.1.csv
    output: output/data.csv
    jobid: 0
    reason: Missing output files: output/data.csv; Input files updated by another job: output/rdfs/FedUp-Jena/q10i.1.csv, output/rdfs/FedUp-Jena/q04d.1.csv, output/rdfs/FedUp-Jena/q07f.1.csv, output/rdfs/FedUp-Jena/q08g.1.csv, output/rdfs/FedUp-Jena/q12a.1.csv, output/rdfs/FedUp-Jena/q06e.1.csv, output/rdfs/FedUp-Jena/q09h.1.csv, output/rdfs/FedUp-Jena/q02b.1.csv, output/rdfs/FedUp-Jena/q01a.1.csv, output/rdfs/FedUp-Jena/q11j.1.csv, output/rdfs/FedUp-Jena/q03a.1.csv
    resources: tmpdir=/tmp

[Thu Mar 20 14:08:19 2025]
Finished job 0.
12 of 12 steps (100%) done
Complete log: .snakemake/log/2025-03-20T140533.463817.snakemake.log
