host: codespaces-dfd9c6
Building DAG of jobs...
Using shell: /usr/bin/bash
Provided cores: 1 (use --cores to define parallelism)
Rules claiming more threads will be scaled down.
Job stats:
job                           count
--------------------------  -------
install_apache_jena_fuseki        1
total                             1

Select jobs to execute...
Execute 1 jobs...

[Tue Feb  4 22:15:48 2025]
localrule install_apache_jena_fuseki:
    output: /workspaces/P-TER/apache-jena-fuseki-4.9.0
    jobid: 0
    reason: Forced execution
    priority: 100
    resources: tmpdir=/tmp

[Tue Feb  4 22:15:49 2025]
Error in rule install_apache_jena_fuseki:
    jobid: 0
    output: /workspaces/P-TER/apache-jena-fuseki-4.9.0
    shell:
        
            echo "Downloading Apache Jena Fuseki..."
            wget https://archive.apache.org/dist/jena/binaries/apache-jena-fuseki-4.9.0.tar.gz
            echo "Extracting Apache Jena Fuseki..."
            tar -zxf apache-jena-fuseki-4.9.0.tar.gz -C /workspaces/P-TER/apache-jena-fuseki-4.9.0
            
        (one of the commands exited with non-zero exit code; note that snakemake uses bash strict mode!)

Shutting down, this might take some time.
Exiting because a job execution failed. Look above for error message
CalledProcessError in file /workspaces/P-TER/Snakefile, line 190:
Command 'set -euo pipefail;  python commons.py stop-virtuoso --config /workspaces/P-TER/virtuoso-opensource-7.2.7/var/lib/virtuoso/db/fedup.ini' returned non-zero exit status 2.
