host: Air-de-Anthony.lan
Building DAG of jobs...
Using shell: /bin/bash
Provided cores: 8
Rules claiming more threads will be scaled down.
Job stats:
job      count
-----  -------
all          1
total        1

Select jobs to execute...
Execute 1 jobs...

[Wed Feb  5 10:00:26 2025]
localrule all:
    input: output/rdfs/Fuseki/q05.1.csv, output/rdfs/Fuseki/q05.2.csv, output/rdfs/Fuseki/q05.3.csv
    output: output/data.csv
    jobid: 0
    reason: Missing output files: output/data.csv
    resources: tmpdir=/var/folders/00/05wy_tcj17z1wd7_gmtxy24h0000gn/T

[Wed Feb  5 10:00:26 2025]
Error in rule all:
    jobid: 0
    input: output/rdfs/Fuseki/q05.1.csv, output/rdfs/Fuseki/q05.2.csv, output/rdfs/Fuseki/q05.3.csv
    output: output/data.csv

Shutting down, this might take some time.
Exiting because a job execution failed. Look above for error message
Complete log: .snakemake/log/2025-02-05T100026.066323.snakemake.log
WorkflowError:
At least one job did not complete successfully.
