host: codespaces-c89ec1
Building DAG of jobs...
Using shell: /usr/bin/bash
Provided cores: 1 (use --cores to define parallelism)
Rules claiming more threads will be scaled down.
Job stats:
job                  count
-----------------  -------
all                      1
run_hefquin_query        6
total                    7

Select jobs to execute...
Execute 1 jobs...

[Wed Mar 26 13:34:00 2025]
localrule run_hefquin_query:
    input: /workspaces/P-TER/virtuoso-opensource-7.2.7, /workspaces/P-TER/virtuoso-opensource-7.2.7/var/lib/virtuoso/db/fedup.ini, /workspaces/P-TER/queries/q12fex.sparql
    output: output/rdfs/HefQuin/q12fex.1.csv, output/rdfs/HefQuin/q12fex.1.json, output/rdfs/HefQuin/q12fex.1.txt
    jobid: 4
    reason: Missing output files: output/rdfs/HefQuin/q12fex.1.csv
    wildcards: workload=rdfs, query=q12fex, run=1
    priority: 50
    resources: tmpdir=/tmp

[Wed Mar 26 13:34:04 2025]
Finished job 4.
1 of 7 steps (14%) done
Select jobs to execute...
Execute 1 jobs...

[Wed Mar 26 13:34:04 2025]
localrule run_hefquin_query:
    input: /workspaces/P-TER/virtuoso-opensource-7.2.7, /workspaces/P-TER/virtuoso-opensource-7.2.7/var/lib/virtuoso/db/fedup.ini, /workspaces/P-TER/queries/q12fex.sparql
    output: output/rdfs/HefQuin/q12fex.3.csv, output/rdfs/HefQuin/q12fex.3.json, output/rdfs/HefQuin/q12fex.3.txt
    jobid: 6
    reason: Missing output files: output/rdfs/HefQuin/q12fex.3.csv
    wildcards: workload=rdfs, query=q12fex, run=3
    priority: 50
    resources: tmpdir=/tmp

[Wed Mar 26 13:34:07 2025]
Finished job 6.
2 of 7 steps (29%) done
Select jobs to execute...
Execute 1 jobs...

[Wed Mar 26 13:34:07 2025]
localrule run_hefquin_query:
    input: /workspaces/P-TER/virtuoso-opensource-7.2.7, /workspaces/P-TER/virtuoso-opensource-7.2.7/var/lib/virtuoso/db/fedup.ini, /workspaces/P-TER/queries/q12fex.sparql
    output: output/rdfs/HefQuin/q12fex.2.csv, output/rdfs/HefQuin/q12fex.2.json, output/rdfs/HefQuin/q12fex.2.txt
    jobid: 5
    reason: Missing output files: output/rdfs/HefQuin/q12fex.2.csv
    wildcards: workload=rdfs, query=q12fex, run=2
    priority: 50
    resources: tmpdir=/tmp

[Wed Mar 26 13:34:10 2025]
Finished job 5.
3 of 7 steps (43%) done
Select jobs to execute...
Execute 1 jobs...

[Wed Mar 26 13:34:10 2025]
localrule run_hefquin_query:
    input: /workspaces/P-TER/virtuoso-opensource-7.2.7, /workspaces/P-TER/virtuoso-opensource-7.2.7/var/lib/virtuoso/db/fedup.ini, /workspaces/P-TER/queries/q12f.sparql
    output: output/rdfs/HefQuin/q12f.3.csv, output/rdfs/HefQuin/q12f.3.json, output/rdfs/HefQuin/q12f.3.txt
    jobid: 3
    reason: Missing output files: output/rdfs/HefQuin/q12f.3.csv
    wildcards: workload=rdfs, query=q12f, run=3
    priority: 50
    resources: tmpdir=/tmp

[Wed Mar 26 13:34:14 2025]
Finished job 3.
4 of 7 steps (57%) done
Select jobs to execute...
Execute 1 jobs...

[Wed Mar 26 13:34:14 2025]
localrule run_hefquin_query:
    input: /workspaces/P-TER/virtuoso-opensource-7.2.7, /workspaces/P-TER/virtuoso-opensource-7.2.7/var/lib/virtuoso/db/fedup.ini, /workspaces/P-TER/queries/q12f.sparql
    output: output/rdfs/HefQuin/q12f.2.csv, output/rdfs/HefQuin/q12f.2.json, output/rdfs/HefQuin/q12f.2.txt
    jobid: 2
    reason: Missing output files: output/rdfs/HefQuin/q12f.2.csv
    wildcards: workload=rdfs, query=q12f, run=2
    priority: 50
    resources: tmpdir=/tmp

[Wed Mar 26 13:34:17 2025]
Finished job 2.
5 of 7 steps (71%) done
Select jobs to execute...
Execute 1 jobs...

[Wed Mar 26 13:34:17 2025]
localrule run_hefquin_query:
    input: /workspaces/P-TER/virtuoso-opensource-7.2.7, /workspaces/P-TER/virtuoso-opensource-7.2.7/var/lib/virtuoso/db/fedup.ini, /workspaces/P-TER/queries/q12f.sparql
    output: output/rdfs/HefQuin/q12f.1.csv, output/rdfs/HefQuin/q12f.1.json, output/rdfs/HefQuin/q12f.1.txt
    jobid: 1
    reason: Missing output files: output/rdfs/HefQuin/q12f.1.csv
    wildcards: workload=rdfs, query=q12f, run=1
    priority: 50
    resources: tmpdir=/tmp

[Wed Mar 26 13:34:20 2025]
Finished job 1.
6 of 7 steps (86%) done
Select jobs to execute...
Execute 1 jobs...

[Wed Mar 26 13:34:20 2025]
localrule all:
    input: config/largerdfbench/graphs.txt, config/rdfs/endpoints.txt, output/rdfs/HefQuin/q12f.1.csv, output/rdfs/HefQuin/q12f.2.csv, output/rdfs/HefQuin/q12f.3.csv, output/rdfs/HefQuin/q12fex.1.csv, output/rdfs/HefQuin/q12fex.2.csv, output/rdfs/HefQuin/q12fex.3.csv
    output: output/data.csv
    jobid: 0
    reason: Missing output files: output/data.csv; Input files updated by another job: output/rdfs/HefQuin/q12fex.2.csv, output/rdfs/HefQuin/q12fex.3.csv, output/rdfs/HefQuin/q12fex.1.csv, output/rdfs/HefQuin/q12f.2.csv, output/rdfs/HefQuin/q12f.1.csv, output/rdfs/HefQuin/q12f.3.csv
    resources: tmpdir=/tmp

[Wed Mar 26 13:34:21 2025]
Finished job 0.
7 of 7 steps (100%) done
Complete log: .snakemake/log/2025-03-26T133400.727759.snakemake.log
