host: codespaces-c89ec1
Building DAG of jobs...
Using shell: /usr/bin/bash
Provided cores: 4
Rules claiming more threads will be scaled down.
Job stats:
job                  count
-----------------  -------
all                      1
run_fedX_query           1
run_hefquin_query        1
run_sparql_query         1
total                    4

Select jobs to execute...
Execute 3 jobs...

[Mon Mar 17 20:42:48 2025]
localrule run_sparql_query:
    input: /workspaces/P-TER/virtuoso-opensource-7.2.7, /workspaces/P-TER/virtuoso-opensource-7.2.7/var/lib/virtuoso/db/fedup.ini, queries/q04f.sparql
    output: output/rdfs/Jena/q04f.1.csv, output/rdfs/Jena/q04f.1.json
    jobid: 1
    reason: Missing output files: output/rdfs/Jena/q04f.1.csv; Updated input files: queries/q04f.sparql
    wildcards: workload=rdfs, query=q04f, run=1
    priority: 50
    resources: tmpdir=/tmp


[Mon Mar 17 20:42:48 2025]
localrule run_fedX_query:
    input: /workspaces/P-TER/virtuoso-opensource-7.2.7, /workspaces/P-TER/virtuoso-opensource-7.2.7/var/lib/virtuoso/db/fedup.ini, /workspaces/P-TER/apache-jena-fuseki-4.9.0, queries/q04f.sparql, config/rdfs/endpoints.txt
    output: output/rdfs/FedX/q04f.1.csv, output/rdfs/FedX/q04f.1.json
    jobid: 2
    reason: Missing output files: output/rdfs/FedX/q04f.1.csv; Updated input files: queries/q04f.sparql
    wildcards: workload=rdfs, query=q04f, run=1
    priority: 50
    resources: tmpdir=/tmp


[Mon Mar 17 20:42:48 2025]
localrule run_hefquin_query:
    input: /workspaces/P-TER/virtuoso-opensource-7.2.7, /workspaces/P-TER/virtuoso-opensource-7.2.7/var/lib/virtuoso/db/fedup.ini, queries/q04f.sparql
    output: output/rdfs/HefQuin/q04f.1.csv, output/rdfs/HefQuin/q04f.1.json, output/rdfs/HefQuin/q04f.1.txt
    jobid: 3
    reason: Missing output files: output/rdfs/HefQuin/q04f.1.csv; Updated input files: queries/q04f.sparql
    wildcards: workload=rdfs, query=q04f, run=1
    priority: 50
    resources: tmpdir=/tmp

[Mon Mar 17 20:43:17 2025]
Finished job 2.
1 of 4 steps (25%) done
[Mon Mar 17 20:43:18 2025]
Finished job 3.
2 of 4 steps (50%) done
[Mon Mar 17 20:43:18 2025]
Finished job 1.
3 of 4 steps (75%) done
Select jobs to execute...
Execute 1 jobs...

[Mon Mar 17 20:43:18 2025]
localrule all:
    input: config/largerdfbench/graphs.txt, config/rdfs/endpoints.txt, output/rdfs/Jena/q04f.1.csv, output/rdfs/FedX/q04f.1.csv, output/rdfs/HefQuin/q04f.1.csv
    output: output/data.csv
    jobid: 0
    reason: Input files updated by another job: output/rdfs/HefQuin/q04f.1.csv, output/rdfs/FedX/q04f.1.csv, output/rdfs/Jena/q04f.1.csv
    resources: tmpdir=/tmp

[Mon Mar 17 20:43:18 2025]
Finished job 0.
4 of 4 steps (100%) done
Complete log: .snakemake/log/2025-03-17T204248.958699.snakemake.log
