host: codespaces-dfd9c6
Building DAG of jobs...
Using shell: /usr/bin/bash
Provided cores: 1 (use --cores to define parallelism)
Rules claiming more threads will be scaled down.
Job stats:
job                        count
-----------------------  -------
all                            1
run_Fedup_HefQuin_query        3
total                          4

Select jobs to execute...
Execute 1 jobs...

[Mon Mar 10 12:42:24 2025]
localrule run_Fedup_HefQuin_query:
    input: /workspaces/P-TER/virtuoso-opensource-7.2.7, /workspaces/P-TER/virtuoso-opensource-7.2.7/var/lib/virtuoso/db/fedup.ini, /workspaces/P-TER/fedup-queries/q01a.sparql
    output: output/rdfs/FedUp-HefQuin/q01a.1.csv, output/rdfs/FedUp-HefQuin/q01a.1.json
    jobid: 1
    reason: Missing output files: output/rdfs/FedUp-HefQuin/q01a.1.csv
    wildcards: workload=rdfs, query=q01a, run=1
    priority: 50
    resources: tmpdir=/tmp

[Mon Mar 10 12:42:30 2025]
Finished job 1.
1 of 4 steps (25%) done
Select jobs to execute...
Execute 1 jobs...

[Mon Mar 10 12:42:30 2025]
localrule run_Fedup_HefQuin_query:
    input: /workspaces/P-TER/virtuoso-opensource-7.2.7, /workspaces/P-TER/virtuoso-opensource-7.2.7/var/lib/virtuoso/db/fedup.ini, /workspaces/P-TER/fedup-queries/q01a.sparql
    output: output/rdfs/FedUp-HefQuin/q01a.2.csv, output/rdfs/FedUp-HefQuin/q01a.2.json
    jobid: 2
    reason: Missing output files: output/rdfs/FedUp-HefQuin/q01a.2.csv
    wildcards: workload=rdfs, query=q01a, run=2
    priority: 50
    resources: tmpdir=/tmp

[Mon Mar 10 12:42:36 2025]
Finished job 2.
2 of 4 steps (50%) done
Select jobs to execute...
Execute 1 jobs...

[Mon Mar 10 12:42:36 2025]
localrule run_Fedup_HefQuin_query:
    input: /workspaces/P-TER/virtuoso-opensource-7.2.7, /workspaces/P-TER/virtuoso-opensource-7.2.7/var/lib/virtuoso/db/fedup.ini, /workspaces/P-TER/fedup-queries/q01a.sparql
    output: output/rdfs/FedUp-HefQuin/q01a.3.csv, output/rdfs/FedUp-HefQuin/q01a.3.json
    jobid: 3
    reason: Missing output files: output/rdfs/FedUp-HefQuin/q01a.3.csv
    wildcards: workload=rdfs, query=q01a, run=3
    priority: 50
    resources: tmpdir=/tmp

[Mon Mar 10 12:42:42 2025]
Finished job 3.
3 of 4 steps (75%) done
Select jobs to execute...
Execute 1 jobs...

[Mon Mar 10 12:42:42 2025]
localrule all:
    input: /workspaces/P-TER/apache-jena-fuseki-4.9.0, /workspaces/P-TER/apache-jena-4.9.0, config/largerdfbench/graphs.txt, config/rdfs/endpoints.txt, output/rdfs/FedUp-HefQuin/q01a.1.csv, output/rdfs/FedUp-HefQuin/q01a.2.csv, output/rdfs/FedUp-HefQuin/q01a.3.csv
    output: output/data.csv
    jobid: 0
    reason: Input files updated by another job: output/rdfs/FedUp-HefQuin/q01a.1.csv, output/rdfs/FedUp-HefQuin/q01a.2.csv, output/rdfs/FedUp-HefQuin/q01a.3.csv; Set of input files has changed since last execution
    resources: tmpdir=/tmp

[Mon Mar 10 12:42:43 2025]
Finished job 0.
4 of 4 steps (100%) done
Complete log: .snakemake/log/2025-03-10T124224.243818.snakemake.log
