host: codespaces-dfd9c6
Building DAG of jobs...
Using shell: /usr/bin/bash
Provided cores: 1 (use --cores to define parallelism)
Rules claiming more threads will be scaled down.
Job stats:
job                        count
-----------------------  -------
all                            1
run_Fedup_FedX_query           3
run_Fedup_HefQuin_query        3
run_Fedup_Jena_query           3
run_fedX_query                 3
run_hefquin_query              3
run_sparql_query               3
total                         19

Select jobs to execute...
Execute 1 jobs...

[Wed Mar  5 21:36:33 2025]
localrule run_fedX_query:
    input: /workspaces/P-TER/virtuoso-opensource-7.2.7, /workspaces/P-TER/virtuoso-opensource-7.2.7/var/lib/virtuoso/db/fedup.ini, /workspaces/P-TER/apache-jena-fuseki-4.9.0, queries/q07b.sparql, config/rdfs/endpoints.txt
    output: output/rdfs/FedX/q07b.2.csv, output/rdfs/FedX/q07b.2.json
    jobid: 5
    reason: Missing output files: output/rdfs/FedX/q07b.2.csv
    wildcards: workload=rdfs, query=q07b, run=2
    priority: 50
    resources: tmpdir=/tmp

[Wed Mar  5 21:36:36 2025]
Finished job 5.
1 of 19 steps (5%) done
Select jobs to execute...
Execute 1 jobs...

[Wed Mar  5 21:36:36 2025]
localrule run_fedX_query:
    input: /workspaces/P-TER/virtuoso-opensource-7.2.7, /workspaces/P-TER/virtuoso-opensource-7.2.7/var/lib/virtuoso/db/fedup.ini, /workspaces/P-TER/apache-jena-fuseki-4.9.0, queries/q07b.sparql, config/rdfs/endpoints.txt
    output: output/rdfs/FedX/q07b.3.csv, output/rdfs/FedX/q07b.3.json
    jobid: 6
    reason: Missing output files: output/rdfs/FedX/q07b.3.csv
    wildcards: workload=rdfs, query=q07b, run=3
    priority: 50
    resources: tmpdir=/tmp

[Wed Mar  5 21:36:39 2025]
Finished job 6.
2 of 19 steps (11%) done
Select jobs to execute...
Execute 1 jobs...

[Wed Mar  5 21:36:39 2025]
localrule run_fedX_query:
    input: /workspaces/P-TER/virtuoso-opensource-7.2.7, /workspaces/P-TER/virtuoso-opensource-7.2.7/var/lib/virtuoso/db/fedup.ini, /workspaces/P-TER/apache-jena-fuseki-4.9.0, queries/q07b.sparql, config/rdfs/endpoints.txt
    output: output/rdfs/FedX/q07b.1.csv, output/rdfs/FedX/q07b.1.json
    jobid: 4
    reason: Missing output files: output/rdfs/FedX/q07b.1.csv
    wildcards: workload=rdfs, query=q07b, run=1
    priority: 50
    resources: tmpdir=/tmp

[Wed Mar  5 21:36:42 2025]
Finished job 4.
3 of 19 steps (16%) done
Select jobs to execute...
Execute 1 jobs...

[Wed Mar  5 21:36:42 2025]
localrule run_sparql_query:
    input: /workspaces/P-TER/virtuoso-opensource-7.2.7, /workspaces/P-TER/virtuoso-opensource-7.2.7/var/lib/virtuoso/db/fedup.ini, queries/q07b.sparql
    output: output/rdfs/Jena/q07b.2.csv, output/rdfs/Jena/q07b.2.json
    jobid: 2
    reason: Missing output files: output/rdfs/Jena/q07b.2.csv
    wildcards: workload=rdfs, query=q07b, run=2
    priority: 50
    resources: tmpdir=/tmp

[Wed Mar  5 21:36:47 2025]
Finished job 2.
4 of 19 steps (21%) done
Select jobs to execute...
Execute 1 jobs...

[Wed Mar  5 21:36:47 2025]
localrule run_hefquin_query:
    input: /workspaces/P-TER/virtuoso-opensource-7.2.7, /workspaces/P-TER/virtuoso-opensource-7.2.7/var/lib/virtuoso/db/fedup.ini, queries/q07b.sparql
    output: output/rdfs/HefQuin/q07b.2.csv, output/rdfs/HefQuin/q07b.2.json
    jobid: 8
    reason: Missing output files: output/rdfs/HefQuin/q07b.2.csv
    wildcards: workload=rdfs, query=q07b, run=2
    priority: 50
    resources: tmpdir=/tmp

[Wed Mar  5 21:36:50 2025]
Finished job 8.
5 of 19 steps (26%) done
Select jobs to execute...
Execute 1 jobs...

[Wed Mar  5 21:36:50 2025]
localrule run_sparql_query:
    input: /workspaces/P-TER/virtuoso-opensource-7.2.7, /workspaces/P-TER/virtuoso-opensource-7.2.7/var/lib/virtuoso/db/fedup.ini, queries/q07b.sparql
    output: output/rdfs/Jena/q07b.3.csv, output/rdfs/Jena/q07b.3.json
    jobid: 3
    reason: Missing output files: output/rdfs/Jena/q07b.3.csv
    wildcards: workload=rdfs, query=q07b, run=3
    priority: 50
    resources: tmpdir=/tmp

[Wed Mar  5 21:36:55 2025]
Finished job 3.
6 of 19 steps (32%) done
Select jobs to execute...
Execute 1 jobs...

[Wed Mar  5 21:36:55 2025]
localrule run_hefquin_query:
    input: /workspaces/P-TER/virtuoso-opensource-7.2.7, /workspaces/P-TER/virtuoso-opensource-7.2.7/var/lib/virtuoso/db/fedup.ini, queries/q07b.sparql
    output: output/rdfs/HefQuin/q07b.3.csv, output/rdfs/HefQuin/q07b.3.json
    jobid: 9
    reason: Missing output files: output/rdfs/HefQuin/q07b.3.csv
    wildcards: workload=rdfs, query=q07b, run=3
    priority: 50
    resources: tmpdir=/tmp

[Wed Mar  5 21:36:58 2025]
Finished job 9.
7 of 19 steps (37%) done
Select jobs to execute...
Execute 1 jobs...

[Wed Mar  5 21:36:58 2025]
localrule run_sparql_query:
    input: /workspaces/P-TER/virtuoso-opensource-7.2.7, /workspaces/P-TER/virtuoso-opensource-7.2.7/var/lib/virtuoso/db/fedup.ini, queries/q07b.sparql
    output: output/rdfs/Jena/q07b.1.csv, output/rdfs/Jena/q07b.1.json
    jobid: 1
    reason: Missing output files: output/rdfs/Jena/q07b.1.csv
    wildcards: workload=rdfs, query=q07b, run=1
    priority: 50
    resources: tmpdir=/tmp

[Wed Mar  5 21:37:02 2025]
Finished job 1.
8 of 19 steps (42%) done
Select jobs to execute...
Execute 1 jobs...

[Wed Mar  5 21:37:02 2025]
localrule run_hefquin_query:
    input: /workspaces/P-TER/virtuoso-opensource-7.2.7, /workspaces/P-TER/virtuoso-opensource-7.2.7/var/lib/virtuoso/db/fedup.ini, queries/q07b.sparql
    output: output/rdfs/HefQuin/q07b.1.csv, output/rdfs/HefQuin/q07b.1.json
    jobid: 7
    reason: Missing output files: output/rdfs/HefQuin/q07b.1.csv
    wildcards: workload=rdfs, query=q07b, run=1
    priority: 50
    resources: tmpdir=/tmp

[Wed Mar  5 21:37:05 2025]
Finished job 7.
9 of 19 steps (47%) done
Select jobs to execute...
Execute 1 jobs...

[Wed Mar  5 21:37:05 2025]
localrule run_Fedup_FedX_query:
    input: /workspaces/P-TER/virtuoso-opensource-7.2.7, /workspaces/P-TER/virtuoso-opensource-7.2.7/var/lib/virtuoso/db/fedup.ini, fedup-queries/q07b.sparql
    output: output/rdfs/FedUp-FedX/q07b.1.csv, output/rdfs/FedUp-FedX/q07b.1.json
    jobid: 10
    reason: Missing output files: output/rdfs/FedUp-FedX/q07b.1.csv
    wildcards: workload=rdfs, query=q07b, run=1
    priority: 50
    resources: tmpdir=/tmp

[Wed Mar  5 21:37:13 2025]
Finished job 10.
10 of 19 steps (53%) done
Select jobs to execute...
Execute 1 jobs...

[Wed Mar  5 21:37:13 2025]
localrule run_Fedup_FedX_query:
    input: /workspaces/P-TER/virtuoso-opensource-7.2.7, /workspaces/P-TER/virtuoso-opensource-7.2.7/var/lib/virtuoso/db/fedup.ini, fedup-queries/q07b.sparql
    output: output/rdfs/FedUp-FedX/q07b.2.csv, output/rdfs/FedUp-FedX/q07b.2.json
    jobid: 11
    reason: Missing output files: output/rdfs/FedUp-FedX/q07b.2.csv
    wildcards: workload=rdfs, query=q07b, run=2
    priority: 50
    resources: tmpdir=/tmp

[Wed Mar  5 21:37:22 2025]
Finished job 11.
11 of 19 steps (58%) done
Select jobs to execute...
Execute 1 jobs...

[Wed Mar  5 21:37:22 2025]
localrule run_Fedup_HefQuin_query:
    input: /workspaces/P-TER/virtuoso-opensource-7.2.7, /workspaces/P-TER/virtuoso-opensource-7.2.7/var/lib/virtuoso/db/fedup.ini, /workspaces/P-TER/fedup-queries/q07b.sparql
    output: output/rdfs/FedUp-HefQuin/q07b.2.csv, output/rdfs/FedUp-HefQuin/q07b.2.json
    jobid: 14
    reason: Missing output files: output/rdfs/FedUp-HefQuin/q07b.2.csv
    wildcards: workload=rdfs, query=q07b, run=2
    priority: 50
    resources: tmpdir=/tmp

[Wed Mar  5 21:37:31 2025]
Finished job 14.
12 of 19 steps (63%) done
Select jobs to execute...
Execute 1 jobs...

[Wed Mar  5 21:37:31 2025]
localrule run_Fedup_FedX_query:
    input: /workspaces/P-TER/virtuoso-opensource-7.2.7, /workspaces/P-TER/virtuoso-opensource-7.2.7/var/lib/virtuoso/db/fedup.ini, fedup-queries/q07b.sparql
    output: output/rdfs/FedUp-FedX/q07b.3.csv, output/rdfs/FedUp-FedX/q07b.3.json
    jobid: 12
    reason: Missing output files: output/rdfs/FedUp-FedX/q07b.3.csv
    wildcards: workload=rdfs, query=q07b, run=3
    priority: 50
    resources: tmpdir=/tmp

[Wed Mar  5 21:37:39 2025]
Finished job 12.
13 of 19 steps (68%) done
Select jobs to execute...
Execute 1 jobs...

[Wed Mar  5 21:37:39 2025]
localrule run_Fedup_HefQuin_query:
    input: /workspaces/P-TER/virtuoso-opensource-7.2.7, /workspaces/P-TER/virtuoso-opensource-7.2.7/var/lib/virtuoso/db/fedup.ini, /workspaces/P-TER/fedup-queries/q07b.sparql
    output: output/rdfs/FedUp-HefQuin/q07b.3.csv, output/rdfs/FedUp-HefQuin/q07b.3.json
    jobid: 15
    reason: Missing output files: output/rdfs/FedUp-HefQuin/q07b.3.csv
    wildcards: workload=rdfs, query=q07b, run=3
    priority: 50
    resources: tmpdir=/tmp

[Wed Mar  5 21:37:49 2025]
Finished job 15.
14 of 19 steps (74%) done
Select jobs to execute...
Execute 1 jobs...

[Wed Mar  5 21:37:49 2025]
localrule run_Fedup_HefQuin_query:
    input: /workspaces/P-TER/virtuoso-opensource-7.2.7, /workspaces/P-TER/virtuoso-opensource-7.2.7/var/lib/virtuoso/db/fedup.ini, /workspaces/P-TER/fedup-queries/q07b.sparql
    output: output/rdfs/FedUp-HefQuin/q07b.1.csv, output/rdfs/FedUp-HefQuin/q07b.1.json
    jobid: 13
    reason: Missing output files: output/rdfs/FedUp-HefQuin/q07b.1.csv
    wildcards: workload=rdfs, query=q07b, run=1
    priority: 50
    resources: tmpdir=/tmp

[Wed Mar  5 21:38:01 2025]
Finished job 13.
15 of 19 steps (79%) done
Select jobs to execute...
Execute 1 jobs...

[Wed Mar  5 21:38:01 2025]
localrule run_Fedup_Jena_query:
    input: /workspaces/P-TER/virtuoso-opensource-7.2.7, /workspaces/P-TER/virtuoso-opensource-7.2.7/var/lib/virtuoso/db/fedup.ini, fedup-queries/q07b.sparql
    output: output/rdfs/FedUp-Jena/q07b.1.csv, output/rdfs/FedUp-Jena/q07b.1.json
    jobid: 16
    reason: Missing output files: output/rdfs/FedUp-Jena/q07b.1.csv
    wildcards: workload=rdfs, query=q07b, run=1
    priority: 20
    resources: tmpdir=/tmp

[Wed Mar  5 21:38:25 2025]
Finished job 16.
16 of 19 steps (84%) done
Select jobs to execute...
Execute 1 jobs...

[Wed Mar  5 21:38:25 2025]
localrule run_Fedup_Jena_query:
    input: /workspaces/P-TER/virtuoso-opensource-7.2.7, /workspaces/P-TER/virtuoso-opensource-7.2.7/var/lib/virtuoso/db/fedup.ini, fedup-queries/q07b.sparql
    output: output/rdfs/FedUp-Jena/q07b.2.csv, output/rdfs/FedUp-Jena/q07b.2.json
    jobid: 17
    reason: Missing output files: output/rdfs/FedUp-Jena/q07b.2.csv
    wildcards: workload=rdfs, query=q07b, run=2
    priority: 20
    resources: tmpdir=/tmp

[Wed Mar  5 21:38:50 2025]
Finished job 17.
17 of 19 steps (89%) done
Select jobs to execute...
Execute 1 jobs...

[Wed Mar  5 21:38:50 2025]
localrule run_Fedup_Jena_query:
    input: /workspaces/P-TER/virtuoso-opensource-7.2.7, /workspaces/P-TER/virtuoso-opensource-7.2.7/var/lib/virtuoso/db/fedup.ini, fedup-queries/q07b.sparql
    output: output/rdfs/FedUp-Jena/q07b.3.csv, output/rdfs/FedUp-Jena/q07b.3.json
    jobid: 18
    reason: Missing output files: output/rdfs/FedUp-Jena/q07b.3.csv
    wildcards: workload=rdfs, query=q07b, run=3
    priority: 20
    resources: tmpdir=/tmp

[Wed Mar  5 21:39:14 2025]
Finished job 18.
18 of 19 steps (95%) done
Select jobs to execute...
Execute 1 jobs...

[Wed Mar  5 21:39:14 2025]
localrule all:
    input: /workspaces/P-TER/apache-jena-fuseki-4.9.0, /workspaces/P-TER/apache-jena-4.9.0, config/largerdfbench/graphs.txt, config/rdfs/endpoints.txt, output/rdfs/Jena/q07b.1.csv, output/rdfs/Jena/q07b.2.csv, output/rdfs/Jena/q07b.3.csv, output/rdfs/FedX/q07b.1.csv, output/rdfs/FedX/q07b.2.csv, output/rdfs/FedX/q07b.3.csv, output/rdfs/HefQuin/q07b.1.csv, output/rdfs/HefQuin/q07b.2.csv, output/rdfs/HefQuin/q07b.3.csv, output/rdfs/FedUp-FedX/q07b.1.csv, output/rdfs/FedUp-FedX/q07b.2.csv, output/rdfs/FedUp-FedX/q07b.3.csv, output/rdfs/FedUp-HefQuin/q07b.1.csv, output/rdfs/FedUp-HefQuin/q07b.2.csv, output/rdfs/FedUp-HefQuin/q07b.3.csv, output/rdfs/FedUp-Jena/q07b.1.csv, output/rdfs/FedUp-Jena/q07b.2.csv, output/rdfs/FedUp-Jena/q07b.3.csv
    output: output/data.csv
    jobid: 0
    reason: Missing output files: output/data.csv; Input files updated by another job: output/rdfs/FedUp-Jena/q07b.1.csv, output/rdfs/FedUp-Jena/q07b.2.csv, output/rdfs/FedX/q07b.2.csv, output/rdfs/FedX/q07b.1.csv, output/rdfs/FedUp-Jena/q07b.3.csv, output/rdfs/HefQuin/q07b.3.csv, output/rdfs/HefQuin/q07b.2.csv, output/rdfs/FedUp-FedX/q07b.2.csv, output/rdfs/Jena/q07b.1.csv, output/rdfs/FedUp-FedX/q07b.1.csv, output/rdfs/Jena/q07b.3.csv, output/rdfs/FedUp-FedX/q07b.3.csv, output/rdfs/FedUp-HefQuin/q07b.1.csv, output/rdfs/FedUp-HefQuin/q07b.2.csv, output/rdfs/FedUp-HefQuin/q07b.3.csv, output/rdfs/HefQuin/q07b.1.csv, output/rdfs/FedX/q07b.3.csv, output/rdfs/Jena/q07b.2.csv
    resources: tmpdir=/tmp

[Wed Mar  5 21:39:15 2025]
Finished job 0.
19 of 19 steps (100%) done
Complete log: .snakemake/log/2025-03-05T213633.086455.snakemake.log
