host: codespaces-c89ec1
Building DAG of jobs...
Using shell: /usr/bin/bash
Provided cores: 1 (use --cores to define parallelism)
Rules claiming more threads will be scaled down.
Job stats:
job                        count
-----------------------  -------
all                            1
run_Fedup_FedX_query           1
run_Fedup_HefQuin_query        1
run_Fedup_Jena_query           1
run_fedX_query                 1
run_hefquin_query              1
run_sparql_query               1
total                          7

Select jobs to execute...
Execute 1 jobs...

[Wed Mar 19 11:28:29 2025]
localrule run_fedX_query:
    input: /workspaces/P-TER/virtuoso-opensource-7.2.7, /workspaces/P-TER/virtuoso-opensource-7.2.7/var/lib/virtuoso/db/fedup.ini, /workspaces/P-TER/apache-jena-fuseki-4.9.0, queries/q05b.sparql, config/rdfs/endpoints.txt
    output: output/rdfs/FedX/q05b.1.csv, output/rdfs/FedX/q05b.1.json
    jobid: 2
    reason: Missing output files: output/rdfs/FedX/q05b.1.csv
    wildcards: workload=rdfs, query=q05b, run=1
    priority: 50
    resources: tmpdir=/tmp

[Wed Mar 19 11:28:37 2025]
Finished job 2.
1 of 7 steps (14%) done
Select jobs to execute...
Execute 1 jobs...

[Wed Mar 19 11:28:37 2025]
localrule run_hefquin_query:
    input: /workspaces/P-TER/virtuoso-opensource-7.2.7, /workspaces/P-TER/virtuoso-opensource-7.2.7/var/lib/virtuoso/db/fedup.ini, /workspaces/P-TER/queries/q05b.sparql
    output: output/rdfs/HefQuin/q05b.1.csv, output/rdfs/HefQuin/q05b.1.json, output/rdfs/HefQuin/q05b.1.txt
    jobid: 3
    reason: Missing output files: output/rdfs/HefQuin/q05b.1.csv
    wildcards: workload=rdfs, query=q05b, run=1
    priority: 50
    resources: tmpdir=/tmp

[Wed Mar 19 11:28:42 2025]
Finished job 3.
2 of 7 steps (29%) done
Select jobs to execute...
Execute 1 jobs...

[Wed Mar 19 11:28:42 2025]
localrule run_sparql_query:
    input: /workspaces/P-TER/virtuoso-opensource-7.2.7, /workspaces/P-TER/virtuoso-opensource-7.2.7/var/lib/virtuoso/db/fedup.ini, queries/q05b.sparql
    output: output/rdfs/Jena/q05b.1.csv, output/rdfs/Jena/q05b.1.json
    jobid: 1
    reason: Missing output files: output/rdfs/Jena/q05b.1.csv
    wildcards: workload=rdfs, query=q05b, run=1
    priority: 50
    resources: tmpdir=/tmp

[Wed Mar 19 11:28:49 2025]
Finished job 1.
3 of 7 steps (43%) done
Select jobs to execute...
Execute 1 jobs...

[Wed Mar 19 11:28:49 2025]
localrule run_Fedup_FedX_query:
    input: /workspaces/P-TER/virtuoso-opensource-7.2.7, /workspaces/P-TER/virtuoso-opensource-7.2.7/var/lib/virtuoso/db/fedup.ini, fedup-queries/q05b.sparql
    output: output/rdfs/FedUp-FedX/q05b.1.csv, output/rdfs/FedUp-FedX/q05b.1.json, output/rdfs/FedUp-FedX/q05b.1.txt
    jobid: 4
    reason: Missing output files: output/rdfs/FedUp-FedX/q05b.1.csv
    wildcards: workload=rdfs, query=q05b, run=1
    priority: 50
    resources: tmpdir=/tmp

[Wed Mar 19 11:29:24 2025]
Finished job 4.
4 of 7 steps (57%) done
Select jobs to execute...
Execute 1 jobs...

[Wed Mar 19 11:29:24 2025]
localrule run_Fedup_HefQuin_query:
    input: /workspaces/P-TER/virtuoso-opensource-7.2.7, /workspaces/P-TER/virtuoso-opensource-7.2.7/var/lib/virtuoso/db/fedup.ini, /workspaces/P-TER/fedup-queries/q05b.sparql
    output: output/rdfs/FedUp-HefQuin/q05b.1.csv, output/rdfs/FedUp-HefQuin/q05b.1.json, output/rdfs/FedUp-HefQuin/q05b.1.txt
    jobid: 5
    reason: Missing output files: output/rdfs/FedUp-HefQuin/q05b.1.csv
    wildcards: workload=rdfs, query=q05b, run=1
    priority: 50
    resources: tmpdir=/tmp

[Wed Mar 19 11:32:25 2025]
Finished job 5.
5 of 7 steps (71%) done
Select jobs to execute...
Execute 1 jobs...

[Wed Mar 19 11:32:25 2025]
localrule run_Fedup_Jena_query:
    input: /workspaces/P-TER/virtuoso-opensource-7.2.7, /workspaces/P-TER/virtuoso-opensource-7.2.7/var/lib/virtuoso/db/fedup.ini, fedup-queries/q05b.sparql
    output: output/rdfs/FedUp-Jena/q05b.1.csv, output/rdfs/FedUp-Jena/q05b.1.json, output/rdfs/FedUp-Jena/q05b.1.txt
    jobid: 6
    reason: Missing output files: output/rdfs/FedUp-Jena/q05b.1.csv
    wildcards: workload=rdfs, query=q05b, run=1
    priority: 20
    resources: tmpdir=/tmp

Traceback (most recent call last):

  File "/usr/local/python/3.12.1/lib/python3.12/site-packages/snakemake/executors/local.py", line 232, in spawn_job
    subprocess.check_call(cmd, shell=True)

  File "/usr/local/python/3.12.1/lib/python3.12/subprocess.py", line 413, in check_call
    raise CalledProcessError(retcode, cmd)

subprocess.CalledProcessError: Command 'cd /workspaces/P-TER && /usr/local/python/3.12.1/bin/python3 -m snakemake --snakefile '/workspaces/P-TER/Snakefile' --target-jobs 'run_Fedup_Jena_query:workload=rdfs,query=q05b,run=1' --allowed-rules run_Fedup_Jena_query --cores 1 --attempt 1 --force-use-threads  --force --target-files-omit-workdir-adjustment --keep-storage-local-copies --max-inventory-time 0 --nocolor --notemp --no-hooks --nolock --ignore-incomplete --rerun-triggers software-env params mtime code input --conda-frontend 'conda' --shared-fs-usage input-output source-cache sources storage-local-copies software-deployment persistence --wrapper-prefix 'https://github.com/snakemake/snakemake-wrappers/raw/' --latency-wait 5 --scheduler 'greedy' --local-storage-prefix .snakemake/storage --scheduler-solver-path '/usr/local/python/3.12.1/bin' --default-resources base64//dG1wZGlyPXN5c3RlbV90bXBkaXI= --quiet progress rules --mode 'subprocess' --local-groupid 'local'' returned non-zero exit status 1.


During handling of the above exception, another exception occurred:


Traceback (most recent call last):

  File "/usr/local/python/3.12.1/lib/python3.12/concurrent/futures/thread.py", line 58, in run
    result = self.fn(*self.args, **self.kwargs)
             ^^^^^^^^^^^^^^^^^^^^^^^^^^^^^^^^^^

  File "/usr/local/python/3.12.1/lib/python3.12/site-packages/snakemake/executors/local.py", line 247, in cached_or_run
    run_func(*args)

  File "/usr/local/python/3.12.1/lib/python3.12/site-packages/snakemake/executors/local.py", line 234, in spawn_job
    raise SpawnedJobError()

snakemake.exceptions.SpawnedJobError

[Wed Mar 19 11:39:25 2025]
Error in rule run_Fedup_Jena_query:
    jobid: 6
    input: /workspaces/P-TER/virtuoso-opensource-7.2.7, /workspaces/P-TER/virtuoso-opensource-7.2.7/var/lib/virtuoso/db/fedup.ini, fedup-queries/q05b.sparql
    output: output/rdfs/FedUp-Jena/q05b.1.csv, output/rdfs/FedUp-Jena/q05b.1.json, output/rdfs/FedUp-Jena/q05b.1.txt

Shutting down, this might take some time.
Exiting because a job execution failed. Look above for error message
Complete log: .snakemake/log/2025-03-19T112829.869910.snakemake.log
WorkflowError:
At least one job did not complete successfully.
