host: codespaces-c89ec1
Building DAG of jobs...
Using shell: /usr/bin/bash
Provided cores: 1 (use --cores to define parallelism)
Rules claiming more threads will be scaled down.
Job stats:
job                        count
-----------------------  -------
all                            1
run_Fedup_FedX_query           3
run_Fedup_HefQuin_query        3
run_Fedup_Jena_query           3
total                         10

Select jobs to execute...
Execute 1 jobs...

[Tue Mar 25 22:23:19 2025]
localrule run_Fedup_FedX_query:
    input: /workspaces/P-TER/virtuoso-opensource-7.2.7, /workspaces/P-TER/virtuoso-opensource-7.2.7/var/lib/virtuoso/db/fedup.ini, fedup-queries/q01a.sparql
    output: output/rdfs/FedUp-FedX/q01a.1.csv, output/rdfs/FedUp-FedX/q01a.1.json, output/rdfs/FedUp-FedX/q01a.1.txt
    jobid: 1
    reason: Missing output files: output/rdfs/FedUp-FedX/q01a.1.csv
    wildcards: workload=rdfs, query=q01a, run=1
    priority: 50
    resources: tmpdir=/tmp

[Tue Mar 25 22:23:24 2025]
Finished job 1.
1 of 10 steps (10%) done
Select jobs to execute...
Execute 1 jobs...

[Tue Mar 25 22:23:24 2025]
localrule run_Fedup_HefQuin_query:
    input: /workspaces/P-TER/virtuoso-opensource-7.2.7, /workspaces/P-TER/virtuoso-opensource-7.2.7/var/lib/virtuoso/db/fedup.ini, /workspaces/P-TER/fedup-queries/q01a.sparql
    output: output/rdfs/FedUp-HefQuin/q01a.3.csv, output/rdfs/FedUp-HefQuin/q01a.3.json, output/rdfs/FedUp-HefQuin/q01a.3.txt
    jobid: 6
    reason: Missing output files: output/rdfs/FedUp-HefQuin/q01a.3.csv
    wildcards: workload=rdfs, query=q01a, run=3
    priority: 50
    resources: tmpdir=/tmp

[Tue Mar 25 22:23:29 2025]
Finished job 6.
2 of 10 steps (20%) done
Select jobs to execute...
Execute 1 jobs...

[Tue Mar 25 22:23:29 2025]
localrule run_Fedup_HefQuin_query:
    input: /workspaces/P-TER/virtuoso-opensource-7.2.7, /workspaces/P-TER/virtuoso-opensource-7.2.7/var/lib/virtuoso/db/fedup.ini, /workspaces/P-TER/fedup-queries/q01a.sparql
    output: output/rdfs/FedUp-HefQuin/q01a.2.csv, output/rdfs/FedUp-HefQuin/q01a.2.json, output/rdfs/FedUp-HefQuin/q01a.2.txt
    jobid: 5
    reason: Missing output files: output/rdfs/FedUp-HefQuin/q01a.2.csv
    wildcards: workload=rdfs, query=q01a, run=2
    priority: 50
    resources: tmpdir=/tmp

[Tue Mar 25 22:23:35 2025]
Finished job 5.
3 of 10 steps (30%) done
Select jobs to execute...
Execute 1 jobs...

[Tue Mar 25 22:23:35 2025]
localrule run_Fedup_HefQuin_query:
    input: /workspaces/P-TER/virtuoso-opensource-7.2.7, /workspaces/P-TER/virtuoso-opensource-7.2.7/var/lib/virtuoso/db/fedup.ini, /workspaces/P-TER/fedup-queries/q01a.sparql
    output: output/rdfs/FedUp-HefQuin/q01a.1.csv, output/rdfs/FedUp-HefQuin/q01a.1.json, output/rdfs/FedUp-HefQuin/q01a.1.txt
    jobid: 4
    reason: Missing output files: output/rdfs/FedUp-HefQuin/q01a.1.csv
    wildcards: workload=rdfs, query=q01a, run=1
    priority: 50
    resources: tmpdir=/tmp

[Tue Mar 25 22:23:40 2025]
Finished job 4.
4 of 10 steps (40%) done
Select jobs to execute...
Execute 1 jobs...

[Tue Mar 25 22:23:40 2025]
localrule run_Fedup_FedX_query:
    input: /workspaces/P-TER/virtuoso-opensource-7.2.7, /workspaces/P-TER/virtuoso-opensource-7.2.7/var/lib/virtuoso/db/fedup.ini, fedup-queries/q01a.sparql
    output: output/rdfs/FedUp-FedX/q01a.3.csv, output/rdfs/FedUp-FedX/q01a.3.json, output/rdfs/FedUp-FedX/q01a.3.txt
    jobid: 3
    reason: Missing output files: output/rdfs/FedUp-FedX/q01a.3.csv
    wildcards: workload=rdfs, query=q01a, run=3
    priority: 50
    resources: tmpdir=/tmp

[Tue Mar 25 22:23:45 2025]
Finished job 3.
5 of 10 steps (50%) done
Select jobs to execute...
Execute 1 jobs...

[Tue Mar 25 22:23:45 2025]
localrule run_Fedup_FedX_query:
    input: /workspaces/P-TER/virtuoso-opensource-7.2.7, /workspaces/P-TER/virtuoso-opensource-7.2.7/var/lib/virtuoso/db/fedup.ini, fedup-queries/q01a.sparql
    output: output/rdfs/FedUp-FedX/q01a.2.csv, output/rdfs/FedUp-FedX/q01a.2.json, output/rdfs/FedUp-FedX/q01a.2.txt
    jobid: 2
    reason: Missing output files: output/rdfs/FedUp-FedX/q01a.2.csv
    wildcards: workload=rdfs, query=q01a, run=2
    priority: 50
    resources: tmpdir=/tmp

[Tue Mar 25 22:23:49 2025]
Finished job 2.
6 of 10 steps (60%) done
Select jobs to execute...
Execute 1 jobs...

[Tue Mar 25 22:23:49 2025]
localrule run_Fedup_Jena_query:
    input: /workspaces/P-TER/virtuoso-opensource-7.2.7, /workspaces/P-TER/virtuoso-opensource-7.2.7/var/lib/virtuoso/db/fedup.ini, fedup-queries/q01a.sparql
    output: output/rdfs/FedUp-Jena/q01a.1.csv, output/rdfs/FedUp-Jena/q01a.1.json, output/rdfs/FedUp-Jena/q01a.1.txt
    jobid: 7
    reason: Missing output files: output/rdfs/FedUp-Jena/q01a.1.csv
    wildcards: workload=rdfs, query=q01a, run=1
    priority: 20
    resources: tmpdir=/tmp

[Tue Mar 25 22:23:53 2025]
Finished job 7.
7 of 10 steps (70%) done
Select jobs to execute...
Execute 1 jobs...

[Tue Mar 25 22:23:53 2025]
localrule run_Fedup_Jena_query:
    input: /workspaces/P-TER/virtuoso-opensource-7.2.7, /workspaces/P-TER/virtuoso-opensource-7.2.7/var/lib/virtuoso/db/fedup.ini, fedup-queries/q01a.sparql
    output: output/rdfs/FedUp-Jena/q01a.3.csv, output/rdfs/FedUp-Jena/q01a.3.json, output/rdfs/FedUp-Jena/q01a.3.txt
    jobid: 9
    reason: Missing output files: output/rdfs/FedUp-Jena/q01a.3.csv
    wildcards: workload=rdfs, query=q01a, run=3
    priority: 20
    resources: tmpdir=/tmp

[Tue Mar 25 22:23:57 2025]
Finished job 9.
8 of 10 steps (80%) done
Select jobs to execute...
Execute 1 jobs...

[Tue Mar 25 22:23:57 2025]
localrule run_Fedup_Jena_query:
    input: /workspaces/P-TER/virtuoso-opensource-7.2.7, /workspaces/P-TER/virtuoso-opensource-7.2.7/var/lib/virtuoso/db/fedup.ini, fedup-queries/q01a.sparql
    output: output/rdfs/FedUp-Jena/q01a.2.csv, output/rdfs/FedUp-Jena/q01a.2.json, output/rdfs/FedUp-Jena/q01a.2.txt
    jobid: 8
    reason: Missing output files: output/rdfs/FedUp-Jena/q01a.2.csv
    wildcards: workload=rdfs, query=q01a, run=2
    priority: 20
    resources: tmpdir=/tmp

[Tue Mar 25 22:24:01 2025]
Finished job 8.
9 of 10 steps (90%) done
Select jobs to execute...
Execute 1 jobs...

[Tue Mar 25 22:24:01 2025]
localrule all:
    input: config/largerdfbench/graphs.txt, config/rdfs/endpoints.txt, output/rdfs/FedUp-FedX/q01a.1.csv, output/rdfs/FedUp-FedX/q01a.2.csv, output/rdfs/FedUp-FedX/q01a.3.csv, output/rdfs/FedUp-HefQuin/q01a.1.csv, output/rdfs/FedUp-HefQuin/q01a.2.csv, output/rdfs/FedUp-HefQuin/q01a.3.csv, output/rdfs/FedUp-Jena/q01a.1.csv, output/rdfs/FedUp-Jena/q01a.2.csv, output/rdfs/FedUp-Jena/q01a.3.csv
    output: output/data.csv
    jobid: 0
    reason: Missing output files: output/data.csv; Input files updated by another job: output/rdfs/FedUp-Jena/q01a.2.csv, output/rdfs/FedUp-HefQuin/q01a.3.csv, output/rdfs/FedUp-Jena/q01a.3.csv, output/rdfs/FedUp-HefQuin/q01a.2.csv, output/rdfs/FedUp-Jena/q01a.1.csv, output/rdfs/FedUp-HefQuin/q01a.1.csv, output/rdfs/FedUp-FedX/q01a.3.csv, output/rdfs/FedUp-FedX/q01a.2.csv, output/rdfs/FedUp-FedX/q01a.1.csv
    resources: tmpdir=/tmp

[Tue Mar 25 22:24:02 2025]
Finished job 0.
10 of 10 steps (100%) done
Complete log: .snakemake/log/2025-03-25T222319.937204.snakemake.log
