host: codespaces-dfd9c6
Building DAG of jobs...
Using shell: /usr/bin/bash
Provided cores: 2
Rules claiming more threads will be scaled down.
Job stats:
job                  count
-----------------  -------
all                      1
run_fedX_query           3
run_hefquin_query        3
run_sparql_query         3
total                   10

Select jobs to execute...
Execute 2 jobs...

[Wed Feb 26 13:28:50 2025]
localrule run_fedX_query:
    input: /workspaces/P-TER/virtuoso-opensource-7.2.7, /workspaces/P-TER/virtuoso-opensource-7.2.7/var/lib/virtuoso/db/fedup.ini, /workspaces/P-TER/apache-jena-fuseki-4.9.0, queries/q02e.sparql, config/rdfs/endpoints.txt
    output: output/rdfs/FedX/q02e.3.csv, output/rdfs/FedX/q02e.3.json
    jobid: 6
    reason: Missing output files: output/rdfs/FedX/q02e.3.csv
    wildcards: workload=rdfs, query=q02e, run=3
    priority: 50
    resources: tmpdir=/tmp


[Wed Feb 26 13:28:50 2025]
localrule run_fedX_query:
    input: /workspaces/P-TER/virtuoso-opensource-7.2.7, /workspaces/P-TER/virtuoso-opensource-7.2.7/var/lib/virtuoso/db/fedup.ini, /workspaces/P-TER/apache-jena-fuseki-4.9.0, queries/q02e.sparql, config/rdfs/endpoints.txt
    output: output/rdfs/FedX/q02e.2.csv, output/rdfs/FedX/q02e.2.json
    jobid: 5
    reason: Missing output files: output/rdfs/FedX/q02e.2.csv
    wildcards: workload=rdfs, query=q02e, run=2
    priority: 50
    resources: tmpdir=/tmp

Terminating processes on user request, this might take some time.
[Wed Feb 26 13:30:01 2025]
Error in rule run_fedX_query:
    jobid: 5
    input: /workspaces/P-TER/virtuoso-opensource-7.2.7, /workspaces/P-TER/virtuoso-opensource-7.2.7/var/lib/virtuoso/db/fedup.ini, /workspaces/P-TER/apache-jena-fuseki-4.9.0, queries/q02e.sparql, config/rdfs/endpoints.txt
    output: output/rdfs/FedX/q02e.2.csv, output/rdfs/FedX/q02e.2.json

[Wed Feb 26 13:30:01 2025]
Error in rule run_fedX_query:
    jobid: 6
    input: /workspaces/P-TER/virtuoso-opensource-7.2.7, /workspaces/P-TER/virtuoso-opensource-7.2.7/var/lib/virtuoso/db/fedup.ini, /workspaces/P-TER/apache-jena-fuseki-4.9.0, queries/q02e.sparql, config/rdfs/endpoints.txt
    output: output/rdfs/FedX/q02e.3.csv, output/rdfs/FedX/q02e.3.json

Complete log: .snakemake/log/2025-02-26T132850.465122.snakemake.log
WorkflowError:
At least one job did not complete successfully.
