host: codespaces-dfd9c6
Building DAG of jobs...
Using shell: /usr/bin/bash
Provided cores: 1 (use --cores to define parallelism)
Rules claiming more threads will be scaled down.
Job stats:
job                     count
--------------------  -------
all                         1
run_Fedup_FedX_query       84
run_Fedup_Jena_query       81
total                     166

Select jobs to execute...
Execute 1 jobs...

[Tue Mar  4 13:40:51 2025]
localrule run_Fedup_Jena_query:
    input: /workspaces/P-TER/virtuoso-opensource-7.2.7, /workspaces/P-TER/virtuoso-opensource-7.2.7/var/lib/virtuoso/db/fedup.ini, fedup-queries/q05h.sparql
    output: output/rdfs/FedUp-Jena/q05h.1.csv, output/rdfs/FedUp-Jena/q05h.1.json
    jobid: 168
    reason: Missing output files: output/rdfs/FedUp-Jena/q05h.1.csv
    wildcards: workload=rdfs, query=q05h, run=1
    priority: 50
    resources: tmpdir=/tmp

[Tue Mar  4 13:41:33 2025]
Error in rule run_Fedup_Jena_query:
    jobid: 168
    input: /workspaces/P-TER/virtuoso-opensource-7.2.7, /workspaces/P-TER/virtuoso-opensource-7.2.7/var/lib/virtuoso/db/fedup.ini, fedup-queries/q05h.sparql
    output: output/rdfs/FedUp-Jena/q05h.1.csv, output/rdfs/FedUp-Jena/q05h.1.json

Shutting down, this might take some time.
Exiting because a job execution failed. Look above for error message
Complete log: .snakemake/log/2025-03-04T134050.968344.snakemake.log
WorkflowError:
At least one job did not complete successfully.
