host: codespaces-c89ec1
Building DAG of jobs...
Using shell: /usr/bin/bash
Provided cores: 1 (use --cores to define parallelism)
Rules claiming more threads will be scaled down.
Job stats:
job                  count
-----------------  -------
all                      1
run_hefquin_query        2
total                    3

Select jobs to execute...
Execute 1 jobs...

[Wed Mar 26 13:31:35 2025]
localrule run_hefquin_query:
    input: /workspaces/P-TER/virtuoso-opensource-7.2.7, /workspaces/P-TER/virtuoso-opensource-7.2.7/var/lib/virtuoso/db/fedup.ini, /workspaces/P-TER/queries/q12fex.sparql
    output: output/rdfs/HefQuin/q12fex.1.csv, output/rdfs/HefQuin/q12fex.1.json, output/rdfs/HefQuin/q12fex.1.txt
    jobid: 2
    reason: Missing output files: output/rdfs/HefQuin/q12fex.1.csv; Updated input files: /workspaces/P-TER/queries/q12fex.sparql
    wildcards: workload=rdfs, query=q12fex, run=1
    priority: 50
    resources: tmpdir=/tmp

[Wed Mar 26 13:31:38 2025]
Finished job 2.
1 of 3 steps (33%) done
Select jobs to execute...
Execute 1 jobs...

[Wed Mar 26 13:31:38 2025]
localrule run_hefquin_query:
    input: /workspaces/P-TER/virtuoso-opensource-7.2.7, /workspaces/P-TER/virtuoso-opensource-7.2.7/var/lib/virtuoso/db/fedup.ini, /workspaces/P-TER/queries/q12f.sparql
    output: output/rdfs/HefQuin/q12f.1.csv, output/rdfs/HefQuin/q12f.1.json, output/rdfs/HefQuin/q12f.1.txt
    jobid: 1
    reason: Updated input files: /workspaces/P-TER/queries/q12f.sparql
    wildcards: workload=rdfs, query=q12f, run=1
    priority: 50
    resources: tmpdir=/tmp

[Wed Mar 26 13:31:41 2025]
Finished job 1.
2 of 3 steps (67%) done
Select jobs to execute...
Execute 1 jobs...

[Wed Mar 26 13:31:41 2025]
localrule all:
    input: config/largerdfbench/graphs.txt, config/rdfs/endpoints.txt, output/rdfs/HefQuin/q12f.1.csv, output/rdfs/HefQuin/q12fex.1.csv
    output: output/data.csv
    jobid: 0
    reason: Input files updated by another job: output/rdfs/HefQuin/q12f.1.csv, output/rdfs/HefQuin/q12fex.1.csv
    resources: tmpdir=/tmp

[Wed Mar 26 13:31:42 2025]
Finished job 0.
3 of 3 steps (100%) done
Complete log: .snakemake/log/2025-03-26T133135.202082.snakemake.log
