host: codespaces-dfd9c6
Building DAG of jobs...
Using shell: /usr/bin/bash
Provided cores: 1 (use --cores to define parallelism)
Rules claiming more threads will be scaled down.
Job stats:
job                           count
--------------------------  -------
install_apache_jena_fuseki        1
total                             1

Select jobs to execute...
Execute 1 jobs...

[Tue Feb  4 22:12:11 2025]
localrule install_apache_jena_fuseki:
    output: /workspaces/P-TER/apache-jena-fuseki-4.9.0
    jobid: 0
    reason: Forced execution
    priority: 100
    resources: tmpdir=/tmp

[Tue Feb  4 22:12:14 2025]
Finished job 0.
1 of 1 steps (100%) done
Complete log: .snakemake/log/2025-02-04T221211.836650.snakemake.log
CalledProcessError in file /workspaces/P-TER/Snakefile, line 186:
Command 'set -euo pipefail;  python commons.py stop-virtuoso --config /workspaces/P-TER/virtuoso-opensource-7.2.7/var/lib/virtuoso/db/fedup.ini' returned non-zero exit status 2.
